ARM GAS  C:\Users\alireza\AppData\Local\Temp\ccTc2Oto.s 			page 1


   1              		.cpu cortex-m4
   2              		.arch armv7e-m
   3              		.fpu fpv4-sp-d16
   4              		.eabi_attribute 27, 1
   5              		.eabi_attribute 28, 1
   6              		.eabi_attribute 20, 1
   7              		.eabi_attribute 21, 1
   8              		.eabi_attribute 23, 3
   9              		.eabi_attribute 24, 1
  10              		.eabi_attribute 25, 1
  11              		.eabi_attribute 26, 1
  12              		.eabi_attribute 30, 1
  13              		.eabi_attribute 34, 1
  14              		.eabi_attribute 18, 4
  15              		.file	"adc.c"
  16              		.text
  17              	.Ltext0:
  18              		.cfi_sections	.debug_frame
  19              		.file 1 "Core/Src/adc.c"
  20              		.section	.text.MX_ADC1_Init,"ax",%progbits
  21              		.align	1
  22              		.global	MX_ADC1_Init
  23              		.syntax unified
  24              		.thumb
  25              		.thumb_func
  27              	MX_ADC1_Init:
  28              	.LFB220:
   1:Core/Src/adc.c **** /* USER CODE BEGIN Header */
   2:Core/Src/adc.c **** /**
   3:Core/Src/adc.c ****   ******************************************************************************
   4:Core/Src/adc.c ****   * @file    adc.c
   5:Core/Src/adc.c ****   * @brief   This file provides code for the configuration
   6:Core/Src/adc.c ****   *          of the ADC instances.
   7:Core/Src/adc.c ****   ******************************************************************************
   8:Core/Src/adc.c ****   * @attention
   9:Core/Src/adc.c ****   *
  10:Core/Src/adc.c ****   * Copyright (c) 2025 STMicroelectronics.
  11:Core/Src/adc.c ****   * All rights reserved.
  12:Core/Src/adc.c ****   *
  13:Core/Src/adc.c ****   * This software is licensed under terms that can be found in the LICENSE file
  14:Core/Src/adc.c ****   * in the root directory of this software component.
  15:Core/Src/adc.c ****   * If no LICENSE file comes with this software, it is provided AS-IS.
  16:Core/Src/adc.c ****   *
  17:Core/Src/adc.c ****   ******************************************************************************
  18:Core/Src/adc.c ****   */
  19:Core/Src/adc.c **** /* USER CODE END Header */
  20:Core/Src/adc.c **** /* Includes ------------------------------------------------------------------*/
  21:Core/Src/adc.c **** #include "adc.h"
  22:Core/Src/adc.c **** 
  23:Core/Src/adc.c **** /* USER CODE BEGIN 0 */
  24:Core/Src/adc.c **** 
  25:Core/Src/adc.c **** /* USER CODE END 0 */
  26:Core/Src/adc.c **** 
  27:Core/Src/adc.c **** ADC_HandleTypeDef hadc1;
  28:Core/Src/adc.c **** DMA_HandleTypeDef hdma_adc1;
  29:Core/Src/adc.c **** 
  30:Core/Src/adc.c **** /* ADC1 init function */
ARM GAS  C:\Users\alireza\AppData\Local\Temp\ccTc2Oto.s 			page 2


  31:Core/Src/adc.c **** void MX_ADC1_Init(void)
  32:Core/Src/adc.c **** {
  29              		.loc 1 32 1 view -0
  30              		.cfi_startproc
  31              		@ args = 0, pretend = 0, frame = 16
  32              		@ frame_needed = 0, uses_anonymous_args = 0
  33 0000 00B5     		push	{lr}
  34              		.cfi_def_cfa_offset 4
  35              		.cfi_offset 14, -4
  36 0002 85B0     		sub	sp, sp, #20
  37              		.cfi_def_cfa_offset 24
  33:Core/Src/adc.c **** 
  34:Core/Src/adc.c ****   /* USER CODE BEGIN ADC1_Init 0 */
  35:Core/Src/adc.c **** 
  36:Core/Src/adc.c ****   /* USER CODE END ADC1_Init 0 */
  37:Core/Src/adc.c **** 
  38:Core/Src/adc.c ****   ADC_ChannelConfTypeDef sConfig = {0};
  38              		.loc 1 38 3 view .LVU1
  39              		.loc 1 38 26 is_stmt 0 view .LVU2
  40 0004 0023     		movs	r3, #0
  41 0006 0093     		str	r3, [sp]
  42 0008 0193     		str	r3, [sp, #4]
  43 000a 0293     		str	r3, [sp, #8]
  44 000c 0393     		str	r3, [sp, #12]
  39:Core/Src/adc.c **** 
  40:Core/Src/adc.c ****   /* USER CODE BEGIN ADC1_Init 1 */
  41:Core/Src/adc.c **** 
  42:Core/Src/adc.c ****   /* USER CODE END ADC1_Init 1 */
  43:Core/Src/adc.c **** 
  44:Core/Src/adc.c ****   /** Configure the global features of the ADC (Clock, Resolution, Data Alignment and number of con
  45:Core/Src/adc.c ****   */
  46:Core/Src/adc.c ****   hadc1.Instance = ADC1;
  45              		.loc 1 46 3 is_stmt 1 view .LVU3
  46              		.loc 1 46 18 is_stmt 0 view .LVU4
  47 000e 6448     		ldr	r0, .L31
  48 0010 644A     		ldr	r2, .L31+4
  49 0012 0260     		str	r2, [r0]
  47:Core/Src/adc.c ****   hadc1.Init.ClockPrescaler = ADC_CLOCK_SYNC_PCLK_DIV2;
  50              		.loc 1 47 3 is_stmt 1 view .LVU5
  51              		.loc 1 47 29 is_stmt 0 view .LVU6
  52 0014 4360     		str	r3, [r0, #4]
  48:Core/Src/adc.c ****   hadc1.Init.Resolution = ADC_RESOLUTION_12B;
  53              		.loc 1 48 3 is_stmt 1 view .LVU7
  54              		.loc 1 48 25 is_stmt 0 view .LVU8
  55 0016 8360     		str	r3, [r0, #8]
  49:Core/Src/adc.c ****   hadc1.Init.ScanConvMode = ENABLE;
  56              		.loc 1 49 3 is_stmt 1 view .LVU9
  57              		.loc 1 49 27 is_stmt 0 view .LVU10
  58 0018 0122     		movs	r2, #1
  59 001a 0261     		str	r2, [r0, #16]
  50:Core/Src/adc.c ****   hadc1.Init.ContinuousConvMode = DISABLE;
  60              		.loc 1 50 3 is_stmt 1 view .LVU11
  61              		.loc 1 50 33 is_stmt 0 view .LVU12
  62 001c 0376     		strb	r3, [r0, #24]
  51:Core/Src/adc.c ****   hadc1.Init.DiscontinuousConvMode = DISABLE;
  63              		.loc 1 51 3 is_stmt 1 view .LVU13
  64              		.loc 1 51 36 is_stmt 0 view .LVU14
ARM GAS  C:\Users\alireza\AppData\Local\Temp\ccTc2Oto.s 			page 3


  65 001e 80F82030 		strb	r3, [r0, #32]
  52:Core/Src/adc.c ****   hadc1.Init.ExternalTrigConvEdge = ADC_EXTERNALTRIGCONVEDGE_NONE;
  66              		.loc 1 52 3 is_stmt 1 view .LVU15
  67              		.loc 1 52 35 is_stmt 0 view .LVU16
  68 0022 C362     		str	r3, [r0, #44]
  53:Core/Src/adc.c ****   hadc1.Init.ExternalTrigConv = ADC_SOFTWARE_START;
  69              		.loc 1 53 3 is_stmt 1 view .LVU17
  70              		.loc 1 53 31 is_stmt 0 view .LVU18
  71 0024 6049     		ldr	r1, .L31+8
  72 0026 8162     		str	r1, [r0, #40]
  54:Core/Src/adc.c ****   hadc1.Init.DataAlign = ADC_DATAALIGN_RIGHT;
  73              		.loc 1 54 3 is_stmt 1 view .LVU19
  74              		.loc 1 54 24 is_stmt 0 view .LVU20
  75 0028 C360     		str	r3, [r0, #12]
  55:Core/Src/adc.c ****   hadc1.Init.NbrOfConversion = 13;
  76              		.loc 1 55 3 is_stmt 1 view .LVU21
  77              		.loc 1 55 30 is_stmt 0 view .LVU22
  78 002a 0D21     		movs	r1, #13
  79 002c C161     		str	r1, [r0, #28]
  56:Core/Src/adc.c ****   hadc1.Init.DMAContinuousRequests = DISABLE;
  80              		.loc 1 56 3 is_stmt 1 view .LVU23
  81              		.loc 1 56 36 is_stmt 0 view .LVU24
  82 002e 80F83030 		strb	r3, [r0, #48]
  57:Core/Src/adc.c ****   hadc1.Init.EOCSelection = ADC_EOC_SINGLE_CONV;
  83              		.loc 1 57 3 is_stmt 1 view .LVU25
  84              		.loc 1 57 27 is_stmt 0 view .LVU26
  85 0032 4261     		str	r2, [r0, #20]
  58:Core/Src/adc.c ****   if (HAL_ADC_Init(&hadc1) != HAL_OK)
  86              		.loc 1 58 3 is_stmt 1 view .LVU27
  87              		.loc 1 58 7 is_stmt 0 view .LVU28
  88 0034 FFF7FEFF 		bl	HAL_ADC_Init
  89              	.LVL0:
  90              		.loc 1 58 6 discriminator 1 view .LVU29
  91 0038 0028     		cmp	r0, #0
  92 003a 40F08680 		bne	.L17
  93              	.L2:
  59:Core/Src/adc.c ****   {
  60:Core/Src/adc.c ****     Error_Handler();
  61:Core/Src/adc.c ****   }
  62:Core/Src/adc.c **** 
  63:Core/Src/adc.c ****   /** Configure for the selected ADC regular channel its corresponding rank in the sequencer and it
  64:Core/Src/adc.c ****   */
  65:Core/Src/adc.c ****   sConfig.Channel = ADC_CHANNEL_10;
  94              		.loc 1 65 3 is_stmt 1 view .LVU30
  95              		.loc 1 65 19 is_stmt 0 view .LVU31
  96 003e 0A23     		movs	r3, #10
  97 0040 0093     		str	r3, [sp]
  66:Core/Src/adc.c ****   sConfig.Rank = 1;
  98              		.loc 1 66 3 is_stmt 1 view .LVU32
  99              		.loc 1 66 16 is_stmt 0 view .LVU33
 100 0042 0123     		movs	r3, #1
 101 0044 0193     		str	r3, [sp, #4]
  67:Core/Src/adc.c ****   sConfig.SamplingTime = ADC_SAMPLETIME_84CYCLES;
 102              		.loc 1 67 3 is_stmt 1 view .LVU34
 103              		.loc 1 67 24 is_stmt 0 view .LVU35
 104 0046 0423     		movs	r3, #4
 105 0048 0293     		str	r3, [sp, #8]
ARM GAS  C:\Users\alireza\AppData\Local\Temp\ccTc2Oto.s 			page 4


  68:Core/Src/adc.c ****   if (HAL_ADC_ConfigChannel(&hadc1, &sConfig) != HAL_OK)
 106              		.loc 1 68 3 is_stmt 1 view .LVU36
 107              		.loc 1 68 7 is_stmt 0 view .LVU37
 108 004a 6946     		mov	r1, sp
 109 004c 5448     		ldr	r0, .L31
 110 004e FFF7FEFF 		bl	HAL_ADC_ConfigChannel
 111              	.LVL1:
 112              		.loc 1 68 6 discriminator 1 view .LVU38
 113 0052 0028     		cmp	r0, #0
 114 0054 7CD1     		bne	.L18
 115              	.L3:
  69:Core/Src/adc.c ****   {
  70:Core/Src/adc.c ****     Error_Handler();
  71:Core/Src/adc.c ****   }
  72:Core/Src/adc.c **** 
  73:Core/Src/adc.c ****   /** Configure for the selected ADC regular channel its corresponding rank in the sequencer and it
  74:Core/Src/adc.c ****   */
  75:Core/Src/adc.c ****   sConfig.Channel = ADC_CHANNEL_11;
 116              		.loc 1 75 3 is_stmt 1 view .LVU39
 117              		.loc 1 75 19 is_stmt 0 view .LVU40
 118 0056 0B23     		movs	r3, #11
 119 0058 0093     		str	r3, [sp]
  76:Core/Src/adc.c ****   sConfig.Rank = 2;
 120              		.loc 1 76 3 is_stmt 1 view .LVU41
 121              		.loc 1 76 16 is_stmt 0 view .LVU42
 122 005a 0223     		movs	r3, #2
 123 005c 0193     		str	r3, [sp, #4]
  77:Core/Src/adc.c ****   sConfig.SamplingTime = ADC_SAMPLETIME_3CYCLES;
 124              		.loc 1 77 3 is_stmt 1 view .LVU43
 125              		.loc 1 77 24 is_stmt 0 view .LVU44
 126 005e 0023     		movs	r3, #0
 127 0060 0293     		str	r3, [sp, #8]
  78:Core/Src/adc.c ****   if (HAL_ADC_ConfigChannel(&hadc1, &sConfig) != HAL_OK)
 128              		.loc 1 78 3 is_stmt 1 view .LVU45
 129              		.loc 1 78 7 is_stmt 0 view .LVU46
 130 0062 6946     		mov	r1, sp
 131 0064 4E48     		ldr	r0, .L31
 132 0066 FFF7FEFF 		bl	HAL_ADC_ConfigChannel
 133              	.LVL2:
 134              		.loc 1 78 6 discriminator 1 view .LVU47
 135 006a 0028     		cmp	r0, #0
 136 006c 73D1     		bne	.L19
 137              	.L4:
  79:Core/Src/adc.c ****   {
  80:Core/Src/adc.c ****     Error_Handler();
  81:Core/Src/adc.c ****   }
  82:Core/Src/adc.c **** 
  83:Core/Src/adc.c ****   /** Configure for the selected ADC regular channel its corresponding rank in the sequencer and it
  84:Core/Src/adc.c ****   */
  85:Core/Src/adc.c ****   sConfig.Channel = ADC_CHANNEL_12;
 138              		.loc 1 85 3 is_stmt 1 view .LVU48
 139              		.loc 1 85 19 is_stmt 0 view .LVU49
 140 006e 0C23     		movs	r3, #12
 141 0070 0093     		str	r3, [sp]
  86:Core/Src/adc.c ****   sConfig.Rank = 3;
 142              		.loc 1 86 3 is_stmt 1 view .LVU50
 143              		.loc 1 86 16 is_stmt 0 view .LVU51
ARM GAS  C:\Users\alireza\AppData\Local\Temp\ccTc2Oto.s 			page 5


 144 0072 0323     		movs	r3, #3
 145 0074 0193     		str	r3, [sp, #4]
  87:Core/Src/adc.c ****   if (HAL_ADC_ConfigChannel(&hadc1, &sConfig) != HAL_OK)
 146              		.loc 1 87 3 is_stmt 1 view .LVU52
 147              		.loc 1 87 7 is_stmt 0 view .LVU53
 148 0076 6946     		mov	r1, sp
 149 0078 4948     		ldr	r0, .L31
 150 007a FFF7FEFF 		bl	HAL_ADC_ConfigChannel
 151              	.LVL3:
 152              		.loc 1 87 6 discriminator 1 view .LVU54
 153 007e 0028     		cmp	r0, #0
 154 0080 6CD1     		bne	.L20
 155              	.L5:
  88:Core/Src/adc.c ****   {
  89:Core/Src/adc.c ****     Error_Handler();
  90:Core/Src/adc.c ****   }
  91:Core/Src/adc.c **** 
  92:Core/Src/adc.c ****   /** Configure for the selected ADC regular channel its corresponding rank in the sequencer and it
  93:Core/Src/adc.c ****   */
  94:Core/Src/adc.c ****   sConfig.Channel = ADC_CHANNEL_13;
 156              		.loc 1 94 3 is_stmt 1 view .LVU55
 157              		.loc 1 94 19 is_stmt 0 view .LVU56
 158 0082 0D23     		movs	r3, #13
 159 0084 0093     		str	r3, [sp]
  95:Core/Src/adc.c ****   sConfig.Rank = 4;
 160              		.loc 1 95 3 is_stmt 1 view .LVU57
 161              		.loc 1 95 16 is_stmt 0 view .LVU58
 162 0086 0423     		movs	r3, #4
 163 0088 0193     		str	r3, [sp, #4]
  96:Core/Src/adc.c ****   if (HAL_ADC_ConfigChannel(&hadc1, &sConfig) != HAL_OK)
 164              		.loc 1 96 3 is_stmt 1 view .LVU59
 165              		.loc 1 96 7 is_stmt 0 view .LVU60
 166 008a 6946     		mov	r1, sp
 167 008c 4448     		ldr	r0, .L31
 168 008e FFF7FEFF 		bl	HAL_ADC_ConfigChannel
 169              	.LVL4:
 170              		.loc 1 96 6 discriminator 1 view .LVU61
 171 0092 0028     		cmp	r0, #0
 172 0094 65D1     		bne	.L21
 173              	.L6:
  97:Core/Src/adc.c ****   {
  98:Core/Src/adc.c ****     Error_Handler();
  99:Core/Src/adc.c ****   }
 100:Core/Src/adc.c **** 
 101:Core/Src/adc.c ****   /** Configure for the selected ADC regular channel its corresponding rank in the sequencer and it
 102:Core/Src/adc.c ****   */
 103:Core/Src/adc.c ****   sConfig.Channel = ADC_CHANNEL_0;
 174              		.loc 1 103 3 is_stmt 1 view .LVU62
 175              		.loc 1 103 19 is_stmt 0 view .LVU63
 176 0096 0023     		movs	r3, #0
 177 0098 0093     		str	r3, [sp]
 104:Core/Src/adc.c ****   sConfig.Rank = 5;
 178              		.loc 1 104 3 is_stmt 1 view .LVU64
 179              		.loc 1 104 16 is_stmt 0 view .LVU65
 180 009a 0523     		movs	r3, #5
 181 009c 0193     		str	r3, [sp, #4]
 105:Core/Src/adc.c ****   if (HAL_ADC_ConfigChannel(&hadc1, &sConfig) != HAL_OK)
ARM GAS  C:\Users\alireza\AppData\Local\Temp\ccTc2Oto.s 			page 6


 182              		.loc 1 105 3 is_stmt 1 view .LVU66
 183              		.loc 1 105 7 is_stmt 0 view .LVU67
 184 009e 6946     		mov	r1, sp
 185 00a0 3F48     		ldr	r0, .L31
 186 00a2 FFF7FEFF 		bl	HAL_ADC_ConfigChannel
 187              	.LVL5:
 188              		.loc 1 105 6 discriminator 1 view .LVU68
 189 00a6 0028     		cmp	r0, #0
 190 00a8 5ED1     		bne	.L22
 191              	.L7:
 106:Core/Src/adc.c ****   {
 107:Core/Src/adc.c ****     Error_Handler();
 108:Core/Src/adc.c ****   }
 109:Core/Src/adc.c **** 
 110:Core/Src/adc.c ****   /** Configure for the selected ADC regular channel its corresponding rank in the sequencer and it
 111:Core/Src/adc.c ****   */
 112:Core/Src/adc.c ****   sConfig.Channel = ADC_CHANNEL_1;
 192              		.loc 1 112 3 is_stmt 1 view .LVU69
 193              		.loc 1 112 19 is_stmt 0 view .LVU70
 194 00aa 0123     		movs	r3, #1
 195 00ac 0093     		str	r3, [sp]
 113:Core/Src/adc.c ****   sConfig.Rank = 6;
 196              		.loc 1 113 3 is_stmt 1 view .LVU71
 197              		.loc 1 113 16 is_stmt 0 view .LVU72
 198 00ae 0623     		movs	r3, #6
 199 00b0 0193     		str	r3, [sp, #4]
 114:Core/Src/adc.c ****   if (HAL_ADC_ConfigChannel(&hadc1, &sConfig) != HAL_OK)
 200              		.loc 1 114 3 is_stmt 1 view .LVU73
 201              		.loc 1 114 7 is_stmt 0 view .LVU74
 202 00b2 6946     		mov	r1, sp
 203 00b4 3A48     		ldr	r0, .L31
 204 00b6 FFF7FEFF 		bl	HAL_ADC_ConfigChannel
 205              	.LVL6:
 206              		.loc 1 114 6 discriminator 1 view .LVU75
 207 00ba 0028     		cmp	r0, #0
 208 00bc 57D1     		bne	.L23
 209              	.L8:
 115:Core/Src/adc.c ****   {
 116:Core/Src/adc.c ****     Error_Handler();
 117:Core/Src/adc.c ****   }
 118:Core/Src/adc.c **** 
 119:Core/Src/adc.c ****   /** Configure for the selected ADC regular channel its corresponding rank in the sequencer and it
 120:Core/Src/adc.c ****   */
 121:Core/Src/adc.c ****   sConfig.Channel = ADC_CHANNEL_2;
 210              		.loc 1 121 3 is_stmt 1 view .LVU76
 211              		.loc 1 121 19 is_stmt 0 view .LVU77
 212 00be 0223     		movs	r3, #2
 213 00c0 0093     		str	r3, [sp]
 122:Core/Src/adc.c ****   sConfig.Rank = 7;
 214              		.loc 1 122 3 is_stmt 1 view .LVU78
 215              		.loc 1 122 16 is_stmt 0 view .LVU79
 216 00c2 0723     		movs	r3, #7
 217 00c4 0193     		str	r3, [sp, #4]
 123:Core/Src/adc.c ****   if (HAL_ADC_ConfigChannel(&hadc1, &sConfig) != HAL_OK)
 218              		.loc 1 123 3 is_stmt 1 view .LVU80
 219              		.loc 1 123 7 is_stmt 0 view .LVU81
 220 00c6 6946     		mov	r1, sp
ARM GAS  C:\Users\alireza\AppData\Local\Temp\ccTc2Oto.s 			page 7


 221 00c8 3548     		ldr	r0, .L31
 222 00ca FFF7FEFF 		bl	HAL_ADC_ConfigChannel
 223              	.LVL7:
 224              		.loc 1 123 6 discriminator 1 view .LVU82
 225 00ce 0028     		cmp	r0, #0
 226 00d0 50D1     		bne	.L24
 227              	.L9:
 124:Core/Src/adc.c ****   {
 125:Core/Src/adc.c ****     Error_Handler();
 126:Core/Src/adc.c ****   }
 127:Core/Src/adc.c **** 
 128:Core/Src/adc.c ****   /** Configure for the selected ADC regular channel its corresponding rank in the sequencer and it
 129:Core/Src/adc.c ****   */
 130:Core/Src/adc.c ****   sConfig.Channel = ADC_CHANNEL_3;
 228              		.loc 1 130 3 is_stmt 1 view .LVU83
 229              		.loc 1 130 19 is_stmt 0 view .LVU84
 230 00d2 0323     		movs	r3, #3
 231 00d4 0093     		str	r3, [sp]
 131:Core/Src/adc.c ****   sConfig.Rank = 8;
 232              		.loc 1 131 3 is_stmt 1 view .LVU85
 233              		.loc 1 131 16 is_stmt 0 view .LVU86
 234 00d6 0823     		movs	r3, #8
 235 00d8 0193     		str	r3, [sp, #4]
 132:Core/Src/adc.c ****   if (HAL_ADC_ConfigChannel(&hadc1, &sConfig) != HAL_OK)
 236              		.loc 1 132 3 is_stmt 1 view .LVU87
 237              		.loc 1 132 7 is_stmt 0 view .LVU88
 238 00da 6946     		mov	r1, sp
 239 00dc 3048     		ldr	r0, .L31
 240 00de FFF7FEFF 		bl	HAL_ADC_ConfigChannel
 241              	.LVL8:
 242              		.loc 1 132 6 discriminator 1 view .LVU89
 243 00e2 0028     		cmp	r0, #0
 244 00e4 49D1     		bne	.L25
 245              	.L10:
 133:Core/Src/adc.c ****   {
 134:Core/Src/adc.c ****     Error_Handler();
 135:Core/Src/adc.c ****   }
 136:Core/Src/adc.c **** 
 137:Core/Src/adc.c ****   /** Configure for the selected ADC regular channel its corresponding rank in the sequencer and it
 138:Core/Src/adc.c ****   */
 139:Core/Src/adc.c ****   sConfig.Channel = ADC_CHANNEL_4;
 246              		.loc 1 139 3 is_stmt 1 view .LVU90
 247              		.loc 1 139 19 is_stmt 0 view .LVU91
 248 00e6 0423     		movs	r3, #4
 249 00e8 0093     		str	r3, [sp]
 140:Core/Src/adc.c ****   sConfig.Rank = 9;
 250              		.loc 1 140 3 is_stmt 1 view .LVU92
 251              		.loc 1 140 16 is_stmt 0 view .LVU93
 252 00ea 0923     		movs	r3, #9
 253 00ec 0193     		str	r3, [sp, #4]
 141:Core/Src/adc.c ****   if (HAL_ADC_ConfigChannel(&hadc1, &sConfig) != HAL_OK)
 254              		.loc 1 141 3 is_stmt 1 view .LVU94
 255              		.loc 1 141 7 is_stmt 0 view .LVU95
 256 00ee 6946     		mov	r1, sp
 257 00f0 2B48     		ldr	r0, .L31
 258 00f2 FFF7FEFF 		bl	HAL_ADC_ConfigChannel
 259              	.LVL9:
ARM GAS  C:\Users\alireza\AppData\Local\Temp\ccTc2Oto.s 			page 8


 260              		.loc 1 141 6 discriminator 1 view .LVU96
 261 00f6 0028     		cmp	r0, #0
 262 00f8 42D1     		bne	.L26
 263              	.L11:
 142:Core/Src/adc.c ****   {
 143:Core/Src/adc.c ****     Error_Handler();
 144:Core/Src/adc.c ****   }
 145:Core/Src/adc.c **** 
 146:Core/Src/adc.c ****   /** Configure for the selected ADC regular channel its corresponding rank in the sequencer and it
 147:Core/Src/adc.c ****   */
 148:Core/Src/adc.c ****   sConfig.Channel = ADC_CHANNEL_5;
 264              		.loc 1 148 3 is_stmt 1 view .LVU97
 265              		.loc 1 148 19 is_stmt 0 view .LVU98
 266 00fa 0523     		movs	r3, #5
 267 00fc 0093     		str	r3, [sp]
 149:Core/Src/adc.c ****   sConfig.Rank = 10;
 268              		.loc 1 149 3 is_stmt 1 view .LVU99
 269              		.loc 1 149 16 is_stmt 0 view .LVU100
 270 00fe 0A23     		movs	r3, #10
 271 0100 0193     		str	r3, [sp, #4]
 150:Core/Src/adc.c ****   if (HAL_ADC_ConfigChannel(&hadc1, &sConfig) != HAL_OK)
 272              		.loc 1 150 3 is_stmt 1 view .LVU101
 273              		.loc 1 150 7 is_stmt 0 view .LVU102
 274 0102 6946     		mov	r1, sp
 275 0104 2648     		ldr	r0, .L31
 276 0106 FFF7FEFF 		bl	HAL_ADC_ConfigChannel
 277              	.LVL10:
 278              		.loc 1 150 6 discriminator 1 view .LVU103
 279 010a 0028     		cmp	r0, #0
 280 010c 3BD1     		bne	.L27
 281              	.L12:
 151:Core/Src/adc.c ****   {
 152:Core/Src/adc.c ****     Error_Handler();
 153:Core/Src/adc.c ****   }
 154:Core/Src/adc.c **** 
 155:Core/Src/adc.c ****   /** Configure for the selected ADC regular channel its corresponding rank in the sequencer and it
 156:Core/Src/adc.c ****   */
 157:Core/Src/adc.c ****   sConfig.Channel = ADC_CHANNEL_6;
 282              		.loc 1 157 3 is_stmt 1 view .LVU104
 283              		.loc 1 157 19 is_stmt 0 view .LVU105
 284 010e 0623     		movs	r3, #6
 285 0110 0093     		str	r3, [sp]
 158:Core/Src/adc.c ****   sConfig.Rank = 11;
 286              		.loc 1 158 3 is_stmt 1 view .LVU106
 287              		.loc 1 158 16 is_stmt 0 view .LVU107
 288 0112 0B23     		movs	r3, #11
 289 0114 0193     		str	r3, [sp, #4]
 159:Core/Src/adc.c ****   if (HAL_ADC_ConfigChannel(&hadc1, &sConfig) != HAL_OK)
 290              		.loc 1 159 3 is_stmt 1 view .LVU108
 291              		.loc 1 159 7 is_stmt 0 view .LVU109
 292 0116 6946     		mov	r1, sp
 293 0118 2148     		ldr	r0, .L31
 294 011a FFF7FEFF 		bl	HAL_ADC_ConfigChannel
 295              	.LVL11:
 296              		.loc 1 159 6 discriminator 1 view .LVU110
 297 011e A8BB     		cbnz	r0, .L28
 298              	.L13:
ARM GAS  C:\Users\alireza\AppData\Local\Temp\ccTc2Oto.s 			page 9


 160:Core/Src/adc.c ****   {
 161:Core/Src/adc.c ****     Error_Handler();
 162:Core/Src/adc.c ****   }
 163:Core/Src/adc.c **** 
 164:Core/Src/adc.c ****   /** Configure for the selected ADC regular channel its corresponding rank in the sequencer and it
 165:Core/Src/adc.c ****   */
 166:Core/Src/adc.c ****   sConfig.Channel = ADC_CHANNEL_7;
 299              		.loc 1 166 3 is_stmt 1 view .LVU111
 300              		.loc 1 166 19 is_stmt 0 view .LVU112
 301 0120 0723     		movs	r3, #7
 302 0122 0093     		str	r3, [sp]
 167:Core/Src/adc.c ****   sConfig.Rank = 12;
 303              		.loc 1 167 3 is_stmt 1 view .LVU113
 304              		.loc 1 167 16 is_stmt 0 view .LVU114
 305 0124 0C23     		movs	r3, #12
 306 0126 0193     		str	r3, [sp, #4]
 168:Core/Src/adc.c ****   if (HAL_ADC_ConfigChannel(&hadc1, &sConfig) != HAL_OK)
 307              		.loc 1 168 3 is_stmt 1 view .LVU115
 308              		.loc 1 168 7 is_stmt 0 view .LVU116
 309 0128 6946     		mov	r1, sp
 310 012a 1D48     		ldr	r0, .L31
 311 012c FFF7FEFF 		bl	HAL_ADC_ConfigChannel
 312              	.LVL12:
 313              		.loc 1 168 6 discriminator 1 view .LVU117
 314 0130 78BB     		cbnz	r0, .L29
 315              	.L14:
 169:Core/Src/adc.c ****   {
 170:Core/Src/adc.c ****     Error_Handler();
 171:Core/Src/adc.c ****   }
 172:Core/Src/adc.c **** 
 173:Core/Src/adc.c ****   /** Configure for the selected ADC regular channel its corresponding rank in the sequencer and it
 174:Core/Src/adc.c ****   */
 175:Core/Src/adc.c ****   sConfig.Channel = ADC_CHANNEL_14;
 316              		.loc 1 175 3 is_stmt 1 view .LVU118
 317              		.loc 1 175 19 is_stmt 0 view .LVU119
 318 0132 0E23     		movs	r3, #14
 319 0134 0093     		str	r3, [sp]
 176:Core/Src/adc.c ****   sConfig.Rank = 13;
 320              		.loc 1 176 3 is_stmt 1 view .LVU120
 321              		.loc 1 176 16 is_stmt 0 view .LVU121
 322 0136 0D23     		movs	r3, #13
 323 0138 0193     		str	r3, [sp, #4]
 177:Core/Src/adc.c ****   if (HAL_ADC_ConfigChannel(&hadc1, &sConfig) != HAL_OK)
 324              		.loc 1 177 3 is_stmt 1 view .LVU122
 325              		.loc 1 177 7 is_stmt 0 view .LVU123
 326 013a 6946     		mov	r1, sp
 327 013c 1848     		ldr	r0, .L31
 328 013e FFF7FEFF 		bl	HAL_ADC_ConfigChannel
 329              	.LVL13:
 330              		.loc 1 177 6 discriminator 1 view .LVU124
 331 0142 48BB     		cbnz	r0, .L30
 332              	.L1:
 178:Core/Src/adc.c ****   {
 179:Core/Src/adc.c ****     Error_Handler();
 180:Core/Src/adc.c ****   }
 181:Core/Src/adc.c ****   /* USER CODE BEGIN ADC1_Init 2 */
 182:Core/Src/adc.c **** 
ARM GAS  C:\Users\alireza\AppData\Local\Temp\ccTc2Oto.s 			page 10


 183:Core/Src/adc.c ****   /* USER CODE END ADC1_Init 2 */
 184:Core/Src/adc.c **** 
 185:Core/Src/adc.c **** }
 333              		.loc 1 185 1 view .LVU125
 334 0144 05B0     		add	sp, sp, #20
 335              		.cfi_remember_state
 336              		.cfi_def_cfa_offset 4
 337              		@ sp needed
 338 0146 5DF804FB 		ldr	pc, [sp], #4
 339              	.L17:
 340              		.cfi_restore_state
  60:Core/Src/adc.c ****   }
 341              		.loc 1 60 5 is_stmt 1 view .LVU126
 342 014a FFF7FEFF 		bl	Error_Handler
 343              	.LVL14:
 344 014e 76E7     		b	.L2
 345              	.L18:
  70:Core/Src/adc.c ****   }
 346              		.loc 1 70 5 view .LVU127
 347 0150 FFF7FEFF 		bl	Error_Handler
 348              	.LVL15:
 349 0154 7FE7     		b	.L3
 350              	.L19:
  80:Core/Src/adc.c ****   }
 351              		.loc 1 80 5 view .LVU128
 352 0156 FFF7FEFF 		bl	Error_Handler
 353              	.LVL16:
 354 015a 88E7     		b	.L4
 355              	.L20:
  89:Core/Src/adc.c ****   }
 356              		.loc 1 89 5 view .LVU129
 357 015c FFF7FEFF 		bl	Error_Handler
 358              	.LVL17:
 359 0160 8FE7     		b	.L5
 360              	.L21:
  98:Core/Src/adc.c ****   }
 361              		.loc 1 98 5 view .LVU130
 362 0162 FFF7FEFF 		bl	Error_Handler
 363              	.LVL18:
 364 0166 96E7     		b	.L6
 365              	.L22:
 107:Core/Src/adc.c ****   }
 366              		.loc 1 107 5 view .LVU131
 367 0168 FFF7FEFF 		bl	Error_Handler
 368              	.LVL19:
 369 016c 9DE7     		b	.L7
 370              	.L23:
 116:Core/Src/adc.c ****   }
 371              		.loc 1 116 5 view .LVU132
 372 016e FFF7FEFF 		bl	Error_Handler
 373              	.LVL20:
 374 0172 A4E7     		b	.L8
 375              	.L24:
 125:Core/Src/adc.c ****   }
 376              		.loc 1 125 5 view .LVU133
 377 0174 FFF7FEFF 		bl	Error_Handler
 378              	.LVL21:
ARM GAS  C:\Users\alireza\AppData\Local\Temp\ccTc2Oto.s 			page 11


 379 0178 ABE7     		b	.L9
 380              	.L25:
 134:Core/Src/adc.c ****   }
 381              		.loc 1 134 5 view .LVU134
 382 017a FFF7FEFF 		bl	Error_Handler
 383              	.LVL22:
 384 017e B2E7     		b	.L10
 385              	.L26:
 143:Core/Src/adc.c ****   }
 386              		.loc 1 143 5 view .LVU135
 387 0180 FFF7FEFF 		bl	Error_Handler
 388              	.LVL23:
 389 0184 B9E7     		b	.L11
 390              	.L27:
 152:Core/Src/adc.c ****   }
 391              		.loc 1 152 5 view .LVU136
 392 0186 FFF7FEFF 		bl	Error_Handler
 393              	.LVL24:
 394 018a C0E7     		b	.L12
 395              	.L28:
 161:Core/Src/adc.c ****   }
 396              		.loc 1 161 5 view .LVU137
 397 018c FFF7FEFF 		bl	Error_Handler
 398              	.LVL25:
 399 0190 C6E7     		b	.L13
 400              	.L29:
 170:Core/Src/adc.c ****   }
 401              		.loc 1 170 5 view .LVU138
 402 0192 FFF7FEFF 		bl	Error_Handler
 403              	.LVL26:
 404 0196 CCE7     		b	.L14
 405              	.L30:
 179:Core/Src/adc.c ****   }
 406              		.loc 1 179 5 view .LVU139
 407 0198 FFF7FEFF 		bl	Error_Handler
 408              	.LVL27:
 409              		.loc 1 185 1 is_stmt 0 view .LVU140
 410 019c D2E7     		b	.L1
 411              	.L32:
 412 019e 00BF     		.align	2
 413              	.L31:
 414 01a0 00000000 		.word	hadc1
 415 01a4 00200140 		.word	1073815552
 416 01a8 0100000F 		.word	251658241
 417              		.cfi_endproc
 418              	.LFE220:
 420              		.section	.text.HAL_ADC_MspInit,"ax",%progbits
 421              		.align	1
 422              		.global	HAL_ADC_MspInit
 423              		.syntax unified
 424              		.thumb
 425              		.thumb_func
 427              	HAL_ADC_MspInit:
 428              	.LVL28:
 429              	.LFB221:
 186:Core/Src/adc.c **** 
 187:Core/Src/adc.c **** void HAL_ADC_MspInit(ADC_HandleTypeDef* adcHandle)
ARM GAS  C:\Users\alireza\AppData\Local\Temp\ccTc2Oto.s 			page 12


 188:Core/Src/adc.c **** {
 430              		.loc 1 188 1 is_stmt 1 view -0
 431              		.cfi_startproc
 432              		@ args = 0, pretend = 0, frame = 32
 433              		@ frame_needed = 0, uses_anonymous_args = 0
 434              		.loc 1 188 1 is_stmt 0 view .LVU142
 435 0000 F0B5     		push	{r4, r5, r6, r7, lr}
 436              		.cfi_def_cfa_offset 20
 437              		.cfi_offset 4, -20
 438              		.cfi_offset 5, -16
 439              		.cfi_offset 6, -12
 440              		.cfi_offset 7, -8
 441              		.cfi_offset 14, -4
 442 0002 89B0     		sub	sp, sp, #36
 443              		.cfi_def_cfa_offset 56
 189:Core/Src/adc.c **** 
 190:Core/Src/adc.c ****   GPIO_InitTypeDef GPIO_InitStruct = {0};
 444              		.loc 1 190 3 is_stmt 1 view .LVU143
 445              		.loc 1 190 20 is_stmt 0 view .LVU144
 446 0004 0023     		movs	r3, #0
 447 0006 0393     		str	r3, [sp, #12]
 448 0008 0493     		str	r3, [sp, #16]
 449 000a 0593     		str	r3, [sp, #20]
 450 000c 0693     		str	r3, [sp, #24]
 451 000e 0793     		str	r3, [sp, #28]
 191:Core/Src/adc.c ****   if(adcHandle->Instance==ADC1)
 452              		.loc 1 191 3 is_stmt 1 view .LVU145
 453              		.loc 1 191 15 is_stmt 0 view .LVU146
 454 0010 0268     		ldr	r2, [r0]
 455              		.loc 1 191 5 view .LVU147
 456 0012 03F18043 		add	r3, r3, #1073741824
 457 0016 03F59033 		add	r3, r3, #73728
 458 001a 9A42     		cmp	r2, r3
 459 001c 01D0     		beq	.L37
 460              	.LVL29:
 461              	.L33:
 192:Core/Src/adc.c ****   {
 193:Core/Src/adc.c ****   /* USER CODE BEGIN ADC1_MspInit 0 */
 194:Core/Src/adc.c **** 
 195:Core/Src/adc.c ****   /* USER CODE END ADC1_MspInit 0 */
 196:Core/Src/adc.c ****     /* ADC1 clock enable */
 197:Core/Src/adc.c ****     __HAL_RCC_ADC1_CLK_ENABLE();
 198:Core/Src/adc.c **** 
 199:Core/Src/adc.c ****     __HAL_RCC_GPIOC_CLK_ENABLE();
 200:Core/Src/adc.c ****     __HAL_RCC_GPIOA_CLK_ENABLE();
 201:Core/Src/adc.c ****     /**ADC1 GPIO Configuration
 202:Core/Src/adc.c ****     PC0     ------> ADC1_IN10
 203:Core/Src/adc.c ****     PC1     ------> ADC1_IN11
 204:Core/Src/adc.c ****     PC2     ------> ADC1_IN12
 205:Core/Src/adc.c ****     PC3     ------> ADC1_IN13
 206:Core/Src/adc.c ****     PA0-WKUP     ------> ADC1_IN0
 207:Core/Src/adc.c ****     PA1     ------> ADC1_IN1
 208:Core/Src/adc.c ****     PA2     ------> ADC1_IN2
 209:Core/Src/adc.c ****     PA3     ------> ADC1_IN3
 210:Core/Src/adc.c ****     PA4     ------> ADC1_IN4
 211:Core/Src/adc.c ****     PA5     ------> ADC1_IN5
 212:Core/Src/adc.c ****     PA6     ------> ADC1_IN6
ARM GAS  C:\Users\alireza\AppData\Local\Temp\ccTc2Oto.s 			page 13


 213:Core/Src/adc.c ****     PA7     ------> ADC1_IN7
 214:Core/Src/adc.c ****     PC4     ------> ADC1_IN14
 215:Core/Src/adc.c ****     */
 216:Core/Src/adc.c ****     GPIO_InitStruct.Pin = SENSOR_EGT_PIN_Pin|ETB1_SENSE1_Pin|ETB1_SENSE2_Pin|ETB2_SENSE1_Pin
 217:Core/Src/adc.c ****                           |AD_INPUT_3_Pin;
 218:Core/Src/adc.c ****     GPIO_InitStruct.Mode = GPIO_MODE_ANALOG;
 219:Core/Src/adc.c ****     GPIO_InitStruct.Pull = GPIO_NOPULL;
 220:Core/Src/adc.c ****     HAL_GPIO_Init(GPIOC, &GPIO_InitStruct);
 221:Core/Src/adc.c **** 
 222:Core/Src/adc.c ****     GPIO_InitStruct.Pin = ETB2_SENSE2_Pin|SENSOR_MAP_PIN_Pin|SENSOR_IAT_PIN_Pin|SENSOR_CLT_PIN_Pin
 223:Core/Src/adc.c ****                           |SENSOR_OIL_PIN_Pin|VBAT_SENSE_PIN_Pin|AD_INPUT_1_Pin|AD_INPUT_2_Pin;
 224:Core/Src/adc.c ****     GPIO_InitStruct.Mode = GPIO_MODE_ANALOG;
 225:Core/Src/adc.c ****     GPIO_InitStruct.Pull = GPIO_NOPULL;
 226:Core/Src/adc.c ****     HAL_GPIO_Init(GPIOA, &GPIO_InitStruct);
 227:Core/Src/adc.c **** 
 228:Core/Src/adc.c ****     /* ADC1 DMA Init */
 229:Core/Src/adc.c ****     /* ADC1 Init */
 230:Core/Src/adc.c ****     hdma_adc1.Instance = DMA2_Stream0;
 231:Core/Src/adc.c ****     hdma_adc1.Init.Channel = DMA_CHANNEL_0;
 232:Core/Src/adc.c ****     hdma_adc1.Init.Direction = DMA_PERIPH_TO_MEMORY;
 233:Core/Src/adc.c ****     hdma_adc1.Init.PeriphInc = DMA_PINC_DISABLE;
 234:Core/Src/adc.c ****     hdma_adc1.Init.MemInc = DMA_MINC_ENABLE;
 235:Core/Src/adc.c ****     hdma_adc1.Init.PeriphDataAlignment = DMA_PDATAALIGN_HALFWORD;
 236:Core/Src/adc.c ****     hdma_adc1.Init.MemDataAlignment = DMA_MDATAALIGN_HALFWORD;
 237:Core/Src/adc.c ****     hdma_adc1.Init.Mode = DMA_NORMAL;
 238:Core/Src/adc.c ****     hdma_adc1.Init.Priority = DMA_PRIORITY_HIGH;
 239:Core/Src/adc.c ****     hdma_adc1.Init.FIFOMode = DMA_FIFOMODE_DISABLE;
 240:Core/Src/adc.c ****     if (HAL_DMA_Init(&hdma_adc1) != HAL_OK)
 241:Core/Src/adc.c ****     {
 242:Core/Src/adc.c ****       Error_Handler();
 243:Core/Src/adc.c ****     }
 244:Core/Src/adc.c **** 
 245:Core/Src/adc.c ****     __HAL_LINKDMA(adcHandle,DMA_Handle,hdma_adc1);
 246:Core/Src/adc.c **** 
 247:Core/Src/adc.c ****   /* USER CODE BEGIN ADC1_MspInit 1 */
 248:Core/Src/adc.c **** 
 249:Core/Src/adc.c ****   /* USER CODE END ADC1_MspInit 1 */
 250:Core/Src/adc.c ****   }
 251:Core/Src/adc.c **** }
 462              		.loc 1 251 1 view .LVU148
 463 001e 09B0     		add	sp, sp, #36
 464              		.cfi_remember_state
 465              		.cfi_def_cfa_offset 20
 466              		@ sp needed
 467 0020 F0BD     		pop	{r4, r5, r6, r7, pc}
 468              	.LVL30:
 469              	.L37:
 470              		.cfi_restore_state
 471              		.loc 1 251 1 view .LVU149
 472 0022 0446     		mov	r4, r0
 197:Core/Src/adc.c **** 
 473              		.loc 1 197 5 is_stmt 1 view .LVU150
 474              	.LBB2:
 197:Core/Src/adc.c **** 
 475              		.loc 1 197 5 view .LVU151
 476 0024 0025     		movs	r5, #0
 477 0026 0095     		str	r5, [sp]
ARM GAS  C:\Users\alireza\AppData\Local\Temp\ccTc2Oto.s 			page 14


 197:Core/Src/adc.c **** 
 478              		.loc 1 197 5 view .LVU152
 479 0028 03F58C33 		add	r3, r3, #71680
 480 002c 5A6C     		ldr	r2, [r3, #68]
 481 002e 42F48072 		orr	r2, r2, #256
 482 0032 5A64     		str	r2, [r3, #68]
 197:Core/Src/adc.c **** 
 483              		.loc 1 197 5 view .LVU153
 484 0034 5A6C     		ldr	r2, [r3, #68]
 485 0036 02F48072 		and	r2, r2, #256
 486 003a 0092     		str	r2, [sp]
 197:Core/Src/adc.c **** 
 487              		.loc 1 197 5 view .LVU154
 488 003c 009A     		ldr	r2, [sp]
 489              	.LBE2:
 197:Core/Src/adc.c **** 
 490              		.loc 1 197 5 view .LVU155
 199:Core/Src/adc.c ****     __HAL_RCC_GPIOA_CLK_ENABLE();
 491              		.loc 1 199 5 view .LVU156
 492              	.LBB3:
 199:Core/Src/adc.c ****     __HAL_RCC_GPIOA_CLK_ENABLE();
 493              		.loc 1 199 5 view .LVU157
 494 003e 0195     		str	r5, [sp, #4]
 199:Core/Src/adc.c ****     __HAL_RCC_GPIOA_CLK_ENABLE();
 495              		.loc 1 199 5 view .LVU158
 496 0040 1A6B     		ldr	r2, [r3, #48]
 497 0042 42F00402 		orr	r2, r2, #4
 498 0046 1A63     		str	r2, [r3, #48]
 199:Core/Src/adc.c ****     __HAL_RCC_GPIOA_CLK_ENABLE();
 499              		.loc 1 199 5 view .LVU159
 500 0048 1A6B     		ldr	r2, [r3, #48]
 501 004a 02F00402 		and	r2, r2, #4
 502 004e 0192     		str	r2, [sp, #4]
 199:Core/Src/adc.c ****     __HAL_RCC_GPIOA_CLK_ENABLE();
 503              		.loc 1 199 5 view .LVU160
 504 0050 019A     		ldr	r2, [sp, #4]
 505              	.LBE3:
 199:Core/Src/adc.c ****     __HAL_RCC_GPIOA_CLK_ENABLE();
 506              		.loc 1 199 5 view .LVU161
 200:Core/Src/adc.c ****     /**ADC1 GPIO Configuration
 507              		.loc 1 200 5 view .LVU162
 508              	.LBB4:
 200:Core/Src/adc.c ****     /**ADC1 GPIO Configuration
 509              		.loc 1 200 5 view .LVU163
 510 0052 0295     		str	r5, [sp, #8]
 200:Core/Src/adc.c ****     /**ADC1 GPIO Configuration
 511              		.loc 1 200 5 view .LVU164
 512 0054 1A6B     		ldr	r2, [r3, #48]
 513 0056 42F00102 		orr	r2, r2, #1
 514 005a 1A63     		str	r2, [r3, #48]
 200:Core/Src/adc.c ****     /**ADC1 GPIO Configuration
 515              		.loc 1 200 5 view .LVU165
 516 005c 1B6B     		ldr	r3, [r3, #48]
 517 005e 03F00103 		and	r3, r3, #1
 518 0062 0293     		str	r3, [sp, #8]
 200:Core/Src/adc.c ****     /**ADC1 GPIO Configuration
 519              		.loc 1 200 5 view .LVU166
ARM GAS  C:\Users\alireza\AppData\Local\Temp\ccTc2Oto.s 			page 15


 520 0064 029B     		ldr	r3, [sp, #8]
 521              	.LBE4:
 200:Core/Src/adc.c ****     /**ADC1 GPIO Configuration
 522              		.loc 1 200 5 view .LVU167
 216:Core/Src/adc.c ****                           |AD_INPUT_3_Pin;
 523              		.loc 1 216 5 view .LVU168
 216:Core/Src/adc.c ****                           |AD_INPUT_3_Pin;
 524              		.loc 1 216 25 is_stmt 0 view .LVU169
 525 0066 1F23     		movs	r3, #31
 526 0068 0393     		str	r3, [sp, #12]
 218:Core/Src/adc.c ****     GPIO_InitStruct.Pull = GPIO_NOPULL;
 527              		.loc 1 218 5 is_stmt 1 view .LVU170
 218:Core/Src/adc.c ****     GPIO_InitStruct.Pull = GPIO_NOPULL;
 528              		.loc 1 218 26 is_stmt 0 view .LVU171
 529 006a 0327     		movs	r7, #3
 530 006c 0497     		str	r7, [sp, #16]
 219:Core/Src/adc.c ****     HAL_GPIO_Init(GPIOC, &GPIO_InitStruct);
 531              		.loc 1 219 5 is_stmt 1 view .LVU172
 220:Core/Src/adc.c **** 
 532              		.loc 1 220 5 view .LVU173
 533 006e 03AE     		add	r6, sp, #12
 534 0070 3146     		mov	r1, r6
 535 0072 1448     		ldr	r0, .L39
 536              	.LVL31:
 220:Core/Src/adc.c **** 
 537              		.loc 1 220 5 is_stmt 0 view .LVU174
 538 0074 FFF7FEFF 		bl	HAL_GPIO_Init
 539              	.LVL32:
 222:Core/Src/adc.c ****                           |SENSOR_OIL_PIN_Pin|VBAT_SENSE_PIN_Pin|AD_INPUT_1_Pin|AD_INPUT_2_Pin;
 540              		.loc 1 222 5 is_stmt 1 view .LVU175
 222:Core/Src/adc.c ****                           |SENSOR_OIL_PIN_Pin|VBAT_SENSE_PIN_Pin|AD_INPUT_1_Pin|AD_INPUT_2_Pin;
 541              		.loc 1 222 25 is_stmt 0 view .LVU176
 542 0078 FF23     		movs	r3, #255
 543 007a 0393     		str	r3, [sp, #12]
 224:Core/Src/adc.c ****     GPIO_InitStruct.Pull = GPIO_NOPULL;
 544              		.loc 1 224 5 is_stmt 1 view .LVU177
 224:Core/Src/adc.c ****     GPIO_InitStruct.Pull = GPIO_NOPULL;
 545              		.loc 1 224 26 is_stmt 0 view .LVU178
 546 007c 0497     		str	r7, [sp, #16]
 225:Core/Src/adc.c ****     HAL_GPIO_Init(GPIOA, &GPIO_InitStruct);
 547              		.loc 1 225 5 is_stmt 1 view .LVU179
 225:Core/Src/adc.c ****     HAL_GPIO_Init(GPIOA, &GPIO_InitStruct);
 548              		.loc 1 225 26 is_stmt 0 view .LVU180
 549 007e 0595     		str	r5, [sp, #20]
 226:Core/Src/adc.c **** 
 550              		.loc 1 226 5 is_stmt 1 view .LVU181
 551 0080 3146     		mov	r1, r6
 552 0082 1148     		ldr	r0, .L39+4
 553 0084 FFF7FEFF 		bl	HAL_GPIO_Init
 554              	.LVL33:
 230:Core/Src/adc.c ****     hdma_adc1.Init.Channel = DMA_CHANNEL_0;
 555              		.loc 1 230 5 view .LVU182
 230:Core/Src/adc.c ****     hdma_adc1.Init.Channel = DMA_CHANNEL_0;
 556              		.loc 1 230 24 is_stmt 0 view .LVU183
 557 0088 1048     		ldr	r0, .L39+8
 558 008a 114B     		ldr	r3, .L39+12
 559 008c 0360     		str	r3, [r0]
ARM GAS  C:\Users\alireza\AppData\Local\Temp\ccTc2Oto.s 			page 16


 231:Core/Src/adc.c ****     hdma_adc1.Init.Direction = DMA_PERIPH_TO_MEMORY;
 560              		.loc 1 231 5 is_stmt 1 view .LVU184
 231:Core/Src/adc.c ****     hdma_adc1.Init.Direction = DMA_PERIPH_TO_MEMORY;
 561              		.loc 1 231 28 is_stmt 0 view .LVU185
 562 008e 4560     		str	r5, [r0, #4]
 232:Core/Src/adc.c ****     hdma_adc1.Init.PeriphInc = DMA_PINC_DISABLE;
 563              		.loc 1 232 5 is_stmt 1 view .LVU186
 232:Core/Src/adc.c ****     hdma_adc1.Init.PeriphInc = DMA_PINC_DISABLE;
 564              		.loc 1 232 30 is_stmt 0 view .LVU187
 565 0090 8560     		str	r5, [r0, #8]
 233:Core/Src/adc.c ****     hdma_adc1.Init.MemInc = DMA_MINC_ENABLE;
 566              		.loc 1 233 5 is_stmt 1 view .LVU188
 233:Core/Src/adc.c ****     hdma_adc1.Init.MemInc = DMA_MINC_ENABLE;
 567              		.loc 1 233 30 is_stmt 0 view .LVU189
 568 0092 C560     		str	r5, [r0, #12]
 234:Core/Src/adc.c ****     hdma_adc1.Init.PeriphDataAlignment = DMA_PDATAALIGN_HALFWORD;
 569              		.loc 1 234 5 is_stmt 1 view .LVU190
 234:Core/Src/adc.c ****     hdma_adc1.Init.PeriphDataAlignment = DMA_PDATAALIGN_HALFWORD;
 570              		.loc 1 234 27 is_stmt 0 view .LVU191
 571 0094 4FF48063 		mov	r3, #1024
 572 0098 0361     		str	r3, [r0, #16]
 235:Core/Src/adc.c ****     hdma_adc1.Init.MemDataAlignment = DMA_MDATAALIGN_HALFWORD;
 573              		.loc 1 235 5 is_stmt 1 view .LVU192
 235:Core/Src/adc.c ****     hdma_adc1.Init.MemDataAlignment = DMA_MDATAALIGN_HALFWORD;
 574              		.loc 1 235 40 is_stmt 0 view .LVU193
 575 009a 4FF40063 		mov	r3, #2048
 576 009e 4361     		str	r3, [r0, #20]
 236:Core/Src/adc.c ****     hdma_adc1.Init.Mode = DMA_NORMAL;
 577              		.loc 1 236 5 is_stmt 1 view .LVU194
 236:Core/Src/adc.c ****     hdma_adc1.Init.Mode = DMA_NORMAL;
 578              		.loc 1 236 37 is_stmt 0 view .LVU195
 579 00a0 4FF40053 		mov	r3, #8192
 580 00a4 8361     		str	r3, [r0, #24]
 237:Core/Src/adc.c ****     hdma_adc1.Init.Priority = DMA_PRIORITY_HIGH;
 581              		.loc 1 237 5 is_stmt 1 view .LVU196
 237:Core/Src/adc.c ****     hdma_adc1.Init.Priority = DMA_PRIORITY_HIGH;
 582              		.loc 1 237 25 is_stmt 0 view .LVU197
 583 00a6 C561     		str	r5, [r0, #28]
 238:Core/Src/adc.c ****     hdma_adc1.Init.FIFOMode = DMA_FIFOMODE_DISABLE;
 584              		.loc 1 238 5 is_stmt 1 view .LVU198
 238:Core/Src/adc.c ****     hdma_adc1.Init.FIFOMode = DMA_FIFOMODE_DISABLE;
 585              		.loc 1 238 29 is_stmt 0 view .LVU199
 586 00a8 4FF40033 		mov	r3, #131072
 587 00ac 0362     		str	r3, [r0, #32]
 239:Core/Src/adc.c ****     if (HAL_DMA_Init(&hdma_adc1) != HAL_OK)
 588              		.loc 1 239 5 is_stmt 1 view .LVU200
 239:Core/Src/adc.c ****     if (HAL_DMA_Init(&hdma_adc1) != HAL_OK)
 589              		.loc 1 239 29 is_stmt 0 view .LVU201
 590 00ae 4562     		str	r5, [r0, #36]
 240:Core/Src/adc.c ****     {
 591              		.loc 1 240 5 is_stmt 1 view .LVU202
 240:Core/Src/adc.c ****     {
 592              		.loc 1 240 9 is_stmt 0 view .LVU203
 593 00b0 FFF7FEFF 		bl	HAL_DMA_Init
 594              	.LVL34:
 240:Core/Src/adc.c ****     {
 595              		.loc 1 240 8 discriminator 1 view .LVU204
ARM GAS  C:\Users\alireza\AppData\Local\Temp\ccTc2Oto.s 			page 17


 596 00b4 18B9     		cbnz	r0, .L38
 597              	.L35:
 245:Core/Src/adc.c **** 
 598              		.loc 1 245 5 is_stmt 1 view .LVU205
 245:Core/Src/adc.c **** 
 599              		.loc 1 245 5 view .LVU206
 600 00b6 054B     		ldr	r3, .L39+8
 601 00b8 A363     		str	r3, [r4, #56]
 245:Core/Src/adc.c **** 
 602              		.loc 1 245 5 view .LVU207
 603 00ba 9C63     		str	r4, [r3, #56]
 245:Core/Src/adc.c **** 
 604              		.loc 1 245 5 discriminator 1 view .LVU208
 605              		.loc 1 251 1 is_stmt 0 view .LVU209
 606 00bc AFE7     		b	.L33
 607              	.L38:
 242:Core/Src/adc.c ****     }
 608              		.loc 1 242 7 is_stmt 1 view .LVU210
 609 00be FFF7FEFF 		bl	Error_Handler
 610              	.LVL35:
 611 00c2 F8E7     		b	.L35
 612              	.L40:
 613              		.align	2
 614              	.L39:
 615 00c4 00080240 		.word	1073874944
 616 00c8 00000240 		.word	1073872896
 617 00cc 00000000 		.word	hdma_adc1
 618 00d0 10640240 		.word	1073898512
 619              		.cfi_endproc
 620              	.LFE221:
 622              		.section	.text.HAL_ADC_MspDeInit,"ax",%progbits
 623              		.align	1
 624              		.global	HAL_ADC_MspDeInit
 625              		.syntax unified
 626              		.thumb
 627              		.thumb_func
 629              	HAL_ADC_MspDeInit:
 630              	.LVL36:
 631              	.LFB222:
 252:Core/Src/adc.c **** 
 253:Core/Src/adc.c **** void HAL_ADC_MspDeInit(ADC_HandleTypeDef* adcHandle)
 254:Core/Src/adc.c **** {
 632              		.loc 1 254 1 view -0
 633              		.cfi_startproc
 634              		@ args = 0, pretend = 0, frame = 0
 635              		@ frame_needed = 0, uses_anonymous_args = 0
 255:Core/Src/adc.c **** 
 256:Core/Src/adc.c ****   if(adcHandle->Instance==ADC1)
 636              		.loc 1 256 3 view .LVU212
 637              		.loc 1 256 15 is_stmt 0 view .LVU213
 638 0000 0268     		ldr	r2, [r0]
 639              		.loc 1 256 5 view .LVU214
 640 0002 0B4B     		ldr	r3, .L48
 641 0004 9A42     		cmp	r2, r3
 642 0006 00D0     		beq	.L47
 643 0008 7047     		bx	lr
 644              	.L47:
ARM GAS  C:\Users\alireza\AppData\Local\Temp\ccTc2Oto.s 			page 18


 254:Core/Src/adc.c **** 
 645              		.loc 1 254 1 view .LVU215
 646 000a 10B5     		push	{r4, lr}
 647              		.cfi_def_cfa_offset 8
 648              		.cfi_offset 4, -8
 649              		.cfi_offset 14, -4
 650 000c 0446     		mov	r4, r0
 257:Core/Src/adc.c ****   {
 258:Core/Src/adc.c ****   /* USER CODE BEGIN ADC1_MspDeInit 0 */
 259:Core/Src/adc.c **** 
 260:Core/Src/adc.c ****   /* USER CODE END ADC1_MspDeInit 0 */
 261:Core/Src/adc.c ****     /* Peripheral clock disable */
 262:Core/Src/adc.c ****     __HAL_RCC_ADC1_CLK_DISABLE();
 651              		.loc 1 262 5 is_stmt 1 view .LVU216
 652 000e 094A     		ldr	r2, .L48+4
 653 0010 536C     		ldr	r3, [r2, #68]
 654 0012 23F48073 		bic	r3, r3, #256
 655 0016 5364     		str	r3, [r2, #68]
 263:Core/Src/adc.c **** 
 264:Core/Src/adc.c ****     /**ADC1 GPIO Configuration
 265:Core/Src/adc.c ****     PC0     ------> ADC1_IN10
 266:Core/Src/adc.c ****     PC1     ------> ADC1_IN11
 267:Core/Src/adc.c ****     PC2     ------> ADC1_IN12
 268:Core/Src/adc.c ****     PC3     ------> ADC1_IN13
 269:Core/Src/adc.c ****     PA0-WKUP     ------> ADC1_IN0
 270:Core/Src/adc.c ****     PA1     ------> ADC1_IN1
 271:Core/Src/adc.c ****     PA2     ------> ADC1_IN2
 272:Core/Src/adc.c ****     PA3     ------> ADC1_IN3
 273:Core/Src/adc.c ****     PA4     ------> ADC1_IN4
 274:Core/Src/adc.c ****     PA5     ------> ADC1_IN5
 275:Core/Src/adc.c ****     PA6     ------> ADC1_IN6
 276:Core/Src/adc.c ****     PA7     ------> ADC1_IN7
 277:Core/Src/adc.c ****     PC4     ------> ADC1_IN14
 278:Core/Src/adc.c ****     */
 279:Core/Src/adc.c ****     HAL_GPIO_DeInit(GPIOC, SENSOR_EGT_PIN_Pin|ETB1_SENSE1_Pin|ETB1_SENSE2_Pin|ETB2_SENSE1_Pin
 656              		.loc 1 279 5 view .LVU217
 657 0018 1F21     		movs	r1, #31
 658 001a 0748     		ldr	r0, .L48+8
 659              	.LVL37:
 660              		.loc 1 279 5 is_stmt 0 view .LVU218
 661 001c FFF7FEFF 		bl	HAL_GPIO_DeInit
 662              	.LVL38:
 280:Core/Src/adc.c ****                           |AD_INPUT_3_Pin);
 281:Core/Src/adc.c **** 
 282:Core/Src/adc.c ****     HAL_GPIO_DeInit(GPIOA, ETB2_SENSE2_Pin|SENSOR_MAP_PIN_Pin|SENSOR_IAT_PIN_Pin|SENSOR_CLT_PIN_Pin
 663              		.loc 1 282 5 is_stmt 1 view .LVU219
 664 0020 FF21     		movs	r1, #255
 665 0022 0648     		ldr	r0, .L48+12
 666 0024 FFF7FEFF 		bl	HAL_GPIO_DeInit
 667              	.LVL39:
 283:Core/Src/adc.c ****                           |SENSOR_OIL_PIN_Pin|VBAT_SENSE_PIN_Pin|AD_INPUT_1_Pin|AD_INPUT_2_Pin);
 284:Core/Src/adc.c **** 
 285:Core/Src/adc.c ****     /* ADC1 DMA DeInit */
 286:Core/Src/adc.c ****     HAL_DMA_DeInit(adcHandle->DMA_Handle);
 668              		.loc 1 286 5 view .LVU220
 669 0028 A06B     		ldr	r0, [r4, #56]
 670 002a FFF7FEFF 		bl	HAL_DMA_DeInit
ARM GAS  C:\Users\alireza\AppData\Local\Temp\ccTc2Oto.s 			page 19


 671              	.LVL40:
 287:Core/Src/adc.c ****   /* USER CODE BEGIN ADC1_MspDeInit 1 */
 288:Core/Src/adc.c **** 
 289:Core/Src/adc.c ****   /* USER CODE END ADC1_MspDeInit 1 */
 290:Core/Src/adc.c ****   }
 291:Core/Src/adc.c **** }
 672              		.loc 1 291 1 is_stmt 0 view .LVU221
 673 002e 10BD     		pop	{r4, pc}
 674              	.LVL41:
 675              	.L49:
 676              		.loc 1 291 1 view .LVU222
 677              		.align	2
 678              	.L48:
 679 0030 00200140 		.word	1073815552
 680 0034 00380240 		.word	1073887232
 681 0038 00080240 		.word	1073874944
 682 003c 00000240 		.word	1073872896
 683              		.cfi_endproc
 684              	.LFE222:
 686              		.global	hdma_adc1
 687              		.section	.bss.hdma_adc1,"aw",%nobits
 688              		.align	2
 691              	hdma_adc1:
 692 0000 00000000 		.space	96
 692      00000000 
 692      00000000 
 692      00000000 
 692      00000000 
 693              		.global	hadc1
 694              		.section	.bss.hadc1,"aw",%nobits
 695              		.align	2
 698              	hadc1:
 699 0000 00000000 		.space	72
 699      00000000 
 699      00000000 
 699      00000000 
 699      00000000 
 700              		.text
 701              	.Letext0:
 702              		.file 2 "C:/Users/alireza/AppData/Roaming/Code/User/globalStorage/bmd.stm32-for-vscode/@xpack-dev-
 703              		.file 3 "C:/Users/alireza/AppData/Roaming/Code/User/globalStorage/bmd.stm32-for-vscode/@xpack-dev-
 704              		.file 4 "Drivers/CMSIS/Device/ST/STM32F4xx/Include/stm32f401xc.h"
 705              		.file 5 "Drivers/CMSIS/Device/ST/STM32F4xx/Include/stm32f4xx.h"
 706              		.file 6 "Drivers/STM32F4xx_HAL_Driver/Inc/stm32f4xx_hal_def.h"
 707              		.file 7 "Drivers/STM32F4xx_HAL_Driver/Inc/stm32f4xx_hal_gpio.h"
 708              		.file 8 "Drivers/STM32F4xx_HAL_Driver/Inc/stm32f4xx_hal_dma.h"
 709              		.file 9 "Drivers/STM32F4xx_HAL_Driver/Inc/stm32f4xx_hal_adc.h"
 710              		.file 10 "Core/Inc/adc.h"
 711              		.file 11 "Core/Inc/main.h"
ARM GAS  C:\Users\alireza\AppData\Local\Temp\ccTc2Oto.s 			page 20


DEFINED SYMBOLS
                            *ABS*:00000000 adc.c
C:\Users\alireza\AppData\Local\Temp\ccTc2Oto.s:21     .text.MX_ADC1_Init:00000000 $t
C:\Users\alireza\AppData\Local\Temp\ccTc2Oto.s:27     .text.MX_ADC1_Init:00000000 MX_ADC1_Init
C:\Users\alireza\AppData\Local\Temp\ccTc2Oto.s:414    .text.MX_ADC1_Init:000001a0 $d
C:\Users\alireza\AppData\Local\Temp\ccTc2Oto.s:698    .bss.hadc1:00000000 hadc1
C:\Users\alireza\AppData\Local\Temp\ccTc2Oto.s:421    .text.HAL_ADC_MspInit:00000000 $t
C:\Users\alireza\AppData\Local\Temp\ccTc2Oto.s:427    .text.HAL_ADC_MspInit:00000000 HAL_ADC_MspInit
C:\Users\alireza\AppData\Local\Temp\ccTc2Oto.s:615    .text.HAL_ADC_MspInit:000000c4 $d
C:\Users\alireza\AppData\Local\Temp\ccTc2Oto.s:691    .bss.hdma_adc1:00000000 hdma_adc1
C:\Users\alireza\AppData\Local\Temp\ccTc2Oto.s:623    .text.HAL_ADC_MspDeInit:00000000 $t
C:\Users\alireza\AppData\Local\Temp\ccTc2Oto.s:629    .text.HAL_ADC_MspDeInit:00000000 HAL_ADC_MspDeInit
C:\Users\alireza\AppData\Local\Temp\ccTc2Oto.s:679    .text.HAL_ADC_MspDeInit:00000030 $d
C:\Users\alireza\AppData\Local\Temp\ccTc2Oto.s:688    .bss.hdma_adc1:00000000 $d
C:\Users\alireza\AppData\Local\Temp\ccTc2Oto.s:695    .bss.hadc1:00000000 $d

UNDEFINED SYMBOLS
HAL_ADC_Init
HAL_ADC_ConfigChannel
Error_Handler
HAL_GPIO_Init
HAL_DMA_Init
HAL_GPIO_DeInit
HAL_DMA_DeInit
