<<<<<<< HEAD
<<<<<<< Updated upstream
ARM GAS  C:\Users\alireza\AppData\Local\Temp\ccDawvCr.s 			page 1
=======
ARM GAS  C:\Users\alireza\AppData\Local\Temp\ccVyrvQj.s 			page 1
>>>>>>> Stashed changes
=======
ARM GAS  C:\Users\alireza\AppData\Local\Temp\ccX3wpM8.s 			page 1
>>>>>>> development


   1              		.cpu cortex-m4
   2              		.arch armv7e-m
   3              		.fpu fpv4-sp-d16
   4              		.eabi_attribute 27, 1
   5              		.eabi_attribute 28, 1
   6              		.eabi_attribute 20, 1
   7              		.eabi_attribute 21, 1
   8              		.eabi_attribute 23, 3
   9              		.eabi_attribute 24, 1
  10              		.eabi_attribute 25, 1
  11              		.eabi_attribute 26, 1
  12              		.eabi_attribute 30, 1
  13              		.eabi_attribute 34, 1
  14              		.eabi_attribute 18, 4
  15              		.file	"croutine.c"
  16              		.text
  17              	.Ltext0:
  18              		.cfi_sections	.debug_frame
  19              		.file 1 "Middlewares/Third_Party/FreeRTOS/Source/croutine.c"
  20              	.Letext0:
<<<<<<< HEAD
<<<<<<< Updated upstream
ARM GAS  C:\Users\alireza\AppData\Local\Temp\ccDawvCr.s 			page 2
=======
ARM GAS  C:\Users\alireza\AppData\Local\Temp\ccVyrvQj.s 			page 2
>>>>>>> Stashed changes
=======
ARM GAS  C:\Users\alireza\AppData\Local\Temp\ccX3wpM8.s 			page 2
>>>>>>> development


DEFINED SYMBOLS
                            *ABS*:00000000 croutine.c

NO UNDEFINED SYMBOLS
