ARM GAS  C:\Users\alireza\AppData\Local\Temp\cc3iCiIt.s 			page 1


   1              		.cpu cortex-m4
   2              		.arch armv7e-m
   3              		.fpu fpv4-sp-d16
   4              		.eabi_attribute 27, 1
   5              		.eabi_attribute 28, 1
   6              		.eabi_attribute 20, 1
   7              		.eabi_attribute 21, 1
   8              		.eabi_attribute 23, 3
   9              		.eabi_attribute 24, 1
  10              		.eabi_attribute 25, 1
  11              		.eabi_attribute 26, 1
  12              		.eabi_attribute 30, 1
  13              		.eabi_attribute 34, 1
  14              		.eabi_attribute 18, 4
  15              		.file	"freertos.c"
  16              		.text
  17              	.Ltext0:
  18              		.cfi_sections	.debug_frame
  19              		.file 1 "Core/Src/freertos.c"
  20              		.section	.text.StartDefaultTask,"ax",%progbits
  21              		.align	1
  22              		.global	StartDefaultTask
  23              		.syntax unified
  24              		.thumb
  25              		.thumb_func
  27              	StartDefaultTask:
  28              	.LVL0:
  29              	.LFB225:
   1:Core/Src/freertos.c **** /* USER CODE BEGIN Header */
   2:Core/Src/freertos.c **** /**
   3:Core/Src/freertos.c ****   ******************************************************************************
   4:Core/Src/freertos.c ****   * File Name          : freertos.c
   5:Core/Src/freertos.c ****   * Description        : Code for freertos applications
   6:Core/Src/freertos.c ****   ******************************************************************************
   7:Core/Src/freertos.c ****   * @attention
   8:Core/Src/freertos.c ****   *
   9:Core/Src/freertos.c ****   * Copyright (c) 2025 STMicroelectronics.
  10:Core/Src/freertos.c ****   * All rights reserved.
  11:Core/Src/freertos.c ****   *
  12:Core/Src/freertos.c ****   * This software is licensed under terms that can be found in the LICENSE file
  13:Core/Src/freertos.c ****   * in the root directory of this software component.
  14:Core/Src/freertos.c ****   * If no LICENSE file comes with this software, it is provided AS-IS.
  15:Core/Src/freertos.c ****   *
  16:Core/Src/freertos.c ****   ******************************************************************************
  17:Core/Src/freertos.c ****   */
  18:Core/Src/freertos.c **** /* USER CODE END Header */
  19:Core/Src/freertos.c **** 
  20:Core/Src/freertos.c **** /* Includes ------------------------------------------------------------------*/
  21:Core/Src/freertos.c **** #include "FreeRTOS.h"
  22:Core/Src/freertos.c **** #include "task.h"
  23:Core/Src/freertos.c **** #include "main.h"
  24:Core/Src/freertos.c **** #include "cmsis_os.h"
  25:Core/Src/freertos.c **** 
  26:Core/Src/freertos.c **** /* Private includes ----------------------------------------------------------*/
  27:Core/Src/freertos.c **** /* USER CODE BEGIN Includes */
  28:Core/Src/freertos.c **** #include "tables.h"
  29:Core/Src/freertos.c **** /* USER CODE END Includes */
ARM GAS  C:\Users\alireza\AppData\Local\Temp\cc3iCiIt.s 			page 2


  30:Core/Src/freertos.c **** 
  31:Core/Src/freertos.c **** /* Private typedef -----------------------------------------------------------*/
  32:Core/Src/freertos.c **** /* USER CODE BEGIN PTD */
  33:Core/Src/freertos.c **** 
  34:Core/Src/freertos.c **** /* USER CODE END PTD */
  35:Core/Src/freertos.c **** 
  36:Core/Src/freertos.c **** /* Private define ------------------------------------------------------------*/
  37:Core/Src/freertos.c **** /* USER CODE BEGIN PD */
  38:Core/Src/freertos.c **** 
  39:Core/Src/freertos.c **** /* USER CODE END PD */
  40:Core/Src/freertos.c **** 
  41:Core/Src/freertos.c **** /* Private macro -------------------------------------------------------------*/
  42:Core/Src/freertos.c **** /* USER CODE BEGIN PM */
  43:Core/Src/freertos.c **** 
  44:Core/Src/freertos.c **** /* USER CODE END PM */
  45:Core/Src/freertos.c **** 
  46:Core/Src/freertos.c **** /* Private variables ---------------------------------------------------------*/
  47:Core/Src/freertos.c **** /* USER CODE BEGIN Variables */
  48:Core/Src/freertos.c **** table_ve_t test_table;
  49:Core/Src/freertos.c **** 
  50:Core/Src/freertos.c **** percent_t table_result = 0;
  51:Core/Src/freertos.c **** /* USER CODE END Variables */
  52:Core/Src/freertos.c **** /* Definitions for defaultTask */
  53:Core/Src/freertos.c **** osThreadId_t defaultTaskHandle;
  54:Core/Src/freertos.c **** const osThreadAttr_t defaultTask_attributes = {
  55:Core/Src/freertos.c ****   .name = "defaultTask",
  56:Core/Src/freertos.c ****   .stack_size = 128 * 4,
  57:Core/Src/freertos.c ****   .priority = (osPriority_t) osPriorityNormal,
  58:Core/Src/freertos.c **** };
  59:Core/Src/freertos.c **** 
  60:Core/Src/freertos.c **** /* Private function prototypes -----------------------------------------------*/
  61:Core/Src/freertos.c **** /* USER CODE BEGIN FunctionPrototypes */
  62:Core/Src/freertos.c **** 
  63:Core/Src/freertos.c **** /* USER CODE END FunctionPrototypes */
  64:Core/Src/freertos.c **** 
  65:Core/Src/freertos.c **** void StartDefaultTask(void *argument);
  66:Core/Src/freertos.c **** 
  67:Core/Src/freertos.c **** extern void MX_USB_DEVICE_Init(void);
  68:Core/Src/freertos.c **** void MX_FREERTOS_Init(void); /* (MISRA C 2004 rule 8.1) */
  69:Core/Src/freertos.c **** 
  70:Core/Src/freertos.c **** /**
  71:Core/Src/freertos.c ****   * @brief  FreeRTOS initialization
  72:Core/Src/freertos.c ****   * @param  None
  73:Core/Src/freertos.c ****   * @retval None
  74:Core/Src/freertos.c ****   */
  75:Core/Src/freertos.c **** void MX_FREERTOS_Init(void) {
  76:Core/Src/freertos.c ****   /* USER CODE BEGIN Init */
  77:Core/Src/freertos.c **** 
  78:Core/Src/freertos.c ****   /* USER CODE END Init */
  79:Core/Src/freertos.c **** 
  80:Core/Src/freertos.c ****   /* USER CODE BEGIN RTOS_MUTEX */
  81:Core/Src/freertos.c ****   /* add mutexes, ... */
  82:Core/Src/freertos.c ****   /* USER CODE END RTOS_MUTEX */
  83:Core/Src/freertos.c **** 
  84:Core/Src/freertos.c ****   /* USER CODE BEGIN RTOS_SEMAPHORES */
  85:Core/Src/freertos.c ****   /* add semaphores, ... */
  86:Core/Src/freertos.c ****   /* USER CODE END RTOS_SEMAPHORES */
ARM GAS  C:\Users\alireza\AppData\Local\Temp\cc3iCiIt.s 			page 3


  87:Core/Src/freertos.c **** 
  88:Core/Src/freertos.c ****   /* USER CODE BEGIN RTOS_TIMERS */
  89:Core/Src/freertos.c ****   /* start timers, add new ones, ... */
  90:Core/Src/freertos.c ****   /* USER CODE END RTOS_TIMERS */
  91:Core/Src/freertos.c **** 
  92:Core/Src/freertos.c ****   /* USER CODE BEGIN RTOS_QUEUES */
  93:Core/Src/freertos.c ****   /* add queues, ... */
  94:Core/Src/freertos.c ****   /* USER CODE END RTOS_QUEUES */
  95:Core/Src/freertos.c **** 
  96:Core/Src/freertos.c ****   /* Create the thread(s) */
  97:Core/Src/freertos.c ****   /* creation of defaultTask */
  98:Core/Src/freertos.c ****   defaultTaskHandle = osThreadNew(StartDefaultTask, NULL, &defaultTask_attributes);
  99:Core/Src/freertos.c **** 
 100:Core/Src/freertos.c ****   /* USER CODE BEGIN RTOS_THREADS */
 101:Core/Src/freertos.c ****   /* add threads, ... */
 102:Core/Src/freertos.c ****   /* USER CODE END RTOS_THREADS */
 103:Core/Src/freertos.c **** 
 104:Core/Src/freertos.c ****   /* USER CODE BEGIN RTOS_EVENTS */
 105:Core/Src/freertos.c ****   /* add events, ... */
 106:Core/Src/freertos.c ****   /* USER CODE END RTOS_EVENTS */
 107:Core/Src/freertos.c **** 
 108:Core/Src/freertos.c **** }
 109:Core/Src/freertos.c **** 
 110:Core/Src/freertos.c **** /* USER CODE BEGIN Header_StartDefaultTask */
 111:Core/Src/freertos.c **** /**
 112:Core/Src/freertos.c ****   * @brief  Function implementing the defaultTask thread.
 113:Core/Src/freertos.c ****   * @param  argument: Not used
 114:Core/Src/freertos.c ****   * @retval None
 115:Core/Src/freertos.c ****   */
 116:Core/Src/freertos.c **** /* USER CODE END Header_StartDefaultTask */
 117:Core/Src/freertos.c **** void StartDefaultTask(void *argument)
 118:Core/Src/freertos.c **** {
  30              		.loc 1 118 1 view -0
  31              		.cfi_startproc
  32              		@ args = 0, pretend = 0, frame = 0
  33              		@ frame_needed = 0, uses_anonymous_args = 0
  34              		.loc 1 118 1 is_stmt 0 view .LVU1
  35 0000 08B5     		push	{r3, lr}
  36              		.cfi_def_cfa_offset 8
  37              		.cfi_offset 3, -8
  38              		.cfi_offset 14, -4
  39 0002 2DED028B 		vpush.64	{d8}
  40              		.cfi_def_cfa_offset 16
  41              		.cfi_offset 80, -16
  42              		.cfi_offset 81, -12
 119:Core/Src/freertos.c ****   /* init code for USB_DEVICE */
 120:Core/Src/freertos.c ****   MX_USB_DEVICE_Init();
  43              		.loc 1 120 3 is_stmt 1 view .LVU2
  44 0006 FFF7FEFF 		bl	MX_USB_DEVICE_Init
  45              	.LVL1:
 121:Core/Src/freertos.c ****   /* USER CODE BEGIN StartDefaultTask */
 122:Core/Src/freertos.c ****   for (size_t i = 0; i < 16; i++)
  46              		.loc 1 122 3 view .LVU3
  47              	.LBB2:
  48              		.loc 1 122 8 view .LVU4
  49              		.loc 1 122 15 is_stmt 0 view .LVU5
  50 000a 0021     		movs	r1, #0
ARM GAS  C:\Users\alireza\AppData\Local\Temp\cc3iCiIt.s 			page 4


  51              		.loc 1 122 3 view .LVU6
  52 000c 1EE0     		b	.L2
  53              	.LVL2:
  54              	.L3:
  55              	.LBB3:
 123:Core/Src/freertos.c ****   {
 124:Core/Src/freertos.c ****     for (size_t j = 0; j < 16; j++)
 125:Core/Src/freertos.c ****     {
 126:Core/Src/freertos.c ****       test_table.data[i][j] = (float)i * (float)j / (float)16 / (float)16 * FIRMWARE_LIMIT_MAX_MAP;
  56              		.loc 1 126 7 is_stmt 1 view .LVU7
  57              		.loc 1 126 31 is_stmt 0 view .LVU8
  58 000e 07EE901A 		vmov	s15, r1	@ int
  59 0012 F8EE677A 		vcvt.f32.u32	s15, s15
  60              		.loc 1 126 42 view .LVU9
  61 0016 07EE103A 		vmov	s14, r3	@ int
  62 001a B8EE477A 		vcvt.f32.u32	s14, s14
  63              		.loc 1 126 40 view .LVU10
  64 001e 67EE877A 		vmul.f32	s15, s15, s14
  65              		.loc 1 126 51 view .LVU11
  66 0022 9FED1A7A 		vldr.32	s14, .L10
  67 0026 67EE877A 		vmul.f32	s15, s15, s14
  68              		.loc 1 126 63 view .LVU12
  69 002a 67EE877A 		vmul.f32	s15, s15, s14
  70              		.loc 1 126 75 view .LVU13
  71 002e 9FED187A 		vldr.32	s14, .L10+4
  72 0032 67EE877A 		vmul.f32	s15, s15, s14
  73              		.loc 1 126 29 view .LVU14
  74 0036 03EB0110 		add	r0, r3, r1, lsl #4
  75 003a 164A     		ldr	r2, .L10+8
  76 003c 02EB8002 		add	r2, r2, r0, lsl #2
  77 0040 C2ED007A 		vstr.32	s15, [r2]
 124:Core/Src/freertos.c ****     {
  78              		.loc 1 124 33 is_stmt 1 discriminator 3 view .LVU15
  79 0044 0133     		adds	r3, r3, #1
  80              	.LVL3:
  81              	.L4:
 124:Core/Src/freertos.c ****     {
  82              		.loc 1 124 26 discriminator 1 view .LVU16
  83 0046 0F2B     		cmp	r3, #15
  84 0048 E1D9     		bls	.L3
  85              	.LBE3:
 122:Core/Src/freertos.c ****   {
  86              		.loc 1 122 31 discriminator 2 view .LVU17
  87 004a 0131     		adds	r1, r1, #1
  88              	.LVL4:
  89              	.L2:
 122:Core/Src/freertos.c ****   {
  90              		.loc 1 122 24 discriminator 1 view .LVU18
  91 004c 0F29     		cmp	r1, #15
  92 004e 19D8     		bhi	.L7
  93              	.LBB4:
 124:Core/Src/freertos.c ****     {
  94              		.loc 1 124 17 is_stmt 0 view .LVU19
  95 0050 0023     		movs	r3, #0
  96 0052 F8E7     		b	.L4
  97              	.LVL5:
  98              	.L6:
ARM GAS  C:\Users\alireza\AppData\Local\Temp\cc3iCiIt.s 			page 5


 124:Core/Src/freertos.c ****     {
  99              		.loc 1 124 17 view .LVU20
 100              	.LBE4:
 101              	.LBE2:
 102              	.LBB5:
 127:Core/Src/freertos.c ****     }
 128:Core/Src/freertos.c ****   }
 129:Core/Src/freertos.c ****   
 130:Core/Src/freertos.c ****   /* Infinite loop */
 131:Core/Src/freertos.c ****   for(;;)
 132:Core/Src/freertos.c ****   {
 133:Core/Src/freertos.c ****     for (rpm_t i = 0; i < FIRMWARE_LIMIT_MAX_RPM; i = i + 200)
 134:Core/Src/freertos.c ****     { 
 135:Core/Src/freertos.c ****       table_result = table_ve_get_value(&test_table, i, 50);
 103              		.loc 1 135 7 is_stmt 1 view .LVU21
 104              		.loc 1 135 22 is_stmt 0 view .LVU22
 105 0054 DFED100A 		vldr.32	s1, .L10+12
 106 0058 B0EE480A 		vmov.f32	s0, s16
 107 005c 0D48     		ldr	r0, .L10+8
 108 005e FFF7FEFF 		bl	table_ve_get_value
 109              	.LVL6:
 110              		.loc 1 135 20 discriminator 1 view .LVU23
 111 0062 0E4B     		ldr	r3, .L10+16
 112 0064 83ED000A 		vstr.32	s0, [r3]
 136:Core/Src/freertos.c ****       osDelay(250);
 113              		.loc 1 136 7 is_stmt 1 view .LVU24
 114 0068 FA20     		movs	r0, #250
 115 006a FFF7FEFF 		bl	osDelay
 116              	.LVL7:
 133:Core/Src/freertos.c ****     { 
 117              		.loc 1 133 53 discriminator 3 view .LVU25
 118 006e DFED0C7A 		vldr.32	s15, .L10+20
 119 0072 38EE278A 		vadd.f32	s16, s16, s15
 120              	.LVL8:
 121              	.L5:
 133:Core/Src/freertos.c ****     { 
 122              		.loc 1 133 25 discriminator 1 view .LVU26
 123 0076 DFED0B7A 		vldr.32	s15, .L10+24
 124 007a B4EEE78A 		vcmpe.f32	s16, s15
 125 007e F1EE10FA 		vmrs	APSR_nzcv, FPSCR
 126 0082 E7D4     		bmi	.L6
 127              	.LVL9:
 128              	.L7:
 133:Core/Src/freertos.c ****     { 
 129              		.loc 1 133 25 is_stmt 0 discriminator 1 view .LVU27
 130              	.LBE5:
 131:Core/Src/freertos.c ****   {
 131              		.loc 1 131 3 is_stmt 1 view .LVU28
 133:Core/Src/freertos.c ****     { 
 132              		.loc 1 133 5 view .LVU29
 133              	.LBB6:
 133:Core/Src/freertos.c ****     { 
 134              		.loc 1 133 10 view .LVU30
 133:Core/Src/freertos.c ****     { 
 135              		.loc 1 133 16 is_stmt 0 view .LVU31
 136 0084 9FED088A 		vldr.32	s16, .L10+28
 133:Core/Src/freertos.c ****     { 
ARM GAS  C:\Users\alireza\AppData\Local\Temp\cc3iCiIt.s 			page 6


 137              		.loc 1 133 5 view .LVU32
 138 0088 F5E7     		b	.L5
 139              	.L11:
 140 008a 00BF     		.align	2
 141              	.L10:
 142 008c 0000803D 		.word	1031798784
 143 0090 0000F042 		.word	1123024896
 144 0094 00000000 		.word	test_table
 145 0098 00004842 		.word	1112014848
 146 009c 00000000 		.word	table_result
 147 00a0 00004843 		.word	1128792064
 148 00a4 0080BB45 		.word	1169915904
 149 00a8 00000000 		.word	0
 150              	.LBE6:
 151              		.cfi_endproc
 152              	.LFE225:
 154              		.section	.text.MX_FREERTOS_Init,"ax",%progbits
 155              		.align	1
 156              		.global	MX_FREERTOS_Init
 157              		.syntax unified
 158              		.thumb
 159              		.thumb_func
 161              	MX_FREERTOS_Init:
 162              	.LFB224:
  75:Core/Src/freertos.c ****   /* USER CODE BEGIN Init */
 163              		.loc 1 75 29 is_stmt 1 view -0
 164              		.cfi_startproc
 165              		@ args = 0, pretend = 0, frame = 0
 166              		@ frame_needed = 0, uses_anonymous_args = 0
 167 0000 08B5     		push	{r3, lr}
 168              		.cfi_def_cfa_offset 8
 169              		.cfi_offset 3, -8
 170              		.cfi_offset 14, -4
  98:Core/Src/freertos.c **** 
 171              		.loc 1 98 3 view .LVU34
  98:Core/Src/freertos.c **** 
 172              		.loc 1 98 23 is_stmt 0 view .LVU35
 173 0002 044A     		ldr	r2, .L14
 174 0004 0021     		movs	r1, #0
 175 0006 0448     		ldr	r0, .L14+4
 176 0008 FFF7FEFF 		bl	osThreadNew
 177              	.LVL10:
  98:Core/Src/freertos.c **** 
 178              		.loc 1 98 21 discriminator 1 view .LVU36
 179 000c 034B     		ldr	r3, .L14+8
 180 000e 1860     		str	r0, [r3]
 108:Core/Src/freertos.c **** 
 181              		.loc 1 108 1 view .LVU37
 182 0010 08BD     		pop	{r3, pc}
 183              	.L15:
 184 0012 00BF     		.align	2
 185              	.L14:
 186 0014 00000000 		.word	defaultTask_attributes
 187 0018 00000000 		.word	StartDefaultTask
 188 001c 00000000 		.word	defaultTaskHandle
 189              		.cfi_endproc
 190              	.LFE224:
ARM GAS  C:\Users\alireza\AppData\Local\Temp\cc3iCiIt.s 			page 7


 192              		.global	defaultTask_attributes
 193              		.section	.rodata.str1.4,"aMS",%progbits,1
 194              		.align	2
 195              	.LC0:
 196 0000 64656661 		.ascii	"defaultTask\000"
 196      756C7454 
 196      61736B00 
 197              		.section	.rodata.defaultTask_attributes,"a"
 198              		.align	2
 201              	defaultTask_attributes:
 202 0000 00000000 		.word	.LC0
 203 0004 00000000 		.space	16
 203      00000000 
 203      00000000 
 203      00000000 
 204 0014 00020000 		.word	512
 205 0018 18000000 		.word	24
 206 001c 00000000 		.space	8
 206      00000000 
 207              		.global	defaultTaskHandle
 208              		.section	.bss.defaultTaskHandle,"aw",%nobits
 209              		.align	2
 212              	defaultTaskHandle:
 213 0000 00000000 		.space	4
 214              		.global	table_result
 215              		.section	.bss.table_result,"aw",%nobits
 216              		.align	2
 219              	table_result:
 220 0000 00000000 		.space	4
 221              		.global	test_table
 222              		.section	.bss.test_table,"aw",%nobits
 223              		.align	2
 226              	test_table:
 227 0000 00000000 		.space	1024
 227      00000000 
 227      00000000 
 227      00000000 
 227      00000000 
 228              		.text
 229              	.Letext0:
 230              		.file 2 "C:/Users/alireza/AppData/Roaming/Code/User/globalStorage/bmd.stm32-for-vscode/@xpack-dev-
 231              		.file 3 "C:/Users/alireza/AppData/Roaming/Code/User/globalStorage/bmd.stm32-for-vscode/@xpack-dev-
 232              		.file 4 "C:/Users/alireza/AppData/Roaming/Code/User/globalStorage/bmd.stm32-for-vscode/@xpack-dev-
 233              		.file 5 "Middlewares/Third_Party/FreeRTOS/Source/CMSIS_RTOS_V2/cmsis_os2.h"
 234              		.file 6 "controller/types.h"
 235              		.file 7 "controller/tables.h"
ARM GAS  C:\Users\alireza\AppData\Local\Temp\cc3iCiIt.s 			page 8


DEFINED SYMBOLS
                            *ABS*:00000000 freertos.c
C:\Users\alireza\AppData\Local\Temp\cc3iCiIt.s:21     .text.StartDefaultTask:00000000 $t
C:\Users\alireza\AppData\Local\Temp\cc3iCiIt.s:27     .text.StartDefaultTask:00000000 StartDefaultTask
C:\Users\alireza\AppData\Local\Temp\cc3iCiIt.s:142    .text.StartDefaultTask:0000008c $d
C:\Users\alireza\AppData\Local\Temp\cc3iCiIt.s:226    .bss.test_table:00000000 test_table
C:\Users\alireza\AppData\Local\Temp\cc3iCiIt.s:219    .bss.table_result:00000000 table_result
C:\Users\alireza\AppData\Local\Temp\cc3iCiIt.s:155    .text.MX_FREERTOS_Init:00000000 $t
C:\Users\alireza\AppData\Local\Temp\cc3iCiIt.s:161    .text.MX_FREERTOS_Init:00000000 MX_FREERTOS_Init
C:\Users\alireza\AppData\Local\Temp\cc3iCiIt.s:186    .text.MX_FREERTOS_Init:00000014 $d
C:\Users\alireza\AppData\Local\Temp\cc3iCiIt.s:201    .rodata.defaultTask_attributes:00000000 defaultTask_attributes
C:\Users\alireza\AppData\Local\Temp\cc3iCiIt.s:212    .bss.defaultTaskHandle:00000000 defaultTaskHandle
C:\Users\alireza\AppData\Local\Temp\cc3iCiIt.s:194    .rodata.str1.4:00000000 $d
C:\Users\alireza\AppData\Local\Temp\cc3iCiIt.s:198    .rodata.defaultTask_attributes:00000000 $d
C:\Users\alireza\AppData\Local\Temp\cc3iCiIt.s:209    .bss.defaultTaskHandle:00000000 $d
C:\Users\alireza\AppData\Local\Temp\cc3iCiIt.s:216    .bss.table_result:00000000 $d
C:\Users\alireza\AppData\Local\Temp\cc3iCiIt.s:223    .bss.test_table:00000000 $d

UNDEFINED SYMBOLS
MX_USB_DEVICE_Init
table_ve_get_value
osDelay
osThreadNew
