ARM GAS  C:\Users\alireza\AppData\Local\Temp\ccQk1w7U.s 			page 1


   1              		.cpu cortex-m4
   2              		.arch armv7e-m
   3              		.fpu fpv4-sp-d16
   4              		.eabi_attribute 27, 1
   5              		.eabi_attribute 28, 1
   6              		.eabi_attribute 20, 1
   7              		.eabi_attribute 21, 1
   8              		.eabi_attribute 23, 3
   9              		.eabi_attribute 24, 1
  10              		.eabi_attribute 25, 1
  11              		.eabi_attribute 26, 1
  12              		.eabi_attribute 30, 1
  13              		.eabi_attribute 34, 1
  14              		.eabi_attribute 18, 4
  15              		.file	"gpio.c"
  16              		.text
  17              	.Ltext0:
  18              		.cfi_sections	.debug_frame
  19              		.file 1 "Core/Src/gpio.c"
  20              		.section	.text.MX_GPIO_Init,"ax",%progbits
  21              		.align	1
  22              		.global	MX_GPIO_Init
  23              		.syntax unified
  24              		.thumb
  25              		.thumb_func
  27              	MX_GPIO_Init:
  28              	.LFB220:
   1:Core/Src/gpio.c **** /* USER CODE BEGIN Header */
   2:Core/Src/gpio.c **** /**
   3:Core/Src/gpio.c ****   ******************************************************************************
   4:Core/Src/gpio.c ****   * @file    gpio.c
   5:Core/Src/gpio.c ****   * @brief   This file provides code for the configuration
   6:Core/Src/gpio.c ****   *          of all used GPIO pins.
   7:Core/Src/gpio.c ****   ******************************************************************************
   8:Core/Src/gpio.c ****   * @attention
   9:Core/Src/gpio.c ****   *
  10:Core/Src/gpio.c ****   * Copyright (c) 2025 STMicroelectronics.
  11:Core/Src/gpio.c ****   * All rights reserved.
  12:Core/Src/gpio.c ****   *
  13:Core/Src/gpio.c ****   * This software is licensed under terms that can be found in the LICENSE file
  14:Core/Src/gpio.c ****   * in the root directory of this software component.
  15:Core/Src/gpio.c ****   * If no LICENSE file comes with this software, it is provided AS-IS.
  16:Core/Src/gpio.c ****   *
  17:Core/Src/gpio.c ****   ******************************************************************************
  18:Core/Src/gpio.c ****   */
  19:Core/Src/gpio.c **** /* USER CODE END Header */
  20:Core/Src/gpio.c **** 
  21:Core/Src/gpio.c **** /* Includes ------------------------------------------------------------------*/
  22:Core/Src/gpio.c **** #include "gpio.h"
  23:Core/Src/gpio.c **** 
  24:Core/Src/gpio.c **** /* USER CODE BEGIN 0 */
  25:Core/Src/gpio.c **** 
  26:Core/Src/gpio.c **** /* USER CODE END 0 */
  27:Core/Src/gpio.c **** 
  28:Core/Src/gpio.c **** /*----------------------------------------------------------------------------*/
  29:Core/Src/gpio.c **** /* Configure GPIO                                                             */
  30:Core/Src/gpio.c **** /*----------------------------------------------------------------------------*/
ARM GAS  C:\Users\alireza\AppData\Local\Temp\ccQk1w7U.s 			page 2


  31:Core/Src/gpio.c **** /* USER CODE BEGIN 1 */
  32:Core/Src/gpio.c **** 
  33:Core/Src/gpio.c **** /* USER CODE END 1 */
  34:Core/Src/gpio.c **** 
  35:Core/Src/gpio.c **** /** Configure pins as
  36:Core/Src/gpio.c ****         * Analog
  37:Core/Src/gpio.c ****         * Input
  38:Core/Src/gpio.c ****         * Output
  39:Core/Src/gpio.c ****         * EVENT_OUT
  40:Core/Src/gpio.c ****         * EXTI
  41:Core/Src/gpio.c **** */
  42:Core/Src/gpio.c **** void MX_GPIO_Init(void)
  43:Core/Src/gpio.c **** {
  29              		.loc 1 43 1 view -0
  30              		.cfi_startproc
  31              		@ args = 0, pretend = 0, frame = 40
  32              		@ frame_needed = 0, uses_anonymous_args = 0
  33 0000 2DE9F047 		push	{r4, r5, r6, r7, r8, r9, r10, lr}
  34              		.cfi_def_cfa_offset 32
  35              		.cfi_offset 4, -32
  36              		.cfi_offset 5, -28
  37              		.cfi_offset 6, -24
  38              		.cfi_offset 7, -20
  39              		.cfi_offset 8, -16
  40              		.cfi_offset 9, -12
  41              		.cfi_offset 10, -8
  42              		.cfi_offset 14, -4
  43 0004 8AB0     		sub	sp, sp, #40
  44              		.cfi_def_cfa_offset 72
  44:Core/Src/gpio.c **** 
  45:Core/Src/gpio.c ****   GPIO_InitTypeDef GPIO_InitStruct = {0};
  45              		.loc 1 45 3 view .LVU1
  46              		.loc 1 45 20 is_stmt 0 view .LVU2
  47 0006 05AD     		add	r5, sp, #20
  48 0008 0024     		movs	r4, #0
  49 000a 0594     		str	r4, [sp, #20]
  50 000c 0694     		str	r4, [sp, #24]
  51 000e 0794     		str	r4, [sp, #28]
  52 0010 0894     		str	r4, [sp, #32]
  53 0012 0994     		str	r4, [sp, #36]
  46:Core/Src/gpio.c **** 
  47:Core/Src/gpio.c ****   /* GPIO Ports Clock Enable */
  48:Core/Src/gpio.c ****   __HAL_RCC_GPIOC_CLK_ENABLE();
  54              		.loc 1 48 3 is_stmt 1 view .LVU3
  55              	.LBB2:
  56              		.loc 1 48 3 view .LVU4
  57 0014 0194     		str	r4, [sp, #4]
  58              		.loc 1 48 3 view .LVU5
  59 0016 464B     		ldr	r3, .L3
  60 0018 1A6B     		ldr	r2, [r3, #48]
  61 001a 42F00402 		orr	r2, r2, #4
  62 001e 1A63     		str	r2, [r3, #48]
  63              		.loc 1 48 3 view .LVU6
  64 0020 1A6B     		ldr	r2, [r3, #48]
  65 0022 02F00402 		and	r2, r2, #4
  66 0026 0192     		str	r2, [sp, #4]
  67              		.loc 1 48 3 view .LVU7
ARM GAS  C:\Users\alireza\AppData\Local\Temp\ccQk1w7U.s 			page 3


  68 0028 019A     		ldr	r2, [sp, #4]
  69              	.LBE2:
  70              		.loc 1 48 3 view .LVU8
  49:Core/Src/gpio.c ****   __HAL_RCC_GPIOA_CLK_ENABLE();
  71              		.loc 1 49 3 view .LVU9
  72              	.LBB3:
  73              		.loc 1 49 3 view .LVU10
  74 002a 0294     		str	r4, [sp, #8]
  75              		.loc 1 49 3 view .LVU11
  76 002c 1A6B     		ldr	r2, [r3, #48]
  77 002e 42F00102 		orr	r2, r2, #1
  78 0032 1A63     		str	r2, [r3, #48]
  79              		.loc 1 49 3 view .LVU12
  80 0034 1A6B     		ldr	r2, [r3, #48]
  81 0036 02F00102 		and	r2, r2, #1
  82 003a 0292     		str	r2, [sp, #8]
  83              		.loc 1 49 3 view .LVU13
  84 003c 029A     		ldr	r2, [sp, #8]
  85              	.LBE3:
  86              		.loc 1 49 3 view .LVU14
  50:Core/Src/gpio.c ****   __HAL_RCC_GPIOB_CLK_ENABLE();
  87              		.loc 1 50 3 view .LVU15
  88              	.LBB4:
  89              		.loc 1 50 3 view .LVU16
  90 003e 0394     		str	r4, [sp, #12]
  91              		.loc 1 50 3 view .LVU17
  92 0040 1A6B     		ldr	r2, [r3, #48]
  93 0042 42F00202 		orr	r2, r2, #2
  94 0046 1A63     		str	r2, [r3, #48]
  95              		.loc 1 50 3 view .LVU18
  96 0048 1A6B     		ldr	r2, [r3, #48]
  97 004a 02F00202 		and	r2, r2, #2
  98 004e 0392     		str	r2, [sp, #12]
  99              		.loc 1 50 3 view .LVU19
 100 0050 039A     		ldr	r2, [sp, #12]
 101              	.LBE4:
 102              		.loc 1 50 3 view .LVU20
  51:Core/Src/gpio.c ****   __HAL_RCC_GPIOD_CLK_ENABLE();
 103              		.loc 1 51 3 view .LVU21
 104              	.LBB5:
 105              		.loc 1 51 3 view .LVU22
 106 0052 0494     		str	r4, [sp, #16]
 107              		.loc 1 51 3 view .LVU23
 108 0054 1A6B     		ldr	r2, [r3, #48]
 109 0056 42F00802 		orr	r2, r2, #8
 110 005a 1A63     		str	r2, [r3, #48]
 111              		.loc 1 51 3 view .LVU24
 112 005c 1B6B     		ldr	r3, [r3, #48]
 113 005e 03F00803 		and	r3, r3, #8
 114 0062 0493     		str	r3, [sp, #16]
 115              		.loc 1 51 3 view .LVU25
 116 0064 049B     		ldr	r3, [sp, #16]
 117              	.LBE5:
 118              		.loc 1 51 3 view .LVU26
  52:Core/Src/gpio.c **** 
  53:Core/Src/gpio.c ****   /*Configure GPIO pin Output Level */
  54:Core/Src/gpio.c ****   HAL_GPIO_WritePin(GPIOC, LED_Pin|INJECTOR_OUTPUT_3_Pin|INJECTOR_OUTPUT_2_Pin|INJECTOR_OUTPUT_1_Pi
ARM GAS  C:\Users\alireza\AppData\Local\Temp\ccQk1w7U.s 			page 4


 119              		.loc 1 54 3 view .LVU27
 120 0066 DFF8D0A0 		ldr	r10, .L3+8
 121 006a 2246     		mov	r2, r4
 122 006c 4FF47051 		mov	r1, #15360
 123 0070 5046     		mov	r0, r10
 124 0072 FFF7FEFF 		bl	HAL_GPIO_WritePin
 125              	.LVL0:
  55:Core/Src/gpio.c **** 
  56:Core/Src/gpio.c ****   /*Configure GPIO pin Output Level */
  57:Core/Src/gpio.c ****   HAL_GPIO_WritePin(GPIOB, LOW_SIDE_1_Pin|LOW_SIDE_2_Pin|FAN_1_Pin|FAN_2_Pin
 126              		.loc 1 57 3 view .LVU28
 127 0076 2F4E     		ldr	r6, .L3+4
 128 0078 2246     		mov	r2, r4
 129 007a 4FF23F41 		movw	r1, #62527
 130 007e 3046     		mov	r0, r6
 131 0080 FFF7FEFF 		bl	HAL_GPIO_WritePin
 132              	.LVL1:
  58:Core/Src/gpio.c ****                           |AUX_RELAY_Pin|GAS_SOLENOID_RELAY_Pin|FUEL_PUMP_RELAY_Pin|MAIN_RELAY_Pin
  59:Core/Src/gpio.c ****                           |IGNITION_OUTPUT_3_Pin|IGNITION_OUTPUT_2_Pin|IGNITION_OUTPUT_1_Pin, GPIO_
  60:Core/Src/gpio.c **** 
  61:Core/Src/gpio.c ****   /*Configure GPIO pin Output Level */
  62:Core/Src/gpio.c ****   HAL_GPIO_WritePin(INJECTOR_OUTPUT_4_GPIO_Port, INJECTOR_OUTPUT_4_Pin, GPIO_PIN_RESET);
 133              		.loc 1 62 3 view .LVU29
 134 0084 DFF8B490 		ldr	r9, .L3+12
 135 0088 2246     		mov	r2, r4
 136 008a 4FF40041 		mov	r1, #32768
 137 008e 4846     		mov	r0, r9
 138 0090 FFF7FEFF 		bl	HAL_GPIO_WritePin
 139              	.LVL2:
  63:Core/Src/gpio.c **** 
  64:Core/Src/gpio.c ****   /*Configure GPIO pin Output Level */
  65:Core/Src/gpio.c ****   HAL_GPIO_WritePin(IGNITION_OUTPUT_4_GPIO_Port, IGNITION_OUTPUT_4_Pin, GPIO_PIN_RESET);
 140              		.loc 1 65 3 view .LVU30
 141 0094 DFF8A880 		ldr	r8, .L3+16
 142 0098 2246     		mov	r2, r4
 143 009a 0421     		movs	r1, #4
 144 009c 4046     		mov	r0, r8
 145 009e FFF7FEFF 		bl	HAL_GPIO_WritePin
 146              	.LVL3:
  66:Core/Src/gpio.c **** 
  67:Core/Src/gpio.c ****   /*Configure GPIO pins : LED_Pin INJECTOR_OUTPUT_3_Pin INJECTOR_OUTPUT_2_Pin INJECTOR_OUTPUT_1_Pin
  68:Core/Src/gpio.c ****   GPIO_InitStruct.Pin = LED_Pin|INJECTOR_OUTPUT_3_Pin|INJECTOR_OUTPUT_2_Pin|INJECTOR_OUTPUT_1_Pin;
 147              		.loc 1 68 3 view .LVU31
 148              		.loc 1 68 23 is_stmt 0 view .LVU32
 149 00a2 4FF47053 		mov	r3, #15360
 150 00a6 0593     		str	r3, [sp, #20]
  69:Core/Src/gpio.c ****   GPIO_InitStruct.Mode = GPIO_MODE_OUTPUT_PP;
 151              		.loc 1 69 3 is_stmt 1 view .LVU33
 152              		.loc 1 69 24 is_stmt 0 view .LVU34
 153 00a8 0127     		movs	r7, #1
 154 00aa 0697     		str	r7, [sp, #24]
  70:Core/Src/gpio.c ****   GPIO_InitStruct.Pull = GPIO_NOPULL;
 155              		.loc 1 70 3 is_stmt 1 view .LVU35
 156              		.loc 1 70 24 is_stmt 0 view .LVU36
 157 00ac 0794     		str	r4, [sp, #28]
  71:Core/Src/gpio.c ****   GPIO_InitStruct.Speed = GPIO_SPEED_FREQ_LOW;
 158              		.loc 1 71 3 is_stmt 1 view .LVU37
ARM GAS  C:\Users\alireza\AppData\Local\Temp\ccQk1w7U.s 			page 5


 159              		.loc 1 71 25 is_stmt 0 view .LVU38
 160 00ae 0894     		str	r4, [sp, #32]
  72:Core/Src/gpio.c ****   HAL_GPIO_Init(GPIOC, &GPIO_InitStruct);
 161              		.loc 1 72 3 is_stmt 1 view .LVU39
 162 00b0 2946     		mov	r1, r5
 163 00b2 5046     		mov	r0, r10
 164 00b4 FFF7FEFF 		bl	HAL_GPIO_Init
 165              	.LVL4:
  73:Core/Src/gpio.c **** 
  74:Core/Src/gpio.c ****   /*Configure GPIO pins : LOW_SIDE_1_Pin LOW_SIDE_2_Pin FAN_1_Pin FAN_2_Pin
  75:Core/Src/gpio.c ****                            AUX_RELAY_Pin GAS_SOLENOID_RELAY_Pin FUEL_PUMP_RELAY_Pin MAIN_RELAY_Pin
  76:Core/Src/gpio.c ****                            IGNITION_OUTPUT_3_Pin IGNITION_OUTPUT_2_Pin IGNITION_OUTPUT_1_Pin */
  77:Core/Src/gpio.c ****   GPIO_InitStruct.Pin = LOW_SIDE_1_Pin|LOW_SIDE_2_Pin|FAN_1_Pin|FAN_2_Pin
 166              		.loc 1 77 3 view .LVU40
 167              		.loc 1 77 23 is_stmt 0 view .LVU41
 168 00b8 4FF23F43 		movw	r3, #62527
 169 00bc 0593     		str	r3, [sp, #20]
  78:Core/Src/gpio.c ****                           |AUX_RELAY_Pin|GAS_SOLENOID_RELAY_Pin|FUEL_PUMP_RELAY_Pin|MAIN_RELAY_Pin
  79:Core/Src/gpio.c ****                           |IGNITION_OUTPUT_3_Pin|IGNITION_OUTPUT_2_Pin|IGNITION_OUTPUT_1_Pin;
  80:Core/Src/gpio.c ****   GPIO_InitStruct.Mode = GPIO_MODE_OUTPUT_PP;
 170              		.loc 1 80 3 is_stmt 1 view .LVU42
 171              		.loc 1 80 24 is_stmt 0 view .LVU43
 172 00be 0697     		str	r7, [sp, #24]
  81:Core/Src/gpio.c ****   GPIO_InitStruct.Pull = GPIO_NOPULL;
 173              		.loc 1 81 3 is_stmt 1 view .LVU44
 174              		.loc 1 81 24 is_stmt 0 view .LVU45
 175 00c0 0794     		str	r4, [sp, #28]
  82:Core/Src/gpio.c ****   GPIO_InitStruct.Speed = GPIO_SPEED_FREQ_LOW;
 176              		.loc 1 82 3 is_stmt 1 view .LVU46
 177              		.loc 1 82 25 is_stmt 0 view .LVU47
 178 00c2 0894     		str	r4, [sp, #32]
  83:Core/Src/gpio.c ****   HAL_GPIO_Init(GPIOB, &GPIO_InitStruct);
 179              		.loc 1 83 3 is_stmt 1 view .LVU48
 180 00c4 2946     		mov	r1, r5
 181 00c6 3046     		mov	r0, r6
 182 00c8 FFF7FEFF 		bl	HAL_GPIO_Init
 183              	.LVL5:
  84:Core/Src/gpio.c **** 
  85:Core/Src/gpio.c ****   /*Configure GPIO pin : INJECTOR_OUTPUT_4_Pin */
  86:Core/Src/gpio.c ****   GPIO_InitStruct.Pin = INJECTOR_OUTPUT_4_Pin;
 184              		.loc 1 86 3 view .LVU49
 185              		.loc 1 86 23 is_stmt 0 view .LVU50
 186 00cc 4FF40043 		mov	r3, #32768
 187 00d0 0593     		str	r3, [sp, #20]
  87:Core/Src/gpio.c ****   GPIO_InitStruct.Mode = GPIO_MODE_OUTPUT_PP;
 188              		.loc 1 87 3 is_stmt 1 view .LVU51
 189              		.loc 1 87 24 is_stmt 0 view .LVU52
 190 00d2 0697     		str	r7, [sp, #24]
  88:Core/Src/gpio.c ****   GPIO_InitStruct.Pull = GPIO_NOPULL;
 191              		.loc 1 88 3 is_stmt 1 view .LVU53
 192              		.loc 1 88 24 is_stmt 0 view .LVU54
 193 00d4 0794     		str	r4, [sp, #28]
  89:Core/Src/gpio.c ****   GPIO_InitStruct.Speed = GPIO_SPEED_FREQ_LOW;
 194              		.loc 1 89 3 is_stmt 1 view .LVU55
 195              		.loc 1 89 25 is_stmt 0 view .LVU56
 196 00d6 0894     		str	r4, [sp, #32]
  90:Core/Src/gpio.c ****   HAL_GPIO_Init(INJECTOR_OUTPUT_4_GPIO_Port, &GPIO_InitStruct);
ARM GAS  C:\Users\alireza\AppData\Local\Temp\ccQk1w7U.s 			page 6


 197              		.loc 1 90 3 is_stmt 1 view .LVU57
 198 00d8 2946     		mov	r1, r5
 199 00da 4846     		mov	r0, r9
 200 00dc FFF7FEFF 		bl	HAL_GPIO_Init
 201              	.LVL6:
  91:Core/Src/gpio.c **** 
  92:Core/Src/gpio.c ****   /*Configure GPIO pin : IGNITION_OUTPUT_4_Pin */
  93:Core/Src/gpio.c ****   GPIO_InitStruct.Pin = IGNITION_OUTPUT_4_Pin;
 202              		.loc 1 93 3 view .LVU58
 203              		.loc 1 93 23 is_stmt 0 view .LVU59
 204 00e0 0423     		movs	r3, #4
 205 00e2 0593     		str	r3, [sp, #20]
  94:Core/Src/gpio.c ****   GPIO_InitStruct.Mode = GPIO_MODE_OUTPUT_PP;
 206              		.loc 1 94 3 is_stmt 1 view .LVU60
 207              		.loc 1 94 24 is_stmt 0 view .LVU61
 208 00e4 0697     		str	r7, [sp, #24]
  95:Core/Src/gpio.c ****   GPIO_InitStruct.Pull = GPIO_NOPULL;
 209              		.loc 1 95 3 is_stmt 1 view .LVU62
 210              		.loc 1 95 24 is_stmt 0 view .LVU63
 211 00e6 0794     		str	r4, [sp, #28]
  96:Core/Src/gpio.c ****   GPIO_InitStruct.Speed = GPIO_SPEED_FREQ_LOW;
 212              		.loc 1 96 3 is_stmt 1 view .LVU64
 213              		.loc 1 96 25 is_stmt 0 view .LVU65
 214 00e8 0894     		str	r4, [sp, #32]
  97:Core/Src/gpio.c ****   HAL_GPIO_Init(IGNITION_OUTPUT_4_GPIO_Port, &GPIO_InitStruct);
 215              		.loc 1 97 3 is_stmt 1 view .LVU66
 216 00ea 2946     		mov	r1, r5
 217 00ec 4046     		mov	r0, r8
 218 00ee FFF7FEFF 		bl	HAL_GPIO_Init
 219              	.LVL7:
  98:Core/Src/gpio.c **** 
  99:Core/Src/gpio.c ****   /*Configure GPIO pin : SENSOR_VR_1_Pin */
 100:Core/Src/gpio.c ****   GPIO_InitStruct.Pin = SENSOR_VR_1_Pin;
 220              		.loc 1 100 3 view .LVU67
 221              		.loc 1 100 23 is_stmt 0 view .LVU68
 222 00f2 4FF48073 		mov	r3, #256
 223 00f6 0593     		str	r3, [sp, #20]
 101:Core/Src/gpio.c ****   GPIO_InitStruct.Mode = GPIO_MODE_INPUT;
 224              		.loc 1 101 3 is_stmt 1 view .LVU69
 225              		.loc 1 101 24 is_stmt 0 view .LVU70
 226 00f8 0694     		str	r4, [sp, #24]
 102:Core/Src/gpio.c ****   GPIO_InitStruct.Pull = GPIO_NOPULL;
 227              		.loc 1 102 3 is_stmt 1 view .LVU71
 228              		.loc 1 102 24 is_stmt 0 view .LVU72
 229 00fa 0794     		str	r4, [sp, #28]
 103:Core/Src/gpio.c ****   HAL_GPIO_Init(SENSOR_VR_1_GPIO_Port, &GPIO_InitStruct);
 230              		.loc 1 103 3 is_stmt 1 view .LVU73
 231 00fc 2946     		mov	r1, r5
 232 00fe 3046     		mov	r0, r6
 233 0100 FFF7FEFF 		bl	HAL_GPIO_Init
 234              	.LVL8:
 104:Core/Src/gpio.c **** 
 105:Core/Src/gpio.c ****   /*Configure GPIO pin : SENSOR_VR2_Pin */
 106:Core/Src/gpio.c ****   GPIO_InitStruct.Pin = SENSOR_VR2_Pin;
 235              		.loc 1 106 3 view .LVU74
 236              		.loc 1 106 23 is_stmt 0 view .LVU75
 237 0104 4FF40073 		mov	r3, #512
ARM GAS  C:\Users\alireza\AppData\Local\Temp\ccQk1w7U.s 			page 7


 238 0108 0593     		str	r3, [sp, #20]
 107:Core/Src/gpio.c ****   GPIO_InitStruct.Mode = GPIO_MODE_IT_RISING;
 239              		.loc 1 107 3 is_stmt 1 view .LVU76
 240              		.loc 1 107 24 is_stmt 0 view .LVU77
 241 010a 4FF48813 		mov	r3, #1114112
 242 010e 0693     		str	r3, [sp, #24]
 108:Core/Src/gpio.c ****   GPIO_InitStruct.Pull = GPIO_NOPULL;
 243              		.loc 1 108 3 is_stmt 1 view .LVU78
 244              		.loc 1 108 24 is_stmt 0 view .LVU79
 245 0110 0794     		str	r4, [sp, #28]
 109:Core/Src/gpio.c ****   HAL_GPIO_Init(SENSOR_VR2_GPIO_Port, &GPIO_InitStruct);
 246              		.loc 1 109 3 is_stmt 1 view .LVU80
 247 0112 2946     		mov	r1, r5
 248 0114 3046     		mov	r0, r6
 249 0116 FFF7FEFF 		bl	HAL_GPIO_Init
 250              	.LVL9:
 110:Core/Src/gpio.c **** 
 111:Core/Src/gpio.c ****   /* EXTI interrupt init*/
 112:Core/Src/gpio.c ****   HAL_NVIC_SetPriority(EXTI9_5_IRQn, 5, 0);
 251              		.loc 1 112 3 view .LVU81
 252 011a 2246     		mov	r2, r4
 253 011c 0521     		movs	r1, #5
 254 011e 1720     		movs	r0, #23
 255 0120 FFF7FEFF 		bl	HAL_NVIC_SetPriority
 256              	.LVL10:
 113:Core/Src/gpio.c ****   HAL_NVIC_EnableIRQ(EXTI9_5_IRQn);
 257              		.loc 1 113 3 view .LVU82
 258 0124 1720     		movs	r0, #23
 259 0126 FFF7FEFF 		bl	HAL_NVIC_EnableIRQ
 260              	.LVL11:
 114:Core/Src/gpio.c **** 
 115:Core/Src/gpio.c **** }
 261              		.loc 1 115 1 is_stmt 0 view .LVU83
 262 012a 0AB0     		add	sp, sp, #40
 263              		.cfi_def_cfa_offset 32
 264              		@ sp needed
 265 012c BDE8F087 		pop	{r4, r5, r6, r7, r8, r9, r10, pc}
 266              	.L4:
 267              		.align	2
 268              	.L3:
 269 0130 00380240 		.word	1073887232
 270 0134 00040240 		.word	1073873920
 271 0138 00080240 		.word	1073874944
 272 013c 00000240 		.word	1073872896
 273 0140 000C0240 		.word	1073875968
 274              		.cfi_endproc
 275              	.LFE220:
 277              		.text
 278              	.Letext0:
 279              		.file 2 "Drivers/CMSIS/Device/ST/STM32F4xx/Include/stm32f401xc.h"
 280              		.file 3 "C:/Users/alireza/AppData/Roaming/Code/User/globalStorage/bmd.stm32-for-vscode/@xpack-dev-
 281              		.file 4 "C:/Users/alireza/AppData/Roaming/Code/User/globalStorage/bmd.stm32-for-vscode/@xpack-dev-
 282              		.file 5 "Drivers/STM32F4xx_HAL_Driver/Inc/stm32f4xx_hal_gpio.h"
 283              		.file 6 "Drivers/STM32F4xx_HAL_Driver/Inc/stm32f4xx_hal_cortex.h"
ARM GAS  C:\Users\alireza\AppData\Local\Temp\ccQk1w7U.s 			page 8


DEFINED SYMBOLS
                            *ABS*:00000000 gpio.c
C:\Users\alireza\AppData\Local\Temp\ccQk1w7U.s:21     .text.MX_GPIO_Init:00000000 $t
C:\Users\alireza\AppData\Local\Temp\ccQk1w7U.s:27     .text.MX_GPIO_Init:00000000 MX_GPIO_Init
C:\Users\alireza\AppData\Local\Temp\ccQk1w7U.s:269    .text.MX_GPIO_Init:00000130 $d

UNDEFINED SYMBOLS
HAL_GPIO_WritePin
HAL_GPIO_Init
HAL_NVIC_SetPriority
HAL_NVIC_EnableIRQ
