ARM GAS  C:\Users\alireza\AppData\Local\Temp\ccaR4E9Z.s 			page 1


   1              		.cpu cortex-m4
   2              		.arch armv7e-m
   3              		.fpu fpv4-sp-d16
   4              		.eabi_attribute 27, 1
   5              		.eabi_attribute 28, 1
   6              		.eabi_attribute 20, 1
   7              		.eabi_attribute 21, 1
   8              		.eabi_attribute 23, 3
   9              		.eabi_attribute 24, 1
  10              		.eabi_attribute 25, 1
  11              		.eabi_attribute 26, 1
  12              		.eabi_attribute 30, 1
  13              		.eabi_attribute 34, 1
  14              		.eabi_attribute 18, 4
  15              		.file	"rpm_calculator.c"
  16              		.text
  17              	.Ltext0:
  18              		.cfi_sections	.debug_frame
  19              		.file 1 "controller/engine_cycle/rpm_calculator.c"
  20              		.section	.text.crankshaft_get_angle,"ax",%progbits
  21              		.align	1
  22              		.global	crankshaft_get_angle
  23              		.syntax unified
  24              		.thumb
  25              		.thumb_func
  27              	crankshaft_get_angle:
  28              	.LFB0:
   1:controller/engine_cycle/rpm_calculator.c **** #include "rpm_calculator.h"
   2:controller/engine_cycle/rpm_calculator.c **** 
   3:controller/engine_cycle/rpm_calculator.c **** angle_t crankshaft_get_angle(void)
   4:controller/engine_cycle/rpm_calculator.c **** {
  29              		.loc 1 4 1 view -0
  30              		.cfi_startproc
  31              		@ args = 0, pretend = 0, frame = 0
  32              		@ frame_needed = 0, uses_anonymous_args = 0
  33              		@ link register save eliminated.
   5:controller/engine_cycle/rpm_calculator.c **** 
   6:controller/engine_cycle/rpm_calculator.c **** }
  34              		.loc 1 6 1 view .LVU1
  35 0000 7047     		bx	lr
  36              		.cfi_endproc
  37              	.LFE0:
  39              		.section	.text.crankshaft_get_rpm,"ax",%progbits
  40              		.align	1
  41              		.global	crankshaft_get_rpm
  42              		.syntax unified
  43              		.thumb
  44              		.thumb_func
  46              	crankshaft_get_rpm:
  47              	.LFB1:
   7:controller/engine_cycle/rpm_calculator.c **** rpm_t crankshaft_get_rpm(void)
   8:controller/engine_cycle/rpm_calculator.c **** {
  48              		.loc 1 8 1 view -0
  49              		.cfi_startproc
  50              		@ args = 0, pretend = 0, frame = 0
  51              		@ frame_needed = 0, uses_anonymous_args = 0
  52              		@ link register save eliminated.
ARM GAS  C:\Users\alireza\AppData\Local\Temp\ccaR4E9Z.s 			page 2


   9:controller/engine_cycle/rpm_calculator.c ****     
  10:controller/engine_cycle/rpm_calculator.c **** }
  53              		.loc 1 10 1 view .LVU3
  54 0000 7047     		bx	lr
  55              		.cfi_endproc
  56              	.LFE1:
  58              		.text
  59              	.Letext0:
  60              		.file 2 "controller/types.h"
ARM GAS  C:\Users\alireza\AppData\Local\Temp\ccaR4E9Z.s 			page 3


DEFINED SYMBOLS
                            *ABS*:00000000 rpm_calculator.c
C:\Users\alireza\AppData\Local\Temp\ccaR4E9Z.s:21     .text.crankshaft_get_angle:00000000 $t
C:\Users\alireza\AppData\Local\Temp\ccaR4E9Z.s:27     .text.crankshaft_get_angle:00000000 crankshaft_get_angle
C:\Users\alireza\AppData\Local\Temp\ccaR4E9Z.s:40     .text.crankshaft_get_rpm:00000000 $t
C:\Users\alireza\AppData\Local\Temp\ccaR4E9Z.s:46     .text.crankshaft_get_rpm:00000000 crankshaft_get_rpm

NO UNDEFINED SYMBOLS
