ARM GAS  C:\Users\alireza\AppData\Local\Temp\ccI0AuqR.s 			page 1


   1              		.cpu cortex-m4
   2              		.arch armv7e-m
   3              		.fpu fpv4-sp-d16
   4              		.eabi_attribute 27, 1
   5              		.eabi_attribute 28, 1
   6              		.eabi_attribute 20, 1
   7              		.eabi_attribute 21, 1
   8              		.eabi_attribute 23, 3
   9              		.eabi_attribute 24, 1
  10              		.eabi_attribute 25, 1
  11              		.eabi_attribute 26, 1
  12              		.eabi_attribute 30, 1
  13              		.eabi_attribute 34, 1
  14              		.eabi_attribute 18, 4
  15              		.file	"spark_logic.c"
  16              		.text
  17              	.Ltext0:
  18              		.cfi_sections	.debug_frame
  19              		.file 1 "controller/algorithm/spark/spark_logic.c"
  20              		.section	.text.spark_logic_get_advance,"ax",%progbits
  21              		.align	1
  22              		.global	spark_logic_get_advance
  23              		.syntax unified
  24              		.thumb
  25              		.thumb_func
  27              	spark_logic_get_advance:
  28              	.LFB228:
   1:controller/algorithm/spark/spark_logic.c **** #include "spark_logic.h"
   2:controller/algorithm/spark/spark_logic.c **** 
   3:controller/algorithm/spark/spark_logic.c **** 
   4:controller/algorithm/spark/spark_logic.c **** angle_t spark_logic_get_advance()
   5:controller/algorithm/spark/spark_logic.c **** {
  29              		.loc 1 5 1 view -0
  30              		.cfi_startproc
  31              		@ args = 0, pretend = 0, frame = 0
  32              		@ frame_needed = 0, uses_anonymous_args = 0
  33 0000 10B5     		push	{r4, lr}
  34              		.cfi_def_cfa_offset 8
  35              		.cfi_offset 4, -8
  36              		.cfi_offset 14, -4
  37 0002 2DED028B 		vpush.64	{d8}
  38              		.cfi_def_cfa_offset 16
  39              		.cfi_offset 80, -16
  40              		.cfi_offset 81, -12
   6:controller/algorithm/spark/spark_logic.c ****     temperature_t intake_air_temp = sensor_iat_get();
  41              		.loc 1 6 5 view .LVU1
  42              		.loc 1 6 37 is_stmt 0 view .LVU2
  43 0006 FFF7FEFF 		bl	sensor_iat_get
  44              	.LVL0:
   7:controller/algorithm/spark/spark_logic.c ****     table_ignition_t *ignition_table = table_ignition_get_table();
  45              		.loc 1 7 5 is_stmt 1 view .LVU3
  46              		.loc 1 7 40 is_stmt 0 view .LVU4
  47 000a FFF7FEFF 		bl	table_ignition_get_table
  48              	.LVL1:
  49 000e 0446     		mov	r4, r0
  50              	.LVL2:
   8:controller/algorithm/spark/spark_logic.c ****     rpm_t rpm = crankshaft_get_rpm();
ARM GAS  C:\Users\alireza\AppData\Local\Temp\ccI0AuqR.s 			page 2


  51              		.loc 1 8 5 is_stmt 1 view .LVU5
  52              		.loc 1 8 17 is_stmt 0 view .LVU6
  53 0010 FFF7FEFF 		bl	crankshaft_get_rpm
  54              	.LVL3:
  55              		.loc 1 8 17 view .LVU7
  56 0014 B0EE408A 		vmov.f32	s16, s0
  57              	.LVL4:
   9:controller/algorithm/spark/spark_logic.c ****     pressure_t map = sensor_map_get();
  58              		.loc 1 9 5 is_stmt 1 view .LVU8
  59              		.loc 1 9 22 is_stmt 0 view .LVU9
  60 0018 FFF7FEFF 		bl	sensor_map_get
  61              	.LVL5:
  62              		.loc 1 9 22 view .LVU10
  63 001c F0EE400A 		vmov.f32	s1, s0
  64              	.LVL6:
  10:controller/algorithm/spark/spark_logic.c **** 
  11:controller/algorithm/spark/spark_logic.c ****     angle_t table_advance = table_ignition_get_value(ignition_table, rpm, map);
  65              		.loc 1 11 5 is_stmt 1 view .LVU11
  66              		.loc 1 11 29 is_stmt 0 view .LVU12
  67 0020 B0EE480A 		vmov.f32	s0, s16
  68              	.LVL7:
  69              		.loc 1 11 29 view .LVU13
  70 0024 2046     		mov	r0, r4
  71 0026 FFF7FEFF 		bl	table_ignition_get_value
  72              	.LVL8:
  12:controller/algorithm/spark/spark_logic.c **** 
  13:controller/algorithm/spark/spark_logic.c ****     /* Here we can apply all kinds of correction to the table */
  14:controller/algorithm/spark/spark_logic.c ****     angle_t final_advance = table_advance; // + corrections
  73              		.loc 1 14 5 is_stmt 1 view .LVU14
  15:controller/algorithm/spark/spark_logic.c ****     
  16:controller/algorithm/spark/spark_logic.c **** 
  17:controller/algorithm/spark/spark_logic.c **** 
  18:controller/algorithm/spark/spark_logic.c ****     return final_advance;
  74              		.loc 1 18 5 view .LVU15
  19:controller/algorithm/spark/spark_logic.c **** }...
  75              		.loc 1 19 1 is_stmt 0 view .LVU16
  76 002a BDEC028B 		vldm	sp!, {d8}
  77              		.cfi_restore 80
  78              		.cfi_restore 81
  79              		.cfi_def_cfa_offset 8
  80              	.LVL9:
  81              		.loc 1 19 1 view .LVU17
  82 002e 10BD     		pop	{r4, pc}
  83              		.loc 1 19 1 view .LVU18
  84              		.cfi_endproc
  85              	.LFE228:
  87              		.text
  88              	.Letext0:
  89              		.file 2 "controller/types.h"
  90              		.file 3 "controller/tables.h"
  91              		.file 4 "controller/IO/sensors/map.h"
  92              		.file 5 "controller/engine_cycle/trigger.h"
  93              		.file 6 "controller/IO/sensors/iat.h"
ARM GAS  C:\Users\alireza\AppData\Local\Temp\ccI0AuqR.s 			page 3


DEFINED SYMBOLS
                            *ABS*:00000000 spark_logic.c
C:\Users\alireza\AppData\Local\Temp\ccI0AuqR.s:21     .text.spark_logic_get_advance:00000000 $t
C:\Users\alireza\AppData\Local\Temp\ccI0AuqR.s:27     .text.spark_logic_get_advance:00000000 spark_logic_get_advance

UNDEFINED SYMBOLS
sensor_iat_get
table_ignition_get_table
crankshaft_get_rpm
sensor_map_get
table_ignition_get_value
