ARM GAS  C:\Users\alireza\AppData\Local\Temp\ccY5BYjz.s 			page 1


   1              		.cpu cortex-m4
   2              		.arch armv7e-m
   3              		.fpu fpv4-sp-d16
   4              		.eabi_attribute 27, 1
   5              		.eabi_attribute 28, 1
   6              		.eabi_attribute 20, 1
   7              		.eabi_attribute 21, 1
   8              		.eabi_attribute 23, 3
   9              		.eabi_attribute 24, 1
  10              		.eabi_attribute 25, 1
  11              		.eabi_attribute 26, 1
  12              		.eabi_attribute 30, 1
  13              		.eabi_attribute 34, 1
  14              		.eabi_attribute 18, 4
  15              		.file	"tim.c"
  16              		.text
  17              	.Ltext0:
  18              		.cfi_sections	.debug_frame
  19              		.file 1 "Core/Src/tim.c"
  20              		.section	.text.MX_TIM2_Init,"ax",%progbits
  21              		.align	1
  22              		.global	MX_TIM2_Init
  23              		.syntax unified
  24              		.thumb
  25              		.thumb_func
  27              	MX_TIM2_Init:
  28              	.LFB221:
   1:Core/Src/tim.c **** /* USER CODE BEGIN Header */
   2:Core/Src/tim.c **** /**
   3:Core/Src/tim.c ****   ******************************************************************************
   4:Core/Src/tim.c ****   * @file    tim.c
   5:Core/Src/tim.c ****   * @brief   This file provides code for the configuration
   6:Core/Src/tim.c ****   *          of the TIM instances.
   7:Core/Src/tim.c ****   ******************************************************************************
   8:Core/Src/tim.c ****   * @attention
   9:Core/Src/tim.c ****   *
  10:Core/Src/tim.c ****   * Copyright (c) 2025 STMicroelectronics.
  11:Core/Src/tim.c ****   * All rights reserved.
  12:Core/Src/tim.c ****   *
  13:Core/Src/tim.c ****   * This software is licensed under terms that can be found in the LICENSE file
  14:Core/Src/tim.c ****   * in the root directory of this software component.
  15:Core/Src/tim.c ****   * If no LICENSE file comes with this software, it is provided AS-IS.
  16:Core/Src/tim.c ****   *
  17:Core/Src/tim.c ****   ******************************************************************************
  18:Core/Src/tim.c ****   */
  19:Core/Src/tim.c **** /* USER CODE END Header */
  20:Core/Src/tim.c **** /* Includes ------------------------------------------------------------------*/
  21:Core/Src/tim.c **** #include "tim.h"
  22:Core/Src/tim.c **** 
  23:Core/Src/tim.c **** /* USER CODE BEGIN 0 */
  24:Core/Src/tim.c **** 
  25:Core/Src/tim.c **** /* USER CODE END 0 */
  26:Core/Src/tim.c **** 
  27:Core/Src/tim.c **** TIM_HandleTypeDef htim1;
  28:Core/Src/tim.c **** TIM_HandleTypeDef htim2;
  29:Core/Src/tim.c **** TIM_HandleTypeDef htim3;
  30:Core/Src/tim.c **** 
ARM GAS  C:\Users\alireza\AppData\Local\Temp\ccY5BYjz.s 			page 2


  31:Core/Src/tim.c **** /* TIM1 init function */
  32:Core/Src/tim.c **** void MX_TIM1_Init(void)
  33:Core/Src/tim.c **** {
  34:Core/Src/tim.c **** 
  35:Core/Src/tim.c ****   /* USER CODE BEGIN TIM1_Init 0 */
  36:Core/Src/tim.c **** 
  37:Core/Src/tim.c ****   /* USER CODE END TIM1_Init 0 */
  38:Core/Src/tim.c **** 
  39:Core/Src/tim.c ****   TIM_MasterConfigTypeDef sMasterConfig = {0};
  40:Core/Src/tim.c ****   TIM_OC_InitTypeDef sConfigOC = {0};
  41:Core/Src/tim.c ****   TIM_BreakDeadTimeConfigTypeDef sBreakDeadTimeConfig = {0};
  42:Core/Src/tim.c **** 
  43:Core/Src/tim.c ****   /* USER CODE BEGIN TIM1_Init 1 */
  44:Core/Src/tim.c **** 
  45:Core/Src/tim.c ****   /* USER CODE END TIM1_Init 1 */
  46:Core/Src/tim.c ****   htim1.Instance = TIM1;
  47:Core/Src/tim.c ****   htim1.Init.Prescaler = 0;
  48:Core/Src/tim.c ****   htim1.Init.CounterMode = TIM_COUNTERMODE_UP;
  49:Core/Src/tim.c ****   htim1.Init.Period = 65535;
  50:Core/Src/tim.c ****   htim1.Init.ClockDivision = TIM_CLOCKDIVISION_DIV1;
  51:Core/Src/tim.c ****   htim1.Init.RepetitionCounter = 0;
  52:Core/Src/tim.c ****   htim1.Init.AutoReloadPreload = TIM_AUTORELOAD_PRELOAD_DISABLE;
  53:Core/Src/tim.c ****   if (HAL_TIM_PWM_Init(&htim1) != HAL_OK)
  54:Core/Src/tim.c ****   {
  55:Core/Src/tim.c ****     Error_Handler();
  56:Core/Src/tim.c ****   }
  57:Core/Src/tim.c ****   sMasterConfig.MasterOutputTrigger = TIM_TRGO_RESET;
  58:Core/Src/tim.c ****   sMasterConfig.MasterSlaveMode = TIM_MASTERSLAVEMODE_DISABLE;
  59:Core/Src/tim.c ****   if (HAL_TIMEx_MasterConfigSynchronization(&htim1, &sMasterConfig) != HAL_OK)
  60:Core/Src/tim.c ****   {
  61:Core/Src/tim.c ****     Error_Handler();
  62:Core/Src/tim.c ****   }
  63:Core/Src/tim.c ****   sConfigOC.OCMode = TIM_OCMODE_PWM1;
  64:Core/Src/tim.c ****   sConfigOC.Pulse = 0;
  65:Core/Src/tim.c ****   sConfigOC.OCPolarity = TIM_OCPOLARITY_HIGH;
  66:Core/Src/tim.c ****   sConfigOC.OCNPolarity = TIM_OCNPOLARITY_HIGH;
  67:Core/Src/tim.c ****   sConfigOC.OCFastMode = TIM_OCFAST_DISABLE;
  68:Core/Src/tim.c ****   sConfigOC.OCIdleState = TIM_OCIDLESTATE_RESET;
  69:Core/Src/tim.c ****   sConfigOC.OCNIdleState = TIM_OCNIDLESTATE_RESET;
  70:Core/Src/tim.c ****   if (HAL_TIM_PWM_ConfigChannel(&htim1, &sConfigOC, TIM_CHANNEL_1) != HAL_OK)
  71:Core/Src/tim.c ****   {
  72:Core/Src/tim.c ****     Error_Handler();
  73:Core/Src/tim.c ****   }
  74:Core/Src/tim.c ****   if (HAL_TIM_PWM_ConfigChannel(&htim1, &sConfigOC, TIM_CHANNEL_2) != HAL_OK)
  75:Core/Src/tim.c ****   {
  76:Core/Src/tim.c ****     Error_Handler();
  77:Core/Src/tim.c ****   }
  78:Core/Src/tim.c ****   if (HAL_TIM_PWM_ConfigChannel(&htim1, &sConfigOC, TIM_CHANNEL_3) != HAL_OK)
  79:Core/Src/tim.c ****   {
  80:Core/Src/tim.c ****     Error_Handler();
  81:Core/Src/tim.c ****   }
  82:Core/Src/tim.c ****   sBreakDeadTimeConfig.OffStateRunMode = TIM_OSSR_DISABLE;
  83:Core/Src/tim.c ****   sBreakDeadTimeConfig.OffStateIDLEMode = TIM_OSSI_DISABLE;
  84:Core/Src/tim.c ****   sBreakDeadTimeConfig.LockLevel = TIM_LOCKLEVEL_OFF;
  85:Core/Src/tim.c ****   sBreakDeadTimeConfig.DeadTime = 0;
  86:Core/Src/tim.c ****   sBreakDeadTimeConfig.BreakState = TIM_BREAK_DISABLE;
  87:Core/Src/tim.c ****   sBreakDeadTimeConfig.BreakPolarity = TIM_BREAKPOLARITY_HIGH;
ARM GAS  C:\Users\alireza\AppData\Local\Temp\ccY5BYjz.s 			page 3


  88:Core/Src/tim.c ****   sBreakDeadTimeConfig.AutomaticOutput = TIM_AUTOMATICOUTPUT_DISABLE;
  89:Core/Src/tim.c ****   if (HAL_TIMEx_ConfigBreakDeadTime(&htim1, &sBreakDeadTimeConfig) != HAL_OK)
  90:Core/Src/tim.c ****   {
  91:Core/Src/tim.c ****     Error_Handler();
  92:Core/Src/tim.c ****   }
  93:Core/Src/tim.c ****   /* USER CODE BEGIN TIM1_Init 2 */
  94:Core/Src/tim.c **** 
  95:Core/Src/tim.c ****   /* USER CODE END TIM1_Init 2 */
  96:Core/Src/tim.c ****   HAL_TIM_MspPostInit(&htim1);
  97:Core/Src/tim.c **** 
  98:Core/Src/tim.c **** }
  99:Core/Src/tim.c **** /* TIM2 init function */
 100:Core/Src/tim.c **** void MX_TIM2_Init(void)
 101:Core/Src/tim.c **** {
  29              		.loc 1 101 1 view -0
  30              		.cfi_startproc
  31              		@ args = 0, pretend = 0, frame = 56
  32              		@ frame_needed = 0, uses_anonymous_args = 0
  33 0000 00B5     		push	{lr}
  34              		.cfi_def_cfa_offset 4
  35              		.cfi_offset 14, -4
  36 0002 8FB0     		sub	sp, sp, #60
  37              		.cfi_def_cfa_offset 64
 102:Core/Src/tim.c **** 
 103:Core/Src/tim.c ****   /* USER CODE BEGIN TIM2_Init 0 */
 104:Core/Src/tim.c **** 
 105:Core/Src/tim.c ****   /* USER CODE END TIM2_Init 0 */
 106:Core/Src/tim.c **** 
 107:Core/Src/tim.c ****   TIM_ClockConfigTypeDef sClockSourceConfig = {0};
  38              		.loc 1 107 3 view .LVU1
  39              		.loc 1 107 26 is_stmt 0 view .LVU2
  40 0004 0023     		movs	r3, #0
  41 0006 0A93     		str	r3, [sp, #40]
  42 0008 0B93     		str	r3, [sp, #44]
  43 000a 0C93     		str	r3, [sp, #48]
  44 000c 0D93     		str	r3, [sp, #52]
 108:Core/Src/tim.c ****   TIM_MasterConfigTypeDef sMasterConfig = {0};
  45              		.loc 1 108 3 is_stmt 1 view .LVU3
  46              		.loc 1 108 27 is_stmt 0 view .LVU4
  47 000e 0893     		str	r3, [sp, #32]
  48 0010 0993     		str	r3, [sp, #36]
 109:Core/Src/tim.c ****   TIM_OC_InitTypeDef sConfigOC = {0};
  49              		.loc 1 109 3 is_stmt 1 view .LVU5
  50              		.loc 1 109 22 is_stmt 0 view .LVU6
  51 0012 0193     		str	r3, [sp, #4]
  52 0014 0293     		str	r3, [sp, #8]
  53 0016 0393     		str	r3, [sp, #12]
  54 0018 0493     		str	r3, [sp, #16]
  55 001a 0593     		str	r3, [sp, #20]
  56 001c 0693     		str	r3, [sp, #24]
  57 001e 0793     		str	r3, [sp, #28]
 110:Core/Src/tim.c **** 
 111:Core/Src/tim.c ****   /* USER CODE BEGIN TIM2_Init 1 */
 112:Core/Src/tim.c **** 
 113:Core/Src/tim.c ****   /* USER CODE END TIM2_Init 1 */
 114:Core/Src/tim.c ****   htim2.Instance = TIM2;
  58              		.loc 1 114 3 is_stmt 1 view .LVU7
ARM GAS  C:\Users\alireza\AppData\Local\Temp\ccY5BYjz.s 			page 4


  59              		.loc 1 114 18 is_stmt 0 view .LVU8
  60 0020 1F48     		ldr	r0, .L13
  61 0022 4FF08042 		mov	r2, #1073741824
  62 0026 0260     		str	r2, [r0]
 115:Core/Src/tim.c ****   htim2.Init.Prescaler = 84-1;
  63              		.loc 1 115 3 is_stmt 1 view .LVU9
  64              		.loc 1 115 24 is_stmt 0 view .LVU10
  65 0028 5322     		movs	r2, #83
  66 002a 4260     		str	r2, [r0, #4]
 116:Core/Src/tim.c ****   htim2.Init.CounterMode = TIM_COUNTERMODE_UP;
  67              		.loc 1 116 3 is_stmt 1 view .LVU11
  68              		.loc 1 116 26 is_stmt 0 view .LVU12
  69 002c 8360     		str	r3, [r0, #8]
 117:Core/Src/tim.c ****   htim2.Init.Period = 4294967295;
  70              		.loc 1 117 3 is_stmt 1 view .LVU13
  71              		.loc 1 117 21 is_stmt 0 view .LVU14
  72 002e 4FF0FF32 		mov	r2, #-1
  73 0032 C260     		str	r2, [r0, #12]
 118:Core/Src/tim.c ****   htim2.Init.ClockDivision = TIM_CLOCKDIVISION_DIV1;
  74              		.loc 1 118 3 is_stmt 1 view .LVU15
  75              		.loc 1 118 28 is_stmt 0 view .LVU16
  76 0034 0361     		str	r3, [r0, #16]
 119:Core/Src/tim.c ****   htim2.Init.AutoReloadPreload = TIM_AUTORELOAD_PRELOAD_DISABLE;
  77              		.loc 1 119 3 is_stmt 1 view .LVU17
  78              		.loc 1 119 32 is_stmt 0 view .LVU18
  79 0036 8361     		str	r3, [r0, #24]
 120:Core/Src/tim.c ****   if (HAL_TIM_Base_Init(&htim2) != HAL_OK)
  80              		.loc 1 120 3 is_stmt 1 view .LVU19
  81              		.loc 1 120 7 is_stmt 0 view .LVU20
  82 0038 FFF7FEFF 		bl	HAL_TIM_Base_Init
  83              	.LVL0:
  84              		.loc 1 120 6 discriminator 1 view .LVU21
  85 003c 00BB     		cbnz	r0, .L8
  86              	.L2:
 121:Core/Src/tim.c ****   {
 122:Core/Src/tim.c ****     Error_Handler();
 123:Core/Src/tim.c ****   }
 124:Core/Src/tim.c ****   sClockSourceConfig.ClockSource = TIM_CLOCKSOURCE_INTERNAL;
  87              		.loc 1 124 3 is_stmt 1 view .LVU22
  88              		.loc 1 124 34 is_stmt 0 view .LVU23
  89 003e 4FF48053 		mov	r3, #4096
  90 0042 0A93     		str	r3, [sp, #40]
 125:Core/Src/tim.c ****   if (HAL_TIM_ConfigClockSource(&htim2, &sClockSourceConfig) != HAL_OK)
  91              		.loc 1 125 3 is_stmt 1 view .LVU24
  92              		.loc 1 125 7 is_stmt 0 view .LVU25
  93 0044 0AA9     		add	r1, sp, #40
  94 0046 1648     		ldr	r0, .L13
  95 0048 FFF7FEFF 		bl	HAL_TIM_ConfigClockSource
  96              	.LVL1:
  97              		.loc 1 125 6 discriminator 1 view .LVU26
  98 004c D8B9     		cbnz	r0, .L9
  99              	.L3:
 126:Core/Src/tim.c ****   {
 127:Core/Src/tim.c ****     Error_Handler();
 128:Core/Src/tim.c ****   }
 129:Core/Src/tim.c ****   if (HAL_TIM_OC_Init(&htim2) != HAL_OK)
 100              		.loc 1 129 3 is_stmt 1 view .LVU27
ARM GAS  C:\Users\alireza\AppData\Local\Temp\ccY5BYjz.s 			page 5


 101              		.loc 1 129 7 is_stmt 0 view .LVU28
 102 004e 1448     		ldr	r0, .L13
 103 0050 FFF7FEFF 		bl	HAL_TIM_OC_Init
 104              	.LVL2:
 105              		.loc 1 129 6 discriminator 1 view .LVU29
 106 0054 D0B9     		cbnz	r0, .L10
 107              	.L4:
 130:Core/Src/tim.c ****   {
 131:Core/Src/tim.c ****     Error_Handler();
 132:Core/Src/tim.c ****   }
 133:Core/Src/tim.c ****   sMasterConfig.MasterOutputTrigger = TIM_TRGO_RESET;
 108              		.loc 1 133 3 is_stmt 1 view .LVU30
 109              		.loc 1 133 37 is_stmt 0 view .LVU31
 110 0056 0023     		movs	r3, #0
 111 0058 0893     		str	r3, [sp, #32]
 134:Core/Src/tim.c ****   sMasterConfig.MasterSlaveMode = TIM_MASTERSLAVEMODE_DISABLE;
 112              		.loc 1 134 3 is_stmt 1 view .LVU32
 113              		.loc 1 134 33 is_stmt 0 view .LVU33
 114 005a 0993     		str	r3, [sp, #36]
 135:Core/Src/tim.c ****   if (HAL_TIMEx_MasterConfigSynchronization(&htim2, &sMasterConfig) != HAL_OK)
 115              		.loc 1 135 3 is_stmt 1 view .LVU34
 116              		.loc 1 135 7 is_stmt 0 view .LVU35
 117 005c 08A9     		add	r1, sp, #32
 118 005e 1048     		ldr	r0, .L13
 119 0060 FFF7FEFF 		bl	HAL_TIMEx_MasterConfigSynchronization
 120              	.LVL3:
 121              		.loc 1 135 6 discriminator 1 view .LVU36
 122 0064 A8B9     		cbnz	r0, .L11
 123              	.L5:
 136:Core/Src/tim.c ****   {
 137:Core/Src/tim.c ****     Error_Handler();
 138:Core/Src/tim.c ****   }
 139:Core/Src/tim.c ****   sConfigOC.OCMode = TIM_OCMODE_TIMING;
 124              		.loc 1 139 3 is_stmt 1 view .LVU37
 125              		.loc 1 139 20 is_stmt 0 view .LVU38
 126 0066 0022     		movs	r2, #0
 127 0068 0192     		str	r2, [sp, #4]
 140:Core/Src/tim.c ****   sConfigOC.Pulse = 0;
 128              		.loc 1 140 3 is_stmt 1 view .LVU39
 129              		.loc 1 140 19 is_stmt 0 view .LVU40
 130 006a 0292     		str	r2, [sp, #8]
 141:Core/Src/tim.c ****   sConfigOC.OCPolarity = TIM_OCPOLARITY_HIGH;
 131              		.loc 1 141 3 is_stmt 1 view .LVU41
 132              		.loc 1 141 24 is_stmt 0 view .LVU42
 133 006c 0392     		str	r2, [sp, #12]
 142:Core/Src/tim.c ****   sConfigOC.OCFastMode = TIM_OCFAST_DISABLE;
 134              		.loc 1 142 3 is_stmt 1 view .LVU43
 135              		.loc 1 142 24 is_stmt 0 view .LVU44
 136 006e 0592     		str	r2, [sp, #20]
 143:Core/Src/tim.c ****   if (HAL_TIM_OC_ConfigChannel(&htim2, &sConfigOC, TIM_CHANNEL_1) != HAL_OK)
 137              		.loc 1 143 3 is_stmt 1 view .LVU45
 138              		.loc 1 143 7 is_stmt 0 view .LVU46
 139 0070 01A9     		add	r1, sp, #4
 140 0072 0B48     		ldr	r0, .L13
 141 0074 FFF7FEFF 		bl	HAL_TIM_OC_ConfigChannel
 142              	.LVL4:
 143              		.loc 1 143 6 discriminator 1 view .LVU47
ARM GAS  C:\Users\alireza\AppData\Local\Temp\ccY5BYjz.s 			page 6


 144 0078 70B9     		cbnz	r0, .L12
 145              	.L1:
 144:Core/Src/tim.c ****   {
 145:Core/Src/tim.c ****     Error_Handler();
 146:Core/Src/tim.c ****   }
 147:Core/Src/tim.c ****   /* USER CODE BEGIN TIM2_Init 2 */
 148:Core/Src/tim.c **** 
 149:Core/Src/tim.c ****   /* USER CODE END TIM2_Init 2 */
 150:Core/Src/tim.c **** 
 151:Core/Src/tim.c **** }
 146              		.loc 1 151 1 view .LVU48
 147 007a 0FB0     		add	sp, sp, #60
 148              		.cfi_remember_state
 149              		.cfi_def_cfa_offset 4
 150              		@ sp needed
 151 007c 5DF804FB 		ldr	pc, [sp], #4
 152              	.L8:
 153              		.cfi_restore_state
 122:Core/Src/tim.c ****   }
 154              		.loc 1 122 5 is_stmt 1 view .LVU49
 155 0080 FFF7FEFF 		bl	Error_Handler
 156              	.LVL5:
 157 0084 DBE7     		b	.L2
 158              	.L9:
 127:Core/Src/tim.c ****   }
 159              		.loc 1 127 5 view .LVU50
 160 0086 FFF7FEFF 		bl	Error_Handler
 161              	.LVL6:
 162 008a E0E7     		b	.L3
 163              	.L10:
 131:Core/Src/tim.c ****   }
 164              		.loc 1 131 5 view .LVU51
 165 008c FFF7FEFF 		bl	Error_Handler
 166              	.LVL7:
 167 0090 E1E7     		b	.L4
 168              	.L11:
 137:Core/Src/tim.c ****   }
 169              		.loc 1 137 5 view .LVU52
 170 0092 FFF7FEFF 		bl	Error_Handler
 171              	.LVL8:
 172 0096 E6E7     		b	.L5
 173              	.L12:
 145:Core/Src/tim.c ****   }
 174              		.loc 1 145 5 view .LVU53
 175 0098 FFF7FEFF 		bl	Error_Handler
 176              	.LVL9:
 177              		.loc 1 151 1 is_stmt 0 view .LVU54
 178 009c EDE7     		b	.L1
 179              	.L14:
 180 009e 00BF     		.align	2
 181              	.L13:
 182 00a0 00000000 		.word	htim2
 183              		.cfi_endproc
 184              	.LFE221:
 186              		.section	.text.HAL_TIM_PWM_MspInit,"ax",%progbits
 187              		.align	1
 188              		.global	HAL_TIM_PWM_MspInit
ARM GAS  C:\Users\alireza\AppData\Local\Temp\ccY5BYjz.s 			page 7


 189              		.syntax unified
 190              		.thumb
 191              		.thumb_func
 193              	HAL_TIM_PWM_MspInit:
 194              	.LVL10:
 195              	.LFB223:
 152:Core/Src/tim.c **** /* TIM3 init function */
 153:Core/Src/tim.c **** void MX_TIM3_Init(void)
 154:Core/Src/tim.c **** {
 155:Core/Src/tim.c **** 
 156:Core/Src/tim.c ****   /* USER CODE BEGIN TIM3_Init 0 */
 157:Core/Src/tim.c **** 
 158:Core/Src/tim.c ****   /* USER CODE END TIM3_Init 0 */
 159:Core/Src/tim.c **** 
 160:Core/Src/tim.c ****   TIM_MasterConfigTypeDef sMasterConfig = {0};
 161:Core/Src/tim.c ****   TIM_OC_InitTypeDef sConfigOC = {0};
 162:Core/Src/tim.c **** 
 163:Core/Src/tim.c ****   /* USER CODE BEGIN TIM3_Init 1 */
 164:Core/Src/tim.c **** 
 165:Core/Src/tim.c ****   /* USER CODE END TIM3_Init 1 */
 166:Core/Src/tim.c ****   htim3.Instance = TIM3;
 167:Core/Src/tim.c ****   htim3.Init.Prescaler = 0;
 168:Core/Src/tim.c ****   htim3.Init.CounterMode = TIM_COUNTERMODE_UP;
 169:Core/Src/tim.c ****   htim3.Init.Period = 65535;
 170:Core/Src/tim.c ****   htim3.Init.ClockDivision = TIM_CLOCKDIVISION_DIV1;
 171:Core/Src/tim.c ****   htim3.Init.AutoReloadPreload = TIM_AUTORELOAD_PRELOAD_DISABLE;
 172:Core/Src/tim.c ****   if (HAL_TIM_PWM_Init(&htim3) != HAL_OK)
 173:Core/Src/tim.c ****   {
 174:Core/Src/tim.c ****     Error_Handler();
 175:Core/Src/tim.c ****   }
 176:Core/Src/tim.c ****   sMasterConfig.MasterOutputTrigger = TIM_TRGO_RESET;
 177:Core/Src/tim.c ****   sMasterConfig.MasterSlaveMode = TIM_MASTERSLAVEMODE_DISABLE;
 178:Core/Src/tim.c ****   if (HAL_TIMEx_MasterConfigSynchronization(&htim3, &sMasterConfig) != HAL_OK)
 179:Core/Src/tim.c ****   {
 180:Core/Src/tim.c ****     Error_Handler();
 181:Core/Src/tim.c ****   }
 182:Core/Src/tim.c ****   sConfigOC.OCMode = TIM_OCMODE_PWM1;
 183:Core/Src/tim.c ****   sConfigOC.Pulse = 0;
 184:Core/Src/tim.c ****   sConfigOC.OCPolarity = TIM_OCPOLARITY_HIGH;
 185:Core/Src/tim.c ****   sConfigOC.OCFastMode = TIM_OCFAST_DISABLE;
 186:Core/Src/tim.c ****   if (HAL_TIM_PWM_ConfigChannel(&htim3, &sConfigOC, TIM_CHANNEL_1) != HAL_OK)
 187:Core/Src/tim.c ****   {
 188:Core/Src/tim.c ****     Error_Handler();
 189:Core/Src/tim.c ****   }
 190:Core/Src/tim.c ****   if (HAL_TIM_PWM_ConfigChannel(&htim3, &sConfigOC, TIM_CHANNEL_2) != HAL_OK)
 191:Core/Src/tim.c ****   {
 192:Core/Src/tim.c ****     Error_Handler();
 193:Core/Src/tim.c ****   }
 194:Core/Src/tim.c ****   if (HAL_TIM_PWM_ConfigChannel(&htim3, &sConfigOC, TIM_CHANNEL_3) != HAL_OK)
 195:Core/Src/tim.c ****   {
 196:Core/Src/tim.c ****     Error_Handler();
 197:Core/Src/tim.c ****   }
 198:Core/Src/tim.c ****   if (HAL_TIM_PWM_ConfigChannel(&htim3, &sConfigOC, TIM_CHANNEL_4) != HAL_OK)
 199:Core/Src/tim.c ****   {
 200:Core/Src/tim.c ****     Error_Handler();
 201:Core/Src/tim.c ****   }
 202:Core/Src/tim.c ****   /* USER CODE BEGIN TIM3_Init 2 */
ARM GAS  C:\Users\alireza\AppData\Local\Temp\ccY5BYjz.s 			page 8


 203:Core/Src/tim.c **** 
 204:Core/Src/tim.c ****   /* USER CODE END TIM3_Init 2 */
 205:Core/Src/tim.c ****   HAL_TIM_MspPostInit(&htim3);
 206:Core/Src/tim.c **** 
 207:Core/Src/tim.c **** }
 208:Core/Src/tim.c **** 
 209:Core/Src/tim.c **** void HAL_TIM_PWM_MspInit(TIM_HandleTypeDef* tim_pwmHandle)
 210:Core/Src/tim.c **** {
 196              		.loc 1 210 1 is_stmt 1 view -0
 197              		.cfi_startproc
 198              		@ args = 0, pretend = 0, frame = 8
 199              		@ frame_needed = 0, uses_anonymous_args = 0
 200              		.loc 1 210 1 is_stmt 0 view .LVU56
 201 0000 00B5     		push	{lr}
 202              		.cfi_def_cfa_offset 4
 203              		.cfi_offset 14, -4
 204 0002 83B0     		sub	sp, sp, #12
 205              		.cfi_def_cfa_offset 16
 211:Core/Src/tim.c **** 
 212:Core/Src/tim.c ****   if(tim_pwmHandle->Instance==TIM1)
 206              		.loc 1 212 3 is_stmt 1 view .LVU57
 207              		.loc 1 212 19 is_stmt 0 view .LVU58
 208 0004 0368     		ldr	r3, [r0]
 209              		.loc 1 212 5 view .LVU59
 210 0006 154A     		ldr	r2, .L21
 211 0008 9342     		cmp	r3, r2
 212 000a 05D0     		beq	.L19
 213:Core/Src/tim.c ****   {
 214:Core/Src/tim.c ****   /* USER CODE BEGIN TIM1_MspInit 0 */
 215:Core/Src/tim.c **** 
 216:Core/Src/tim.c ****   /* USER CODE END TIM1_MspInit 0 */
 217:Core/Src/tim.c ****     /* TIM1 clock enable */
 218:Core/Src/tim.c ****     __HAL_RCC_TIM1_CLK_ENABLE();
 219:Core/Src/tim.c **** 
 220:Core/Src/tim.c ****     /* TIM1 interrupt Init */
 221:Core/Src/tim.c ****     HAL_NVIC_SetPriority(TIM1_TRG_COM_TIM11_IRQn, 15, 0);
 222:Core/Src/tim.c ****     HAL_NVIC_EnableIRQ(TIM1_TRG_COM_TIM11_IRQn);
 223:Core/Src/tim.c ****   /* USER CODE BEGIN TIM1_MspInit 1 */
 224:Core/Src/tim.c **** 
 225:Core/Src/tim.c ****   /* USER CODE END TIM1_MspInit 1 */
 226:Core/Src/tim.c ****   }
 227:Core/Src/tim.c ****   else if(tim_pwmHandle->Instance==TIM3)
 213              		.loc 1 227 8 is_stmt 1 view .LVU60
 214              		.loc 1 227 10 is_stmt 0 view .LVU61
 215 000c 144A     		ldr	r2, .L21+4
 216 000e 9342     		cmp	r3, r2
 217 0010 16D0     		beq	.L20
 218              	.LVL11:
 219              	.L15:
 228:Core/Src/tim.c ****   {
 229:Core/Src/tim.c ****   /* USER CODE BEGIN TIM3_MspInit 0 */
 230:Core/Src/tim.c **** 
 231:Core/Src/tim.c ****   /* USER CODE END TIM3_MspInit 0 */
 232:Core/Src/tim.c ****     /* TIM3 clock enable */
 233:Core/Src/tim.c ****     __HAL_RCC_TIM3_CLK_ENABLE();
 234:Core/Src/tim.c ****   /* USER CODE BEGIN TIM3_MspInit 1 */
 235:Core/Src/tim.c **** 
ARM GAS  C:\Users\alireza\AppData\Local\Temp\ccY5BYjz.s 			page 9


 236:Core/Src/tim.c ****   /* USER CODE END TIM3_MspInit 1 */
 237:Core/Src/tim.c ****   }
 238:Core/Src/tim.c **** }
 220              		.loc 1 238 1 view .LVU62
 221 0012 03B0     		add	sp, sp, #12
 222              		.cfi_remember_state
 223              		.cfi_def_cfa_offset 4
 224              		@ sp needed
 225 0014 5DF804FB 		ldr	pc, [sp], #4
 226              	.LVL12:
 227              	.L19:
 228              		.cfi_restore_state
 218:Core/Src/tim.c **** 
 229              		.loc 1 218 5 is_stmt 1 view .LVU63
 230              	.LBB2:
 218:Core/Src/tim.c **** 
 231              		.loc 1 218 5 view .LVU64
 232 0018 0022     		movs	r2, #0
 233 001a 0092     		str	r2, [sp]
 218:Core/Src/tim.c **** 
 234              		.loc 1 218 5 view .LVU65
 235 001c 114B     		ldr	r3, .L21+8
 236 001e 596C     		ldr	r1, [r3, #68]
 237 0020 41F00101 		orr	r1, r1, #1
 238 0024 5964     		str	r1, [r3, #68]
 218:Core/Src/tim.c **** 
 239              		.loc 1 218 5 view .LVU66
 240 0026 5B6C     		ldr	r3, [r3, #68]
 241 0028 03F00103 		and	r3, r3, #1
 242 002c 0093     		str	r3, [sp]
 218:Core/Src/tim.c **** 
 243              		.loc 1 218 5 view .LVU67
 244 002e 009B     		ldr	r3, [sp]
 245              	.LBE2:
 218:Core/Src/tim.c **** 
 246              		.loc 1 218 5 view .LVU68
 221:Core/Src/tim.c ****     HAL_NVIC_EnableIRQ(TIM1_TRG_COM_TIM11_IRQn);
 247              		.loc 1 221 5 view .LVU69
 248 0030 0F21     		movs	r1, #15
 249 0032 1A20     		movs	r0, #26
 250              	.LVL13:
 221:Core/Src/tim.c ****     HAL_NVIC_EnableIRQ(TIM1_TRG_COM_TIM11_IRQn);
 251              		.loc 1 221 5 is_stmt 0 view .LVU70
 252 0034 FFF7FEFF 		bl	HAL_NVIC_SetPriority
 253              	.LVL14:
 222:Core/Src/tim.c ****   /* USER CODE BEGIN TIM1_MspInit 1 */
 254              		.loc 1 222 5 is_stmt 1 view .LVU71
 255 0038 1A20     		movs	r0, #26
 256 003a FFF7FEFF 		bl	HAL_NVIC_EnableIRQ
 257              	.LVL15:
 258 003e E8E7     		b	.L15
 259              	.LVL16:
 260              	.L20:
 233:Core/Src/tim.c ****   /* USER CODE BEGIN TIM3_MspInit 1 */
 261              		.loc 1 233 5 view .LVU72
 262              	.LBB3:
 233:Core/Src/tim.c ****   /* USER CODE BEGIN TIM3_MspInit 1 */
ARM GAS  C:\Users\alireza\AppData\Local\Temp\ccY5BYjz.s 			page 10


 263              		.loc 1 233 5 view .LVU73
 264 0040 0023     		movs	r3, #0
 265 0042 0193     		str	r3, [sp, #4]
 233:Core/Src/tim.c ****   /* USER CODE BEGIN TIM3_MspInit 1 */
 266              		.loc 1 233 5 view .LVU74
 267 0044 074B     		ldr	r3, .L21+8
 268 0046 1A6C     		ldr	r2, [r3, #64]
 269 0048 42F00202 		orr	r2, r2, #2
 270 004c 1A64     		str	r2, [r3, #64]
 233:Core/Src/tim.c ****   /* USER CODE BEGIN TIM3_MspInit 1 */
 271              		.loc 1 233 5 view .LVU75
 272 004e 1B6C     		ldr	r3, [r3, #64]
 273 0050 03F00203 		and	r3, r3, #2
 274 0054 0193     		str	r3, [sp, #4]
 233:Core/Src/tim.c ****   /* USER CODE BEGIN TIM3_MspInit 1 */
 275              		.loc 1 233 5 view .LVU76
 276 0056 019B     		ldr	r3, [sp, #4]
 277              	.LBE3:
 233:Core/Src/tim.c ****   /* USER CODE BEGIN TIM3_MspInit 1 */
 278              		.loc 1 233 5 discriminator 1 view .LVU77
 279              		.loc 1 238 1 is_stmt 0 view .LVU78
 280 0058 DBE7     		b	.L15
 281              	.L22:
 282 005a 00BF     		.align	2
 283              	.L21:
 284 005c 00000140 		.word	1073807360
 285 0060 00040040 		.word	1073742848
 286 0064 00380240 		.word	1073887232
 287              		.cfi_endproc
 288              	.LFE223:
 290              		.section	.text.HAL_TIM_Base_MspInit,"ax",%progbits
 291              		.align	1
 292              		.global	HAL_TIM_Base_MspInit
 293              		.syntax unified
 294              		.thumb
 295              		.thumb_func
 297              	HAL_TIM_Base_MspInit:
 298              	.LVL17:
 299              	.LFB224:
 239:Core/Src/tim.c **** 
 240:Core/Src/tim.c **** void HAL_TIM_Base_MspInit(TIM_HandleTypeDef* tim_baseHandle)
 241:Core/Src/tim.c **** {
 300              		.loc 1 241 1 is_stmt 1 view -0
 301              		.cfi_startproc
 302              		@ args = 0, pretend = 0, frame = 8
 303              		@ frame_needed = 0, uses_anonymous_args = 0
 242:Core/Src/tim.c **** 
 243:Core/Src/tim.c ****   if(tim_baseHandle->Instance==TIM2)
 304              		.loc 1 243 3 view .LVU80
 305              		.loc 1 243 20 is_stmt 0 view .LVU81
 306 0000 0368     		ldr	r3, [r0]
 307              		.loc 1 243 5 view .LVU82
 308 0002 B3F1804F 		cmp	r3, #1073741824
 309 0006 00D0     		beq	.L29
 310 0008 7047     		bx	lr
 311              	.L29:
 241:Core/Src/tim.c **** 
ARM GAS  C:\Users\alireza\AppData\Local\Temp\ccY5BYjz.s 			page 11


 312              		.loc 1 241 1 view .LVU83
 313 000a 00B5     		push	{lr}
 314              		.cfi_def_cfa_offset 4
 315              		.cfi_offset 14, -4
 316 000c 83B0     		sub	sp, sp, #12
 317              		.cfi_def_cfa_offset 16
 244:Core/Src/tim.c ****   {
 245:Core/Src/tim.c ****   /* USER CODE BEGIN TIM2_MspInit 0 */
 246:Core/Src/tim.c **** 
 247:Core/Src/tim.c ****   /* USER CODE END TIM2_MspInit 0 */
 248:Core/Src/tim.c ****     /* TIM2 clock enable */
 249:Core/Src/tim.c ****     __HAL_RCC_TIM2_CLK_ENABLE();
 318              		.loc 1 249 5 is_stmt 1 view .LVU84
 319              	.LBB4:
 320              		.loc 1 249 5 view .LVU85
 321 000e 0022     		movs	r2, #0
 322 0010 0192     		str	r2, [sp, #4]
 323              		.loc 1 249 5 view .LVU86
 324 0012 03F50E33 		add	r3, r3, #145408
 325 0016 196C     		ldr	r1, [r3, #64]
 326 0018 41F00101 		orr	r1, r1, #1
 327 001c 1964     		str	r1, [r3, #64]
 328              		.loc 1 249 5 view .LVU87
 329 001e 1B6C     		ldr	r3, [r3, #64]
 330 0020 03F00103 		and	r3, r3, #1
 331 0024 0193     		str	r3, [sp, #4]
 332              		.loc 1 249 5 view .LVU88
 333 0026 019B     		ldr	r3, [sp, #4]
 334              	.LBE4:
 335              		.loc 1 249 5 view .LVU89
 250:Core/Src/tim.c **** 
 251:Core/Src/tim.c ****     /* TIM2 interrupt Init */
 252:Core/Src/tim.c ****     HAL_NVIC_SetPriority(TIM2_IRQn, 5, 0);
 336              		.loc 1 252 5 view .LVU90
 337 0028 0521     		movs	r1, #5
 338 002a 1C20     		movs	r0, #28
 339              	.LVL18:
 340              		.loc 1 252 5 is_stmt 0 view .LVU91
 341 002c FFF7FEFF 		bl	HAL_NVIC_SetPriority
 342              	.LVL19:
 253:Core/Src/tim.c ****     HAL_NVIC_EnableIRQ(TIM2_IRQn);
 343              		.loc 1 253 5 is_stmt 1 view .LVU92
 344 0030 1C20     		movs	r0, #28
 345 0032 FFF7FEFF 		bl	HAL_NVIC_EnableIRQ
 346              	.LVL20:
 254:Core/Src/tim.c ****   /* USER CODE BEGIN TIM2_MspInit 1 */
 255:Core/Src/tim.c **** 
 256:Core/Src/tim.c ****   /* USER CODE END TIM2_MspInit 1 */
 257:Core/Src/tim.c ****   }
 258:Core/Src/tim.c **** }
 347              		.loc 1 258 1 is_stmt 0 view .LVU93
 348 0036 03B0     		add	sp, sp, #12
 349              		.cfi_def_cfa_offset 4
 350              		@ sp needed
 351 0038 5DF804FB 		ldr	pc, [sp], #4
 352              		.cfi_endproc
 353              	.LFE224:
ARM GAS  C:\Users\alireza\AppData\Local\Temp\ccY5BYjz.s 			page 12


 355              		.section	.text.HAL_TIM_MspPostInit,"ax",%progbits
 356              		.align	1
 357              		.global	HAL_TIM_MspPostInit
 358              		.syntax unified
 359              		.thumb
 360              		.thumb_func
 362              	HAL_TIM_MspPostInit:
 363              	.LVL21:
 364              	.LFB225:
 259:Core/Src/tim.c **** void HAL_TIM_MspPostInit(TIM_HandleTypeDef* timHandle)
 260:Core/Src/tim.c **** {
 365              		.loc 1 260 1 is_stmt 1 view -0
 366              		.cfi_startproc
 367              		@ args = 0, pretend = 0, frame = 32
 368              		@ frame_needed = 0, uses_anonymous_args = 0
 369              		.loc 1 260 1 is_stmt 0 view .LVU95
 370 0000 00B5     		push	{lr}
 371              		.cfi_def_cfa_offset 4
 372              		.cfi_offset 14, -4
 373 0002 89B0     		sub	sp, sp, #36
 374              		.cfi_def_cfa_offset 40
 261:Core/Src/tim.c **** 
 262:Core/Src/tim.c ****   GPIO_InitTypeDef GPIO_InitStruct = {0};
 375              		.loc 1 262 3 is_stmt 1 view .LVU96
 376              		.loc 1 262 20 is_stmt 0 view .LVU97
 377 0004 0023     		movs	r3, #0
 378 0006 0393     		str	r3, [sp, #12]
 379 0008 0493     		str	r3, [sp, #16]
 380 000a 0593     		str	r3, [sp, #20]
 381 000c 0693     		str	r3, [sp, #24]
 382 000e 0793     		str	r3, [sp, #28]
 263:Core/Src/tim.c ****   if(timHandle->Instance==TIM1)
 383              		.loc 1 263 3 is_stmt 1 view .LVU98
 384              		.loc 1 263 15 is_stmt 0 view .LVU99
 385 0010 0368     		ldr	r3, [r0]
 386              		.loc 1 263 5 view .LVU100
 387 0012 1C4A     		ldr	r2, .L36
 388 0014 9342     		cmp	r3, r2
 389 0016 05D0     		beq	.L34
 264:Core/Src/tim.c ****   {
 265:Core/Src/tim.c ****   /* USER CODE BEGIN TIM1_MspPostInit 0 */
 266:Core/Src/tim.c **** 
 267:Core/Src/tim.c ****   /* USER CODE END TIM1_MspPostInit 0 */
 268:Core/Src/tim.c ****     __HAL_RCC_GPIOA_CLK_ENABLE();
 269:Core/Src/tim.c ****     /**TIM1 GPIO Configuration
 270:Core/Src/tim.c ****     PA8     ------> TIM1_CH1
 271:Core/Src/tim.c ****     PA9     ------> TIM1_CH2
 272:Core/Src/tim.c ****     PA10     ------> TIM1_CH3
 273:Core/Src/tim.c ****     */
 274:Core/Src/tim.c ****     GPIO_InitStruct.Pin = PWM_OUT_1_Pin|PWM_OUT_2_Pin|PWM_OUT_3_Pin;
 275:Core/Src/tim.c ****     GPIO_InitStruct.Mode = GPIO_MODE_AF_PP;
 276:Core/Src/tim.c ****     GPIO_InitStruct.Pull = GPIO_NOPULL;
 277:Core/Src/tim.c ****     GPIO_InitStruct.Speed = GPIO_SPEED_FREQ_LOW;
 278:Core/Src/tim.c ****     GPIO_InitStruct.Alternate = GPIO_AF1_TIM1;
 279:Core/Src/tim.c ****     HAL_GPIO_Init(GPIOA, &GPIO_InitStruct);
 280:Core/Src/tim.c **** 
 281:Core/Src/tim.c ****   /* USER CODE BEGIN TIM1_MspPostInit 1 */
ARM GAS  C:\Users\alireza\AppData\Local\Temp\ccY5BYjz.s 			page 13


 282:Core/Src/tim.c **** 
 283:Core/Src/tim.c ****   /* USER CODE END TIM1_MspPostInit 1 */
 284:Core/Src/tim.c ****   }
 285:Core/Src/tim.c ****   else if(timHandle->Instance==TIM3)
 390              		.loc 1 285 8 is_stmt 1 view .LVU101
 391              		.loc 1 285 10 is_stmt 0 view .LVU102
 392 0018 1B4A     		ldr	r2, .L36+4
 393 001a 9342     		cmp	r3, r2
 394 001c 1AD0     		beq	.L35
 395              	.LVL22:
 396              	.L30:
 286:Core/Src/tim.c ****   {
 287:Core/Src/tim.c ****   /* USER CODE BEGIN TIM3_MspPostInit 0 */
 288:Core/Src/tim.c **** 
 289:Core/Src/tim.c ****   /* USER CODE END TIM3_MspPostInit 0 */
 290:Core/Src/tim.c **** 
 291:Core/Src/tim.c ****     __HAL_RCC_GPIOC_CLK_ENABLE();
 292:Core/Src/tim.c ****     /**TIM3 GPIO Configuration
 293:Core/Src/tim.c ****     PC6     ------> TIM3_CH1
 294:Core/Src/tim.c ****     PC7     ------> TIM3_CH2
 295:Core/Src/tim.c ****     PC8     ------> TIM3_CH3
 296:Core/Src/tim.c ****     PC9     ------> TIM3_CH4
 297:Core/Src/tim.c ****     */
 298:Core/Src/tim.c ****     GPIO_InitStruct.Pin = DC_MOTOR2_1_Pin|DC_MOTOR2_2_Pin|DC_MOTOR1_1_Pin|DC_MOTOR1_2_Pin;
 299:Core/Src/tim.c ****     GPIO_InitStruct.Mode = GPIO_MODE_AF_PP;
 300:Core/Src/tim.c ****     GPIO_InitStruct.Pull = GPIO_NOPULL;
 301:Core/Src/tim.c ****     GPIO_InitStruct.Speed = GPIO_SPEED_FREQ_LOW;
 302:Core/Src/tim.c ****     GPIO_InitStruct.Alternate = GPIO_AF2_TIM3;
 303:Core/Src/tim.c ****     HAL_GPIO_Init(GPIOC, &GPIO_InitStruct);
 304:Core/Src/tim.c **** 
 305:Core/Src/tim.c ****   /* USER CODE BEGIN TIM3_MspPostInit 1 */
 306:Core/Src/tim.c **** 
 307:Core/Src/tim.c ****   /* USER CODE END TIM3_MspPostInit 1 */
 308:Core/Src/tim.c ****   }
 309:Core/Src/tim.c **** 
 310:Core/Src/tim.c **** }
 397              		.loc 1 310 1 view .LVU103
 398 001e 09B0     		add	sp, sp, #36
 399              		.cfi_remember_state
 400              		.cfi_def_cfa_offset 4
 401              		@ sp needed
 402 0020 5DF804FB 		ldr	pc, [sp], #4
 403              	.LVL23:
 404              	.L34:
 405              		.cfi_restore_state
 268:Core/Src/tim.c ****     /**TIM1 GPIO Configuration
 406              		.loc 1 268 5 is_stmt 1 view .LVU104
 407              	.LBB5:
 268:Core/Src/tim.c ****     /**TIM1 GPIO Configuration
 408              		.loc 1 268 5 view .LVU105
 409 0024 0023     		movs	r3, #0
 410 0026 0193     		str	r3, [sp, #4]
 268:Core/Src/tim.c ****     /**TIM1 GPIO Configuration
 411              		.loc 1 268 5 view .LVU106
 412 0028 184B     		ldr	r3, .L36+8
 413 002a 1A6B     		ldr	r2, [r3, #48]
 414 002c 42F00102 		orr	r2, r2, #1
ARM GAS  C:\Users\alireza\AppData\Local\Temp\ccY5BYjz.s 			page 14


 415 0030 1A63     		str	r2, [r3, #48]
 268:Core/Src/tim.c ****     /**TIM1 GPIO Configuration
 416              		.loc 1 268 5 view .LVU107
 417 0032 1B6B     		ldr	r3, [r3, #48]
 418 0034 03F00103 		and	r3, r3, #1
 419 0038 0193     		str	r3, [sp, #4]
 268:Core/Src/tim.c ****     /**TIM1 GPIO Configuration
 420              		.loc 1 268 5 view .LVU108
 421 003a 019B     		ldr	r3, [sp, #4]
 422              	.LBE5:
 268:Core/Src/tim.c ****     /**TIM1 GPIO Configuration
 423              		.loc 1 268 5 view .LVU109
 274:Core/Src/tim.c ****     GPIO_InitStruct.Mode = GPIO_MODE_AF_PP;
 424              		.loc 1 274 5 view .LVU110
 274:Core/Src/tim.c ****     GPIO_InitStruct.Mode = GPIO_MODE_AF_PP;
 425              		.loc 1 274 25 is_stmt 0 view .LVU111
 426 003c 4FF4E063 		mov	r3, #1792
 427 0040 0393     		str	r3, [sp, #12]
 275:Core/Src/tim.c ****     GPIO_InitStruct.Pull = GPIO_NOPULL;
 428              		.loc 1 275 5 is_stmt 1 view .LVU112
 275:Core/Src/tim.c ****     GPIO_InitStruct.Pull = GPIO_NOPULL;
 429              		.loc 1 275 26 is_stmt 0 view .LVU113
 430 0042 0223     		movs	r3, #2
 431 0044 0493     		str	r3, [sp, #16]
 276:Core/Src/tim.c ****     GPIO_InitStruct.Speed = GPIO_SPEED_FREQ_LOW;
 432              		.loc 1 276 5 is_stmt 1 view .LVU114
 277:Core/Src/tim.c ****     GPIO_InitStruct.Alternate = GPIO_AF1_TIM1;
 433              		.loc 1 277 5 view .LVU115
 278:Core/Src/tim.c ****     HAL_GPIO_Init(GPIOA, &GPIO_InitStruct);
 434              		.loc 1 278 5 view .LVU116
 278:Core/Src/tim.c ****     HAL_GPIO_Init(GPIOA, &GPIO_InitStruct);
 435              		.loc 1 278 31 is_stmt 0 view .LVU117
 436 0046 0123     		movs	r3, #1
 437 0048 0793     		str	r3, [sp, #28]
 279:Core/Src/tim.c **** 
 438              		.loc 1 279 5 is_stmt 1 view .LVU118
 439 004a 03A9     		add	r1, sp, #12
 440 004c 1048     		ldr	r0, .L36+12
 441              	.LVL24:
 279:Core/Src/tim.c **** 
 442              		.loc 1 279 5 is_stmt 0 view .LVU119
 443 004e FFF7FEFF 		bl	HAL_GPIO_Init
 444              	.LVL25:
 445 0052 E4E7     		b	.L30
 446              	.LVL26:
 447              	.L35:
 291:Core/Src/tim.c ****     /**TIM3 GPIO Configuration
 448              		.loc 1 291 5 is_stmt 1 view .LVU120
 449              	.LBB6:
 291:Core/Src/tim.c ****     /**TIM3 GPIO Configuration
 450              		.loc 1 291 5 view .LVU121
 451 0054 0023     		movs	r3, #0
 452 0056 0293     		str	r3, [sp, #8]
 291:Core/Src/tim.c ****     /**TIM3 GPIO Configuration
 453              		.loc 1 291 5 view .LVU122
 454 0058 0C4B     		ldr	r3, .L36+8
 455 005a 1A6B     		ldr	r2, [r3, #48]
ARM GAS  C:\Users\alireza\AppData\Local\Temp\ccY5BYjz.s 			page 15


 456 005c 42F00402 		orr	r2, r2, #4
 457 0060 1A63     		str	r2, [r3, #48]
 291:Core/Src/tim.c ****     /**TIM3 GPIO Configuration
 458              		.loc 1 291 5 view .LVU123
 459 0062 1B6B     		ldr	r3, [r3, #48]
 460 0064 03F00403 		and	r3, r3, #4
 461 0068 0293     		str	r3, [sp, #8]
 291:Core/Src/tim.c ****     /**TIM3 GPIO Configuration
 462              		.loc 1 291 5 view .LVU124
 463 006a 029B     		ldr	r3, [sp, #8]
 464              	.LBE6:
 291:Core/Src/tim.c ****     /**TIM3 GPIO Configuration
 465              		.loc 1 291 5 view .LVU125
 298:Core/Src/tim.c ****     GPIO_InitStruct.Mode = GPIO_MODE_AF_PP;
 466              		.loc 1 298 5 view .LVU126
 298:Core/Src/tim.c ****     GPIO_InitStruct.Mode = GPIO_MODE_AF_PP;
 467              		.loc 1 298 25 is_stmt 0 view .LVU127
 468 006c 4FF47073 		mov	r3, #960
 469 0070 0393     		str	r3, [sp, #12]
 299:Core/Src/tim.c ****     GPIO_InitStruct.Pull = GPIO_NOPULL;
 470              		.loc 1 299 5 is_stmt 1 view .LVU128
 299:Core/Src/tim.c ****     GPIO_InitStruct.Pull = GPIO_NOPULL;
 471              		.loc 1 299 26 is_stmt 0 view .LVU129
 472 0072 0223     		movs	r3, #2
 473 0074 0493     		str	r3, [sp, #16]
 300:Core/Src/tim.c ****     GPIO_InitStruct.Speed = GPIO_SPEED_FREQ_LOW;
 474              		.loc 1 300 5 is_stmt 1 view .LVU130
 301:Core/Src/tim.c ****     GPIO_InitStruct.Alternate = GPIO_AF2_TIM3;
 475              		.loc 1 301 5 view .LVU131
 302:Core/Src/tim.c ****     HAL_GPIO_Init(GPIOC, &GPIO_InitStruct);
 476              		.loc 1 302 5 view .LVU132
 302:Core/Src/tim.c ****     HAL_GPIO_Init(GPIOC, &GPIO_InitStruct);
 477              		.loc 1 302 31 is_stmt 0 view .LVU133
 478 0076 0793     		str	r3, [sp, #28]
 303:Core/Src/tim.c **** 
 479              		.loc 1 303 5 is_stmt 1 view .LVU134
 480 0078 03A9     		add	r1, sp, #12
 481 007a 0648     		ldr	r0, .L36+16
 482              	.LVL27:
 303:Core/Src/tim.c **** 
 483              		.loc 1 303 5 is_stmt 0 view .LVU135
 484 007c FFF7FEFF 		bl	HAL_GPIO_Init
 485              	.LVL28:
 486              		.loc 1 310 1 view .LVU136
 487 0080 CDE7     		b	.L30
 488              	.L37:
 489 0082 00BF     		.align	2
 490              	.L36:
 491 0084 00000140 		.word	1073807360
 492 0088 00040040 		.word	1073742848
 493 008c 00380240 		.word	1073887232
 494 0090 00000240 		.word	1073872896
 495 0094 00080240 		.word	1073874944
 496              		.cfi_endproc
 497              	.LFE225:
 499              		.section	.text.MX_TIM1_Init,"ax",%progbits
 500              		.align	1
ARM GAS  C:\Users\alireza\AppData\Local\Temp\ccY5BYjz.s 			page 16


 501              		.global	MX_TIM1_Init
 502              		.syntax unified
 503              		.thumb
 504              		.thumb_func
 506              	MX_TIM1_Init:
 507              	.LFB220:
  33:Core/Src/tim.c **** 
 508              		.loc 1 33 1 is_stmt 1 view -0
 509              		.cfi_startproc
 510              		@ args = 0, pretend = 0, frame = 72
 511              		@ frame_needed = 0, uses_anonymous_args = 0
 512 0000 10B5     		push	{r4, lr}
 513              		.cfi_def_cfa_offset 8
 514              		.cfi_offset 4, -8
 515              		.cfi_offset 14, -4
 516 0002 92B0     		sub	sp, sp, #72
 517              		.cfi_def_cfa_offset 80
  39:Core/Src/tim.c ****   TIM_OC_InitTypeDef sConfigOC = {0};
 518              		.loc 1 39 3 view .LVU138
  39:Core/Src/tim.c ****   TIM_OC_InitTypeDef sConfigOC = {0};
 519              		.loc 1 39 27 is_stmt 0 view .LVU139
 520 0004 0024     		movs	r4, #0
 521 0006 1094     		str	r4, [sp, #64]
 522 0008 1194     		str	r4, [sp, #68]
  40:Core/Src/tim.c ****   TIM_BreakDeadTimeConfigTypeDef sBreakDeadTimeConfig = {0};
 523              		.loc 1 40 3 is_stmt 1 view .LVU140
  40:Core/Src/tim.c ****   TIM_BreakDeadTimeConfigTypeDef sBreakDeadTimeConfig = {0};
 524              		.loc 1 40 22 is_stmt 0 view .LVU141
 525 000a 0994     		str	r4, [sp, #36]
 526 000c 0A94     		str	r4, [sp, #40]
 527 000e 0B94     		str	r4, [sp, #44]
 528 0010 0C94     		str	r4, [sp, #48]
 529 0012 0D94     		str	r4, [sp, #52]
 530 0014 0E94     		str	r4, [sp, #56]
 531 0016 0F94     		str	r4, [sp, #60]
  41:Core/Src/tim.c **** 
 532              		.loc 1 41 3 is_stmt 1 view .LVU142
  41:Core/Src/tim.c **** 
 533              		.loc 1 41 34 is_stmt 0 view .LVU143
 534 0018 2022     		movs	r2, #32
 535 001a 2146     		mov	r1, r4
 536 001c 01A8     		add	r0, sp, #4
 537 001e FFF7FEFF 		bl	memset
 538              	.LVL29:
  46:Core/Src/tim.c ****   htim1.Init.Prescaler = 0;
 539              		.loc 1 46 3 is_stmt 1 view .LVU144
  46:Core/Src/tim.c ****   htim1.Init.Prescaler = 0;
 540              		.loc 1 46 18 is_stmt 0 view .LVU145
 541 0022 2C48     		ldr	r0, .L52
 542 0024 2C4B     		ldr	r3, .L52+4
 543 0026 0360     		str	r3, [r0]
  47:Core/Src/tim.c ****   htim1.Init.CounterMode = TIM_COUNTERMODE_UP;
 544              		.loc 1 47 3 is_stmt 1 view .LVU146
  47:Core/Src/tim.c ****   htim1.Init.CounterMode = TIM_COUNTERMODE_UP;
 545              		.loc 1 47 24 is_stmt 0 view .LVU147
 546 0028 4460     		str	r4, [r0, #4]
  48:Core/Src/tim.c ****   htim1.Init.Period = 65535;
ARM GAS  C:\Users\alireza\AppData\Local\Temp\ccY5BYjz.s 			page 17


 547              		.loc 1 48 3 is_stmt 1 view .LVU148
  48:Core/Src/tim.c ****   htim1.Init.Period = 65535;
 548              		.loc 1 48 26 is_stmt 0 view .LVU149
 549 002a 8460     		str	r4, [r0, #8]
  49:Core/Src/tim.c ****   htim1.Init.ClockDivision = TIM_CLOCKDIVISION_DIV1;
 550              		.loc 1 49 3 is_stmt 1 view .LVU150
  49:Core/Src/tim.c ****   htim1.Init.ClockDivision = TIM_CLOCKDIVISION_DIV1;
 551              		.loc 1 49 21 is_stmt 0 view .LVU151
 552 002c 4FF6FF73 		movw	r3, #65535
 553 0030 C360     		str	r3, [r0, #12]
  50:Core/Src/tim.c ****   htim1.Init.RepetitionCounter = 0;
 554              		.loc 1 50 3 is_stmt 1 view .LVU152
  50:Core/Src/tim.c ****   htim1.Init.RepetitionCounter = 0;
 555              		.loc 1 50 28 is_stmt 0 view .LVU153
 556 0032 0461     		str	r4, [r0, #16]
  51:Core/Src/tim.c ****   htim1.Init.AutoReloadPreload = TIM_AUTORELOAD_PRELOAD_DISABLE;
 557              		.loc 1 51 3 is_stmt 1 view .LVU154
  51:Core/Src/tim.c ****   htim1.Init.AutoReloadPreload = TIM_AUTORELOAD_PRELOAD_DISABLE;
 558              		.loc 1 51 32 is_stmt 0 view .LVU155
 559 0034 4461     		str	r4, [r0, #20]
  52:Core/Src/tim.c ****   if (HAL_TIM_PWM_Init(&htim1) != HAL_OK)
 560              		.loc 1 52 3 is_stmt 1 view .LVU156
  52:Core/Src/tim.c ****   if (HAL_TIM_PWM_Init(&htim1) != HAL_OK)
 561              		.loc 1 52 32 is_stmt 0 view .LVU157
 562 0036 8461     		str	r4, [r0, #24]
  53:Core/Src/tim.c ****   {
 563              		.loc 1 53 3 is_stmt 1 view .LVU158
  53:Core/Src/tim.c ****   {
 564              		.loc 1 53 7 is_stmt 0 view .LVU159
 565 0038 FFF7FEFF 		bl	HAL_TIM_PWM_Init
 566              	.LVL30:
  53:Core/Src/tim.c ****   {
 567              		.loc 1 53 6 discriminator 1 view .LVU160
 568 003c 0028     		cmp	r0, #0
 569 003e 36D1     		bne	.L46
 570              	.L39:
  57:Core/Src/tim.c ****   sMasterConfig.MasterSlaveMode = TIM_MASTERSLAVEMODE_DISABLE;
 571              		.loc 1 57 3 is_stmt 1 view .LVU161
  57:Core/Src/tim.c ****   sMasterConfig.MasterSlaveMode = TIM_MASTERSLAVEMODE_DISABLE;
 572              		.loc 1 57 37 is_stmt 0 view .LVU162
 573 0040 0023     		movs	r3, #0
 574 0042 1093     		str	r3, [sp, #64]
  58:Core/Src/tim.c ****   if (HAL_TIMEx_MasterConfigSynchronization(&htim1, &sMasterConfig) != HAL_OK)
 575              		.loc 1 58 3 is_stmt 1 view .LVU163
  58:Core/Src/tim.c ****   if (HAL_TIMEx_MasterConfigSynchronization(&htim1, &sMasterConfig) != HAL_OK)
 576              		.loc 1 58 33 is_stmt 0 view .LVU164
 577 0044 1193     		str	r3, [sp, #68]
  59:Core/Src/tim.c ****   {
 578              		.loc 1 59 3 is_stmt 1 view .LVU165
  59:Core/Src/tim.c ****   {
 579              		.loc 1 59 7 is_stmt 0 view .LVU166
 580 0046 10A9     		add	r1, sp, #64
 581 0048 2248     		ldr	r0, .L52
 582 004a FFF7FEFF 		bl	HAL_TIMEx_MasterConfigSynchronization
 583              	.LVL31:
  59:Core/Src/tim.c ****   {
 584              		.loc 1 59 6 discriminator 1 view .LVU167
ARM GAS  C:\Users\alireza\AppData\Local\Temp\ccY5BYjz.s 			page 18


 585 004e 0028     		cmp	r0, #0
 586 0050 30D1     		bne	.L47
 587              	.L40:
  63:Core/Src/tim.c ****   sConfigOC.Pulse = 0;
 588              		.loc 1 63 3 is_stmt 1 view .LVU168
  63:Core/Src/tim.c ****   sConfigOC.Pulse = 0;
 589              		.loc 1 63 20 is_stmt 0 view .LVU169
 590 0052 6023     		movs	r3, #96
 591 0054 0993     		str	r3, [sp, #36]
  64:Core/Src/tim.c ****   sConfigOC.OCPolarity = TIM_OCPOLARITY_HIGH;
 592              		.loc 1 64 3 is_stmt 1 view .LVU170
  64:Core/Src/tim.c ****   sConfigOC.OCPolarity = TIM_OCPOLARITY_HIGH;
 593              		.loc 1 64 19 is_stmt 0 view .LVU171
 594 0056 0022     		movs	r2, #0
 595 0058 0A92     		str	r2, [sp, #40]
  65:Core/Src/tim.c ****   sConfigOC.OCNPolarity = TIM_OCNPOLARITY_HIGH;
 596              		.loc 1 65 3 is_stmt 1 view .LVU172
  65:Core/Src/tim.c ****   sConfigOC.OCNPolarity = TIM_OCNPOLARITY_HIGH;
 597              		.loc 1 65 24 is_stmt 0 view .LVU173
 598 005a 0B92     		str	r2, [sp, #44]
  66:Core/Src/tim.c ****   sConfigOC.OCFastMode = TIM_OCFAST_DISABLE;
 599              		.loc 1 66 3 is_stmt 1 view .LVU174
  66:Core/Src/tim.c ****   sConfigOC.OCFastMode = TIM_OCFAST_DISABLE;
 600              		.loc 1 66 25 is_stmt 0 view .LVU175
 601 005c 0C92     		str	r2, [sp, #48]
  67:Core/Src/tim.c ****   sConfigOC.OCIdleState = TIM_OCIDLESTATE_RESET;
 602              		.loc 1 67 3 is_stmt 1 view .LVU176
  67:Core/Src/tim.c ****   sConfigOC.OCIdleState = TIM_OCIDLESTATE_RESET;
 603              		.loc 1 67 24 is_stmt 0 view .LVU177
 604 005e 0D92     		str	r2, [sp, #52]
  68:Core/Src/tim.c ****   sConfigOC.OCNIdleState = TIM_OCNIDLESTATE_RESET;
 605              		.loc 1 68 3 is_stmt 1 view .LVU178
  68:Core/Src/tim.c ****   sConfigOC.OCNIdleState = TIM_OCNIDLESTATE_RESET;
 606              		.loc 1 68 25 is_stmt 0 view .LVU179
 607 0060 0E92     		str	r2, [sp, #56]
  69:Core/Src/tim.c ****   if (HAL_TIM_PWM_ConfigChannel(&htim1, &sConfigOC, TIM_CHANNEL_1) != HAL_OK)
 608              		.loc 1 69 3 is_stmt 1 view .LVU180
  69:Core/Src/tim.c ****   if (HAL_TIM_PWM_ConfigChannel(&htim1, &sConfigOC, TIM_CHANNEL_1) != HAL_OK)
 609              		.loc 1 69 26 is_stmt 0 view .LVU181
 610 0062 0F92     		str	r2, [sp, #60]
  70:Core/Src/tim.c ****   {
 611              		.loc 1 70 3 is_stmt 1 view .LVU182
  70:Core/Src/tim.c ****   {
 612              		.loc 1 70 7 is_stmt 0 view .LVU183
 613 0064 09A9     		add	r1, sp, #36
 614 0066 1B48     		ldr	r0, .L52
 615 0068 FFF7FEFF 		bl	HAL_TIM_PWM_ConfigChannel
 616              	.LVL32:
  70:Core/Src/tim.c ****   {
 617              		.loc 1 70 6 discriminator 1 view .LVU184
 618 006c 28BB     		cbnz	r0, .L48
 619              	.L41:
  74:Core/Src/tim.c ****   {
 620              		.loc 1 74 3 is_stmt 1 view .LVU185
  74:Core/Src/tim.c ****   {
 621              		.loc 1 74 7 is_stmt 0 view .LVU186
 622 006e 0422     		movs	r2, #4
ARM GAS  C:\Users\alireza\AppData\Local\Temp\ccY5BYjz.s 			page 19


 623 0070 09A9     		add	r1, sp, #36
 624 0072 1848     		ldr	r0, .L52
 625 0074 FFF7FEFF 		bl	HAL_TIM_PWM_ConfigChannel
 626              	.LVL33:
  74:Core/Src/tim.c ****   {
 627              		.loc 1 74 6 discriminator 1 view .LVU187
 628 0078 10BB     		cbnz	r0, .L49
 629              	.L42:
  78:Core/Src/tim.c ****   {
 630              		.loc 1 78 3 is_stmt 1 view .LVU188
  78:Core/Src/tim.c ****   {
 631              		.loc 1 78 7 is_stmt 0 view .LVU189
 632 007a 0822     		movs	r2, #8
 633 007c 09A9     		add	r1, sp, #36
 634 007e 1548     		ldr	r0, .L52
 635 0080 FFF7FEFF 		bl	HAL_TIM_PWM_ConfigChannel
 636              	.LVL34:
  78:Core/Src/tim.c ****   {
 637              		.loc 1 78 6 discriminator 1 view .LVU190
 638 0084 F8B9     		cbnz	r0, .L50
 639              	.L43:
  82:Core/Src/tim.c ****   sBreakDeadTimeConfig.OffStateIDLEMode = TIM_OSSI_DISABLE;
 640              		.loc 1 82 3 is_stmt 1 view .LVU191
  82:Core/Src/tim.c ****   sBreakDeadTimeConfig.OffStateIDLEMode = TIM_OSSI_DISABLE;
 641              		.loc 1 82 40 is_stmt 0 view .LVU192
 642 0086 0023     		movs	r3, #0
 643 0088 0193     		str	r3, [sp, #4]
  83:Core/Src/tim.c ****   sBreakDeadTimeConfig.LockLevel = TIM_LOCKLEVEL_OFF;
 644              		.loc 1 83 3 is_stmt 1 view .LVU193
  83:Core/Src/tim.c ****   sBreakDeadTimeConfig.LockLevel = TIM_LOCKLEVEL_OFF;
 645              		.loc 1 83 41 is_stmt 0 view .LVU194
 646 008a 0293     		str	r3, [sp, #8]
  84:Core/Src/tim.c ****   sBreakDeadTimeConfig.DeadTime = 0;
 647              		.loc 1 84 3 is_stmt 1 view .LVU195
  84:Core/Src/tim.c ****   sBreakDeadTimeConfig.DeadTime = 0;
 648              		.loc 1 84 34 is_stmt 0 view .LVU196
 649 008c 0393     		str	r3, [sp, #12]
  85:Core/Src/tim.c ****   sBreakDeadTimeConfig.BreakState = TIM_BREAK_DISABLE;
 650              		.loc 1 85 3 is_stmt 1 view .LVU197
  85:Core/Src/tim.c ****   sBreakDeadTimeConfig.BreakState = TIM_BREAK_DISABLE;
 651              		.loc 1 85 33 is_stmt 0 view .LVU198
 652 008e 0493     		str	r3, [sp, #16]
  86:Core/Src/tim.c ****   sBreakDeadTimeConfig.BreakPolarity = TIM_BREAKPOLARITY_HIGH;
 653              		.loc 1 86 3 is_stmt 1 view .LVU199
  86:Core/Src/tim.c ****   sBreakDeadTimeConfig.BreakPolarity = TIM_BREAKPOLARITY_HIGH;
 654              		.loc 1 86 35 is_stmt 0 view .LVU200
 655 0090 0593     		str	r3, [sp, #20]
  87:Core/Src/tim.c ****   sBreakDeadTimeConfig.AutomaticOutput = TIM_AUTOMATICOUTPUT_DISABLE;
 656              		.loc 1 87 3 is_stmt 1 view .LVU201
  87:Core/Src/tim.c ****   sBreakDeadTimeConfig.AutomaticOutput = TIM_AUTOMATICOUTPUT_DISABLE;
 657              		.loc 1 87 38 is_stmt 0 view .LVU202
 658 0092 4FF40052 		mov	r2, #8192
 659 0096 0692     		str	r2, [sp, #24]
  88:Core/Src/tim.c ****   if (HAL_TIMEx_ConfigBreakDeadTime(&htim1, &sBreakDeadTimeConfig) != HAL_OK)
 660              		.loc 1 88 3 is_stmt 1 view .LVU203
  88:Core/Src/tim.c ****   if (HAL_TIMEx_ConfigBreakDeadTime(&htim1, &sBreakDeadTimeConfig) != HAL_OK)
 661              		.loc 1 88 40 is_stmt 0 view .LVU204
ARM GAS  C:\Users\alireza\AppData\Local\Temp\ccY5BYjz.s 			page 20


 662 0098 0893     		str	r3, [sp, #32]
  89:Core/Src/tim.c ****   {
 663              		.loc 1 89 3 is_stmt 1 view .LVU205
  89:Core/Src/tim.c ****   {
 664              		.loc 1 89 7 is_stmt 0 view .LVU206
 665 009a 01A9     		add	r1, sp, #4
 666 009c 0D48     		ldr	r0, .L52
 667 009e FFF7FEFF 		bl	HAL_TIMEx_ConfigBreakDeadTime
 668              	.LVL35:
  89:Core/Src/tim.c ****   {
 669              		.loc 1 89 6 discriminator 1 view .LVU207
 670 00a2 98B9     		cbnz	r0, .L51
 671              	.L44:
  96:Core/Src/tim.c **** 
 672              		.loc 1 96 3 is_stmt 1 view .LVU208
 673 00a4 0B48     		ldr	r0, .L52
 674 00a6 FFF7FEFF 		bl	HAL_TIM_MspPostInit
 675              	.LVL36:
  98:Core/Src/tim.c **** /* TIM2 init function */
 676              		.loc 1 98 1 is_stmt 0 view .LVU209
 677 00aa 12B0     		add	sp, sp, #72
 678              		.cfi_remember_state
 679              		.cfi_def_cfa_offset 8
 680              		@ sp needed
 681 00ac 10BD     		pop	{r4, pc}
 682              	.L46:
 683              		.cfi_restore_state
  55:Core/Src/tim.c ****   }
 684              		.loc 1 55 5 is_stmt 1 view .LVU210
 685 00ae FFF7FEFF 		bl	Error_Handler
 686              	.LVL37:
 687 00b2 C5E7     		b	.L39
 688              	.L47:
  61:Core/Src/tim.c ****   }
 689              		.loc 1 61 5 view .LVU211
 690 00b4 FFF7FEFF 		bl	Error_Handler
 691              	.LVL38:
 692 00b8 CBE7     		b	.L40
 693              	.L48:
  72:Core/Src/tim.c ****   }
 694              		.loc 1 72 5 view .LVU212
 695 00ba FFF7FEFF 		bl	Error_Handler
 696              	.LVL39:
 697 00be D6E7     		b	.L41
 698              	.L49:
  76:Core/Src/tim.c ****   }
 699              		.loc 1 76 5 view .LVU213
 700 00c0 FFF7FEFF 		bl	Error_Handler
 701              	.LVL40:
 702 00c4 D9E7     		b	.L42
 703              	.L50:
  80:Core/Src/tim.c ****   }
 704              		.loc 1 80 5 view .LVU214
 705 00c6 FFF7FEFF 		bl	Error_Handler
 706              	.LVL41:
 707 00ca DCE7     		b	.L43
 708              	.L51:
ARM GAS  C:\Users\alireza\AppData\Local\Temp\ccY5BYjz.s 			page 21


  91:Core/Src/tim.c ****   }
 709              		.loc 1 91 5 view .LVU215
 710 00cc FFF7FEFF 		bl	Error_Handler
 711              	.LVL42:
 712 00d0 E8E7     		b	.L44
 713              	.L53:
 714 00d2 00BF     		.align	2
 715              	.L52:
 716 00d4 00000000 		.word	htim1
 717 00d8 00000140 		.word	1073807360
 718              		.cfi_endproc
 719              	.LFE220:
 721              		.section	.text.MX_TIM3_Init,"ax",%progbits
 722              		.align	1
 723              		.global	MX_TIM3_Init
 724              		.syntax unified
 725              		.thumb
 726              		.thumb_func
 728              	MX_TIM3_Init:
 729              	.LFB222:
 154:Core/Src/tim.c **** 
 730              		.loc 1 154 1 view -0
 731              		.cfi_startproc
 732              		@ args = 0, pretend = 0, frame = 40
 733              		@ frame_needed = 0, uses_anonymous_args = 0
 734 0000 00B5     		push	{lr}
 735              		.cfi_def_cfa_offset 4
 736              		.cfi_offset 14, -4
 737 0002 8BB0     		sub	sp, sp, #44
 738              		.cfi_def_cfa_offset 48
 160:Core/Src/tim.c ****   TIM_OC_InitTypeDef sConfigOC = {0};
 739              		.loc 1 160 3 view .LVU217
 160:Core/Src/tim.c ****   TIM_OC_InitTypeDef sConfigOC = {0};
 740              		.loc 1 160 27 is_stmt 0 view .LVU218
 741 0004 0023     		movs	r3, #0
 742 0006 0893     		str	r3, [sp, #32]
 743 0008 0993     		str	r3, [sp, #36]
 161:Core/Src/tim.c **** 
 744              		.loc 1 161 3 is_stmt 1 view .LVU219
 161:Core/Src/tim.c **** 
 745              		.loc 1 161 22 is_stmt 0 view .LVU220
 746 000a 0193     		str	r3, [sp, #4]
 747 000c 0293     		str	r3, [sp, #8]
 748 000e 0393     		str	r3, [sp, #12]
 749 0010 0493     		str	r3, [sp, #16]
 750 0012 0593     		str	r3, [sp, #20]
 751 0014 0693     		str	r3, [sp, #24]
 752 0016 0793     		str	r3, [sp, #28]
 166:Core/Src/tim.c ****   htim3.Init.Prescaler = 0;
 753              		.loc 1 166 3 is_stmt 1 view .LVU221
 166:Core/Src/tim.c ****   htim3.Init.Prescaler = 0;
 754              		.loc 1 166 18 is_stmt 0 view .LVU222
 755 0018 2548     		ldr	r0, .L68
 756 001a 264A     		ldr	r2, .L68+4
 757 001c 0260     		str	r2, [r0]
 167:Core/Src/tim.c ****   htim3.Init.CounterMode = TIM_COUNTERMODE_UP;
 758              		.loc 1 167 3 is_stmt 1 view .LVU223
ARM GAS  C:\Users\alireza\AppData\Local\Temp\ccY5BYjz.s 			page 22


 167:Core/Src/tim.c ****   htim3.Init.CounterMode = TIM_COUNTERMODE_UP;
 759              		.loc 1 167 24 is_stmt 0 view .LVU224
 760 001e 4360     		str	r3, [r0, #4]
 168:Core/Src/tim.c ****   htim3.Init.Period = 65535;
 761              		.loc 1 168 3 is_stmt 1 view .LVU225
 168:Core/Src/tim.c ****   htim3.Init.Period = 65535;
 762              		.loc 1 168 26 is_stmt 0 view .LVU226
 763 0020 8360     		str	r3, [r0, #8]
 169:Core/Src/tim.c ****   htim3.Init.ClockDivision = TIM_CLOCKDIVISION_DIV1;
 764              		.loc 1 169 3 is_stmt 1 view .LVU227
 169:Core/Src/tim.c ****   htim3.Init.ClockDivision = TIM_CLOCKDIVISION_DIV1;
 765              		.loc 1 169 21 is_stmt 0 view .LVU228
 766 0022 4FF6FF72 		movw	r2, #65535
 767 0026 C260     		str	r2, [r0, #12]
 170:Core/Src/tim.c ****   htim3.Init.AutoReloadPreload = TIM_AUTORELOAD_PRELOAD_DISABLE;
 768              		.loc 1 170 3 is_stmt 1 view .LVU229
 170:Core/Src/tim.c ****   htim3.Init.AutoReloadPreload = TIM_AUTORELOAD_PRELOAD_DISABLE;
 769              		.loc 1 170 28 is_stmt 0 view .LVU230
 770 0028 0361     		str	r3, [r0, #16]
 171:Core/Src/tim.c ****   if (HAL_TIM_PWM_Init(&htim3) != HAL_OK)
 771              		.loc 1 171 3 is_stmt 1 view .LVU231
 171:Core/Src/tim.c ****   if (HAL_TIM_PWM_Init(&htim3) != HAL_OK)
 772              		.loc 1 171 32 is_stmt 0 view .LVU232
 773 002a 8361     		str	r3, [r0, #24]
 172:Core/Src/tim.c ****   {
 774              		.loc 1 172 3 is_stmt 1 view .LVU233
 172:Core/Src/tim.c ****   {
 775              		.loc 1 172 7 is_stmt 0 view .LVU234
 776 002c FFF7FEFF 		bl	HAL_TIM_PWM_Init
 777              	.LVL43:
 172:Core/Src/tim.c ****   {
 778              		.loc 1 172 6 discriminator 1 view .LVU235
 779 0030 58BB     		cbnz	r0, .L62
 780              	.L55:
 176:Core/Src/tim.c ****   sMasterConfig.MasterSlaveMode = TIM_MASTERSLAVEMODE_DISABLE;
 781              		.loc 1 176 3 is_stmt 1 view .LVU236
 176:Core/Src/tim.c ****   sMasterConfig.MasterSlaveMode = TIM_MASTERSLAVEMODE_DISABLE;
 782              		.loc 1 176 37 is_stmt 0 view .LVU237
 783 0032 0023     		movs	r3, #0
 784 0034 0893     		str	r3, [sp, #32]
 177:Core/Src/tim.c ****   if (HAL_TIMEx_MasterConfigSynchronization(&htim3, &sMasterConfig) != HAL_OK)
 785              		.loc 1 177 3 is_stmt 1 view .LVU238
 177:Core/Src/tim.c ****   if (HAL_TIMEx_MasterConfigSynchronization(&htim3, &sMasterConfig) != HAL_OK)
 786              		.loc 1 177 33 is_stmt 0 view .LVU239
 787 0036 0993     		str	r3, [sp, #36]
 178:Core/Src/tim.c ****   {
 788              		.loc 1 178 3 is_stmt 1 view .LVU240
 178:Core/Src/tim.c ****   {
 789              		.loc 1 178 7 is_stmt 0 view .LVU241
 790 0038 08A9     		add	r1, sp, #32
 791 003a 1D48     		ldr	r0, .L68
 792 003c FFF7FEFF 		bl	HAL_TIMEx_MasterConfigSynchronization
 793              	.LVL44:
 178:Core/Src/tim.c ****   {
 794              		.loc 1 178 6 discriminator 1 view .LVU242
 795 0040 30BB     		cbnz	r0, .L63
 796              	.L56:
ARM GAS  C:\Users\alireza\AppData\Local\Temp\ccY5BYjz.s 			page 23


 182:Core/Src/tim.c ****   sConfigOC.Pulse = 0;
 797              		.loc 1 182 3 is_stmt 1 view .LVU243
 182:Core/Src/tim.c ****   sConfigOC.Pulse = 0;
 798              		.loc 1 182 20 is_stmt 0 view .LVU244
 799 0042 6023     		movs	r3, #96
 800 0044 0193     		str	r3, [sp, #4]
 183:Core/Src/tim.c ****   sConfigOC.OCPolarity = TIM_OCPOLARITY_HIGH;
 801              		.loc 1 183 3 is_stmt 1 view .LVU245
 183:Core/Src/tim.c ****   sConfigOC.OCPolarity = TIM_OCPOLARITY_HIGH;
 802              		.loc 1 183 19 is_stmt 0 view .LVU246
 803 0046 0022     		movs	r2, #0
 804 0048 0292     		str	r2, [sp, #8]
 184:Core/Src/tim.c ****   sConfigOC.OCFastMode = TIM_OCFAST_DISABLE;
 805              		.loc 1 184 3 is_stmt 1 view .LVU247
 184:Core/Src/tim.c ****   sConfigOC.OCFastMode = TIM_OCFAST_DISABLE;
 806              		.loc 1 184 24 is_stmt 0 view .LVU248
 807 004a 0392     		str	r2, [sp, #12]
 185:Core/Src/tim.c ****   if (HAL_TIM_PWM_ConfigChannel(&htim3, &sConfigOC, TIM_CHANNEL_1) != HAL_OK)
 808              		.loc 1 185 3 is_stmt 1 view .LVU249
 185:Core/Src/tim.c ****   if (HAL_TIM_PWM_ConfigChannel(&htim3, &sConfigOC, TIM_CHANNEL_1) != HAL_OK)
 809              		.loc 1 185 24 is_stmt 0 view .LVU250
 810 004c 0592     		str	r2, [sp, #20]
 186:Core/Src/tim.c ****   {
 811              		.loc 1 186 3 is_stmt 1 view .LVU251
 186:Core/Src/tim.c ****   {
 812              		.loc 1 186 7 is_stmt 0 view .LVU252
 813 004e 01A9     		add	r1, sp, #4
 814 0050 1748     		ldr	r0, .L68
 815 0052 FFF7FEFF 		bl	HAL_TIM_PWM_ConfigChannel
 816              	.LVL45:
 186:Core/Src/tim.c ****   {
 817              		.loc 1 186 6 discriminator 1 view .LVU253
 818 0056 F0B9     		cbnz	r0, .L64
 819              	.L57:
 190:Core/Src/tim.c ****   {
 820              		.loc 1 190 3 is_stmt 1 view .LVU254
 190:Core/Src/tim.c ****   {
 821              		.loc 1 190 7 is_stmt 0 view .LVU255
 822 0058 0422     		movs	r2, #4
 823 005a 0DEB0201 		add	r1, sp, r2
 824 005e 1448     		ldr	r0, .L68
 825 0060 FFF7FEFF 		bl	HAL_TIM_PWM_ConfigChannel
 826              	.LVL46:
 190:Core/Src/tim.c ****   {
 827              		.loc 1 190 6 discriminator 1 view .LVU256
 828 0064 D0B9     		cbnz	r0, .L65
 829              	.L58:
 194:Core/Src/tim.c ****   {
 830              		.loc 1 194 3 is_stmt 1 view .LVU257
 194:Core/Src/tim.c ****   {
 831              		.loc 1 194 7 is_stmt 0 view .LVU258
 832 0066 0822     		movs	r2, #8
 833 0068 01A9     		add	r1, sp, #4
 834 006a 1148     		ldr	r0, .L68
 835 006c FFF7FEFF 		bl	HAL_TIM_PWM_ConfigChannel
 836              	.LVL47:
 194:Core/Src/tim.c ****   {
ARM GAS  C:\Users\alireza\AppData\Local\Temp\ccY5BYjz.s 			page 24


 837              		.loc 1 194 6 discriminator 1 view .LVU259
 838 0070 B8B9     		cbnz	r0, .L66
 839              	.L59:
 198:Core/Src/tim.c ****   {
 840              		.loc 1 198 3 is_stmt 1 view .LVU260
 198:Core/Src/tim.c ****   {
 841              		.loc 1 198 7 is_stmt 0 view .LVU261
 842 0072 0C22     		movs	r2, #12
 843 0074 01A9     		add	r1, sp, #4
 844 0076 0E48     		ldr	r0, .L68
 845 0078 FFF7FEFF 		bl	HAL_TIM_PWM_ConfigChannel
 846              	.LVL48:
 198:Core/Src/tim.c ****   {
 847              		.loc 1 198 6 discriminator 1 view .LVU262
 848 007c A0B9     		cbnz	r0, .L67
 849              	.L60:
 205:Core/Src/tim.c **** 
 850              		.loc 1 205 3 is_stmt 1 view .LVU263
 851 007e 0C48     		ldr	r0, .L68
 852 0080 FFF7FEFF 		bl	HAL_TIM_MspPostInit
 853              	.LVL49:
 207:Core/Src/tim.c **** 
 854              		.loc 1 207 1 is_stmt 0 view .LVU264
 855 0084 0BB0     		add	sp, sp, #44
 856              		.cfi_remember_state
 857              		.cfi_def_cfa_offset 4
 858              		@ sp needed
 859 0086 5DF804FB 		ldr	pc, [sp], #4
 860              	.L62:
 861              		.cfi_restore_state
 174:Core/Src/tim.c ****   }
 862              		.loc 1 174 5 is_stmt 1 view .LVU265
 863 008a FFF7FEFF 		bl	Error_Handler
 864              	.LVL50:
 865 008e D0E7     		b	.L55
 866              	.L63:
 180:Core/Src/tim.c ****   }
 867              		.loc 1 180 5 view .LVU266
 868 0090 FFF7FEFF 		bl	Error_Handler
 869              	.LVL51:
 870 0094 D5E7     		b	.L56
 871              	.L64:
 188:Core/Src/tim.c ****   }
 872              		.loc 1 188 5 view .LVU267
 873 0096 FFF7FEFF 		bl	Error_Handler
 874              	.LVL52:
 875 009a DDE7     		b	.L57
 876              	.L65:
 192:Core/Src/tim.c ****   }
 877              		.loc 1 192 5 view .LVU268
 878 009c FFF7FEFF 		bl	Error_Handler
 879              	.LVL53:
 880 00a0 E1E7     		b	.L58
 881              	.L66:
 196:Core/Src/tim.c ****   }
 882              		.loc 1 196 5 view .LVU269
 883 00a2 FFF7FEFF 		bl	Error_Handler
ARM GAS  C:\Users\alireza\AppData\Local\Temp\ccY5BYjz.s 			page 25


 884              	.LVL54:
 885 00a6 E4E7     		b	.L59
 886              	.L67:
 200:Core/Src/tim.c ****   }
 887              		.loc 1 200 5 view .LVU270
 888 00a8 FFF7FEFF 		bl	Error_Handler
 889              	.LVL55:
 890 00ac E7E7     		b	.L60
 891              	.L69:
 892 00ae 00BF     		.align	2
 893              	.L68:
 894 00b0 00000000 		.word	htim3
 895 00b4 00040040 		.word	1073742848
 896              		.cfi_endproc
 897              	.LFE222:
 899              		.section	.text.HAL_TIM_PWM_MspDeInit,"ax",%progbits
 900              		.align	1
 901              		.global	HAL_TIM_PWM_MspDeInit
 902              		.syntax unified
 903              		.thumb
 904              		.thumb_func
 906              	HAL_TIM_PWM_MspDeInit:
 907              	.LVL56:
 908              	.LFB226:
 311:Core/Src/tim.c **** 
 312:Core/Src/tim.c **** void HAL_TIM_PWM_MspDeInit(TIM_HandleTypeDef* tim_pwmHandle)
 313:Core/Src/tim.c **** {
 909              		.loc 1 313 1 view -0
 910              		.cfi_startproc
 911              		@ args = 0, pretend = 0, frame = 0
 912              		@ frame_needed = 0, uses_anonymous_args = 0
 913              		.loc 1 313 1 is_stmt 0 view .LVU272
 914 0000 08B5     		push	{r3, lr}
 915              		.cfi_def_cfa_offset 8
 916              		.cfi_offset 3, -8
 917              		.cfi_offset 14, -4
 314:Core/Src/tim.c **** 
 315:Core/Src/tim.c ****   if(tim_pwmHandle->Instance==TIM1)
 918              		.loc 1 315 3 is_stmt 1 view .LVU273
 919              		.loc 1 315 19 is_stmt 0 view .LVU274
 920 0002 0368     		ldr	r3, [r0]
 921              		.loc 1 315 5 view .LVU275
 922 0004 0B4A     		ldr	r2, .L76
 923 0006 9342     		cmp	r3, r2
 924 0008 03D0     		beq	.L74
 316:Core/Src/tim.c ****   {
 317:Core/Src/tim.c ****   /* USER CODE BEGIN TIM1_MspDeInit 0 */
 318:Core/Src/tim.c **** 
 319:Core/Src/tim.c ****   /* USER CODE END TIM1_MspDeInit 0 */
 320:Core/Src/tim.c ****     /* Peripheral clock disable */
 321:Core/Src/tim.c ****     __HAL_RCC_TIM1_CLK_DISABLE();
 322:Core/Src/tim.c **** 
 323:Core/Src/tim.c ****     /* TIM1 interrupt Deinit */
 324:Core/Src/tim.c ****     HAL_NVIC_DisableIRQ(TIM1_TRG_COM_TIM11_IRQn);
 325:Core/Src/tim.c ****   /* USER CODE BEGIN TIM1_MspDeInit 1 */
 326:Core/Src/tim.c **** 
 327:Core/Src/tim.c ****   /* USER CODE END TIM1_MspDeInit 1 */
ARM GAS  C:\Users\alireza\AppData\Local\Temp\ccY5BYjz.s 			page 26


 328:Core/Src/tim.c ****   }
 329:Core/Src/tim.c ****   else if(tim_pwmHandle->Instance==TIM3)
 925              		.loc 1 329 8 is_stmt 1 view .LVU276
 926              		.loc 1 329 10 is_stmt 0 view .LVU277
 927 000a 0B4A     		ldr	r2, .L76+4
 928 000c 9342     		cmp	r3, r2
 929 000e 0AD0     		beq	.L75
 930              	.LVL57:
 931              	.L70:
 330:Core/Src/tim.c ****   {
 331:Core/Src/tim.c ****   /* USER CODE BEGIN TIM3_MspDeInit 0 */
 332:Core/Src/tim.c **** 
 333:Core/Src/tim.c ****   /* USER CODE END TIM3_MspDeInit 0 */
 334:Core/Src/tim.c ****     /* Peripheral clock disable */
 335:Core/Src/tim.c ****     __HAL_RCC_TIM3_CLK_DISABLE();
 336:Core/Src/tim.c ****   /* USER CODE BEGIN TIM3_MspDeInit 1 */
 337:Core/Src/tim.c **** 
 338:Core/Src/tim.c ****   /* USER CODE END TIM3_MspDeInit 1 */
 339:Core/Src/tim.c ****   }
 340:Core/Src/tim.c **** }
 932              		.loc 1 340 1 view .LVU278
 933 0010 08BD     		pop	{r3, pc}
 934              	.LVL58:
 935              	.L74:
 321:Core/Src/tim.c **** 
 936              		.loc 1 321 5 is_stmt 1 view .LVU279
 937 0012 02F59C32 		add	r2, r2, #79872
 938 0016 536C     		ldr	r3, [r2, #68]
 939 0018 23F00103 		bic	r3, r3, #1
 940 001c 5364     		str	r3, [r2, #68]
 324:Core/Src/tim.c ****   /* USER CODE BEGIN TIM1_MspDeInit 1 */
 941              		.loc 1 324 5 view .LVU280
 942 001e 1A20     		movs	r0, #26
 943              	.LVL59:
 324:Core/Src/tim.c ****   /* USER CODE BEGIN TIM1_MspDeInit 1 */
 944              		.loc 1 324 5 is_stmt 0 view .LVU281
 945 0020 FFF7FEFF 		bl	HAL_NVIC_DisableIRQ
 946              	.LVL60:
 947 0024 F4E7     		b	.L70
 948              	.LVL61:
 949              	.L75:
 335:Core/Src/tim.c ****   /* USER CODE BEGIN TIM3_MspDeInit 1 */
 950              		.loc 1 335 5 is_stmt 1 view .LVU282
 951 0026 02F50D32 		add	r2, r2, #144384
 952 002a 136C     		ldr	r3, [r2, #64]
 953 002c 23F00203 		bic	r3, r3, #2
 954 0030 1364     		str	r3, [r2, #64]
 955              		.loc 1 340 1 is_stmt 0 view .LVU283
 956 0032 EDE7     		b	.L70
 957              	.L77:
 958              		.align	2
 959              	.L76:
 960 0034 00000140 		.word	1073807360
 961 0038 00040040 		.word	1073742848
 962              		.cfi_endproc
 963              	.LFE226:
 965              		.section	.text.HAL_TIM_Base_MspDeInit,"ax",%progbits
ARM GAS  C:\Users\alireza\AppData\Local\Temp\ccY5BYjz.s 			page 27


 966              		.align	1
 967              		.global	HAL_TIM_Base_MspDeInit
 968              		.syntax unified
 969              		.thumb
 970              		.thumb_func
 972              	HAL_TIM_Base_MspDeInit:
 973              	.LVL62:
 974              	.LFB227:
 341:Core/Src/tim.c **** 
 342:Core/Src/tim.c **** void HAL_TIM_Base_MspDeInit(TIM_HandleTypeDef* tim_baseHandle)
 343:Core/Src/tim.c **** {
 975              		.loc 1 343 1 is_stmt 1 view -0
 976              		.cfi_startproc
 977              		@ args = 0, pretend = 0, frame = 0
 978              		@ frame_needed = 0, uses_anonymous_args = 0
 979              		.loc 1 343 1 is_stmt 0 view .LVU285
 980 0000 08B5     		push	{r3, lr}
 981              		.cfi_def_cfa_offset 8
 982              		.cfi_offset 3, -8
 983              		.cfi_offset 14, -4
 344:Core/Src/tim.c **** 
 345:Core/Src/tim.c ****   if(tim_baseHandle->Instance==TIM2)
 984              		.loc 1 345 3 is_stmt 1 view .LVU286
 985              		.loc 1 345 20 is_stmt 0 view .LVU287
 986 0002 0368     		ldr	r3, [r0]
 987              		.loc 1 345 5 view .LVU288
 988 0004 B3F1804F 		cmp	r3, #1073741824
 989 0008 00D0     		beq	.L81
 990              	.LVL63:
 991              	.L78:
 346:Core/Src/tim.c ****   {
 347:Core/Src/tim.c ****   /* USER CODE BEGIN TIM2_MspDeInit 0 */
 348:Core/Src/tim.c **** 
 349:Core/Src/tim.c ****   /* USER CODE END TIM2_MspDeInit 0 */
 350:Core/Src/tim.c ****     /* Peripheral clock disable */
 351:Core/Src/tim.c ****     __HAL_RCC_TIM2_CLK_DISABLE();
 352:Core/Src/tim.c **** 
 353:Core/Src/tim.c ****     /* TIM2 interrupt Deinit */
 354:Core/Src/tim.c ****     HAL_NVIC_DisableIRQ(TIM2_IRQn);
 355:Core/Src/tim.c ****   /* USER CODE BEGIN TIM2_MspDeInit 1 */
 356:Core/Src/tim.c **** 
 357:Core/Src/tim.c ****   /* USER CODE END TIM2_MspDeInit 1 */
 358:Core/Src/tim.c ****   }
 359:Core/Src/tim.c **** }
 992              		.loc 1 359 1 view .LVU289
 993 000a 08BD     		pop	{r3, pc}
 994              	.LVL64:
 995              	.L81:
 351:Core/Src/tim.c **** 
 996              		.loc 1 351 5 is_stmt 1 view .LVU290
 997 000c 044A     		ldr	r2, .L82
 998 000e 136C     		ldr	r3, [r2, #64]
 999 0010 23F00103 		bic	r3, r3, #1
 1000 0014 1364     		str	r3, [r2, #64]
 354:Core/Src/tim.c ****   /* USER CODE BEGIN TIM2_MspDeInit 1 */
 1001              		.loc 1 354 5 view .LVU291
 1002 0016 1C20     		movs	r0, #28
ARM GAS  C:\Users\alireza\AppData\Local\Temp\ccY5BYjz.s 			page 28


 1003              	.LVL65:
 354:Core/Src/tim.c ****   /* USER CODE BEGIN TIM2_MspDeInit 1 */
 1004              		.loc 1 354 5 is_stmt 0 view .LVU292
 1005 0018 FFF7FEFF 		bl	HAL_NVIC_DisableIRQ
 1006              	.LVL66:
 1007              		.loc 1 359 1 view .LVU293
 1008 001c F5E7     		b	.L78
 1009              	.L83:
 1010 001e 00BF     		.align	2
 1011              	.L82:
 1012 0020 00380240 		.word	1073887232
 1013              		.cfi_endproc
 1014              	.LFE227:
 1016              		.global	htim3
 1017              		.section	.bss.htim3,"aw",%nobits
 1018              		.align	2
 1021              	htim3:
 1022 0000 00000000 		.space	72
 1022      00000000 
 1022      00000000 
 1022      00000000 
 1022      00000000 
 1023              		.global	htim2
 1024              		.section	.bss.htim2,"aw",%nobits
 1025              		.align	2
 1028              	htim2:
 1029 0000 00000000 		.space	72
 1029      00000000 
 1029      00000000 
 1029      00000000 
 1029      00000000 
 1030              		.global	htim1
 1031              		.section	.bss.htim1,"aw",%nobits
 1032              		.align	2
 1035              	htim1:
 1036 0000 00000000 		.space	72
 1036      00000000 
 1036      00000000 
 1036      00000000 
 1036      00000000 
 1037              		.text
 1038              	.Letext0:
 1039              		.file 2 "Drivers/CMSIS/Device/ST/STM32F4xx/Include/stm32f401xc.h"
 1040              		.file 3 "C:/Users/alireza/AppData/Roaming/Code/User/globalStorage/bmd.stm32-for-vscode/@xpack-dev-
 1041              		.file 4 "C:/Users/alireza/AppData/Roaming/Code/User/globalStorage/bmd.stm32-for-vscode/@xpack-dev-
 1042              		.file 5 "Drivers/STM32F4xx_HAL_Driver/Inc/stm32f4xx_hal_def.h"
 1043              		.file 6 "Drivers/STM32F4xx_HAL_Driver/Inc/stm32f4xx_hal_gpio.h"
 1044              		.file 7 "Drivers/STM32F4xx_HAL_Driver/Inc/stm32f4xx_hal_dma.h"
 1045              		.file 8 "Drivers/STM32F4xx_HAL_Driver/Inc/stm32f4xx_hal_tim.h"
 1046              		.file 9 "Core/Inc/tim.h"
 1047              		.file 10 "Drivers/STM32F4xx_HAL_Driver/Inc/stm32f4xx_hal_cortex.h"
 1048              		.file 11 "Drivers/STM32F4xx_HAL_Driver/Inc/stm32f4xx_hal_tim_ex.h"
 1049              		.file 12 "Core/Inc/main.h"
 1050              		.file 13 "<built-in>"
ARM GAS  C:\Users\alireza\AppData\Local\Temp\ccY5BYjz.s 			page 29


DEFINED SYMBOLS
                            *ABS*:00000000 tim.c
C:\Users\alireza\AppData\Local\Temp\ccY5BYjz.s:21     .text.MX_TIM2_Init:00000000 $t
C:\Users\alireza\AppData\Local\Temp\ccY5BYjz.s:27     .text.MX_TIM2_Init:00000000 MX_TIM2_Init
C:\Users\alireza\AppData\Local\Temp\ccY5BYjz.s:182    .text.MX_TIM2_Init:000000a0 $d
C:\Users\alireza\AppData\Local\Temp\ccY5BYjz.s:1028   .bss.htim2:00000000 htim2
C:\Users\alireza\AppData\Local\Temp\ccY5BYjz.s:187    .text.HAL_TIM_PWM_MspInit:00000000 $t
C:\Users\alireza\AppData\Local\Temp\ccY5BYjz.s:193    .text.HAL_TIM_PWM_MspInit:00000000 HAL_TIM_PWM_MspInit
C:\Users\alireza\AppData\Local\Temp\ccY5BYjz.s:284    .text.HAL_TIM_PWM_MspInit:0000005c $d
C:\Users\alireza\AppData\Local\Temp\ccY5BYjz.s:291    .text.HAL_TIM_Base_MspInit:00000000 $t
C:\Users\alireza\AppData\Local\Temp\ccY5BYjz.s:297    .text.HAL_TIM_Base_MspInit:00000000 HAL_TIM_Base_MspInit
C:\Users\alireza\AppData\Local\Temp\ccY5BYjz.s:356    .text.HAL_TIM_MspPostInit:00000000 $t
C:\Users\alireza\AppData\Local\Temp\ccY5BYjz.s:362    .text.HAL_TIM_MspPostInit:00000000 HAL_TIM_MspPostInit
C:\Users\alireza\AppData\Local\Temp\ccY5BYjz.s:491    .text.HAL_TIM_MspPostInit:00000084 $d
C:\Users\alireza\AppData\Local\Temp\ccY5BYjz.s:500    .text.MX_TIM1_Init:00000000 $t
C:\Users\alireza\AppData\Local\Temp\ccY5BYjz.s:506    .text.MX_TIM1_Init:00000000 MX_TIM1_Init
C:\Users\alireza\AppData\Local\Temp\ccY5BYjz.s:716    .text.MX_TIM1_Init:000000d4 $d
C:\Users\alireza\AppData\Local\Temp\ccY5BYjz.s:1035   .bss.htim1:00000000 htim1
C:\Users\alireza\AppData\Local\Temp\ccY5BYjz.s:722    .text.MX_TIM3_Init:00000000 $t
C:\Users\alireza\AppData\Local\Temp\ccY5BYjz.s:728    .text.MX_TIM3_Init:00000000 MX_TIM3_Init
C:\Users\alireza\AppData\Local\Temp\ccY5BYjz.s:894    .text.MX_TIM3_Init:000000b0 $d
C:\Users\alireza\AppData\Local\Temp\ccY5BYjz.s:1021   .bss.htim3:00000000 htim3
C:\Users\alireza\AppData\Local\Temp\ccY5BYjz.s:900    .text.HAL_TIM_PWM_MspDeInit:00000000 $t
C:\Users\alireza\AppData\Local\Temp\ccY5BYjz.s:906    .text.HAL_TIM_PWM_MspDeInit:00000000 HAL_TIM_PWM_MspDeInit
C:\Users\alireza\AppData\Local\Temp\ccY5BYjz.s:960    .text.HAL_TIM_PWM_MspDeInit:00000034 $d
C:\Users\alireza\AppData\Local\Temp\ccY5BYjz.s:966    .text.HAL_TIM_Base_MspDeInit:00000000 $t
C:\Users\alireza\AppData\Local\Temp\ccY5BYjz.s:972    .text.HAL_TIM_Base_MspDeInit:00000000 HAL_TIM_Base_MspDeInit
C:\Users\alireza\AppData\Local\Temp\ccY5BYjz.s:1012   .text.HAL_TIM_Base_MspDeInit:00000020 $d
C:\Users\alireza\AppData\Local\Temp\ccY5BYjz.s:1018   .bss.htim3:00000000 $d
C:\Users\alireza\AppData\Local\Temp\ccY5BYjz.s:1025   .bss.htim2:00000000 $d
C:\Users\alireza\AppData\Local\Temp\ccY5BYjz.s:1032   .bss.htim1:00000000 $d

UNDEFINED SYMBOLS
HAL_TIM_Base_Init
HAL_TIM_ConfigClockSource
HAL_TIM_OC_Init
HAL_TIMEx_MasterConfigSynchronization
HAL_TIM_OC_ConfigChannel
Error_Handler
HAL_NVIC_SetPriority
HAL_NVIC_EnableIRQ
HAL_GPIO_Init
memset
HAL_TIM_PWM_Init
HAL_TIM_PWM_ConfigChannel
HAL_TIMEx_ConfigBreakDeadTime
HAL_NVIC_DisableIRQ
