ARM GAS  C:\Users\alireza\AppData\Local\Temp\cceMtoeH.s 			page 1


   1              		.cpu cortex-m4
   2              		.arch armv7e-m
   3              		.fpu fpv4-sp-d16
   4              		.eabi_attribute 27, 1
   5              		.eabi_attribute 28, 1
   6              		.eabi_attribute 20, 1
   7              		.eabi_attribute 21, 1
   8              		.eabi_attribute 23, 3
   9              		.eabi_attribute 24, 1
  10              		.eabi_attribute 25, 1
  11              		.eabi_attribute 26, 1
  12              		.eabi_attribute 30, 1
  13              		.eabi_attribute 34, 1
  14              		.eabi_attribute 18, 4
  15              		.file	"timing.c"
  16              		.text
  17              	.Ltext0:
  18              		.cfi_sections	.debug_frame
  19              		.file 1 "controller/utils/timing.c"
  20              		.section	.text.controller_timing_start,"ax",%progbits
  21              		.align	1
  22              		.global	controller_timing_start
  23              		.syntax unified
  24              		.thumb
  25              		.thumb_func
  27              	controller_timing_start:
  28              	.LVL0:
  29              	.LFB220:
   1:controller/utils/timing.c **** #include "timing.h"
   2:controller/utils/timing.c **** 
   3:controller/utils/timing.c **** TIM_HandleTypeDef *timer = NULL;
   4:controller/utils/timing.c **** static scheduler_event_s event_queue[SCHEDULER_MAX_EVENTS];
   5:controller/utils/timing.c **** 
   6:controller/utils/timing.c **** void update_next_event(void);
   7:controller/utils/timing.c **** 
   8:controller/utils/timing.c **** void controller_timing_start(TIM_HandleTypeDef *htim)
   9:controller/utils/timing.c **** {
  30              		.loc 1 9 1 view -0
  31              		.cfi_startproc
  32              		@ args = 0, pretend = 0, frame = 0
  33              		@ frame_needed = 0, uses_anonymous_args = 0
  10:controller/utils/timing.c ****     if (htim == NULL)
  34              		.loc 1 10 5 view .LVU1
  35              		.loc 1 10 8 is_stmt 0 view .LVU2
  36 0000 20B3     		cbz	r0, .L6
   9:controller/utils/timing.c ****     if (htim == NULL)
  37              		.loc 1 9 1 view .LVU3
  38 0002 10B5     		push	{r4, lr}
  39              		.cfi_def_cfa_offset 8
  40              		.cfi_offset 4, -8
  41              		.cfi_offset 14, -4
  11:controller/utils/timing.c ****     {
  12:controller/utils/timing.c ****         /**
  13:controller/utils/timing.c ****          * @todo throw an error
  14:controller/utils/timing.c ****          */
  15:controller/utils/timing.c ****         return;
  16:controller/utils/timing.c ****     }
ARM GAS  C:\Users\alireza\AppData\Local\Temp\cceMtoeH.s 			page 2


  17:controller/utils/timing.c ****     timer = htim;
  42              		.loc 1 17 5 is_stmt 1 view .LVU4
  43              		.loc 1 17 11 is_stmt 0 view .LVU5
  44 0004 124C     		ldr	r4, .L10
  45 0006 2060     		str	r0, [r4]
  18:controller/utils/timing.c ****     
  19:controller/utils/timing.c ****     /**
  20:controller/utils/timing.c ****      * This assumes that sys clock is the same as timer clock
  21:controller/utils/timing.c ****      */
  22:controller/utils/timing.c ****     timer->Instance->PSC = (HAL_RCC_GetSysClockFreq() / 1000000UL) - 1;
  46              		.loc 1 22 5 is_stmt 1 view .LVU6
  47              		.loc 1 22 29 is_stmt 0 view .LVU7
  48 0008 FFF7FEFF 		bl	HAL_RCC_GetSysClockFreq
  49              	.LVL1:
  50              		.loc 1 22 55 discriminator 1 view .LVU8
  51 000c 114B     		ldr	r3, .L10+4
  52 000e A3FB0023 		umull	r2, r3, r3, r0
  53 0012 9B0C     		lsrs	r3, r3, #18
  54              		.loc 1 22 10 discriminator 1 view .LVU9
  55 0014 2068     		ldr	r0, [r4]
  56 0016 0268     		ldr	r2, [r0]
  57              		.loc 1 22 68 discriminator 1 view .LVU10
  58 0018 013B     		subs	r3, r3, #1
  59              		.loc 1 22 26 discriminator 1 view .LVU11
  60 001a 9362     		str	r3, [r2, #40]
  23:controller/utils/timing.c ****     //timer->Instance->ARR = 100000;
  24:controller/utils/timing.c ****     timer->Instance->EGR |= TIM_EGR_UG;  // Force an update event → immediately reloads PSC
  61              		.loc 1 24 5 is_stmt 1 view .LVU12
  62              		.loc 1 24 10 is_stmt 0 view .LVU13
  63 001c 0268     		ldr	r2, [r0]
  64              		.loc 1 24 20 view .LVU14
  65 001e 5369     		ldr	r3, [r2, #20]
  66              		.loc 1 24 26 view .LVU15
  67 0020 43F00103 		orr	r3, r3, #1
  68 0024 5361     		str	r3, [r2, #20]
  25:controller/utils/timing.c **** 
  26:controller/utils/timing.c ****     HAL_TIM_Base_Start_IT(timer);
  69              		.loc 1 26 5 is_stmt 1 view .LVU16
  70 0026 FFF7FEFF 		bl	HAL_TIM_Base_Start_IT
  71              	.LVL2:
  27:controller/utils/timing.c ****     HAL_TIM_OC_Start_IT(timer, TIM_CHANNEL_1);    
  72              		.loc 1 27 5 view .LVU17
  73 002a 0021     		movs	r1, #0
  74 002c 2068     		ldr	r0, [r4]
  75 002e FFF7FEFF 		bl	HAL_TIM_OC_Start_IT
  76              	.LVL3:
  28:controller/utils/timing.c **** 
  29:controller/utils/timing.c ****     for (size_t i = 0; i < SCHEDULER_MAX_EVENTS; i++)
  77              		.loc 1 29 5 view .LVU18
  78              	.LBB2:
  79              		.loc 1 29 10 view .LVU19
  80              		.loc 1 29 17 is_stmt 0 view .LVU20
  81 0032 0023     		movs	r3, #0
  82              	.LVL4:
  83              	.L3:
  84              		.loc 1 29 26 is_stmt 1 discriminator 1 view .LVU21
  85 0034 312B     		cmp	r3, #49
ARM GAS  C:\Users\alireza\AppData\Local\Temp\cceMtoeH.s 			page 3


  86 0036 08D8     		bhi	.L9
  30:controller/utils/timing.c ****     {
  31:controller/utils/timing.c ****         event_queue[i].state = EVENT_STATE_INACTIVE;
  87              		.loc 1 31 9 view .LVU22
  88              		.loc 1 31 30 is_stmt 0 view .LVU23
  89 0038 03EB8301 		add	r1, r3, r3, lsl #2
  90 003c 064A     		ldr	r2, .L10+8
  91 003e 02EB8102 		add	r2, r2, r1, lsl #2
  92 0042 0021     		movs	r1, #0
  93 0044 1174     		strb	r1, [r2, #16]
  29:controller/utils/timing.c ****     {
  94              		.loc 1 29 51 is_stmt 1 discriminator 3 view .LVU24
  95 0046 0133     		adds	r3, r3, #1
  96              	.LVL5:
  29:controller/utils/timing.c ****     {
  97              		.loc 1 29 51 is_stmt 0 discriminator 3 view .LVU25
  98 0048 F4E7     		b	.L3
  99              	.LVL6:
 100              	.L9:
  29:controller/utils/timing.c ****     {
 101              		.loc 1 29 51 discriminator 3 view .LVU26
 102              	.LBE2:
  32:controller/utils/timing.c ****     }
  33:controller/utils/timing.c ****     
  34:controller/utils/timing.c **** }
 103              		.loc 1 34 1 view .LVU27
 104 004a 10BD     		pop	{r4, pc}
 105              	.LVL7:
 106              	.L6:
 107              		.cfi_def_cfa_offset 0
 108              		.cfi_restore 4
 109              		.cfi_restore 14
 110              		.loc 1 34 1 view .LVU28
 111 004c 7047     		bx	lr
 112              	.L11:
 113 004e 00BF     		.align	2
 114              	.L10:
 115 0050 00000000 		.word	timer
 116 0054 83DE1B43 		.word	1125899907
 117 0058 00000000 		.word	event_queue
 118              		.cfi_endproc
 119              	.LFE220:
 121              		.section	.text.get_time_us,"ax",%progbits
 122              		.align	1
 123              		.global	get_time_us
 124              		.syntax unified
 125              		.thumb
 126              		.thumb_func
 128              	get_time_us:
 129              	.LFB221:
  35:controller/utils/timing.c **** 
  36:controller/utils/timing.c **** time_us_t get_time_us(void)
  37:controller/utils/timing.c **** {
 130              		.loc 1 37 1 is_stmt 1 view -0
 131              		.cfi_startproc
 132              		@ args = 0, pretend = 0, frame = 0
 133              		@ frame_needed = 0, uses_anonymous_args = 0
ARM GAS  C:\Users\alireza\AppData\Local\Temp\cceMtoeH.s 			page 4


 134              		@ link register save eliminated.
  38:controller/utils/timing.c ****     return timer->Instance->CNT;
 135              		.loc 1 38 5 view .LVU30
 136              		.loc 1 38 17 is_stmt 0 view .LVU31
 137 0000 024B     		ldr	r3, .L13
 138 0002 1B68     		ldr	r3, [r3]
 139 0004 1B68     		ldr	r3, [r3]
 140              		.loc 1 38 27 view .LVU32
 141 0006 586A     		ldr	r0, [r3, #36]
  39:controller/utils/timing.c **** }
 142              		.loc 1 39 1 view .LVU33
 143 0008 7047     		bx	lr
 144              	.L14:
 145 000a 00BF     		.align	2
 146              	.L13:
 147 000c 00000000 		.word	timer
 148              		.cfi_endproc
 149              	.LFE221:
 151              		.section	.text.get_time_ms,"ax",%progbits
 152              		.align	1
 153              		.global	get_time_ms
 154              		.syntax unified
 155              		.thumb
 156              		.thumb_func
 158              	get_time_ms:
 159              	.LFB222:
  40:controller/utils/timing.c **** 
  41:controller/utils/timing.c **** time_ms_t get_time_ms(void)
  42:controller/utils/timing.c **** {
 160              		.loc 1 42 1 is_stmt 1 view -0
 161              		.cfi_startproc
 162              		@ args = 0, pretend = 0, frame = 0
 163              		@ frame_needed = 0, uses_anonymous_args = 0
 164              		@ link register save eliminated.
  43:controller/utils/timing.c ****     return timer->Instance->CNT / 1000U;
 165              		.loc 1 43 5 view .LVU35
 166              		.loc 1 43 17 is_stmt 0 view .LVU36
 167 0000 044B     		ldr	r3, .L16
 168 0002 1B68     		ldr	r3, [r3]
 169 0004 1B68     		ldr	r3, [r3]
 170              		.loc 1 43 27 view .LVU37
 171 0006 586A     		ldr	r0, [r3, #36]
 172              		.loc 1 43 33 view .LVU38
 173 0008 034B     		ldr	r3, .L16+4
 174 000a A3FB0030 		umull	r3, r0, r3, r0
  44:controller/utils/timing.c **** }
 175              		.loc 1 44 1 view .LVU39
 176 000e 8009     		lsrs	r0, r0, #6
 177 0010 7047     		bx	lr
 178              	.L17:
 179 0012 00BF     		.align	2
 180              	.L16:
 181 0014 00000000 		.word	timer
 182 0018 D34D6210 		.word	274877907
 183              		.cfi_endproc
 184              	.LFE222:
 186              		.section	.text.update_next_event,"ax",%progbits
ARM GAS  C:\Users\alireza\AppData\Local\Temp\cceMtoeH.s 			page 5


 187              		.align	1
 188              		.global	update_next_event
 189              		.syntax unified
 190              		.thumb
 191              		.thumb_func
 193              	update_next_event:
 194              	.LFB223:
  45:controller/utils/timing.c **** 
  46:controller/utils/timing.c **** void update_next_event(void)
  47:controller/utils/timing.c **** {
 195              		.loc 1 47 1 is_stmt 1 view -0
 196              		.cfi_startproc
 197              		@ args = 0, pretend = 0, frame = 0
 198              		@ frame_needed = 0, uses_anonymous_args = 0
 199              		@ link register save eliminated.
 200 0000 10B4     		push	{r4}
 201              		.cfi_def_cfa_offset 4
 202              		.cfi_offset 4, -4
  48:controller/utils/timing.c ****     time_us_t nearest_time = 0xFFFFFFFF;
 203              		.loc 1 48 5 view .LVU41
 204              	.LVL8:
  49:controller/utils/timing.c ****     bool found = false;
 205              		.loc 1 49 5 view .LVU42
  50:controller/utils/timing.c **** 
  51:controller/utils/timing.c ****     for (size_t i = 0; i < SCHEDULER_MAX_EVENTS; i++)
 206              		.loc 1 51 5 view .LVU43
 207              	.LBB3:
 208              		.loc 1 51 10 view .LVU44
 209              		.loc 1 51 17 is_stmt 0 view .LVU45
 210 0002 0023     		movs	r3, #0
 211              	.LBE3:
  49:controller/utils/timing.c ****     bool found = false;
 212              		.loc 1 49 10 view .LVU46
 213 0004 1846     		mov	r0, r3
  48:controller/utils/timing.c ****     bool found = false;
 214              		.loc 1 48 15 view .LVU47
 215 0006 4FF0FF34 		mov	r4, #-1
 216              	.LBB4:
 217              		.loc 1 51 5 view .LVU48
 218 000a 06E0     		b	.L19
 219              	.LVL9:
 220              	.L21:
  52:controller/utils/timing.c ****     {
  53:controller/utils/timing.c ****         if (event_queue[i].state != EVENT_STATE_PENDING) continue;
  54:controller/utils/timing.c ****         
  55:controller/utils/timing.c ****         /* This will handle wraparound safely aparantly, but i don't know how it works yet :( */
  56:controller/utils/timing.c ****         if (!found || (int32_t)(event_queue[i].timestamp_us - nearest_time) < 0)
  57:controller/utils/timing.c ****         {
  58:controller/utils/timing.c ****             found = true;
 221              		.loc 1 58 13 is_stmt 1 view .LVU49
  59:controller/utils/timing.c ****             nearest_time = event_queue[i].timestamp_us;
 222              		.loc 1 59 13 view .LVU50
 223              		.loc 1 59 26 is_stmt 0 view .LVU51
 224 000c 03EB8301 		add	r1, r3, r3, lsl #2
 225 0010 8A00     		lsls	r2, r1, #2
 226 0012 1049     		ldr	r1, .L26
 227 0014 8C58     		ldr	r4, [r1, r2]
ARM GAS  C:\Users\alireza\AppData\Local\Temp\cceMtoeH.s 			page 6


 228              	.LVL10:
  58:controller/utils/timing.c ****             nearest_time = event_queue[i].timestamp_us;
 229              		.loc 1 58 19 view .LVU52
 230 0016 0120     		movs	r0, #1
 231              	.LVL11:
 232              	.L20:
  51:controller/utils/timing.c ****     {
 233              		.loc 1 51 51 is_stmt 1 discriminator 2 view .LVU53
 234 0018 0133     		adds	r3, r3, #1
 235              	.LVL12:
 236              	.L19:
  51:controller/utils/timing.c ****     {
 237              		.loc 1 51 26 discriminator 1 view .LVU54
 238 001a 312B     		cmp	r3, #49
 239 001c 12D8     		bhi	.L25
  53:controller/utils/timing.c ****         
 240              		.loc 1 53 9 view .LVU55
  53:controller/utils/timing.c ****         
 241              		.loc 1 53 27 is_stmt 0 view .LVU56
 242 001e 03EB8302 		add	r2, r3, r3, lsl #2
 243 0022 9100     		lsls	r1, r2, #2
 244 0024 0B4A     		ldr	r2, .L26
 245 0026 0A44     		add	r2, r2, r1
 246 0028 127C     		ldrb	r2, [r2, #16]	@ zero_extendqisi2
  53:controller/utils/timing.c ****         
 247              		.loc 1 53 12 view .LVU57
 248 002a 012A     		cmp	r2, #1
 249 002c F4D1     		bne	.L20
  56:controller/utils/timing.c ****         {
 250              		.loc 1 56 9 is_stmt 1 view .LVU58
  56:controller/utils/timing.c ****         {
 251              		.loc 1 56 12 is_stmt 0 view .LVU59
 252 002e 0028     		cmp	r0, #0
 253 0030 ECD0     		beq	.L21
  56:controller/utils/timing.c ****         {
 254              		.loc 1 56 47 discriminator 1 view .LVU60
 255 0032 03EB8301 		add	r1, r3, r3, lsl #2
 256 0036 8A00     		lsls	r2, r1, #2
 257 0038 0649     		ldr	r1, .L26
 258 003a 8A58     		ldr	r2, [r1, r2]
  56:controller/utils/timing.c ****         {
 259              		.loc 1 56 61 discriminator 1 view .LVU61
 260 003c 121B     		subs	r2, r2, r4
  56:controller/utils/timing.c ****         {
 261              		.loc 1 56 20 discriminator 1 view .LVU62
 262 003e 002A     		cmp	r2, #0
 263 0040 EADA     		bge	.L20
 264 0042 E3E7     		b	.L21
 265              	.L25:
 266              	.LBE4:
  60:controller/utils/timing.c ****         }        
  61:controller/utils/timing.c ****     }
  62:controller/utils/timing.c **** 
  63:controller/utils/timing.c ****     if (found) {
 267              		.loc 1 63 5 is_stmt 1 view .LVU63
 268              		.loc 1 63 8 is_stmt 0 view .LVU64
 269 0044 18B1     		cbz	r0, .L18
ARM GAS  C:\Users\alireza\AppData\Local\Temp\cceMtoeH.s 			page 7


  64:controller/utils/timing.c ****         // Schedule next interrupt
  65:controller/utils/timing.c ****         timer->Instance->CCR1 = nearest_time;
 270              		.loc 1 65 9 is_stmt 1 view .LVU65
 271              		.loc 1 65 14 is_stmt 0 view .LVU66
 272 0046 044B     		ldr	r3, .L26+4
 273              	.LVL13:
 274              		.loc 1 65 14 view .LVU67
 275 0048 1B68     		ldr	r3, [r3]
 276 004a 1B68     		ldr	r3, [r3]
 277              		.loc 1 65 31 view .LVU68
 278 004c 5C63     		str	r4, [r3, #52]
  66:controller/utils/timing.c ****     } else {
  67:controller/utils/timing.c ****         // No pending events — disable future interrupts or set a dummy compare
  68:controller/utils/timing.c ****         /* Should i set a compare in the near future ?*/
  69:controller/utils/timing.c ****         //timer->Instance->CCR1 = 0xFFFFFFFF;
  70:controller/utils/timing.c ****     }
 279              		.loc 1 70 5 is_stmt 1 view .LVU69
 280              	.L18:
  71:controller/utils/timing.c **** }
 281              		.loc 1 71 1 is_stmt 0 view .LVU70
 282 004e 5DF8044B 		ldr	r4, [sp], #4
 283              		.cfi_restore 4
 284              		.cfi_def_cfa_offset 0
 285              	.LVL14:
 286              		.loc 1 71 1 view .LVU71
 287 0052 7047     		bx	lr
 288              	.L27:
 289              		.align	2
 290              	.L26:
 291 0054 00000000 		.word	event_queue
 292 0058 00000000 		.word	timer
 293              		.cfi_endproc
 294              	.LFE223:
 296              		.section	.text.scheduler_timer_callback,"ax",%progbits
 297              		.align	1
 298              		.global	scheduler_timer_callback
 299              		.syntax unified
 300              		.thumb
 301              		.thumb_func
 303              	scheduler_timer_callback:
 304              	.LFB224:
  72:controller/utils/timing.c **** 
  73:controller/utils/timing.c **** void scheduler_timer_callback()
  74:controller/utils/timing.c **** {
 305              		.loc 1 74 1 is_stmt 1 view -0
 306              		.cfi_startproc
 307              		@ args = 0, pretend = 0, frame = 0
 308              		@ frame_needed = 0, uses_anonymous_args = 0
 309 0000 38B5     		push	{r3, r4, r5, lr}
 310              		.cfi_def_cfa_offset 16
 311              		.cfi_offset 3, -16
 312              		.cfi_offset 4, -12
 313              		.cfi_offset 5, -8
 314              		.cfi_offset 14, -4
  75:controller/utils/timing.c ****     // Exit early if this wasn't a CCR1 match
  76:controller/utils/timing.c ****     if (!(timer->Instance->SR & TIM_SR_CC1IF))
 315              		.loc 1 76 5 view .LVU73
ARM GAS  C:\Users\alireza\AppData\Local\Temp\cceMtoeH.s 			page 8


 316              		.loc 1 76 16 is_stmt 0 view .LVU74
 317 0002 234B     		ldr	r3, .L37
 318 0004 1A68     		ldr	r2, [r3]
 319 0006 1368     		ldr	r3, [r2]
 320              		.loc 1 76 26 view .LVU75
 321 0008 1969     		ldr	r1, [r3, #16]
 322              		.loc 1 76 8 view .LVU76
 323 000a 11F0020F 		tst	r1, #2
 324 000e 3ED0     		beq	.L28
  77:controller/utils/timing.c ****     {
  78:controller/utils/timing.c ****         return;
  79:controller/utils/timing.c ****     }
  80:controller/utils/timing.c **** 
  81:controller/utils/timing.c ****     timer->Instance->SR &= ~TIM_SR_CC1IF;  // Clear the compare match flag
 325              		.loc 1 81 5 is_stmt 1 view .LVU77
 326              		.loc 1 81 20 is_stmt 0 view .LVU78
 327 0010 1969     		ldr	r1, [r3, #16]
 328              		.loc 1 81 25 view .LVU79
 329 0012 21F00201 		bic	r1, r1, #2
 330 0016 1961     		str	r1, [r3, #16]
  82:controller/utils/timing.c ****     time_us_t time_now_us = timer->Instance->CNT; // I have avoided the function call overhead here
 331              		.loc 1 82 5 is_stmt 1 view .LVU80
 332              		.loc 1 82 34 is_stmt 0 view .LVU81
 333 0018 1368     		ldr	r3, [r2]
 334              		.loc 1 82 15 view .LVU82
 335 001a 5D6A     		ldr	r5, [r3, #36]
 336              	.LVL15:
  83:controller/utils/timing.c **** 
  84:controller/utils/timing.c ****     for (int i = 0; i < SCHEDULER_MAX_EVENTS; i++) {
 337              		.loc 1 84 5 is_stmt 1 view .LVU83
 338              	.LBB5:
 339              		.loc 1 84 10 view .LVU84
 340              		.loc 1 84 14 is_stmt 0 view .LVU85
 341 001c 0024     		movs	r4, #0
 342              		.loc 1 84 5 view .LVU86
 343 001e 0EE0     		b	.L30
 344              	.LVL16:
 345              	.L32:
  85:controller/utils/timing.c ****         /* Continue searching if the current event is not pending*/
  86:controller/utils/timing.c ****         if (event_queue[i].state != EVENT_STATE_PENDING) continue;
  87:controller/utils/timing.c **** 
  88:controller/utils/timing.c ****         // Check if event is due (handles wraparound safely)
  89:controller/utils/timing.c ****         if ((int32_t)(time_now_us - event_queue[i].timestamp_us) < 0)
  90:controller/utils/timing.c ****             continue;
  91:controller/utils/timing.c **** 
  92:controller/utils/timing.c ****         event_queue[i].state = EVENT_STATE_ACTIVE;
  93:controller/utils/timing.c **** 
  94:controller/utils/timing.c ****         if (event_queue[i].uses_arg)
  95:controller/utils/timing.c ****         {
  96:controller/utils/timing.c ****             event_queue[i].callback_arg(event_queue[i].arg);
  97:controller/utils/timing.c ****         }
  98:controller/utils/timing.c ****         else
  99:controller/utils/timing.c ****         {
 100:controller/utils/timing.c ****             event_queue[i].callback_noarg();
 346              		.loc 1 100 13 is_stmt 1 view .LVU87
 347              		.loc 1 100 27 is_stmt 0 view .LVU88
 348 0020 04EB8403 		add	r3, r4, r4, lsl #2
ARM GAS  C:\Users\alireza\AppData\Local\Temp\cceMtoeH.s 			page 9


 349 0024 9A00     		lsls	r2, r3, #2
 350 0026 1B4B     		ldr	r3, .L37+4
 351 0028 1344     		add	r3, r3, r2
 352 002a 9B68     		ldr	r3, [r3, #8]
 353              		.loc 1 100 13 view .LVU89
 354 002c 9847     		blx	r3
 355              	.LVL17:
 356              	.L33:
 101:controller/utils/timing.c ****         }
 102:controller/utils/timing.c **** 
 103:controller/utils/timing.c ****         event_queue[i].state = EVENT_STATE_INACTIVE;
 357              		.loc 1 103 9 is_stmt 1 view .LVU90
 358              		.loc 1 103 30 is_stmt 0 view .LVU91
 359 002e 04EB8403 		add	r3, r4, r4, lsl #2
 360 0032 9A00     		lsls	r2, r3, #2
 361 0034 174B     		ldr	r3, .L37+4
 362 0036 1344     		add	r3, r3, r2
 363 0038 0022     		movs	r2, #0
 364 003a 1A74     		strb	r2, [r3, #16]
 365              	.L31:
  84:controller/utils/timing.c ****         /* Continue searching if the current event is not pending*/
 366              		.loc 1 84 48 is_stmt 1 discriminator 2 view .LVU92
 367 003c 0134     		adds	r4, r4, #1
 368              	.LVL18:
 369              	.L30:
  84:controller/utils/timing.c ****         /* Continue searching if the current event is not pending*/
 370              		.loc 1 84 23 discriminator 1 view .LVU93
 371 003e 312C     		cmp	r4, #49
 372 0040 23DC     		bgt	.L36
  86:controller/utils/timing.c **** 
 373              		.loc 1 86 9 view .LVU94
  86:controller/utils/timing.c **** 
 374              		.loc 1 86 27 is_stmt 0 view .LVU95
 375 0042 04EB8403 		add	r3, r4, r4, lsl #2
 376 0046 9A00     		lsls	r2, r3, #2
 377 0048 124B     		ldr	r3, .L37+4
 378 004a 1344     		add	r3, r3, r2
 379 004c 1B7C     		ldrb	r3, [r3, #16]	@ zero_extendqisi2
  86:controller/utils/timing.c **** 
 380              		.loc 1 86 12 view .LVU96
 381 004e 012B     		cmp	r3, #1
 382 0050 F4D1     		bne	.L31
  89:controller/utils/timing.c ****             continue;
 383              		.loc 1 89 9 is_stmt 1 view .LVU97
  89:controller/utils/timing.c ****             continue;
 384              		.loc 1 89 51 is_stmt 0 view .LVU98
 385 0052 04EB8402 		add	r2, r4, r4, lsl #2
 386 0056 9300     		lsls	r3, r2, #2
 387 0058 0E4A     		ldr	r2, .L37+4
 388 005a D358     		ldr	r3, [r2, r3]
  89:controller/utils/timing.c ****             continue;
 389              		.loc 1 89 35 view .LVU99
 390 005c EB1A     		subs	r3, r5, r3
  89:controller/utils/timing.c ****             continue;
 391              		.loc 1 89 12 view .LVU100
 392 005e 002B     		cmp	r3, #0
 393 0060 ECDB     		blt	.L31
ARM GAS  C:\Users\alireza\AppData\Local\Temp\cceMtoeH.s 			page 10


  92:controller/utils/timing.c **** 
 394              		.loc 1 92 9 is_stmt 1 view .LVU101
  92:controller/utils/timing.c **** 
 395              		.loc 1 92 30 is_stmt 0 view .LVU102
 396 0062 04EB8403 		add	r3, r4, r4, lsl #2
 397 0066 9A00     		lsls	r2, r3, #2
 398 0068 0A4B     		ldr	r3, .L37+4
 399 006a 1344     		add	r3, r3, r2
 400 006c 0222     		movs	r2, #2
 401 006e 1A74     		strb	r2, [r3, #16]
  94:controller/utils/timing.c ****         {
 402              		.loc 1 94 9 is_stmt 1 view .LVU103
  94:controller/utils/timing.c ****         {
 403              		.loc 1 94 27 is_stmt 0 view .LVU104
 404 0070 5B7C     		ldrb	r3, [r3, #17]	@ zero_extendqisi2
  94:controller/utils/timing.c ****         {
 405              		.loc 1 94 12 view .LVU105
 406 0072 002B     		cmp	r3, #0
 407 0074 D4D0     		beq	.L32
  96:controller/utils/timing.c ****         }
 408              		.loc 1 96 13 is_stmt 1 view .LVU106
  96:controller/utils/timing.c ****         }
 409              		.loc 1 96 27 is_stmt 0 view .LVU107
 410 0076 04EB8403 		add	r3, r4, r4, lsl #2
 411 007a 03FA02F2 		lsl	r2, r3, r2
 412 007e 054B     		ldr	r3, .L37+4
 413 0080 1344     		add	r3, r3, r2
 414 0082 5A68     		ldr	r2, [r3, #4]
  96:controller/utils/timing.c ****         }
 415              		.loc 1 96 13 view .LVU108
 416 0084 D868     		ldr	r0, [r3, #12]
 417 0086 9047     		blx	r2
 418              	.LVL19:
 419 0088 D1E7     		b	.L33
 420              	.L36:
  96:controller/utils/timing.c ****         }
 421              		.loc 1 96 13 view .LVU109
 422              	.LBE5:
 104:controller/utils/timing.c ****     }
 105:controller/utils/timing.c **** 
 106:controller/utils/timing.c ****     update_next_event();  // Schedule the next event
 423              		.loc 1 106 5 is_stmt 1 view .LVU110
 424 008a FFF7FEFF 		bl	update_next_event
 425              	.LVL20:
 426              	.L28:
 107:controller/utils/timing.c **** }
 427              		.loc 1 107 1 is_stmt 0 view .LVU111
 428 008e 38BD     		pop	{r3, r4, r5, pc}
 429              	.L38:
 430              		.align	2
 431              	.L37:
 432 0090 00000000 		.word	timer
 433 0094 00000000 		.word	event_queue
 434              		.cfi_endproc
 435              	.LFE224:
 437              		.section	.text.scheduler_schedule_event_with_arg,"ax",%progbits
 438              		.align	1
ARM GAS  C:\Users\alireza\AppData\Local\Temp\cceMtoeH.s 			page 11


 439              		.global	scheduler_schedule_event_with_arg
 440              		.syntax unified
 441              		.thumb
 442              		.thumb_func
 444              	scheduler_schedule_event_with_arg:
 445              	.LVL21:
 446              	.LFB225:
 108:controller/utils/timing.c **** 
 109:controller/utils/timing.c **** 
 110:controller/utils/timing.c **** bool scheduler_schedule_event_with_arg(time_us_t timestamp_us, void (*callback)(void *), void *arg)
 111:controller/utils/timing.c **** {
 447              		.loc 1 111 1 is_stmt 1 view -0
 448              		.cfi_startproc
 449              		@ args = 0, pretend = 0, frame = 0
 450              		@ frame_needed = 0, uses_anonymous_args = 0
 112:controller/utils/timing.c ****     if (callback == NULL) return false;
 451              		.loc 1 112 5 view .LVU113
 452              		.loc 1 112 8 is_stmt 0 view .LVU114
 453 0000 19B3     		cbz	r1, .L44
 111:controller/utils/timing.c ****     if (callback == NULL) return false;
 454              		.loc 1 111 1 view .LVU115
 455 0002 38B5     		push	{r3, r4, r5, lr}
 456              		.cfi_def_cfa_offset 16
 457              		.cfi_offset 3, -16
 458              		.cfi_offset 4, -12
 459              		.cfi_offset 5, -8
 460              		.cfi_offset 14, -4
 461 0004 0D46     		mov	r5, r1
 462              	.LBB6:
 113:controller/utils/timing.c **** 
 114:controller/utils/timing.c ****     for (size_t i = 0; i < SCHEDULER_MAX_EVENTS; i++) {
 463              		.loc 1 114 17 view .LVU116
 464 0006 0023     		movs	r3, #0
 465 0008 00E0     		b	.L41
 466              	.LVL22:
 467              	.L42:
 468              		.loc 1 114 51 is_stmt 1 discriminator 2 view .LVU117
 469 000a 0133     		adds	r3, r3, #1
 470              	.LVL23:
 471              	.L41:
 472              		.loc 1 114 26 discriminator 1 view .LVU118
 473 000c 312B     		cmp	r3, #49
 474 000e 1AD8     		bhi	.L49
 115:controller/utils/timing.c ****         if (event_queue[i].state == EVENT_STATE_INACTIVE) {
 475              		.loc 1 115 9 view .LVU119
 476              		.loc 1 115 27 is_stmt 0 view .LVU120
 477 0010 03EB830C 		add	ip, r3, r3, lsl #2
 478 0014 0E49     		ldr	r1, .L50
 479 0016 01EB8C01 		add	r1, r1, ip, lsl #2
 480 001a 097C     		ldrb	r1, [r1, #16]	@ zero_extendqisi2
 481              		.loc 1 115 12 view .LVU121
 482 001c 0029     		cmp	r1, #0
 483 001e F4D1     		bne	.L42
 116:controller/utils/timing.c ****             event_queue[i].timestamp_us = timestamp_us;
 484              		.loc 1 116 13 is_stmt 1 view .LVU122
 485              		.loc 1 116 41 is_stmt 0 view .LVU123
 486 0020 0B49     		ldr	r1, .L50
ARM GAS  C:\Users\alireza\AppData\Local\Temp\cceMtoeH.s 			page 12


 487 0022 6446     		mov	r4, ip
 488 0024 01EB8C0C 		add	ip, r1, ip, lsl #2
 489 0028 41F82400 		str	r0, [r1, r4, lsl #2]
 117:controller/utils/timing.c ****             event_queue[i].callback_arg = callback;
 490              		.loc 1 117 13 is_stmt 1 view .LVU124
 491              		.loc 1 117 41 is_stmt 0 view .LVU125
 492 002c CCF80450 		str	r5, [ip, #4]
 118:controller/utils/timing.c ****             event_queue[i].arg = arg;
 493              		.loc 1 118 13 is_stmt 1 view .LVU126
 494              		.loc 1 118 32 is_stmt 0 view .LVU127
 495 0030 CCF80C20 		str	r2, [ip, #12]
 119:controller/utils/timing.c ****             event_queue[i].uses_arg = true;
 496              		.loc 1 119 13 is_stmt 1 view .LVU128
 497              		.loc 1 119 37 is_stmt 0 view .LVU129
 498 0034 0124     		movs	r4, #1
 499 0036 8CF81140 		strb	r4, [ip, #17]
 120:controller/utils/timing.c ****             event_queue[i].state = EVENT_STATE_PENDING;
 500              		.loc 1 120 13 is_stmt 1 view .LVU130
 501              		.loc 1 120 34 is_stmt 0 view .LVU131
 502 003a 8CF81040 		strb	r4, [ip, #16]
 121:controller/utils/timing.c **** 
 122:controller/utils/timing.c ****             update_next_event();
 503              		.loc 1 122 13 is_stmt 1 view .LVU132
 504 003e FFF7FEFF 		bl	update_next_event
 505              	.LVL24:
 123:controller/utils/timing.c ****             return true;
 506              		.loc 1 123 13 view .LVU133
 507              		.loc 1 123 20 is_stmt 0 view .LVU134
 508 0042 2046     		mov	r0, r4
 509              	.L40:
 510              		.loc 1 123 20 view .LVU135
 511              	.LBE6:
 124:controller/utils/timing.c ****         }
 125:controller/utils/timing.c ****     }
 126:controller/utils/timing.c **** 
 127:controller/utils/timing.c ****     return false;
 128:controller/utils/timing.c **** }
 512              		.loc 1 128 1 view .LVU136
 513 0044 38BD     		pop	{r3, r4, r5, pc}
 514              	.LVL25:
 515              	.L49:
 127:controller/utils/timing.c **** }
 516              		.loc 1 127 12 view .LVU137
 517 0046 0020     		movs	r0, #0
 518              	.LVL26:
 519              	.LBB7:
 127:controller/utils/timing.c **** }
 520              		.loc 1 127 12 view .LVU138
 521 0048 FCE7     		b	.L40
 522              	.LVL27:
 523              	.L44:
 524              		.cfi_def_cfa_offset 0
 525              		.cfi_restore 3
 526              		.cfi_restore 4
 527              		.cfi_restore 5
 528              		.cfi_restore 14
 127:controller/utils/timing.c **** }
ARM GAS  C:\Users\alireza\AppData\Local\Temp\cceMtoeH.s 			page 13


 529              		.loc 1 127 12 view .LVU139
 530              	.LBE7:
 112:controller/utils/timing.c **** 
 531              		.loc 1 112 34 discriminator 1 view .LVU140
 532 004a 0020     		movs	r0, #0
 533              	.LVL28:
 534              		.loc 1 128 1 view .LVU141
 535 004c 7047     		bx	lr
 536              	.L51:
 537 004e 00BF     		.align	2
 538              	.L50:
 539 0050 00000000 		.word	event_queue
 540              		.cfi_endproc
 541              	.LFE225:
 543              		.section	.text.scheduler_schedule_event,"ax",%progbits
 544              		.align	1
 545              		.global	scheduler_schedule_event
 546              		.syntax unified
 547              		.thumb
 548              		.thumb_func
 550              	scheduler_schedule_event:
 551              	.LVL29:
 552              	.LFB226:
 129:controller/utils/timing.c **** 
 130:controller/utils/timing.c **** 
 131:controller/utils/timing.c **** bool scheduler_schedule_event(time_us_t timestamp_us, void (*callback)(void))
 132:controller/utils/timing.c **** {
 553              		.loc 1 132 1 is_stmt 1 view -0
 554              		.cfi_startproc
 555              		@ args = 0, pretend = 0, frame = 0
 556              		@ frame_needed = 0, uses_anonymous_args = 0
 133:controller/utils/timing.c ****     if (callback == NULL) return false;
 557              		.loc 1 133 5 view .LVU143
 558              		.loc 1 133 8 is_stmt 0 view .LVU144
 559 0000 01B3     		cbz	r1, .L57
 132:controller/utils/timing.c ****     if (callback == NULL) return false;
 560              		.loc 1 132 1 view .LVU145
 561 0002 38B5     		push	{r3, r4, r5, lr}
 562              		.cfi_def_cfa_offset 16
 563              		.cfi_offset 3, -16
 564              		.cfi_offset 4, -12
 565              		.cfi_offset 5, -8
 566              		.cfi_offset 14, -4
 567 0004 0D46     		mov	r5, r1
 568              	.LBB8:
 134:controller/utils/timing.c **** 
 135:controller/utils/timing.c ****     for (size_t i = 0; i < SCHEDULER_MAX_EVENTS; i++) {
 569              		.loc 1 135 17 view .LVU146
 570 0006 0023     		movs	r3, #0
 571 0008 00E0     		b	.L54
 572              	.LVL30:
 573              	.L55:
 574              		.loc 1 135 51 is_stmt 1 discriminator 2 view .LVU147
 575 000a 0133     		adds	r3, r3, #1
 576              	.LVL31:
 577              	.L54:
 578              		.loc 1 135 26 discriminator 1 view .LVU148
ARM GAS  C:\Users\alireza\AppData\Local\Temp\cceMtoeH.s 			page 14


 579 000c 312B     		cmp	r3, #49
 580 000e 17D8     		bhi	.L62
 136:controller/utils/timing.c ****         if (event_queue[i].state == EVENT_STATE_INACTIVE) {
 581              		.loc 1 136 9 view .LVU149
 582              		.loc 1 136 27 is_stmt 0 view .LVU150
 583 0010 03EB8301 		add	r1, r3, r3, lsl #2
 584 0014 0C4A     		ldr	r2, .L63
 585 0016 02EB8102 		add	r2, r2, r1, lsl #2
 586 001a 127C     		ldrb	r2, [r2, #16]	@ zero_extendqisi2
 587              		.loc 1 136 12 view .LVU151
 588 001c 002A     		cmp	r2, #0
 589 001e F4D1     		bne	.L55
 137:controller/utils/timing.c ****             event_queue[i].timestamp_us = timestamp_us;
 590              		.loc 1 137 13 is_stmt 1 view .LVU152
 591              		.loc 1 137 41 is_stmt 0 view .LVU153
 592 0020 094A     		ldr	r2, .L63
 593 0022 0C46     		mov	r4, r1
 594 0024 02EB8101 		add	r1, r2, r1, lsl #2
 595 0028 42F82400 		str	r0, [r2, r4, lsl #2]
 138:controller/utils/timing.c ****             event_queue[i].callback_noarg = callback;
 596              		.loc 1 138 13 is_stmt 1 view .LVU154
 597              		.loc 1 138 43 is_stmt 0 view .LVU155
 598 002c 8D60     		str	r5, [r1, #8]
 139:controller/utils/timing.c ****             event_queue[i].arg = NULL;
 599              		.loc 1 139 13 is_stmt 1 view .LVU156
 600              		.loc 1 139 32 is_stmt 0 view .LVU157
 601 002e 0020     		movs	r0, #0
 602              	.LVL32:
 603              		.loc 1 139 32 view .LVU158
 604 0030 C860     		str	r0, [r1, #12]
 140:controller/utils/timing.c ****             event_queue[i].uses_arg = false;
 605              		.loc 1 140 13 is_stmt 1 view .LVU159
 606              		.loc 1 140 37 is_stmt 0 view .LVU160
 607 0032 4874     		strb	r0, [r1, #17]
 141:controller/utils/timing.c ****             event_queue[i].state = EVENT_STATE_PENDING;
 608              		.loc 1 141 13 is_stmt 1 view .LVU161
 609              		.loc 1 141 34 is_stmt 0 view .LVU162
 610 0034 0124     		movs	r4, #1
 611              	.LVL33:
 612              		.loc 1 141 34 view .LVU163
 613 0036 0C74     		strb	r4, [r1, #16]
 142:controller/utils/timing.c **** 
 143:controller/utils/timing.c ****             update_next_event();
 614              		.loc 1 143 13 is_stmt 1 view .LVU164
 615 0038 FFF7FEFF 		bl	update_next_event
 616              	.LVL34:
 144:controller/utils/timing.c ****             return true;
 617              		.loc 1 144 13 view .LVU165
 618              		.loc 1 144 20 is_stmt 0 view .LVU166
 619 003c 2046     		mov	r0, r4
 620              	.L53:
 621              		.loc 1 144 20 view .LVU167
 622              	.LBE8:
 145:controller/utils/timing.c ****         }
 146:controller/utils/timing.c ****     }
 147:controller/utils/timing.c ****     return false;
 148:controller/utils/timing.c **** }
ARM GAS  C:\Users\alireza\AppData\Local\Temp\cceMtoeH.s 			page 15


 623              		.loc 1 148 1 view .LVU168
 624 003e 38BD     		pop	{r3, r4, r5, pc}
 625              	.LVL35:
 626              	.L62:
 147:controller/utils/timing.c **** }
 627              		.loc 1 147 12 view .LVU169
 628 0040 0020     		movs	r0, #0
 629              	.LVL36:
 630              	.LBB9:
 147:controller/utils/timing.c **** }
 631              		.loc 1 147 12 view .LVU170
 632 0042 FCE7     		b	.L53
 633              	.LVL37:
 634              	.L57:
 635              		.cfi_def_cfa_offset 0
 636              		.cfi_restore 3
 637              		.cfi_restore 4
 638              		.cfi_restore 5
 639              		.cfi_restore 14
 147:controller/utils/timing.c **** }
 640              		.loc 1 147 12 view .LVU171
 641              	.LBE9:
 133:controller/utils/timing.c **** 
 642              		.loc 1 133 34 discriminator 1 view .LVU172
 643 0044 0020     		movs	r0, #0
 644              	.LVL38:
 645              		.loc 1 148 1 view .LVU173
 646 0046 7047     		bx	lr
 647              	.L64:
 648              		.align	2
 649              	.L63:
 650 0048 00000000 		.word	event_queue
 651              		.cfi_endproc
 652              	.LFE226:
 654              		.section	.bss.event_queue,"aw",%nobits
 655              		.align	2
 658              	event_queue:
 659 0000 00000000 		.space	1000
 659      00000000 
 659      00000000 
 659      00000000 
 659      00000000 
 660              		.global	timer
 661              		.section	.bss.timer,"aw",%nobits
 662              		.align	2
 665              	timer:
 666 0000 00000000 		.space	4
 667              		.text
 668              	.Letext0:
 669              		.file 2 "C:/Users/alireza/AppData/Roaming/Code/User/globalStorage/bmd.stm32-for-vscode/@xpack-dev-
 670              		.file 3 "C:/Users/alireza/AppData/Roaming/Code/User/globalStorage/bmd.stm32-for-vscode/@xpack-dev-
 671              		.file 4 "C:/Users/alireza/AppData/Roaming/Code/User/globalStorage/bmd.stm32-for-vscode/@xpack-dev-
 672              		.file 5 "Drivers/CMSIS/Device/ST/STM32F4xx/Include/stm32f401xc.h"
 673              		.file 6 "Drivers/STM32F4xx_HAL_Driver/Inc/stm32f4xx_hal_def.h"
 674              		.file 7 "Drivers/STM32F4xx_HAL_Driver/Inc/stm32f4xx_hal_dma.h"
 675              		.file 8 "Drivers/STM32F4xx_HAL_Driver/Inc/stm32f4xx_hal_tim.h"
 676              		.file 9 "controller/types.h"
ARM GAS  C:\Users\alireza\AppData\Local\Temp\cceMtoeH.s 			page 16


 677              		.file 10 "controller/utils/timing.h"
 678              		.file 11 "Drivers/STM32F4xx_HAL_Driver/Inc/stm32f4xx_hal_rcc.h"
ARM GAS  C:\Users\alireza\AppData\Local\Temp\cceMtoeH.s 			page 17


DEFINED SYMBOLS
                            *ABS*:00000000 timing.c
C:\Users\alireza\AppData\Local\Temp\cceMtoeH.s:21     .text.controller_timing_start:00000000 $t
C:\Users\alireza\AppData\Local\Temp\cceMtoeH.s:27     .text.controller_timing_start:00000000 controller_timing_start
C:\Users\alireza\AppData\Local\Temp\cceMtoeH.s:115    .text.controller_timing_start:00000050 $d
C:\Users\alireza\AppData\Local\Temp\cceMtoeH.s:665    .bss.timer:00000000 timer
C:\Users\alireza\AppData\Local\Temp\cceMtoeH.s:658    .bss.event_queue:00000000 event_queue
C:\Users\alireza\AppData\Local\Temp\cceMtoeH.s:122    .text.get_time_us:00000000 $t
C:\Users\alireza\AppData\Local\Temp\cceMtoeH.s:128    .text.get_time_us:00000000 get_time_us
C:\Users\alireza\AppData\Local\Temp\cceMtoeH.s:147    .text.get_time_us:0000000c $d
C:\Users\alireza\AppData\Local\Temp\cceMtoeH.s:152    .text.get_time_ms:00000000 $t
C:\Users\alireza\AppData\Local\Temp\cceMtoeH.s:158    .text.get_time_ms:00000000 get_time_ms
C:\Users\alireza\AppData\Local\Temp\cceMtoeH.s:181    .text.get_time_ms:00000014 $d
C:\Users\alireza\AppData\Local\Temp\cceMtoeH.s:187    .text.update_next_event:00000000 $t
C:\Users\alireza\AppData\Local\Temp\cceMtoeH.s:193    .text.update_next_event:00000000 update_next_event
C:\Users\alireza\AppData\Local\Temp\cceMtoeH.s:291    .text.update_next_event:00000054 $d
C:\Users\alireza\AppData\Local\Temp\cceMtoeH.s:297    .text.scheduler_timer_callback:00000000 $t
C:\Users\alireza\AppData\Local\Temp\cceMtoeH.s:303    .text.scheduler_timer_callback:00000000 scheduler_timer_callback
C:\Users\alireza\AppData\Local\Temp\cceMtoeH.s:432    .text.scheduler_timer_callback:00000090 $d
C:\Users\alireza\AppData\Local\Temp\cceMtoeH.s:438    .text.scheduler_schedule_event_with_arg:00000000 $t
C:\Users\alireza\AppData\Local\Temp\cceMtoeH.s:444    .text.scheduler_schedule_event_with_arg:00000000 scheduler_schedule_event_with_arg
C:\Users\alireza\AppData\Local\Temp\cceMtoeH.s:539    .text.scheduler_schedule_event_with_arg:00000050 $d
C:\Users\alireza\AppData\Local\Temp\cceMtoeH.s:544    .text.scheduler_schedule_event:00000000 $t
C:\Users\alireza\AppData\Local\Temp\cceMtoeH.s:550    .text.scheduler_schedule_event:00000000 scheduler_schedule_event
C:\Users\alireza\AppData\Local\Temp\cceMtoeH.s:650    .text.scheduler_schedule_event:00000048 $d
C:\Users\alireza\AppData\Local\Temp\cceMtoeH.s:655    .bss.event_queue:00000000 $d
C:\Users\alireza\AppData\Local\Temp\cceMtoeH.s:662    .bss.timer:00000000 $d

UNDEFINED SYMBOLS
HAL_RCC_GetSysClockFreq
HAL_TIM_Base_Start_IT
HAL_TIM_OC_Start_IT
