ARM GAS  C:\Users\alireza\AppData\Local\Temp\ccOTJivM.s 			page 1


   1              		.cpu cortex-m4
   2              		.arch armv7e-m
   3              		.fpu fpv4-sp-d16
   4              		.eabi_attribute 27, 1
   5              		.eabi_attribute 28, 1
   6              		.eabi_attribute 20, 1
   7              		.eabi_attribute 21, 1
   8              		.eabi_attribute 23, 3
   9              		.eabi_attribute 24, 1
  10              		.eabi_attribute 25, 1
  11              		.eabi_attribute 26, 1
  12              		.eabi_attribute 30, 1
  13              		.eabi_attribute 34, 1
  14              		.eabi_attribute 18, 4
  15              		.file	"usbd_cdc_if.c"
  16              		.text
  17              	.Ltext0:
  18              		.cfi_sections	.debug_frame
  19              		.file 1 "USB_DEVICE/App/usbd_cdc_if.c"
  20              		.section	.text.CDC_DeInit_FS,"ax",%progbits
  21              		.align	1
  22              		.syntax unified
  23              		.thumb
  24              		.thumb_func
  26              	CDC_DeInit_FS:
  27              	.LFB225:
   1:USB_DEVICE/App/usbd_cdc_if.c **** /* USER CODE BEGIN Header */
   2:USB_DEVICE/App/usbd_cdc_if.c **** /**
   3:USB_DEVICE/App/usbd_cdc_if.c ****   ******************************************************************************
   4:USB_DEVICE/App/usbd_cdc_if.c ****   * @file           : usbd_cdc_if.c
   5:USB_DEVICE/App/usbd_cdc_if.c ****   * @version        : v1.0_Cube
   6:USB_DEVICE/App/usbd_cdc_if.c ****   * @brief          : Usb device for Virtual Com Port.
   7:USB_DEVICE/App/usbd_cdc_if.c ****   ******************************************************************************
   8:USB_DEVICE/App/usbd_cdc_if.c ****   * @attention
   9:USB_DEVICE/App/usbd_cdc_if.c ****   *
  10:USB_DEVICE/App/usbd_cdc_if.c ****   * Copyright (c) 2025 STMicroelectronics.
  11:USB_DEVICE/App/usbd_cdc_if.c ****   * All rights reserved.
  12:USB_DEVICE/App/usbd_cdc_if.c ****   *
  13:USB_DEVICE/App/usbd_cdc_if.c ****   * This software is licensed under terms that can be found in the LICENSE file
  14:USB_DEVICE/App/usbd_cdc_if.c ****   * in the root directory of this software component.
  15:USB_DEVICE/App/usbd_cdc_if.c ****   * If no LICENSE file comes with this software, it is provided AS-IS.
  16:USB_DEVICE/App/usbd_cdc_if.c ****   *
  17:USB_DEVICE/App/usbd_cdc_if.c ****   ******************************************************************************
  18:USB_DEVICE/App/usbd_cdc_if.c ****   */
  19:USB_DEVICE/App/usbd_cdc_if.c **** /* USER CODE END Header */
  20:USB_DEVICE/App/usbd_cdc_if.c **** 
  21:USB_DEVICE/App/usbd_cdc_if.c **** /* Includes ------------------------------------------------------------------*/
  22:USB_DEVICE/App/usbd_cdc_if.c **** #include "usbd_cdc_if.h"
  23:USB_DEVICE/App/usbd_cdc_if.c **** 
  24:USB_DEVICE/App/usbd_cdc_if.c **** /* USER CODE BEGIN INCLUDE */
  25:USB_DEVICE/App/usbd_cdc_if.c **** #include "comms.h" // For usb_rx_queue_handle and usb_rx_packet_t
  26:USB_DEVICE/App/usbd_cdc_if.c **** 
  27:USB_DEVICE/App/usbd_cdc_if.c **** /* USER CODE END INCLUDE */
  28:USB_DEVICE/App/usbd_cdc_if.c **** 
  29:USB_DEVICE/App/usbd_cdc_if.c **** /* Private typedef -----------------------------------------------------------*/
  30:USB_DEVICE/App/usbd_cdc_if.c **** /* Private define ------------------------------------------------------------*/
  31:USB_DEVICE/App/usbd_cdc_if.c **** /* Private macro -------------------------------------------------------------*/
ARM GAS  C:\Users\alireza\AppData\Local\Temp\ccOTJivM.s 			page 2


  32:USB_DEVICE/App/usbd_cdc_if.c **** 
  33:USB_DEVICE/App/usbd_cdc_if.c **** /* USER CODE BEGIN PV */
  34:USB_DEVICE/App/usbd_cdc_if.c **** /* Private variables ---------------------------------------------------------*/
  35:USB_DEVICE/App/usbd_cdc_if.c **** 
  36:USB_DEVICE/App/usbd_cdc_if.c **** /* USER CODE END PV */
  37:USB_DEVICE/App/usbd_cdc_if.c **** 
  38:USB_DEVICE/App/usbd_cdc_if.c **** /** @addtogroup STM32_USB_OTG_DEVICE_LIBRARY
  39:USB_DEVICE/App/usbd_cdc_if.c ****   * @brief Usb device library.
  40:USB_DEVICE/App/usbd_cdc_if.c ****   * @{
  41:USB_DEVICE/App/usbd_cdc_if.c ****   */
  42:USB_DEVICE/App/usbd_cdc_if.c **** 
  43:USB_DEVICE/App/usbd_cdc_if.c **** /** @addtogroup USBD_CDC_IF
  44:USB_DEVICE/App/usbd_cdc_if.c ****   * @{
  45:USB_DEVICE/App/usbd_cdc_if.c ****   */
  46:USB_DEVICE/App/usbd_cdc_if.c **** 
  47:USB_DEVICE/App/usbd_cdc_if.c **** /** @defgroup USBD_CDC_IF_Private_TypesDefinitions USBD_CDC_IF_Private_TypesDefinitions
  48:USB_DEVICE/App/usbd_cdc_if.c ****   * @brief Private types.
  49:USB_DEVICE/App/usbd_cdc_if.c ****   * @{
  50:USB_DEVICE/App/usbd_cdc_if.c ****   */
  51:USB_DEVICE/App/usbd_cdc_if.c **** 
  52:USB_DEVICE/App/usbd_cdc_if.c **** /* USER CODE BEGIN PRIVATE_TYPES */
  53:USB_DEVICE/App/usbd_cdc_if.c **** 
  54:USB_DEVICE/App/usbd_cdc_if.c **** /* USER CODE END PRIVATE_TYPES */
  55:USB_DEVICE/App/usbd_cdc_if.c **** 
  56:USB_DEVICE/App/usbd_cdc_if.c **** /**
  57:USB_DEVICE/App/usbd_cdc_if.c ****   * @}
  58:USB_DEVICE/App/usbd_cdc_if.c ****   */
  59:USB_DEVICE/App/usbd_cdc_if.c **** 
  60:USB_DEVICE/App/usbd_cdc_if.c **** /** @defgroup USBD_CDC_IF_Private_Defines USBD_CDC_IF_Private_Defines
  61:USB_DEVICE/App/usbd_cdc_if.c ****   * @brief Private defines.
  62:USB_DEVICE/App/usbd_cdc_if.c ****   * @{
  63:USB_DEVICE/App/usbd_cdc_if.c ****   */
  64:USB_DEVICE/App/usbd_cdc_if.c **** 
  65:USB_DEVICE/App/usbd_cdc_if.c **** /* USER CODE BEGIN PRIVATE_DEFINES */
  66:USB_DEVICE/App/usbd_cdc_if.c **** /* USER CODE END PRIVATE_DEFINES */
  67:USB_DEVICE/App/usbd_cdc_if.c **** 
  68:USB_DEVICE/App/usbd_cdc_if.c **** /**
  69:USB_DEVICE/App/usbd_cdc_if.c ****   * @}
  70:USB_DEVICE/App/usbd_cdc_if.c ****   */
  71:USB_DEVICE/App/usbd_cdc_if.c **** 
  72:USB_DEVICE/App/usbd_cdc_if.c **** /** @defgroup USBD_CDC_IF_Private_Macros USBD_CDC_IF_Private_Macros
  73:USB_DEVICE/App/usbd_cdc_if.c ****   * @brief Private macros.
  74:USB_DEVICE/App/usbd_cdc_if.c ****   * @{
  75:USB_DEVICE/App/usbd_cdc_if.c ****   */
  76:USB_DEVICE/App/usbd_cdc_if.c **** 
  77:USB_DEVICE/App/usbd_cdc_if.c **** /* USER CODE BEGIN PRIVATE_MACRO */
  78:USB_DEVICE/App/usbd_cdc_if.c **** 
  79:USB_DEVICE/App/usbd_cdc_if.c **** /* USER CODE END PRIVATE_MACRO */
  80:USB_DEVICE/App/usbd_cdc_if.c **** 
  81:USB_DEVICE/App/usbd_cdc_if.c **** /**
  82:USB_DEVICE/App/usbd_cdc_if.c ****   * @}
  83:USB_DEVICE/App/usbd_cdc_if.c ****   */
  84:USB_DEVICE/App/usbd_cdc_if.c **** 
  85:USB_DEVICE/App/usbd_cdc_if.c **** /** @defgroup USBD_CDC_IF_Private_Variables USBD_CDC_IF_Private_Variables
  86:USB_DEVICE/App/usbd_cdc_if.c ****   * @brief Private variables.
  87:USB_DEVICE/App/usbd_cdc_if.c ****   * @{
  88:USB_DEVICE/App/usbd_cdc_if.c ****   */
ARM GAS  C:\Users\alireza\AppData\Local\Temp\ccOTJivM.s 			page 3


  89:USB_DEVICE/App/usbd_cdc_if.c **** /* Create buffer for reception and transmission           */
  90:USB_DEVICE/App/usbd_cdc_if.c **** /* It's up to user to redefine and/or remove those define */
  91:USB_DEVICE/App/usbd_cdc_if.c **** /** Received data over USB are stored in this buffer      */
  92:USB_DEVICE/App/usbd_cdc_if.c **** uint8_t UserRxBufferFS[APP_RX_DATA_SIZE];
  93:USB_DEVICE/App/usbd_cdc_if.c **** 
  94:USB_DEVICE/App/usbd_cdc_if.c **** /** Data to send over USB CDC are stored in this buffer   */
  95:USB_DEVICE/App/usbd_cdc_if.c **** uint8_t UserTxBufferFS[APP_TX_DATA_SIZE];
  96:USB_DEVICE/App/usbd_cdc_if.c **** 
  97:USB_DEVICE/App/usbd_cdc_if.c **** /* USER CODE BEGIN PRIVATE_VARIABLES */
  98:USB_DEVICE/App/usbd_cdc_if.c **** static usb_rx_packet_t isr_packet;  // Reusable packet for ISR
  99:USB_DEVICE/App/usbd_cdc_if.c **** /* USER CODE END PRIVATE_VARIABLES */
 100:USB_DEVICE/App/usbd_cdc_if.c **** 
 101:USB_DEVICE/App/usbd_cdc_if.c **** /**
 102:USB_DEVICE/App/usbd_cdc_if.c ****   * @}
 103:USB_DEVICE/App/usbd_cdc_if.c ****   */
 104:USB_DEVICE/App/usbd_cdc_if.c **** 
 105:USB_DEVICE/App/usbd_cdc_if.c **** /** @defgroup USBD_CDC_IF_Exported_Variables USBD_CDC_IF_Exported_Variables
 106:USB_DEVICE/App/usbd_cdc_if.c ****   * @brief Public variables.
 107:USB_DEVICE/App/usbd_cdc_if.c ****   * @{
 108:USB_DEVICE/App/usbd_cdc_if.c ****   */
 109:USB_DEVICE/App/usbd_cdc_if.c **** 
 110:USB_DEVICE/App/usbd_cdc_if.c **** extern USBD_HandleTypeDef hUsbDeviceFS;
 111:USB_DEVICE/App/usbd_cdc_if.c **** 
 112:USB_DEVICE/App/usbd_cdc_if.c **** /* USER CODE BEGIN EXPORTED_VARIABLES */
 113:USB_DEVICE/App/usbd_cdc_if.c **** 
 114:USB_DEVICE/App/usbd_cdc_if.c **** /* USER CODE END EXPORTED_VARIABLES */
 115:USB_DEVICE/App/usbd_cdc_if.c **** 
 116:USB_DEVICE/App/usbd_cdc_if.c **** /**
 117:USB_DEVICE/App/usbd_cdc_if.c ****   * @}
 118:USB_DEVICE/App/usbd_cdc_if.c ****   */
 119:USB_DEVICE/App/usbd_cdc_if.c **** 
 120:USB_DEVICE/App/usbd_cdc_if.c **** /** @defgroup USBD_CDC_IF_Private_FunctionPrototypes USBD_CDC_IF_Private_FunctionPrototypes
 121:USB_DEVICE/App/usbd_cdc_if.c ****   * @brief Private functions declaration.
 122:USB_DEVICE/App/usbd_cdc_if.c ****   * @{
 123:USB_DEVICE/App/usbd_cdc_if.c ****   */
 124:USB_DEVICE/App/usbd_cdc_if.c **** 
 125:USB_DEVICE/App/usbd_cdc_if.c **** static int8_t CDC_Init_FS(void);
 126:USB_DEVICE/App/usbd_cdc_if.c **** static int8_t CDC_DeInit_FS(void);
 127:USB_DEVICE/App/usbd_cdc_if.c **** static int8_t CDC_Control_FS(uint8_t cmd, uint8_t* pbuf, uint16_t length);
 128:USB_DEVICE/App/usbd_cdc_if.c **** static int8_t CDC_Receive_FS(uint8_t* pbuf, uint32_t *Len);
 129:USB_DEVICE/App/usbd_cdc_if.c **** static int8_t CDC_TransmitCplt_FS(uint8_t *pbuf, uint32_t *Len, uint8_t epnum);
 130:USB_DEVICE/App/usbd_cdc_if.c **** 
 131:USB_DEVICE/App/usbd_cdc_if.c **** /* USER CODE BEGIN PRIVATE_FUNCTIONS_DECLARATION */
 132:USB_DEVICE/App/usbd_cdc_if.c **** 
 133:USB_DEVICE/App/usbd_cdc_if.c **** /* USER CODE END PRIVATE_FUNCTIONS_DECLARATION */
 134:USB_DEVICE/App/usbd_cdc_if.c **** 
 135:USB_DEVICE/App/usbd_cdc_if.c **** /**
 136:USB_DEVICE/App/usbd_cdc_if.c ****   * @}
 137:USB_DEVICE/App/usbd_cdc_if.c ****   */
 138:USB_DEVICE/App/usbd_cdc_if.c **** 
 139:USB_DEVICE/App/usbd_cdc_if.c **** USBD_CDC_ItfTypeDef USBD_Interface_fops_FS =
 140:USB_DEVICE/App/usbd_cdc_if.c **** {
 141:USB_DEVICE/App/usbd_cdc_if.c ****   CDC_Init_FS,
 142:USB_DEVICE/App/usbd_cdc_if.c ****   CDC_DeInit_FS,
 143:USB_DEVICE/App/usbd_cdc_if.c ****   CDC_Control_FS,
 144:USB_DEVICE/App/usbd_cdc_if.c ****   CDC_Receive_FS,
 145:USB_DEVICE/App/usbd_cdc_if.c ****   CDC_TransmitCplt_FS
ARM GAS  C:\Users\alireza\AppData\Local\Temp\ccOTJivM.s 			page 4


 146:USB_DEVICE/App/usbd_cdc_if.c **** };
 147:USB_DEVICE/App/usbd_cdc_if.c **** 
 148:USB_DEVICE/App/usbd_cdc_if.c **** /* Private functions ---------------------------------------------------------*/
 149:USB_DEVICE/App/usbd_cdc_if.c **** /**
 150:USB_DEVICE/App/usbd_cdc_if.c ****   * @brief  Initializes the CDC media low layer over the FS USB IP
 151:USB_DEVICE/App/usbd_cdc_if.c ****   * @retval USBD_OK if all operations are OK else USBD_FAIL
 152:USB_DEVICE/App/usbd_cdc_if.c ****   */
 153:USB_DEVICE/App/usbd_cdc_if.c **** static int8_t CDC_Init_FS(void)
 154:USB_DEVICE/App/usbd_cdc_if.c **** {
 155:USB_DEVICE/App/usbd_cdc_if.c ****   /* USER CODE BEGIN 3 */
 156:USB_DEVICE/App/usbd_cdc_if.c ****   /* Set Application Buffers */
 157:USB_DEVICE/App/usbd_cdc_if.c ****   USBD_CDC_SetTxBuffer(&hUsbDeviceFS, UserTxBufferFS, 0);
 158:USB_DEVICE/App/usbd_cdc_if.c ****   USBD_CDC_SetRxBuffer(&hUsbDeviceFS, UserRxBufferFS);
 159:USB_DEVICE/App/usbd_cdc_if.c ****   return (USBD_OK);
 160:USB_DEVICE/App/usbd_cdc_if.c ****   /* USER CODE END 3 */
 161:USB_DEVICE/App/usbd_cdc_if.c **** }
 162:USB_DEVICE/App/usbd_cdc_if.c **** 
 163:USB_DEVICE/App/usbd_cdc_if.c **** /**
 164:USB_DEVICE/App/usbd_cdc_if.c ****   * @brief  DeInitializes the CDC media low layer
 165:USB_DEVICE/App/usbd_cdc_if.c ****   * @retval USBD_OK if all operations are OK else USBD_FAIL
 166:USB_DEVICE/App/usbd_cdc_if.c ****   */
 167:USB_DEVICE/App/usbd_cdc_if.c **** static int8_t CDC_DeInit_FS(void)
 168:USB_DEVICE/App/usbd_cdc_if.c **** {
  28              		.loc 1 168 1 view -0
  29              		.cfi_startproc
  30              		@ args = 0, pretend = 0, frame = 0
  31              		@ frame_needed = 0, uses_anonymous_args = 0
  32              		@ link register save eliminated.
 169:USB_DEVICE/App/usbd_cdc_if.c ****   /* USER CODE BEGIN 4 */
 170:USB_DEVICE/App/usbd_cdc_if.c ****   return (USBD_OK);
  33              		.loc 1 170 3 view .LVU1
 171:USB_DEVICE/App/usbd_cdc_if.c ****   /* USER CODE END 4 */
 172:USB_DEVICE/App/usbd_cdc_if.c **** }
  34              		.loc 1 172 1 is_stmt 0 view .LVU2
  35 0000 0020     		movs	r0, #0
  36 0002 7047     		bx	lr
  37              		.cfi_endproc
  38              	.LFE225:
  40              		.section	.text.CDC_Control_FS,"ax",%progbits
  41              		.align	1
  42              		.syntax unified
  43              		.thumb
  44              		.thumb_func
  46              	CDC_Control_FS:
  47              	.LVL0:
  48              	.LFB226:
 173:USB_DEVICE/App/usbd_cdc_if.c **** 
 174:USB_DEVICE/App/usbd_cdc_if.c **** /**
 175:USB_DEVICE/App/usbd_cdc_if.c ****   * @brief  Manage the CDC class requests
 176:USB_DEVICE/App/usbd_cdc_if.c ****   * @param  cmd: Command code
 177:USB_DEVICE/App/usbd_cdc_if.c ****   * @param  pbuf: Buffer containing command data (request parameters)
 178:USB_DEVICE/App/usbd_cdc_if.c ****   * @param  length: Number of data to be sent (in bytes)
 179:USB_DEVICE/App/usbd_cdc_if.c ****   * @retval Result of the operation: USBD_OK if all operations are OK else USBD_FAIL
 180:USB_DEVICE/App/usbd_cdc_if.c ****   */
 181:USB_DEVICE/App/usbd_cdc_if.c **** static int8_t CDC_Control_FS(uint8_t cmd, uint8_t* pbuf, uint16_t length)
 182:USB_DEVICE/App/usbd_cdc_if.c **** {
  49              		.loc 1 182 1 is_stmt 1 view -0
ARM GAS  C:\Users\alireza\AppData\Local\Temp\ccOTJivM.s 			page 5


  50              		.cfi_startproc
  51              		@ args = 0, pretend = 0, frame = 0
  52              		@ frame_needed = 0, uses_anonymous_args = 0
  53              		@ link register save eliminated.
 183:USB_DEVICE/App/usbd_cdc_if.c ****   /* USER CODE BEGIN 5 */
 184:USB_DEVICE/App/usbd_cdc_if.c ****   switch(cmd)
  54              		.loc 1 184 3 view .LVU4
 185:USB_DEVICE/App/usbd_cdc_if.c ****   {
 186:USB_DEVICE/App/usbd_cdc_if.c ****     case CDC_SEND_ENCAPSULATED_COMMAND:
 187:USB_DEVICE/App/usbd_cdc_if.c **** 
 188:USB_DEVICE/App/usbd_cdc_if.c ****     break;
 189:USB_DEVICE/App/usbd_cdc_if.c **** 
 190:USB_DEVICE/App/usbd_cdc_if.c ****     case CDC_GET_ENCAPSULATED_RESPONSE:
 191:USB_DEVICE/App/usbd_cdc_if.c **** 
 192:USB_DEVICE/App/usbd_cdc_if.c ****     break;
 193:USB_DEVICE/App/usbd_cdc_if.c **** 
 194:USB_DEVICE/App/usbd_cdc_if.c ****     case CDC_SET_COMM_FEATURE:
 195:USB_DEVICE/App/usbd_cdc_if.c **** 
 196:USB_DEVICE/App/usbd_cdc_if.c ****     break;
 197:USB_DEVICE/App/usbd_cdc_if.c **** 
 198:USB_DEVICE/App/usbd_cdc_if.c ****     case CDC_GET_COMM_FEATURE:
 199:USB_DEVICE/App/usbd_cdc_if.c **** 
 200:USB_DEVICE/App/usbd_cdc_if.c ****     break;
 201:USB_DEVICE/App/usbd_cdc_if.c **** 
 202:USB_DEVICE/App/usbd_cdc_if.c ****     case CDC_CLEAR_COMM_FEATURE:
 203:USB_DEVICE/App/usbd_cdc_if.c **** 
 204:USB_DEVICE/App/usbd_cdc_if.c ****     break;
 205:USB_DEVICE/App/usbd_cdc_if.c **** 
 206:USB_DEVICE/App/usbd_cdc_if.c ****   /*******************************************************************************/
 207:USB_DEVICE/App/usbd_cdc_if.c ****   /* Line Coding Structure                                                       */
 208:USB_DEVICE/App/usbd_cdc_if.c ****   /*-----------------------------------------------------------------------------*/
 209:USB_DEVICE/App/usbd_cdc_if.c ****   /* Offset | Field       | Size | Value  | Description                          */
 210:USB_DEVICE/App/usbd_cdc_if.c ****   /* 0      | dwDTERate   |   4  | Number |Data terminal rate, in bits per second*/
 211:USB_DEVICE/App/usbd_cdc_if.c ****   /* 4      | bCharFormat |   1  | Number | Stop bits                            */
 212:USB_DEVICE/App/usbd_cdc_if.c ****   /*                                        0 - 1 Stop bit                       */
 213:USB_DEVICE/App/usbd_cdc_if.c ****   /*                                        1 - 1.5 Stop bits                    */
 214:USB_DEVICE/App/usbd_cdc_if.c ****   /*                                        2 - 2 Stop bits                      */
 215:USB_DEVICE/App/usbd_cdc_if.c ****   /* 5      | bParityType |  1   | Number | Parity                               */
 216:USB_DEVICE/App/usbd_cdc_if.c ****   /*                                        0 - None                             */
 217:USB_DEVICE/App/usbd_cdc_if.c ****   /*                                        1 - Odd                              */
 218:USB_DEVICE/App/usbd_cdc_if.c ****   /*                                        2 - Even                             */
 219:USB_DEVICE/App/usbd_cdc_if.c ****   /*                                        3 - Mark                             */
 220:USB_DEVICE/App/usbd_cdc_if.c ****   /*                                        4 - Space                            */
 221:USB_DEVICE/App/usbd_cdc_if.c ****   /* 6      | bDataBits  |   1   | Number Data bits (5, 6, 7, 8 or 16).          */
 222:USB_DEVICE/App/usbd_cdc_if.c ****   /*******************************************************************************/
 223:USB_DEVICE/App/usbd_cdc_if.c ****     case CDC_SET_LINE_CODING:
 224:USB_DEVICE/App/usbd_cdc_if.c **** 
 225:USB_DEVICE/App/usbd_cdc_if.c ****     break;
 226:USB_DEVICE/App/usbd_cdc_if.c **** 
 227:USB_DEVICE/App/usbd_cdc_if.c ****     case CDC_GET_LINE_CODING:
 228:USB_DEVICE/App/usbd_cdc_if.c **** 
 229:USB_DEVICE/App/usbd_cdc_if.c ****     break;
 230:USB_DEVICE/App/usbd_cdc_if.c **** 
 231:USB_DEVICE/App/usbd_cdc_if.c ****     case CDC_SET_CONTROL_LINE_STATE:
 232:USB_DEVICE/App/usbd_cdc_if.c **** 
 233:USB_DEVICE/App/usbd_cdc_if.c ****     break;
 234:USB_DEVICE/App/usbd_cdc_if.c **** 
ARM GAS  C:\Users\alireza\AppData\Local\Temp\ccOTJivM.s 			page 6


 235:USB_DEVICE/App/usbd_cdc_if.c ****     case CDC_SEND_BREAK:
 236:USB_DEVICE/App/usbd_cdc_if.c **** 
 237:USB_DEVICE/App/usbd_cdc_if.c ****     break;
 238:USB_DEVICE/App/usbd_cdc_if.c **** 
 239:USB_DEVICE/App/usbd_cdc_if.c ****   default:
 240:USB_DEVICE/App/usbd_cdc_if.c ****     break;
  55              		.loc 1 240 5 view .LVU5
 241:USB_DEVICE/App/usbd_cdc_if.c ****   }
 242:USB_DEVICE/App/usbd_cdc_if.c **** 
 243:USB_DEVICE/App/usbd_cdc_if.c ****   return (USBD_OK);
  56              		.loc 1 243 3 view .LVU6
 244:USB_DEVICE/App/usbd_cdc_if.c ****   /* USER CODE END 5 */
 245:USB_DEVICE/App/usbd_cdc_if.c **** }
  57              		.loc 1 245 1 is_stmt 0 view .LVU7
  58 0000 0020     		movs	r0, #0
  59              	.LVL1:
  60              		.loc 1 245 1 view .LVU8
  61 0002 7047     		bx	lr
  62              		.cfi_endproc
  63              	.LFE226:
  65              		.section	.text.CDC_TransmitCplt_FS,"ax",%progbits
  66              		.align	1
  67              		.syntax unified
  68              		.thumb
  69              		.thumb_func
  71              	CDC_TransmitCplt_FS:
  72              	.LVL2:
  73              	.LFB229:
 246:USB_DEVICE/App/usbd_cdc_if.c **** 
 247:USB_DEVICE/App/usbd_cdc_if.c **** /**
 248:USB_DEVICE/App/usbd_cdc_if.c ****   * @brief  Data received over USB OUT endpoint are sent over CDC interface
 249:USB_DEVICE/App/usbd_cdc_if.c ****   *         through this function.
 250:USB_DEVICE/App/usbd_cdc_if.c ****   *
 251:USB_DEVICE/App/usbd_cdc_if.c ****   *         @note
 252:USB_DEVICE/App/usbd_cdc_if.c ****   *         This function will issue a NAK packet on any OUT packet received on
 253:USB_DEVICE/App/usbd_cdc_if.c ****   *         USB endpoint until exiting this function. If you exit this function
 254:USB_DEVICE/App/usbd_cdc_if.c ****   *         before transfer is complete on CDC interface (ie. using DMA controller)
 255:USB_DEVICE/App/usbd_cdc_if.c ****   *         it will result in receiving more data while previous ones are still
 256:USB_DEVICE/App/usbd_cdc_if.c ****   *         not sent.
 257:USB_DEVICE/App/usbd_cdc_if.c ****   *
 258:USB_DEVICE/App/usbd_cdc_if.c ****   * @param  Buf: Buffer of data to be received
 259:USB_DEVICE/App/usbd_cdc_if.c ****   * @param  Len: Number of data received (in bytes)
 260:USB_DEVICE/App/usbd_cdc_if.c ****   * @retval Result of the operation: USBD_OK if all operations are OK else USBD_FAIL
 261:USB_DEVICE/App/usbd_cdc_if.c ****   */
 262:USB_DEVICE/App/usbd_cdc_if.c **** static int8_t CDC_Receive_FS(uint8_t *Buf, uint32_t *Len) {
 263:USB_DEVICE/App/usbd_cdc_if.c ****     /* USER CODE BEGIN 6 */
 264:USB_DEVICE/App/usbd_cdc_if.c ****     // Copy data to packet structure
 265:USB_DEVICE/App/usbd_cdc_if.c ****     isr_packet.len = (*Len > USB_MAX_PACKET_SIZE) ? USB_MAX_PACKET_SIZE : *Len;
 266:USB_DEVICE/App/usbd_cdc_if.c ****     memcpy(isr_packet.data, Buf, isr_packet.len);
 267:USB_DEVICE/App/usbd_cdc_if.c ****     
 268:USB_DEVICE/App/usbd_cdc_if.c ****     // Send to queue from ISR (non-blocking)
 269:USB_DEVICE/App/usbd_cdc_if.c ****     osMessageQueuePut(usb_rx_queue, &isr_packet, 0, 0);
 270:USB_DEVICE/App/usbd_cdc_if.c **** 
 271:USB_DEVICE/App/usbd_cdc_if.c ****     // Re-arm USB reception
 272:USB_DEVICE/App/usbd_cdc_if.c ****     USBD_CDC_SetRxBuffer(&hUsbDeviceFS, &Buf[0]);
 273:USB_DEVICE/App/usbd_cdc_if.c ****     USBD_CDC_ReceivePacket(&hUsbDeviceFS);
 274:USB_DEVICE/App/usbd_cdc_if.c ****     
ARM GAS  C:\Users\alireza\AppData\Local\Temp\ccOTJivM.s 			page 7


 275:USB_DEVICE/App/usbd_cdc_if.c ****     return USBD_OK;
 276:USB_DEVICE/App/usbd_cdc_if.c ****     /* USER CODE END 6 */
 277:USB_DEVICE/App/usbd_cdc_if.c **** }
 278:USB_DEVICE/App/usbd_cdc_if.c **** 
 279:USB_DEVICE/App/usbd_cdc_if.c **** /**
 280:USB_DEVICE/App/usbd_cdc_if.c ****   * @brief  CDC_Transmit_FS
 281:USB_DEVICE/App/usbd_cdc_if.c ****   *         Data to send over USB IN endpoint are sent over CDC interface
 282:USB_DEVICE/App/usbd_cdc_if.c ****   *         through this function.
 283:USB_DEVICE/App/usbd_cdc_if.c ****   *         @note
 284:USB_DEVICE/App/usbd_cdc_if.c ****   *
 285:USB_DEVICE/App/usbd_cdc_if.c ****   *
 286:USB_DEVICE/App/usbd_cdc_if.c ****   * @param  Buf: Buffer of data to be sent
 287:USB_DEVICE/App/usbd_cdc_if.c ****   * @param  Len: Number of data to be sent (in bytes)
 288:USB_DEVICE/App/usbd_cdc_if.c ****   * @retval USBD_OK if all operations are OK else USBD_FAIL or USBD_BUSY
 289:USB_DEVICE/App/usbd_cdc_if.c ****   */
 290:USB_DEVICE/App/usbd_cdc_if.c **** uint8_t CDC_Transmit_FS(uint8_t* Buf, uint16_t Len)
 291:USB_DEVICE/App/usbd_cdc_if.c **** {
 292:USB_DEVICE/App/usbd_cdc_if.c ****   uint8_t result = USBD_OK;
 293:USB_DEVICE/App/usbd_cdc_if.c ****   /* USER CODE BEGIN 7 */
 294:USB_DEVICE/App/usbd_cdc_if.c ****   USBD_CDC_HandleTypeDef *hcdc = (USBD_CDC_HandleTypeDef*)hUsbDeviceFS.pClassData;
 295:USB_DEVICE/App/usbd_cdc_if.c ****   if (hcdc->TxState != 0){
 296:USB_DEVICE/App/usbd_cdc_if.c ****     return USBD_BUSY;
 297:USB_DEVICE/App/usbd_cdc_if.c ****   }
 298:USB_DEVICE/App/usbd_cdc_if.c ****   USBD_CDC_SetTxBuffer(&hUsbDeviceFS, Buf, Len);
 299:USB_DEVICE/App/usbd_cdc_if.c ****   result = USBD_CDC_TransmitPacket(&hUsbDeviceFS);
 300:USB_DEVICE/App/usbd_cdc_if.c ****   /* USER CODE END 7 */
 301:USB_DEVICE/App/usbd_cdc_if.c ****   return result;
 302:USB_DEVICE/App/usbd_cdc_if.c **** }
 303:USB_DEVICE/App/usbd_cdc_if.c **** 
 304:USB_DEVICE/App/usbd_cdc_if.c **** /**
 305:USB_DEVICE/App/usbd_cdc_if.c ****   * @brief  CDC_TransmitCplt_FS
 306:USB_DEVICE/App/usbd_cdc_if.c ****   *         Data transmitted callback
 307:USB_DEVICE/App/usbd_cdc_if.c ****   *
 308:USB_DEVICE/App/usbd_cdc_if.c ****   *         @note
 309:USB_DEVICE/App/usbd_cdc_if.c ****   *         This function is IN transfer complete callback used to inform user that
 310:USB_DEVICE/App/usbd_cdc_if.c ****   *         the submitted Data is successfully sent over USB.
 311:USB_DEVICE/App/usbd_cdc_if.c ****   *
 312:USB_DEVICE/App/usbd_cdc_if.c ****   * @param  Buf: Buffer of data to be received
 313:USB_DEVICE/App/usbd_cdc_if.c ****   * @param  Len: Number of data received (in bytes)
 314:USB_DEVICE/App/usbd_cdc_if.c ****   * @retval Result of the operation: USBD_OK if all operations are OK else USBD_FAIL
 315:USB_DEVICE/App/usbd_cdc_if.c ****   */
 316:USB_DEVICE/App/usbd_cdc_if.c **** static int8_t CDC_TransmitCplt_FS(uint8_t *Buf, uint32_t *Len, uint8_t epnum)
 317:USB_DEVICE/App/usbd_cdc_if.c **** {
  74              		.loc 1 317 1 is_stmt 1 view -0
  75              		.cfi_startproc
  76              		@ args = 0, pretend = 0, frame = 0
  77              		@ frame_needed = 0, uses_anonymous_args = 0
  78              		@ link register save eliminated.
 318:USB_DEVICE/App/usbd_cdc_if.c ****   uint8_t result = USBD_OK;
  79              		.loc 1 318 3 view .LVU10
 319:USB_DEVICE/App/usbd_cdc_if.c ****   /* USER CODE BEGIN 13 */
 320:USB_DEVICE/App/usbd_cdc_if.c ****   UNUSED(Buf);
  80              		.loc 1 320 3 view .LVU11
 321:USB_DEVICE/App/usbd_cdc_if.c ****   UNUSED(Len);
  81              		.loc 1 321 3 view .LVU12
 322:USB_DEVICE/App/usbd_cdc_if.c ****   UNUSED(epnum);
  82              		.loc 1 322 3 view .LVU13
ARM GAS  C:\Users\alireza\AppData\Local\Temp\ccOTJivM.s 			page 8


 323:USB_DEVICE/App/usbd_cdc_if.c ****   /* USER CODE END 13 */
 324:USB_DEVICE/App/usbd_cdc_if.c ****   return result;
  83              		.loc 1 324 3 view .LVU14
 325:USB_DEVICE/App/usbd_cdc_if.c **** }
  84              		.loc 1 325 1 is_stmt 0 view .LVU15
  85 0000 0020     		movs	r0, #0
  86              	.LVL3:
  87              		.loc 1 325 1 view .LVU16
  88 0002 7047     		bx	lr
  89              		.cfi_endproc
  90              	.LFE229:
  92              		.section	.text.CDC_Receive_FS,"ax",%progbits
  93              		.align	1
  94              		.syntax unified
  95              		.thumb
  96              		.thumb_func
  98              	CDC_Receive_FS:
  99              	.LVL4:
 100              	.LFB227:
 262:USB_DEVICE/App/usbd_cdc_if.c ****     /* USER CODE BEGIN 6 */
 101              		.loc 1 262 59 is_stmt 1 view -0
 102              		.cfi_startproc
 103              		@ args = 0, pretend = 0, frame = 0
 104              		@ frame_needed = 0, uses_anonymous_args = 0
 262:USB_DEVICE/App/usbd_cdc_if.c ****     /* USER CODE BEGIN 6 */
 105              		.loc 1 262 59 is_stmt 0 view .LVU18
 106 0000 38B5     		push	{r3, r4, r5, lr}
 107              		.cfi_def_cfa_offset 16
 108              		.cfi_offset 3, -16
 109              		.cfi_offset 4, -12
 110              		.cfi_offset 5, -8
 111              		.cfi_offset 14, -4
 112 0002 0446     		mov	r4, r0
 265:USB_DEVICE/App/usbd_cdc_if.c ****     memcpy(isr_packet.data, Buf, isr_packet.len);
 113              		.loc 1 265 5 is_stmt 1 view .LVU19
 265:USB_DEVICE/App/usbd_cdc_if.c ****     memcpy(isr_packet.data, Buf, isr_packet.len);
 114              		.loc 1 265 23 is_stmt 0 view .LVU20
 115 0004 0A68     		ldr	r2, [r1]
 265:USB_DEVICE/App/usbd_cdc_if.c ****     memcpy(isr_packet.data, Buf, isr_packet.len);
 116              		.loc 1 265 73 view .LVU21
 117 0006 402A     		cmp	r2, #64
 118 0008 28BF     		it	cs
 119 000a 4022     		movcs	r2, #64
 265:USB_DEVICE/App/usbd_cdc_if.c ****     memcpy(isr_packet.data, Buf, isr_packet.len);
 120              		.loc 1 265 20 view .LVU22
 121 000c 0C4D     		ldr	r5, .L6
 122 000e A5F84020 		strh	r2, [r5, #64]	@ movhi
 266:USB_DEVICE/App/usbd_cdc_if.c ****     
 123              		.loc 1 266 5 is_stmt 1 view .LVU23
 124 0012 92B2     		uxth	r2, r2
 125 0014 0146     		mov	r1, r0
 126              	.LVL5:
 266:USB_DEVICE/App/usbd_cdc_if.c ****     
 127              		.loc 1 266 5 is_stmt 0 view .LVU24
 128 0016 2846     		mov	r0, r5
 129              	.LVL6:
 266:USB_DEVICE/App/usbd_cdc_if.c ****     
ARM GAS  C:\Users\alireza\AppData\Local\Temp\ccOTJivM.s 			page 9


 130              		.loc 1 266 5 view .LVU25
 131 0018 FFF7FEFF 		bl	memcpy
 132              	.LVL7:
 269:USB_DEVICE/App/usbd_cdc_if.c **** 
 133              		.loc 1 269 5 is_stmt 1 view .LVU26
 134 001c 0023     		movs	r3, #0
 135 001e 1A46     		mov	r2, r3
 136 0020 2946     		mov	r1, r5
 137 0022 0848     		ldr	r0, .L6+4
 138 0024 0068     		ldr	r0, [r0]
 139 0026 FFF7FEFF 		bl	osMessageQueuePut
 140              	.LVL8:
 272:USB_DEVICE/App/usbd_cdc_if.c ****     USBD_CDC_ReceivePacket(&hUsbDeviceFS);
 141              		.loc 1 272 5 view .LVU27
 142 002a 074D     		ldr	r5, .L6+8
 143 002c 2146     		mov	r1, r4
 144 002e 2846     		mov	r0, r5
 145 0030 FFF7FEFF 		bl	USBD_CDC_SetRxBuffer
 146              	.LVL9:
 273:USB_DEVICE/App/usbd_cdc_if.c ****     
 147              		.loc 1 273 5 view .LVU28
 148 0034 2846     		mov	r0, r5
 149 0036 FFF7FEFF 		bl	USBD_CDC_ReceivePacket
 150              	.LVL10:
 275:USB_DEVICE/App/usbd_cdc_if.c ****     /* USER CODE END 6 */
 151              		.loc 1 275 5 view .LVU29
 277:USB_DEVICE/App/usbd_cdc_if.c **** 
 152              		.loc 1 277 1 is_stmt 0 view .LVU30
 153 003a 0020     		movs	r0, #0
 154 003c 38BD     		pop	{r3, r4, r5, pc}
 155              	.LVL11:
 156              	.L7:
 277:USB_DEVICE/App/usbd_cdc_if.c **** 
 157              		.loc 1 277 1 view .LVU31
 158 003e 00BF     		.align	2
 159              	.L6:
 160 0040 00000000 		.word	isr_packet
 161 0044 00000000 		.word	usb_rx_queue
 162 0048 00000000 		.word	hUsbDeviceFS
 163              		.cfi_endproc
 164              	.LFE227:
 166              		.section	.text.CDC_Init_FS,"ax",%progbits
 167              		.align	1
 168              		.syntax unified
 169              		.thumb
 170              		.thumb_func
 172              	CDC_Init_FS:
 173              	.LFB224:
 154:USB_DEVICE/App/usbd_cdc_if.c ****   /* USER CODE BEGIN 3 */
 174              		.loc 1 154 1 is_stmt 1 view -0
 175              		.cfi_startproc
 176              		@ args = 0, pretend = 0, frame = 0
 177              		@ frame_needed = 0, uses_anonymous_args = 0
 178 0000 10B5     		push	{r4, lr}
 179              		.cfi_def_cfa_offset 8
 180              		.cfi_offset 4, -8
 181              		.cfi_offset 14, -4
ARM GAS  C:\Users\alireza\AppData\Local\Temp\ccOTJivM.s 			page 10


 157:USB_DEVICE/App/usbd_cdc_if.c ****   USBD_CDC_SetRxBuffer(&hUsbDeviceFS, UserRxBufferFS);
 182              		.loc 1 157 3 view .LVU33
 183 0002 064C     		ldr	r4, .L10
 184 0004 0022     		movs	r2, #0
 185 0006 0649     		ldr	r1, .L10+4
 186 0008 2046     		mov	r0, r4
 187 000a FFF7FEFF 		bl	USBD_CDC_SetTxBuffer
 188              	.LVL12:
 158:USB_DEVICE/App/usbd_cdc_if.c ****   return (USBD_OK);
 189              		.loc 1 158 3 view .LVU34
 190 000e 0549     		ldr	r1, .L10+8
 191 0010 2046     		mov	r0, r4
 192 0012 FFF7FEFF 		bl	USBD_CDC_SetRxBuffer
 193              	.LVL13:
 159:USB_DEVICE/App/usbd_cdc_if.c ****   /* USER CODE END 3 */
 194              		.loc 1 159 3 view .LVU35
 161:USB_DEVICE/App/usbd_cdc_if.c **** 
 195              		.loc 1 161 1 is_stmt 0 view .LVU36
 196 0016 0020     		movs	r0, #0
 197 0018 10BD     		pop	{r4, pc}
 198              	.L11:
 199 001a 00BF     		.align	2
 200              	.L10:
 201 001c 00000000 		.word	hUsbDeviceFS
 202 0020 00000000 		.word	UserTxBufferFS
 203 0024 00000000 		.word	UserRxBufferFS
 204              		.cfi_endproc
 205              	.LFE224:
 207              		.section	.text.CDC_Transmit_FS,"ax",%progbits
 208              		.align	1
 209              		.global	CDC_Transmit_FS
 210              		.syntax unified
 211              		.thumb
 212              		.thumb_func
 214              	CDC_Transmit_FS:
 215              	.LVL14:
 216              	.LFB228:
 291:USB_DEVICE/App/usbd_cdc_if.c ****   uint8_t result = USBD_OK;
 217              		.loc 1 291 1 is_stmt 1 view -0
 218              		.cfi_startproc
 219              		@ args = 0, pretend = 0, frame = 0
 220              		@ frame_needed = 0, uses_anonymous_args = 0
 292:USB_DEVICE/App/usbd_cdc_if.c ****   /* USER CODE BEGIN 7 */
 221              		.loc 1 292 3 view .LVU38
 294:USB_DEVICE/App/usbd_cdc_if.c ****   if (hcdc->TxState != 0){
 222              		.loc 1 294 3 view .LVU39
 294:USB_DEVICE/App/usbd_cdc_if.c ****   if (hcdc->TxState != 0){
 223              		.loc 1 294 27 is_stmt 0 view .LVU40
 224 0000 094B     		ldr	r3, .L20
 225 0002 D3F8BC32 		ldr	r3, [r3, #700]
 226              	.LVL15:
 295:USB_DEVICE/App/usbd_cdc_if.c ****     return USBD_BUSY;
 227              		.loc 1 295 3 is_stmt 1 view .LVU41
 295:USB_DEVICE/App/usbd_cdc_if.c ****     return USBD_BUSY;
 228              		.loc 1 295 11 is_stmt 0 view .LVU42
 229 0006 D3F81432 		ldr	r3, [r3, #532]
 230              	.LVL16:
ARM GAS  C:\Users\alireza\AppData\Local\Temp\ccOTJivM.s 			page 11


 295:USB_DEVICE/App/usbd_cdc_if.c ****     return USBD_BUSY;
 231              		.loc 1 295 6 view .LVU43
 232 000a 0BB1     		cbz	r3, .L19
 296:USB_DEVICE/App/usbd_cdc_if.c ****   }
 233              		.loc 1 296 12 view .LVU44
 234 000c 0120     		movs	r0, #1
 235              	.LVL17:
 302:USB_DEVICE/App/usbd_cdc_if.c **** 
 236              		.loc 1 302 1 view .LVU45
 237 000e 7047     		bx	lr
 238              	.LVL18:
 239              	.L19:
 291:USB_DEVICE/App/usbd_cdc_if.c ****   uint8_t result = USBD_OK;
 240              		.loc 1 291 1 view .LVU46
 241 0010 10B5     		push	{r4, lr}
 242              		.cfi_def_cfa_offset 8
 243              		.cfi_offset 4, -8
 244              		.cfi_offset 14, -4
 298:USB_DEVICE/App/usbd_cdc_if.c ****   result = USBD_CDC_TransmitPacket(&hUsbDeviceFS);
 245              		.loc 1 298 3 is_stmt 1 view .LVU47
 246 0012 054C     		ldr	r4, .L20
 247              	.LVL19:
 298:USB_DEVICE/App/usbd_cdc_if.c ****   result = USBD_CDC_TransmitPacket(&hUsbDeviceFS);
 248              		.loc 1 298 3 is_stmt 0 view .LVU48
 249 0014 0A46     		mov	r2, r1
 250 0016 0146     		mov	r1, r0
 251              	.LVL20:
 298:USB_DEVICE/App/usbd_cdc_if.c ****   result = USBD_CDC_TransmitPacket(&hUsbDeviceFS);
 252              		.loc 1 298 3 view .LVU49
 253 0018 2046     		mov	r0, r4
 254              	.LVL21:
 298:USB_DEVICE/App/usbd_cdc_if.c ****   result = USBD_CDC_TransmitPacket(&hUsbDeviceFS);
 255              		.loc 1 298 3 view .LVU50
 256 001a FFF7FEFF 		bl	USBD_CDC_SetTxBuffer
 257              	.LVL22:
 299:USB_DEVICE/App/usbd_cdc_if.c ****   /* USER CODE END 7 */
 258              		.loc 1 299 3 is_stmt 1 view .LVU51
 299:USB_DEVICE/App/usbd_cdc_if.c ****   /* USER CODE END 7 */
 259              		.loc 1 299 12 is_stmt 0 view .LVU52
 260 001e 2046     		mov	r0, r4
 261 0020 FFF7FEFF 		bl	USBD_CDC_TransmitPacket
 262              	.LVL23:
 301:USB_DEVICE/App/usbd_cdc_if.c **** }
 263              		.loc 1 301 3 is_stmt 1 view .LVU53
 302:USB_DEVICE/App/usbd_cdc_if.c **** 
 264              		.loc 1 302 1 is_stmt 0 view .LVU54
 265 0024 10BD     		pop	{r4, pc}
 266              	.L21:
 267 0026 00BF     		.align	2
 268              	.L20:
 269 0028 00000000 		.word	hUsbDeviceFS
 270              		.cfi_endproc
 271              	.LFE228:
 273              		.global	USBD_Interface_fops_FS
 274              		.section	.data.USBD_Interface_fops_FS,"aw"
 275              		.align	2
 278              	USBD_Interface_fops_FS:
ARM GAS  C:\Users\alireza\AppData\Local\Temp\ccOTJivM.s 			page 12


 279 0000 00000000 		.word	CDC_Init_FS
 280 0004 00000000 		.word	CDC_DeInit_FS
 281 0008 00000000 		.word	CDC_Control_FS
 282 000c 00000000 		.word	CDC_Receive_FS
 283 0010 00000000 		.word	CDC_TransmitCplt_FS
 284              		.section	.bss.isr_packet,"aw",%nobits
 285              		.align	2
 288              	isr_packet:
 289 0000 00000000 		.space	66
 289      00000000 
 289      00000000 
 289      00000000 
 289      00000000 
 290              		.global	UserTxBufferFS
 291              		.section	.bss.UserTxBufferFS,"aw",%nobits
 292              		.align	2
 295              	UserTxBufferFS:
 296 0000 00000000 		.space	1024
 296      00000000 
 296      00000000 
 296      00000000 
 296      00000000 
 297              		.global	UserRxBufferFS
 298              		.section	.bss.UserRxBufferFS,"aw",%nobits
 299              		.align	2
 302              	UserRxBufferFS:
 303 0000 00000000 		.space	1024
 303      00000000 
 303      00000000 
 303      00000000 
 303      00000000 
 304              		.text
 305              	.Letext0:
 306              		.file 2 "C:/Users/alireza/AppData/Roaming/Code/User/globalStorage/bmd.stm32-for-vscode/@xpack-dev-
 307              		.file 3 "C:/Users/alireza/AppData/Roaming/Code/User/globalStorage/bmd.stm32-for-vscode/@xpack-dev-
 308              		.file 4 "Middlewares/ST/STM32_USB_Device_Library/Core/Inc/usbd_def.h"
 309              		.file 5 "Middlewares/ST/STM32_USB_Device_Library/Class/CDC/Inc/usbd_cdc.h"
 310              		.file 6 "Middlewares/Third_Party/FreeRTOS/Source/CMSIS_RTOS_V2/cmsis_os2.h"
 311              		.file 7 "controller/utils/comms.h"
 312              		.file 8 "USB_DEVICE/App/usbd_cdc_if.h"
 313              		.file 9 "C:/Users/alireza/AppData/Roaming/Code/User/globalStorage/bmd.stm32-for-vscode/@xpack-dev-
 314              		.file 10 "<built-in>"
ARM GAS  C:\Users\alireza\AppData\Local\Temp\ccOTJivM.s 			page 13


DEFINED SYMBOLS
                            *ABS*:00000000 usbd_cdc_if.c
C:\Users\alireza\AppData\Local\Temp\ccOTJivM.s:21     .text.CDC_DeInit_FS:00000000 $t
C:\Users\alireza\AppData\Local\Temp\ccOTJivM.s:26     .text.CDC_DeInit_FS:00000000 CDC_DeInit_FS
C:\Users\alireza\AppData\Local\Temp\ccOTJivM.s:41     .text.CDC_Control_FS:00000000 $t
C:\Users\alireza\AppData\Local\Temp\ccOTJivM.s:46     .text.CDC_Control_FS:00000000 CDC_Control_FS
C:\Users\alireza\AppData\Local\Temp\ccOTJivM.s:66     .text.CDC_TransmitCplt_FS:00000000 $t
C:\Users\alireza\AppData\Local\Temp\ccOTJivM.s:71     .text.CDC_TransmitCplt_FS:00000000 CDC_TransmitCplt_FS
C:\Users\alireza\AppData\Local\Temp\ccOTJivM.s:93     .text.CDC_Receive_FS:00000000 $t
C:\Users\alireza\AppData\Local\Temp\ccOTJivM.s:98     .text.CDC_Receive_FS:00000000 CDC_Receive_FS
C:\Users\alireza\AppData\Local\Temp\ccOTJivM.s:160    .text.CDC_Receive_FS:00000040 $d
C:\Users\alireza\AppData\Local\Temp\ccOTJivM.s:288    .bss.isr_packet:00000000 isr_packet
C:\Users\alireza\AppData\Local\Temp\ccOTJivM.s:167    .text.CDC_Init_FS:00000000 $t
C:\Users\alireza\AppData\Local\Temp\ccOTJivM.s:172    .text.CDC_Init_FS:00000000 CDC_Init_FS
C:\Users\alireza\AppData\Local\Temp\ccOTJivM.s:201    .text.CDC_Init_FS:0000001c $d
C:\Users\alireza\AppData\Local\Temp\ccOTJivM.s:295    .bss.UserTxBufferFS:00000000 UserTxBufferFS
C:\Users\alireza\AppData\Local\Temp\ccOTJivM.s:302    .bss.UserRxBufferFS:00000000 UserRxBufferFS
C:\Users\alireza\AppData\Local\Temp\ccOTJivM.s:208    .text.CDC_Transmit_FS:00000000 $t
C:\Users\alireza\AppData\Local\Temp\ccOTJivM.s:214    .text.CDC_Transmit_FS:00000000 CDC_Transmit_FS
C:\Users\alireza\AppData\Local\Temp\ccOTJivM.s:269    .text.CDC_Transmit_FS:00000028 $d
C:\Users\alireza\AppData\Local\Temp\ccOTJivM.s:278    .data.USBD_Interface_fops_FS:00000000 USBD_Interface_fops_FS
C:\Users\alireza\AppData\Local\Temp\ccOTJivM.s:275    .data.USBD_Interface_fops_FS:00000000 $d
C:\Users\alireza\AppData\Local\Temp\ccOTJivM.s:285    .bss.isr_packet:00000000 $d
C:\Users\alireza\AppData\Local\Temp\ccOTJivM.s:292    .bss.UserTxBufferFS:00000000 $d
C:\Users\alireza\AppData\Local\Temp\ccOTJivM.s:299    .bss.UserRxBufferFS:00000000 $d

UNDEFINED SYMBOLS
memcpy
osMessageQueuePut
USBD_CDC_SetRxBuffer
USBD_CDC_ReceivePacket
usb_rx_queue
hUsbDeviceFS
USBD_CDC_SetTxBuffer
USBD_CDC_TransmitPacket
