ARM GAS  C:\Users\alireza\AppData\Local\Temp\ccJDcDdm.s 			page 1


   1              		.cpu cortex-m4
   2              		.arch armv7e-m
   3              		.fpu fpv4-sp-d16
   4              		.eabi_attribute 27, 1
   5              		.eabi_attribute 28, 1
   6              		.eabi_attribute 20, 1
   7              		.eabi_attribute 21, 1
   8              		.eabi_attribute 23, 3
   9              		.eabi_attribute 24, 1
  10              		.eabi_attribute 25, 1
  11              		.eabi_attribute 26, 1
  12              		.eabi_attribute 30, 1
  13              		.eabi_attribute 34, 1
  14              		.eabi_attribute 18, 4
  15              		.file	"utils.c"
  16              		.text
  17              	.Ltext0:
  18              		.cfi_sections	.debug_frame
  19              		.file 1 "controller/utils/utils.c"
  20              		.section	.text.crc32_inc,"ax",%progbits
  21              		.align	1
  22              		.global	crc32_inc
  23              		.syntax unified
  24              		.thumb
  25              		.thumb_func
  27              	crc32_inc:
  28              	.LVL0:
  29              	.LFB226:
   1:controller/utils/utils.c **** #include "utils.h"
   2:controller/utils/utils.c **** 
   3:controller/utils/utils.c **** 
   4:controller/utils/utils.c **** 
   5:controller/utils/utils.c **** uint32_t crc32_inc(uint32_t in_crc32, const void *buf,
   6:controller/utils/utils.c ****                    size_t size)
   7:controller/utils/utils.c **** {
  30              		.loc 1 7 1 view -0
  31              		.cfi_startproc
  32              		@ args = 0, pretend = 0, frame = 0
  33              		@ frame_needed = 0, uses_anonymous_args = 0
  34              		@ link register save eliminated.
   8:controller/utils/utils.c ****     static const unsigned long crcTable[256] = {
  35              		.loc 1 8 5 view .LVU1
   9:controller/utils/utils.c ****         0x00000000, 0x77073096, 0xEE0E612C, 0x990951BA, 0x076DC419, 0x706AF48F, 0xE963A535,
  10:controller/utils/utils.c ****         0x9E6495A3, 0x0EDB8832, 0x79DCB8A4, 0xE0D5E91E, 0x97D2D988, 0x09B64C2B, 0x7EB17CBD,
  11:controller/utils/utils.c ****         0xE7B82D07, 0x90BF1D91, 0x1DB71064, 0x6AB020F2, 0xF3B97148, 0x84BE41DE, 0x1ADAD47D,
  12:controller/utils/utils.c ****         0x6DDDE4EB, 0xF4D4B551, 0x83D385C7, 0x136C9856, 0x646BA8C0, 0xFD62F97A, 0x8A65C9EC,
  13:controller/utils/utils.c ****         0x14015C4F, 0x63066CD9, 0xFA0F3D63, 0x8D080DF5, 0x3B6E20C8, 0x4C69105E, 0xD56041E4,
  14:controller/utils/utils.c ****         0xA2677172, 0x3C03E4D1, 0x4B04D447, 0xD20D85FD, 0xA50AB56B, 0x35B5A8FA, 0x42B2986C,
  15:controller/utils/utils.c ****         0xDBBBC9D6, 0xACBCF940, 0x32D86CE3, 0x45DF5C75, 0xDCD60DCF, 0xABD13D59, 0x26D930AC,
  16:controller/utils/utils.c ****         0x51DE003A, 0xC8D75180, 0xBFD06116, 0x21B4F4B5, 0x56B3C423, 0xCFBA9599, 0xB8BDA50F,
  17:controller/utils/utils.c ****         0x2802B89E, 0x5F058808, 0xC60CD9B2, 0xB10BE924, 0x2F6F7C87, 0x58684C11, 0xC1611DAB,
  18:controller/utils/utils.c ****         0xB6662D3D, 0x76DC4190, 0x01DB7106, 0x98D220BC, 0xEFD5102A, 0x71B18589, 0x06B6B51F,
  19:controller/utils/utils.c ****         0x9FBFE4A5, 0xE8B8D433, 0x7807C9A2, 0x0F00F934, 0x9609A88E, 0xE10E9818, 0x7F6A0DBB,
  20:controller/utils/utils.c ****         0x086D3D2D, 0x91646C97, 0xE6635C01, 0x6B6B51F4, 0x1C6C6162, 0x856530D8, 0xF262004E,
  21:controller/utils/utils.c ****         0x6C0695ED, 0x1B01A57B, 0x8208F4C1, 0xF50FC457, 0x65B0D9C6, 0x12B7E950, 0x8BBEB8EA,
  22:controller/utils/utils.c ****         0xFCB9887C, 0x62DD1DDF, 0x15DA2D49, 0x8CD37CF3, 0xFBD44C65, 0x4DB26158, 0x3AB551CE,
  23:controller/utils/utils.c ****         0xA3BC0074, 0xD4BB30E2, 0x4ADFA541, 0x3DD895D7, 0xA4D1C46D, 0xD3D6F4FB, 0x4369E96A,
ARM GAS  C:\Users\alireza\AppData\Local\Temp\ccJDcDdm.s 			page 2


  24:controller/utils/utils.c ****         0x346ED9FC, 0xAD678846, 0xDA60B8D0, 0x44042D73, 0x33031DE5, 0xAA0A4C5F, 0xDD0D7CC9,
  25:controller/utils/utils.c ****         0x5005713C, 0x270241AA, 0xBE0B1010, 0xC90C2086, 0x5768B525, 0x206F85B3, 0xB966D409,
  26:controller/utils/utils.c ****         0xCE61E49F, 0x5EDEF90E, 0x29D9C998, 0xB0D09822, 0xC7D7A8B4, 0x59B33D17, 0x2EB40D81,
  27:controller/utils/utils.c ****         0xB7BD5C3B, 0xC0BA6CAD, 0xEDB88320, 0x9ABFB3B6, 0x03B6E20C, 0x74B1D29A, 0xEAD54739,
  28:controller/utils/utils.c ****         0x9DD277AF, 0x04DB2615, 0x73DC1683, 0xE3630B12, 0x94643B84, 0x0D6D6A3E, 0x7A6A5AA8,
  29:controller/utils/utils.c ****         0xE40ECF0B, 0x9309FF9D, 0x0A00AE27, 0x7D079EB1, 0xF00F9344, 0x8708A3D2, 0x1E01F268,
  30:controller/utils/utils.c ****         0x6906C2FE, 0xF762575D, 0x806567CB, 0x196C3671, 0x6E6B06E7, 0xFED41B76, 0x89D32BE0,
  31:controller/utils/utils.c ****         0x10DA7A5A, 0x67DD4ACC, 0xF9B9DF6F, 0x8EBEEFF9, 0x17B7BE43, 0x60B08ED5, 0xD6D6A3E8,
  32:controller/utils/utils.c ****         0xA1D1937E, 0x38D8C2C4, 0x4FDFF252, 0xD1BB67F1, 0xA6BC5767, 0x3FB506DD, 0x48B2364B,
  33:controller/utils/utils.c ****         0xD80D2BDA, 0xAF0A1B4C, 0x36034AF6, 0x41047A60, 0xDF60EFC3, 0xA867DF55, 0x316E8EEF,
  34:controller/utils/utils.c ****         0x4669BE79, 0xCB61B38C, 0xBC66831A, 0x256FD2A0, 0x5268E236, 0xCC0C7795, 0xBB0B4703,
  35:controller/utils/utils.c ****         0x220216B9, 0x5505262F, 0xC5BA3BBE, 0xB2BD0B28, 0x2BB45A92, 0x5CB36A04, 0xC2D7FFA7,
  36:controller/utils/utils.c ****         0xB5D0CF31, 0x2CD99E8B, 0x5BDEAE1D, 0x9B64C2B0, 0xEC63F226, 0x756AA39C, 0x026D930A,
  37:controller/utils/utils.c ****         0x9C0906A9, 0xEB0E363F, 0x72076785, 0x05005713, 0x95BF4A82, 0xE2B87A14, 0x7BB12BAE,
  38:controller/utils/utils.c ****         0x0CB61B38, 0x92D28E9B, 0xE5D5BE0D, 0x7CDCEFB7, 0x0BDBDF21, 0x86D3D2D4, 0xF1D4E242,
  39:controller/utils/utils.c ****         0x68DDB3F8, 0x1FDA836E, 0x81BE16CD, 0xF6B9265B, 0x6FB077E1, 0x18B74777, 0x88085AE6,
  40:controller/utils/utils.c ****         0xFF0F6A70, 0x66063BCA, 0x11010B5C, 0x8F659EFF, 0xF862AE69, 0x616BFFD3, 0x166CCF45,
  41:controller/utils/utils.c ****         0xA00AE278, 0xD70DD2EE, 0x4E048354, 0x3903B3C2, 0xA7672661, 0xD06016F7, 0x4969474D,
  42:controller/utils/utils.c ****         0x3E6E77DB, 0xAED16A4A, 0xD9D65ADC, 0x40DF0B66, 0x37D83BF0, 0xA9BCAE53, 0xDEBB9EC5,
  43:controller/utils/utils.c ****         0x47B2CF7F, 0x30B5FFE9, 0xBDBDF21C, 0xCABAC28A, 0x53B39330, 0x24B4A3A6, 0xBAD03605,
  44:controller/utils/utils.c ****         0xCDD70693, 0x54DE5729, 0x23D967BF, 0xB3667A2E, 0xC4614AB8, 0x5D681B02, 0x2A6F2B94,
  45:controller/utils/utils.c ****         0xB40BBE37, 0xC30C8EA1, 0x5A05DF1B, 0x2D02EF8D};
  46:controller/utils/utils.c ****     unsigned long crc32;
  36              		.loc 1 46 5 view .LVU2
  47:controller/utils/utils.c ****     unsigned char *byte_buf;
  37              		.loc 1 47 5 view .LVU3
  48:controller/utils/utils.c ****     size_t i;
  38              		.loc 1 48 5 view .LVU4
  49:controller/utils/utils.c **** 
  50:controller/utils/utils.c ****     /** accumulate crc32 for buffer **/
  51:controller/utils/utils.c ****     crc32 = in_crc32 ^ 0xFFFFFFFF;
  39              		.loc 1 51 5 view .LVU5
  40              		.loc 1 51 11 is_stmt 0 view .LVU6
  41 0000 C043     		mvns	r0, r0
  42              	.LVL1:
  52:controller/utils/utils.c ****     byte_buf = (unsigned char *)buf;
  43              		.loc 1 52 5 is_stmt 1 view .LVU7
  53:controller/utils/utils.c ****     for (i = 0; i < size; i++)
  44              		.loc 1 53 5 view .LVU8
  45              		.loc 1 53 12 is_stmt 0 view .LVU9
  46 0002 4FF0000C 		mov	ip, #0
  47              	.LVL2:
  48              		.loc 1 53 19 is_stmt 1 discriminator 1 view .LVU10
  49 0006 9445     		cmp	ip, r2
  50 0008 11D2     		bcs	.L8
   7:controller/utils/utils.c ****     static const unsigned long crcTable[256] = {
  51              		.loc 1 7 1 is_stmt 0 view .LVU11
  52 000a 10B4     		push	{r4}
  53              		.cfi_def_cfa_offset 4
  54              		.cfi_offset 4, -4
  55              	.LVL3:
  56              	.L3:
  54:controller/utils/utils.c ****     {
  55:controller/utils/utils.c ****         crc32 = (crc32 >> 8) ^ crcTable[(crc32 ^ byte_buf[i]) & 0xFF];
  57              		.loc 1 55 9 is_stmt 1 view .LVU12
  58              		.loc 1 55 58 is_stmt 0 view .LVU13
  59 000c 11F80C30 		ldrb	r3, [r1, ip]	@ zero_extendqisi2
ARM GAS  C:\Users\alireza\AppData\Local\Temp\ccJDcDdm.s 			page 3


  60              		.loc 1 55 48 view .LVU14
  61 0010 4340     		eors	r3, r3, r0
  62              		.loc 1 55 63 view .LVU15
  63 0012 DBB2     		uxtb	r3, r3
  64              		.loc 1 55 40 view .LVU16
  65 0014 074C     		ldr	r4, .L9
  66 0016 54F82330 		ldr	r3, [r4, r3, lsl #2]
  67              		.loc 1 55 15 view .LVU17
  68 001a 83EA1020 		eor	r0, r3, r0, lsr #8
  69              	.LVL4:
  53:controller/utils/utils.c ****     {
  70              		.loc 1 53 28 is_stmt 1 discriminator 3 view .LVU18
  71 001e 0CF1010C 		add	ip, ip, #1
  72              	.LVL5:
  53:controller/utils/utils.c ****     {
  73              		.loc 1 53 19 discriminator 1 view .LVU19
  74 0022 9445     		cmp	ip, r2
  75 0024 F2D3     		bcc	.L3
  56:controller/utils/utils.c ****     }
  57:controller/utils/utils.c ****     return (crc32 ^ 0xFFFFFFFF);
  76              		.loc 1 57 5 view .LVU20
  58:controller/utils/utils.c **** }...
  77              		.loc 1 58 1 is_stmt 0 view .LVU21
  78 0026 C043     		mvns	r0, r0
  79              	.LVL6:
  80              		.loc 1 58 1 view .LVU22
  81 0028 5DF8044B 		ldr	r4, [sp], #4
  82              		.cfi_restore 4
  83              		.cfi_def_cfa_offset 0
  84 002c 7047     		bx	lr
  85              	.LVL7:
  86              	.L8:
  57:controller/utils/utils.c ****     return (crc32 ^ 0xFFFFFFFF);
  87              		.loc 1 57 5 is_stmt 1 view .LVU23
  88              		.loc 1 58 1 is_stmt 0 view .LVU24
  89 002e C043     		mvns	r0, r0
  90              	.LVL8:
  91              		.loc 1 58 1 view .LVU25
  92 0030 7047     		bx	lr
  93              	.L10:
  94 0032 00BF     		.align	2
  95              	.L9:
  96 0034 00000000 		.word	crcTable.0
  97              		.cfi_endproc
  98              	.LFE226:
 100              		.section	.rodata.crcTable.0,"a"
 101              		.align	2
 104              	crcTable.0:
 105 0000 00000000 		.word	0
 106 0004 96300777 		.word	1996959894
 107 0008 2C610EEE 		.word	-301047508
 108 000c BA510999 		.word	-1727442502
 109 0010 19C46D07 		.word	124634137
 110 0014 8FF46A70 		.word	1886057615
 111 0018 35A563E9 		.word	-379345611
 112 001c A395649E 		.word	-1637575261
 113 0020 3288DB0E 		.word	249268274
ARM GAS  C:\Users\alireza\AppData\Local\Temp\ccJDcDdm.s 			page 4


 114 0024 A4B8DC79 		.word	2044508324
 115 0028 1EE9D5E0 		.word	-522852066
 116 002c 88D9D297 		.word	-1747789432
 117 0030 2B4CB609 		.word	162941995
 118 0034 BD7CB17E 		.word	2125561021
 119 0038 072DB8E7 		.word	-407360249
 120 003c 911DBF90 		.word	-1866523247
 121 0040 6410B71D 		.word	498536548
 122 0044 F220B06A 		.word	1789927666
 123 0048 4871B9F3 		.word	-205950648
 124 004c DE41BE84 		.word	-2067906082
 125 0050 7DD4DA1A 		.word	450548861
 126 0054 EBE4DD6D 		.word	1843258603
 127 0058 51B5D4F4 		.word	-187386543
 128 005c C785D383 		.word	-2083289657
 129 0060 56986C13 		.word	325883990
 130 0064 C0A86B64 		.word	1684777152
 131 0068 7AF962FD 		.word	-43845254
 132 006c ECC9658A 		.word	-1973040660
 133 0070 4F5C0114 		.word	335633487
 134 0074 D96C0663 		.word	1661365465
 135 0078 633D0FFA 		.word	-99664541
 136 007c F50D088D 		.word	-1928851979
 137 0080 C8206E3B 		.word	997073096
 138 0084 5E10694C 		.word	1281953886
 139 0088 E44160D5 		.word	-715111964
 140 008c 727167A2 		.word	-1570279054
 141 0090 D1E4033C 		.word	1006888145
 142 0094 47D4044B 		.word	1258607687
 143 0098 FD850DD2 		.word	-770865667
 144 009c 6BB50AA5 		.word	-1526024853
 145 00a0 FAA8B535 		.word	901097722
 146 00a4 6C98B242 		.word	1119000684
 147 00a8 D6C9BBDB 		.word	-608450090
 148 00ac 40F9BCAC 		.word	-1396901568
 149 00b0 E36CD832 		.word	853044451
 150 00b4 755CDF45 		.word	1172266101
 151 00b8 CF0DD6DC 		.word	-589951537
 152 00bc 593DD1AB 		.word	-1412350631
 153 00c0 AC30D926 		.word	651767980
 154 00c4 3A00DE51 		.word	1373503546
 155 00c8 8051D7C8 		.word	-925412992
 156 00cc 1661D0BF 		.word	-1076862698
 157 00d0 B5F4B421 		.word	565507253
 158 00d4 23C4B356 		.word	1454621731
 159 00d8 9995BACF 		.word	-809855591
 160 00dc 0FA5BDB8 		.word	-1195530993
 161 00e0 9EB80228 		.word	671266974
 162 00e4 0888055F 		.word	1594198024
 163 00e8 B2D90CC6 		.word	-972236366
 164 00ec 24E90BB1 		.word	-1324619484
 165 00f0 877C6F2F 		.word	795835527
 166 00f4 114C6858 		.word	1483230225
 167 00f8 AB1D61C1 		.word	-1050600021
 168 00fc 3D2D66B6 		.word	-1234817731
 169 0100 9041DC76 		.word	1994146192
 170 0104 0671DB01 		.word	31158534
ARM GAS  C:\Users\alireza\AppData\Local\Temp\ccJDcDdm.s 			page 5


 171 0108 BC20D298 		.word	-1731059524
 172 010c 2A10D5EF 		.word	-271249366
 173 0110 8985B171 		.word	1907459465
 174 0114 1FB5B606 		.word	112637215
 175 0118 A5E4BF9F 		.word	-1614814043
 176 011c 33D4B8E8 		.word	-390540237
 177 0120 A2C90778 		.word	2013776290
 178 0124 34F9000F 		.word	251722036
 179 0128 8EA80996 		.word	-1777751922
 180 012c 18980EE1 		.word	-519137256
 181 0130 BB0D6A7F 		.word	2137656763
 182 0134 2D3D6D08 		.word	141376813
 183 0138 976C6491 		.word	-1855689577
 184 013c 015C63E6 		.word	-429695999
 185 0140 F4516B6B 		.word	1802195444
 186 0144 62616C1C 		.word	476864866
 187 0148 D8306585 		.word	-2056965928
 188 014c 4E0062F2 		.word	-228458418
 189 0150 ED95066C 		.word	1812370925
 190 0154 7BA5011B 		.word	453092731
 191 0158 C1F40882 		.word	-2113342271
 192 015c 57C40FF5 		.word	-183516073
 193 0160 C6D9B065 		.word	1706088902
 194 0164 50E9B712 		.word	314042704
 195 0168 EAB8BE8B 		.word	-1950435094
 196 016c 7C88B9FC 		.word	-54949764
 197 0170 DF1DDD62 		.word	1658658271
 198 0174 492DDA15 		.word	366619977
 199 0178 F37CD38C 		.word	-1932296973
 200 017c 654CD4FB 		.word	-69972891
 201 0180 5861B24D 		.word	1303535960
 202 0184 CE51B53A 		.word	984961486
 203 0188 7400BCA3 		.word	-1547960204
 204 018c E230BBD4 		.word	-725929758
 205 0190 41A5DF4A 		.word	1256170817
 206 0194 D795D83D 		.word	1037604311
 207 0198 6DC4D1A4 		.word	-1529756563
 208 019c FBF4D6D3 		.word	-740887301
 209 01a0 6AE96943 		.word	1131014506
 210 01a4 FCD96E34 		.word	879679996
 211 01a8 468867AD 		.word	-1385723834
 212 01ac D0B860DA 		.word	-631195440
 213 01b0 732D0444 		.word	1141124467
 214 01b4 E51D0333 		.word	855842277
 215 01b8 5F4C0AAA 		.word	-1442165665
 216 01bc C97C0DDD 		.word	-586318647
 217 01c0 3C710550 		.word	1342533948
 218 01c4 AA410227 		.word	654459306
 219 01c8 10100BBE 		.word	-1106571248
 220 01cc 86200CC9 		.word	-921952122
 221 01d0 25B56857 		.word	1466479909
 222 01d4 B3856F20 		.word	544179635
 223 01d8 09D466B9 		.word	-1184443383
 224 01dc 9FE461CE 		.word	-832445281
 225 01e0 0EF9DE5E 		.word	1591671054
 226 01e4 98C9D929 		.word	702138776
 227 01e8 2298D0B0 		.word	-1328506846
ARM GAS  C:\Users\alireza\AppData\Local\Temp\ccJDcDdm.s 			page 6


 228 01ec B4A8D7C7 		.word	-942167884
 229 01f0 173DB359 		.word	1504918807
 230 01f4 810DB42E 		.word	783551873
 231 01f8 3B5CBDB7 		.word	-1212326853
 232 01fc AD6CBAC0 		.word	-1061524307
 233 0200 2083B8ED 		.word	-306674912
 234 0204 B6B3BF9A 		.word	-1698712650
 235 0208 0CE2B603 		.word	62317068
 236 020c 9AD2B174 		.word	1957810842
 237 0210 3947D5EA 		.word	-355121351
 238 0214 AF77D29D 		.word	-1647151185
 239 0218 1526DB04 		.word	81470997
 240 021c 8316DC73 		.word	1943803523
 241 0220 120B63E3 		.word	-480048366
 242 0224 843B6494 		.word	-1805370492
 243 0228 3E6A6D0D 		.word	225274430
 244 022c A85A6A7A 		.word	2053790376
 245 0230 0BCF0EE4 		.word	-468791541
 246 0234 9DFF0993 		.word	-1828061283
 247 0238 27AE000A 		.word	167816743
 248 023c B19E077D 		.word	2097651377
 249 0240 44930FF0 		.word	-267414716
 250 0244 D2A30887 		.word	-2029476910
 251 0248 68F2011E 		.word	503444072
 252 024c FEC20669 		.word	1762050814
 253 0250 5D5762F7 		.word	-144550051
 254 0254 CB676580 		.word	-2140837941
 255 0258 71366C19 		.word	426522225
 256 025c E7066B6E 		.word	1852507879
 257 0260 761BD4FE 		.word	-19653770
 258 0264 E02BD389 		.word	-1982649376
 259 0268 5A7ADA10 		.word	282753626
 260 026c CC4ADD67 		.word	1742555852
 261 0270 6FDFB9F9 		.word	-105259153
 262 0274 F9EFBE8E 		.word	-1900089351
 263 0278 43BEB717 		.word	397917763
 264 027c D58EB060 		.word	1622183637
 265 0280 E8A3D6D6 		.word	-690576408
 266 0284 7E93D1A1 		.word	-1580100738
 267 0288 C4C2D838 		.word	953729732
 268 028c 52F2DF4F 		.word	1340076626
 269 0290 F167BBD1 		.word	-776247311
 270 0294 6757BCA6 		.word	-1497606297
 271 0298 DD06B53F 		.word	1068828381
 272 029c 4B36B248 		.word	1219638859
 273 02a0 DA2B0DD8 		.word	-670225446
 274 02a4 4C1B0AAF 		.word	-1358292148
 275 02a8 F64A0336 		.word	906185462
 276 02ac 607A0441 		.word	1090812512
 277 02b0 C3EF60DF 		.word	-547295293
 278 02b4 55DF67A8 		.word	-1469587627
 279 02b8 EF8E6E31 		.word	829329135
 280 02bc 79BE6946 		.word	1181335161
 281 02c0 8CB361CB 		.word	-882789492
 282 02c4 1A8366BC 		.word	-1134132454
 283 02c8 A0D26F25 		.word	628085408
 284 02cc 36E26852 		.word	1382605366
ARM GAS  C:\Users\alireza\AppData\Local\Temp\ccJDcDdm.s 			page 7


 285 02d0 95770CCC 		.word	-871598187
 286 02d4 03470BBB 		.word	-1156888829
 287 02d8 B9160222 		.word	570562233
 288 02dc 2F260555 		.word	1426400815
 289 02e0 BE3BBAC5 		.word	-977650754
 290 02e4 280BBDB2 		.word	-1296233688
 291 02e8 925AB42B 		.word	733239954
 292 02ec 046AB35C 		.word	1555261956
 293 02f0 A7FFD7C2 		.word	-1026031705
 294 02f4 31CFD0B5 		.word	-1244606671
 295 02f8 8B9ED92C 		.word	752459403
 296 02fc 1DAEDE5B 		.word	1541320221
 297 0300 B0C2649B 		.word	-1687895376
 298 0304 26F263EC 		.word	-328994266
 299 0308 9CA36A75 		.word	1969922972
 300 030c 0A936D02 		.word	40735498
 301 0310 A906099C 		.word	-1677130071
 302 0314 3F360EEB 		.word	-351390145
 303 0318 85670772 		.word	1913087877
 304 031c 13570005 		.word	83908371
 305 0320 824ABF95 		.word	-1782625662
 306 0324 147AB8E2 		.word	-491226604
 307 0328 AE2BB17B 		.word	2075208622
 308 032c 381BB60C 		.word	213261112
 309 0330 9B8ED292 		.word	-1831694693
 310 0334 0DBED5E5 		.word	-438977011
 311 0338 B7EFDC7C 		.word	2094854071
 312 033c 21DFDB0B 		.word	198958881
 313 0340 D4D2D386 		.word	-2032938284
 314 0344 42E2D4F1 		.word	-237706686
 315 0348 F8B3DD68 		.word	1759359992
 316 034c 6E83DA1F 		.word	534414190
 317 0350 CD16BE81 		.word	-2118248755
 318 0354 5B26B9F6 		.word	-155638181
 319 0358 E177B06F 		.word	1873836001
 320 035c 7747B718 		.word	414664567
 321 0360 E65A0888 		.word	-2012718362
 322 0364 706A0FFF 		.word	-15766928
 323 0368 CA3B0666 		.word	1711684554
 324 036c 5C0B0111 		.word	285281116
 325 0370 FF9E658F 		.word	-1889165569
 326 0374 69AE62F8 		.word	-127750551
 327 0378 D3FF6B61 		.word	1634467795
 328 037c 45CF6C16 		.word	376229701
 329 0380 78E20AA0 		.word	-1609899400
 330 0384 EED20DD7 		.word	-686959890
 331 0388 5483044E 		.word	1308918612
 332 038c C2B30339 		.word	956543938
 333 0390 612667A7 		.word	-1486412191
 334 0394 F71660D0 		.word	-799009033
 335 0398 4D476949 		.word	1231636301
 336 039c DB776E3E 		.word	1047427035
 337 03a0 4A6AD1AE 		.word	-1362007478
 338 03a4 DC5AD6D9 		.word	-640263460
 339 03a8 660BDF40 		.word	1088359270
 340 03ac F03BD837 		.word	936918000
 341 03b0 53AEBCA9 		.word	-1447252397
ARM GAS  C:\Users\alireza\AppData\Local\Temp\ccJDcDdm.s 			page 8


 342 03b4 C59EBBDE 		.word	-558129467
 343 03b8 7FCFB247 		.word	1202900863
 344 03bc E9FFB530 		.word	817233897
 345 03c0 1CF2BDBD 		.word	-1111625188
 346 03c4 8AC2BACA 		.word	-893730166
 347 03c8 3093B353 		.word	1404277552
 348 03cc A6A3B424 		.word	615818150
 349 03d0 0536D0BA 		.word	-1160759803
 350 03d4 9306D7CD 		.word	-841546093
 351 03d8 2957DE54 		.word	1423857449
 352 03dc BF67D923 		.word	601450431
 353 03e0 2E7A66B3 		.word	-1285129682
 354 03e4 B84A61C4 		.word	-1000256840
 355 03e8 021B685D 		.word	1567103746
 356 03ec 942B6F2A 		.word	711928724
 357 03f0 37BE0BB4 		.word	-1274298825
 358 03f4 A18E0CC3 		.word	-1022587231
 359 03f8 1BDF055A 		.word	1510334235
 360 03fc 8DEF022D 		.word	755167117
 361              		.text
 362              	.Letext0:
 363              		.file 2 "C:/Users/alireza/AppData/Roaming/Code/User/globalStorage/bmd.stm32-for-vscode/@xpack-dev-
 364              		.file 3 "C:/Users/alireza/AppData/Roaming/Code/User/globalStorage/bmd.stm32-for-vscode/@xpack-dev-
 365              		.file 4 "C:/Users/alireza/AppData/Roaming/Code/User/globalStorage/bmd.stm32-for-vscode/@xpack-dev-
ARM GAS  C:\Users\alireza\AppData\Local\Temp\ccJDcDdm.s 			page 9


DEFINED SYMBOLS
                            *ABS*:00000000 utils.c
C:\Users\alireza\AppData\Local\Temp\ccJDcDdm.s:21     .text.crc32_inc:00000000 $t
C:\Users\alireza\AppData\Local\Temp\ccJDcDdm.s:27     .text.crc32_inc:00000000 crc32_inc
C:\Users\alireza\AppData\Local\Temp\ccJDcDdm.s:96     .text.crc32_inc:00000034 $d
C:\Users\alireza\AppData\Local\Temp\ccJDcDdm.s:104    .rodata.crcTable.0:00000000 crcTable.0
C:\Users\alireza\AppData\Local\Temp\ccJDcDdm.s:101    .rodata.crcTable.0:00000000 $d

NO UNDEFINED SYMBOLS
