Change Component Designator: Old Designator=C? New Designator=C56
Change Component Designator: Old Designator=C? New Designator=C57
Change Component Designator: Old Designator=D? New Designator=D23
Change Component Designator: Old Designator=D? New Designator=D24
Change Component Designator: Old Designator=D? New Designator=D25
Change Component Designator: Old Designator=D? New Designator=D26
Change Component Designator: Old Designator=Q? New Designator=Q11
Change Component Designator: Old Designator=Q? New Designator=Q12
Change Component Designator: Old Designator=Q? New Designator=Q13
Change Component Designator: Old Designator=Q? New Designator=Q14
Change Component Designator: Old Designator=Q? New Designator=Q15
Change Component Designator: Old Designator=Q? New Designator=Q16
Change Component Designator: Old Designator=R? New Designator=R121
Change Component Designator: Old Designator=R? New Designator=R122
Change Component Designator: Old Designator=R? New Designator=R123
Change Component Designator: Old Designator=R? New Designator=R124
Change Component Designator: Old Designator=R? New Designator=R125
Change Component Designator: Old Designator=R? New Designator=R126
Change Component Designator: Old Designator=R? New Designator=R127
Change Component Designator: Old Designator=R? New Designator=R128
Change Component Designator: Old Designator=R? New Designator=R129
Change Component Designator: Old Designator=R? New Designator=R130
Change Component Designator: Old Designator=R? New Designator=R131
Change Component Designator: Old Designator=R? New Designator=R132
Change Component Designator: Old Designator=R? New Designator=R133
Change Component Designator: Old Designator=R? New Designator=R134
Change Component Designator: Old Designator=R? New Designator=R135
Change Component Designator: Old Designator=R? New Designator=R136
Change Component Designator: Old Designator=R? New Designator=R137
Change Component Designator: Old Designator=R? New Designator=R138
Change Component Designator: Old Designator=R? New Designator=R139
Change Component Designator: Old Designator=U? New Designator=U14
Change Component Designator: Old Designator=U? New Designator=U15
