Removed Pin From Net: NetName=LOWSIDE_GATE_1 Pin=R129-1
Removed Pin From Net: NetName=NetQ12_1 Pin=R129-2
Removed Member From Class: ClassName=U_brain Member=D17
Removed Member From Class: ClassName=U_trigger_interface Member=D19
Removed Member From Class: ClassName=U_output_drivers Member=D21
Change Component Footprint: Designator=R129 Old Footprint=R1206 New Footprint=R0805
Change Component Footprint: Designator=R131 Old Footprint=R1206 New Footprint=R0805
Change Component Footprint: Designator=R135 Old Footprint=R1206 New Footprint=R0805
Change Component Footprint: Designator=R137 Old Footprint=R1206 New Footprint=R0805
Change component parameters: Designator = "R129" ("R129"); Footprint = "R1206"; UniqueID = "\CDXYNAFM\QHEVMEAM" ("\CDXYNAFM\QHEVMEAM")
Change component parameters (AddParameter): Name = "ASSEMBLY"; Value = "ASSEMBLY"; VariantName = "[No Variations]"
Change component parameters (AddParameter): Name = "DESC"; Value = "DESCRIPTION"; VariantName = "[No Variations]"
Change component parameters (AddParameter): Name = "DIST#"; Value = "MOUSER"; VariantName = "[No Variations]"
Change component parameters (AddParameter): Name = "MANF"; Value = "-"; VariantName = "[No Variations]"
Change component parameters (AddParameter): Name = "MANF_P#"; Value = "-"; VariantName = "[No Variations]"
Change component parameters (AddParameter): Name = "PARAM"; Value = "-W"; VariantName = "[No Variations]"
Change component parameters (AddParameter): Name = "PARAM2"; Value = "1%"; VariantName = "[No Variations]"
Change component parameters (AddParameter): Name = "PRICE"; Value = "100= 0.5$"; VariantName = "[No Variations]"
Change component parameters (AddParameter): Name = "VALUE"; Value = "100R"; VariantName = "[No Variations]"
Change component parameters: Designator = "R131" ("R131"); Footprint = "R1206"; UniqueID = "\CDXYNAFM\EPNVJTJW" ("\CDXYNAFM\EPNVJTJW")
Change component parameters (AddParameter): Name = "ASSEMBLY"; Value = "ASSEMBLY"; VariantName = "[No Variations]"
Change component parameters (AddParameter): Name = "DESC"; Value = "DESCRIPTION"; VariantName = "[No Variations]"
Change component parameters (AddParameter): Name = "DIST#"; Value = "MOUSER"; VariantName = "[No Variations]"
Change component parameters (AddParameter): Name = "MANF"; Value = "-"; VariantName = "[No Variations]"
Change component parameters (AddParameter): Name = "MANF_P#"; Value = "-"; VariantName = "[No Variations]"
Change component parameters (AddParameter): Name = "PARAM"; Value = "-W"; VariantName = "[No Variations]"
Change component parameters (AddParameter): Name = "PARAM2"; Value = "1%"; VariantName = "[No Variations]"
Change component parameters (AddParameter): Name = "PRICE"; Value = "100= 0.5$"; VariantName = "[No Variations]"
Change component parameters (AddParameter): Name = "VALUE"; Value = "100R"; VariantName = "[No Variations]"
Change component parameters: Designator = "R135" ("R135"); Footprint = "R1206"; UniqueID = "\CDXYNAFM\DKVPAQRT" ("\CDXYNAFM\DKVPAQRT")
Change component parameters (AddParameter): Name = "ASSEMBLY"; Value = "ASSEMBLY"; VariantName = "[No Variations]"
Change component parameters (AddParameter): Name = "DESC"; Value = "DESCRIPTION"; VariantName = "[No Variations]"
Change component parameters (AddParameter): Name = "DIST#"; Value = "MOUSER"; VariantName = "[No Variations]"
Change component parameters (AddParameter): Name = "MANF"; Value = "-"; VariantName = "[No Variations]"
Change component parameters (AddParameter): Name = "MANF_P#"; Value = "-"; VariantName = "[No Variations]"
Change component parameters (AddParameter): Name = "PARAM"; Value = "-W"; VariantName = "[No Variations]"
Change component parameters (AddParameter): Name = "PARAM2"; Value = "1%"; VariantName = "[No Variations]"
Change component parameters (AddParameter): Name = "PRICE"; Value = "100= 0.5$"; VariantName = "[No Variations]"
Change component parameters (AddParameter): Name = "VALUE"; Value = "100R"; VariantName = "[No Variations]"
Change component parameters: Designator = "R137" ("R137"); Footprint = "R1206"; UniqueID = "\CDXYNAFM\MCMSXUFI" ("\CDXYNAFM\MCMSXUFI")
Change component parameters (AddParameter): Name = "ASSEMBLY"; Value = "ASSEMBLY"; VariantName = "[No Variations]"
Change component parameters (AddParameter): Name = "DESC"; Value = "DESCRIPTION"; VariantName = "[No Variations]"
Change component parameters (AddParameter): Name = "DIST#"; Value = "MOUSER"; VariantName = "[No Variations]"
Change component parameters (AddParameter): Name = "MANF"; Value = "-"; VariantName = "[No Variations]"
Change component parameters (AddParameter): Name = "MANF_P#"; Value = "-"; VariantName = "[No Variations]"
Change component parameters (AddParameter): Name = "PARAM"; Value = "-W"; VariantName = "[No Variations]"
Change component parameters (AddParameter): Name = "PARAM2"; Value = "1%"; VariantName = "[No Variations]"
Change component parameters (AddParameter): Name = "PRICE"; Value = "100= 0.5$"; VariantName = "[No Variations]"
Change component parameters (AddParameter): Name = "VALUE"; Value = "100R"; VariantName = "[No Variations]"
Added Pin To Net: NetName=NetQ12_1 Pin=R129-1
Added Pin To Net: NetName=LOWSIDE_GATE_1 Pin=R129-2
Added Member To Class: ClassName=U_coil_inj_drivers Member=Component D5 LED1206YLW
Added Member To Class: ClassName=U_coil_inj_drivers Member=Component D6 LED1206YLW
Added Member To Class: ClassName=U_coil_inj_drivers Member=Component D8 LED1206RED
Added Member To Class: ClassName=U_coil_inj_drivers Member=Component D10 LED1206YLW
Added Member To Class: ClassName=U_coil_inj_drivers Member=Component D12 LED1206RED
Added Member To Class: ClassName=U_power Member=Component D14 20V
Added Member To Class: ClassName=U_power Member=Component D16 LED1206GRN
Added Member To Class: ClassName=U_brain Member=Component D18 LED1206GRN
Added Member To Class: ClassName=U_trigger_interface Member=Component D20 1N4148
Added Member To Class: ClassName=U_output_drivers Member=Component D22 SS34
Added Member To Class: ClassName=U_output_drivers Member=Component D24 SS34
