Change Net Name : Old Net Name=COIL_1 New Net Name=IGN OUT 1
Change Net Name : Old Net Name=COIL_2 New Net Name=IGN OUT 2
Change Net Name : Old Net Name=COIL_3 New Net Name=IGN OUT 3
Change Net Name : Old Net Name=COIL_4 New Net Name=IGN OUT 4
Change Net Name : Old Net Name=NetD1_1 New Net Name=INJ OUT 1
Change Net Name : Old Net Name=NetD2_1 New Net Name=INJ OUT 2
Change Net Name : Old Net Name=NetD3_1 New Net Name=INJ OUT 3
Change Net Name : Old Net Name=NetD4_1 New Net Name=INJ OUT 4
Change Net Name : Old Net Name=NetD23_1 New Net Name=HP_LOWSIDE_PWM_3
Change Net Name : Old Net Name=NetD24_1 New Net Name=HP_LOWSIDE_PWM_2
Change Net Name : Old Net Name=NetD25_1 New Net Name=HP_LOWSIDE_PWM_1
Change Net Name : Old Net Name=NetD26_1 New Net Name=HP_LOW_SIDE_OUT_4
Change Net Name : Old Net Name=NetJ3_1 New Net Name=DBW1_MOTOR2
Change Net Name : Old Net Name=NetJ3_2 New Net Name=DBW1_MOTOR1
Change Net Name : Old Net Name=NetJ3_3 New Net Name=DBW2_MOTOR2
Change Net Name : Old Net Name=NetJ3_4 New Net Name=DBW2_MOTOR1
Change Net Name : Old Net Name=NetJ5_5 New Net Name=MAIN_RELAY_OUT
Change Net Name : Old Net Name=NetJ5_6 New Net Name=FUEL_PUMP_RELAY_OUT
Change Net Name : Old Net Name=NetJ5_7 New Net Name=GAS_SOLENOID_RELAY_OUT
Change Net Name : Old Net Name=NetJ5_8 New Net Name=AUX_RELAY_OUT
Change Net Name : Old Net Name=NetJ5_9 New Net Name=LP_LOW_SIDE_OUT_1
Change Net Name : Old Net Name=NetJ5_10 New Net Name=LP_LOW_SIDE_OUT_2
Change Net Name : Old Net Name=NetJ6_1 New Net Name=ETB-1-SENSOR-1
Change Net Name : Old Net Name=NetJ6_2 New Net Name=ETB-1-SENSOR-2
Change Net Name : Old Net Name=NetJ6_3 New Net Name=ETB-2-SENSOR-1
Change Net Name : Old Net Name=NetJ6_4 New Net Name=ETB-2-SENSOR-2
Change Net Name : Old Net Name=NetJ6_5 New Net Name=MAP-SENSOR
Change Net Name : Old Net Name=NetJ6_6 New Net Name=IAT-SENSOR
Change Net Name : Old Net Name=NetJ6_7 New Net Name=CLT-SENSOR
Change Net Name : Old Net Name=NetJ6_8 New Net Name=OIL-SENSOR
Change Net Name : Old Net Name=NetJ6_9 New Net Name=ANALOG-INPUT-1
Change Net Name : Old Net Name=NetJ6_10 New Net Name=ANALOG-INPUT-2
