Removed Member From Class: ClassName=U_coil_inj_drivers Member=Q16
Removed Member From Class: ClassName=U_trigger_interface Member=Q16
Removed Member From Class: ClassName=U_coil_inj_drivers Member=Q17
Removed Member From Class: ClassName=U_power Member=Q17
Removed Member From Class: ClassName=U_trigger_interface Member=Q17
Removed Member From Class: ClassName=U_coil_inj_drivers Member=Q18
Removed Member From Class: ClassName=U_power Member=Q18
Removed Member From Class: ClassName=U_trigger_interface Member=Q18
Removed Member From Class: ClassName=U_coil_inj_drivers Member=Q19
Removed Member From Class: ClassName=U_trigger_interface Member=Q19
Removed Member From Class: ClassName=U_etb_driver Member=U7
Added Member To Class: ClassName=U_coil_inj_drivers Member=Component Q5 ISL9V5045S3ST-F085
Added Member To Class: ClassName=U_coil_inj_drivers Member=Component Q6 DNP
Added Member To Class: ClassName=U_coil_inj_drivers Member=Component Q7 ISL9V5045S3ST-F085
Added Member To Class: ClassName=U_coil_inj_drivers Member=Component Q8 DNP
Added Member To Class: ClassName=U_power Member=Component Q9 AOD4185
Added Member To Class: ClassName=U_power Member=Component Q10 AOD4185
Added Member To Class: ClassName=U_trigger_interface Member=Component Q11 S8550
Added Member To Class: ClassName=U_trigger_interface Member=Component Q12 S8550
Added Member To Class: ClassName=U_trigger_interface Member=Component Q13 S8550
Added Member To Class: ClassName=U_trigger_interface Member=Component Q14 S8550
Added Member To Class: ClassName=U_output_drivers Member=Component Q15 ULN2003
Added Member To Class: ClassName=U_coil_inj_drivers Member=Component R3 0R
Added Member To Class: ClassName=U_coil_inj_drivers Member=Component R9 100R
Added Member To Class: ClassName=U_etb_driver Member=Component U8 TLE72093RAUMA1
Added Member To Class: ClassName=U_brain Member=Component U11 STM32F401RCT6
Added Member To Class: ClassName=U_brain Member=Component U13 TLV9064IPWR
Added Member To Class: ClassName=U_output_drivers Member=Component U16 TC4427
