Removed Pin From Net: NetName=GS2 Pin=U1-5
Removed Pin From Net: NetName=GS1 Pin=U1-7
Removed Pin From Net: NetName=GS4 Pin=U3-5
Removed Pin From Net: NetName=GS3 Pin=U3-7
Removed Member From Class: ClassName=U_etb_driver Member=C30
Removed Member From Class: ClassName=U_etb_driver Member=C32
Removed Member From Class: ClassName=U_brain Member=C59
Removed Member From Class: ClassName=U_etb_driver Member=C59
Removed Member From Class: ClassName=U_brain Member=C60
Removed Member From Class: ClassName=U_trigger_interface Member=C60
Removed Member From Class: ClassName=U_brain Member=C61
Removed Member From Class: ClassName=U_etb_driver Member=C61
Removed Member From Class: ClassName=U_trigger_interface Member=C61
Removed Member From Class: ClassName=U_brain Member=C62
Removed Member From Class: ClassName=U_trigger_interface Member=C62
Change Component Designator: OldDesignator=R1 NewDesignator=R2
Change Component Designator: OldDesignator=R2 NewDesignator=R3
Change Component Designator: OldDesignator=R3 NewDesignator=R5
Change Component Designator: OldDesignator=R4 NewDesignator=R6
Change Component Designator: OldDesignator=R5 NewDesignator=R7
Change Component Designator: OldDesignator=R6 NewDesignator=R8
Change Component Designator: OldDesignator=R7 NewDesignator=R10
Change Component Designator: OldDesignator=R8 NewDesignator=R11
Change Component Designator: OldDesignator=R9 NewDesignator=R13
Change Component Designator: OldDesignator=R10 NewDesignator=R14
Change Component Designator: OldDesignator=R11 NewDesignator=R15
Change Component Designator: OldDesignator=R12 NewDesignator=R16
Change Component Designator: OldDesignator=R13 NewDesignator=R17
Change Component Designator: OldDesignator=R14 NewDesignator=R18
Change Component Designator: OldDesignator=R15 NewDesignator=R19
Change Component Designator: OldDesignator=R16 NewDesignator=R20
Change Component Designator: OldDesignator=R17 NewDesignator=R21
Change Component Designator: OldDesignator=R18 NewDesignator=R22
Change Component Designator: OldDesignator=R19 NewDesignator=R23
Change Component Designator: OldDesignator=R20 NewDesignator=R24
Change Component Designator: OldDesignator=R21 NewDesignator=R25
Change Component Designator: OldDesignator=R22 NewDesignator=R26
Change Component Designator: OldDesignator=R23 NewDesignator=R27
Change Component Designator: OldDesignator=R24 NewDesignator=R28
Change Component Designator: OldDesignator=R25 NewDesignator=R29
Change Component Designator: OldDesignator=R26 NewDesignator=R30
Change Component Designator: OldDesignator=R27 NewDesignator=R31
Change Component Designator: OldDesignator=R28 NewDesignator=R32
Change Component Designator: OldDesignator=R29 NewDesignator=R33
Change Component Designator: OldDesignator=R30 NewDesignator=R34
Change Component Designator: OldDesignator=R31 NewDesignator=R35
Change Component Designator: OldDesignator=R32 NewDesignator=R36
Change Component Designator: OldDesignator=R33 NewDesignator=R37
Change Component Designator: OldDesignator=R34 NewDesignator=R38
Change Component Designator: OldDesignator=R35 NewDesignator=R39
Change Component Designator: OldDesignator=R36 NewDesignator=R40
Change Component Designator: OldDesignator=R37 NewDesignator=R41
Change Component Designator: OldDesignator=R38 NewDesignator=R42
Change Component Designator: OldDesignator=R39 NewDesignator=R43
Change Component Designator: OldDesignator=R40 NewDesignator=R44
Change Component Designator: OldDesignator=R41 NewDesignator=R45
Change Component Designator: OldDesignator=R42 NewDesignator=R46
Change Component Designator: OldDesignator=R43 NewDesignator=R47
Change Component Designator: OldDesignator=R44 NewDesignator=R48
Change Component Designator: OldDesignator=R45 NewDesignator=R49
Change Component Designator: OldDesignator=R46 NewDesignator=R50
Change Component Designator: OldDesignator=R47 NewDesignator=R51
Change Component Designator: OldDesignator=R48 NewDesignator=R52
Change Component Designator: OldDesignator=R49 NewDesignator=R53
Change Component Designator: OldDesignator=R50 NewDesignator=R54
Change Component Designator: OldDesignator=R51 NewDesignator=R55
Change Component Designator: OldDesignator=R52 NewDesignator=R56
Change Component Designator: OldDesignator=R53 NewDesignator=R57
Change Component Designator: OldDesignator=R54 NewDesignator=R58
Change Component Designator: OldDesignator=R55 NewDesignator=R59
Change Component Designator: OldDesignator=R56 NewDesignator=R60
Change Component Designator: OldDesignator=R57 NewDesignator=R61
Change Component Designator: OldDesignator=R58 NewDesignator=R62
Change Component Designator: OldDesignator=R59 NewDesignator=R63
Change Component Designator: OldDesignator=R60 NewDesignator=R64
Change Component Designator: OldDesignator=R61 NewDesignator=R65
Change Component Designator: OldDesignator=R62 NewDesignator=R66
Change Component Designator: OldDesignator=R63 NewDesignator=R67
Change Component Designator: OldDesignator=R64 NewDesignator=R68
Change Component Designator: OldDesignator=R65 NewDesignator=R69
Change Component Designator: OldDesignator=R66 NewDesignator=R70
Change Component Designator: OldDesignator=R67 NewDesignator=R71
Change Component Designator: OldDesignator=R68 NewDesignator=R72
Change Component Designator: OldDesignator=R69 NewDesignator=R73
Change Component Designator: OldDesignator=R70 NewDesignator=R74
Change Component Designator: OldDesignator=R71 NewDesignator=R75
Change Component Designator: OldDesignator=R72 NewDesignator=R76
Change Component Designator: OldDesignator=R73 NewDesignator=R77
Change Component Designator: OldDesignator=R74 NewDesignator=R78
Change Component Designator: OldDesignator=R75 NewDesignator=R79
Change Component Designator: OldDesignator=R76 NewDesignator=R80
Change Component Designator: OldDesignator=R77 NewDesignator=R81
Change Component Designator: OldDesignator=R78 NewDesignator=R82
Change Component Designator: OldDesignator=R79 NewDesignator=R83
Change Component Designator: OldDesignator=R80 NewDesignator=R84
Change Component Designator: OldDesignator=R81 NewDesignator=R85
Change Component Designator: OldDesignator=R82 NewDesignator=R86
Change Component Designator: OldDesignator=R83 NewDesignator=R87
Change Component Designator: OldDesignator=R84 NewDesignator=R88
Change Component Designator: OldDesignator=R85 NewDesignator=R89
Change Component Designator: OldDesignator=R86 NewDesignator=R90
Change Component Designator: OldDesignator=R87 NewDesignator=R91
Change Component Designator: OldDesignator=R88 NewDesignator=R92
Change Component Designator: OldDesignator=R89 NewDesignator=R93
Change Component Designator: OldDesignator=R90 NewDesignator=R94
Change Component Designator: OldDesignator=R91 NewDesignator=R95
Change Component Designator: OldDesignator=R92 NewDesignator=R96
Change Component Designator: OldDesignator=R93 NewDesignator=R97
Change Component Designator: OldDesignator=R94 NewDesignator=R98
Change Component Designator: OldDesignator=R95 NewDesignator=R99
Change Component Designator: OldDesignator=R96 NewDesignator=R100
Change Component Designator: OldDesignator=R97 NewDesignator=R101
Change Component Designator: OldDesignator=R98 NewDesignator=R102
Change Component Designator: OldDesignator=R99 NewDesignator=R103
Change Component Designator: OldDesignator=R100 NewDesignator=R104
Change Component Designator: OldDesignator=R101 NewDesignator=R105
Change Component Designator: OldDesignator=R102 NewDesignator=R106
Change Component Designator: OldDesignator=R103 NewDesignator=R107
Change Component Designator: OldDesignator=R104 NewDesignator=R108
Change Component Designator: OldDesignator=R105 NewDesignator=R109
Change Component Designator: OldDesignator=R106 NewDesignator=R110
Change Component Designator: OldDesignator=R107 NewDesignator=R111
Change Component Designator: OldDesignator=R108 NewDesignator=R112
Change Component Designator: OldDesignator=R109 NewDesignator=R113
Change Component Designator: OldDesignator=R110 NewDesignator=R114
Change Component Designator: OldDesignator=R111 NewDesignator=R115
Change Component Designator: OldDesignator=R112 NewDesignator=R116
Change Component Designator: OldDesignator=R113 NewDesignator=R117
Change Component Designator: OldDesignator=R114 NewDesignator=R118
Change Component Designator: OldDesignator=R115 NewDesignator=R119
Change Component Designator: OldDesignator=R116 NewDesignator=R120
Change Component Designator: OldDesignator=R117 NewDesignator=R121
Change Component Designator: OldDesignator=R118 NewDesignator=R122
Change Component Designator: OldDesignator=R119 NewDesignator=R123
Change Component Designator: OldDesignator=R120 NewDesignator=R124
Change Component Designator: OldDesignator=R121 NewDesignator=R125
Change Component Designator: OldDesignator=R122 NewDesignator=R126
Change Component Designator: OldDesignator=R123 NewDesignator=R127
Change Component Designator: OldDesignator=R124 NewDesignator=R128
Change Component Designator: OldDesignator=R125 NewDesignator=R129
Change Component Designator: OldDesignator=R126 NewDesignator=R130
Change Component Designator: OldDesignator=R127 NewDesignator=R131
Change Component Designator: OldDesignator=R128 NewDesignator=R132
Change Component Designator: OldDesignator=R129 NewDesignator=R133
Change Component Designator: OldDesignator=R130 NewDesignator=R134
Change Component Designator: OldDesignator=R131 NewDesignator=R135
Change Component Designator: OldDesignator=R132 NewDesignator=R136
Change Component Designator: OldDesignator=R133 NewDesignator=R137
Change Component Designator: OldDesignator=R134 NewDesignator=R138
Change Component Designator: OldDesignator=R135 NewDesignator=R139
Change Component Designator: OldDesignator=R136 NewDesignator=R140
Change Component Designator: OldDesignator=R137 NewDesignator=R141
Change Component Designator: OldDesignator=R138 NewDesignator=R142
Change Component Designator: OldDesignator=R139 NewDesignator=R143
Change Component Designator: OldDesignator=R140 NewDesignator=R144
Change Component Designator: OldDesignator=R141 NewDesignator=R145
Change Component Designator: OldDesignator=R142 NewDesignator=R146
Change Component Designator: OldDesignator=R143 NewDesignator=R147
Added Component: Designator=R1(R0805)
Add component (AddParameter): Name = "ASSEMBLY"; Value = "ASSEMBLY"; VariantName = "[No Variations]"
Add component (AddParameter): Name = "DESC"; Value = "DESCRIPTION"; VariantName = "[No Variations]"
Add component (AddParameter): Name = "DIST#"; Value = "MOUSER"; VariantName = "[No Variations]"
Add component (AddParameter): Name = "MANF"; Value = "-"; VariantName = "[No Variations]"
Add component (AddParameter): Name = "MANF_P#"; Value = "-"; VariantName = "[No Variations]"
Add component (AddParameter): Name = "PARAM"; Value = "-W"; VariantName = "[No Variations]"
Add component (AddParameter): Name = "PARAM2"; Value = "1%"; VariantName = "[No Variations]"
Add component (AddParameter): Name = "PRICE"; Value = "100= 0.5$"; VariantName = "[No Variations]"
Add component (AddParameter): Name = "VALUE"; Value = "0R"; VariantName = "[No Variations]"
Added Component: Designator=R4(R0805)
Add component (AddParameter): Name = "ASSEMBLY"; Value = "ASSEMBLY"; VariantName = "[No Variations]"
Add component (AddParameter): Name = "DESC"; Value = "DESCRIPTION"; VariantName = "[No Variations]"
Add component (AddParameter): Name = "DIST#"; Value = "MOUSER"; VariantName = "[No Variations]"
Add component (AddParameter): Name = "MANF"; Value = "-"; VariantName = "[No Variations]"
Add component (AddParameter): Name = "MANF_P#"; Value = "-"; VariantName = "[No Variations]"
Add component (AddParameter): Name = "PARAM"; Value = "-W"; VariantName = "[No Variations]"
Add component (AddParameter): Name = "PARAM2"; Value = "1%"; VariantName = "[No Variations]"
Add component (AddParameter): Name = "PRICE"; Value = "100= 0.5$"; VariantName = "[No Variations]"
Add component (AddParameter): Name = "VALUE"; Value = "0R"; VariantName = "[No Variations]"
Added Component: Designator=R9(R0805)
Add component (AddParameter): Name = "ASSEMBLY"; Value = "ASSEMBLY"; VariantName = "[No Variations]"
Add component (AddParameter): Name = "DESC"; Value = "DESCRIPTION"; VariantName = "[No Variations]"
Add component (AddParameter): Name = "DIST#"; Value = "MOUSER"; VariantName = "[No Variations]"
Add component (AddParameter): Name = "MANF"; Value = "-"; VariantName = "[No Variations]"
Add component (AddParameter): Name = "MANF_P#"; Value = "-"; VariantName = "[No Variations]"
Add component (AddParameter): Name = "PARAM"; Value = "-W"; VariantName = "[No Variations]"
Add component (AddParameter): Name = "PARAM2"; Value = "1%"; VariantName = "[No Variations]"
Add component (AddParameter): Name = "PRICE"; Value = "100= 0.5$"; VariantName = "[No Variations]"
Add component (AddParameter): Name = "VALUE"; Value = "0R"; VariantName = "[No Variations]"
Added Component: Designator=R12(R0805)
Add component (AddParameter): Name = "ASSEMBLY"; Value = "ASSEMBLY"; VariantName = "[No Variations]"
Add component (AddParameter): Name = "DESC"; Value = "DESCRIPTION"; VariantName = "[No Variations]"
Add component (AddParameter): Name = "DIST#"; Value = "MOUSER"; VariantName = "[No Variations]"
Add component (AddParameter): Name = "MANF"; Value = "-"; VariantName = "[No Variations]"
Add component (AddParameter): Name = "MANF_P#"; Value = "-"; VariantName = "[No Variations]"
Add component (AddParameter): Name = "PARAM"; Value = "-W"; VariantName = "[No Variations]"
Add component (AddParameter): Name = "PARAM2"; Value = "1%"; VariantName = "[No Variations]"
Add component (AddParameter): Name = "PRICE"; Value = "100= 0.5$"; VariantName = "[No Variations]"
Add component (AddParameter): Name = "VALUE"; Value = "0R"; VariantName = "[No Variations]"
Added Pin To Net: NetName=GS1 Pin=R1-1
Added Pin To Net: NetName=GS2 Pin=R4-1
Added Pin To Net: NetName=GS3 Pin=R9-1
Added Pin To Net: NetName=GS4 Pin=R12-1
Change Net Name : Old Net Name=NetR1_1 New Net Name=NetR2_1
Change Net Name : Old Net Name=NetR3_2 New Net Name=NetR5_2
Change Net Name : Old Net Name=NetR4_2 New Net Name=NetR6_2
Change Net Name : Old Net Name=NetR5_2 New Net Name=NetR7_2
Change Net Name : Old Net Name=NetR6_2 New Net Name=NetR8_2
Change Net Name : Old Net Name=NetR7_1 New Net Name=NetR10_1
Change Net Name : Old Net Name=NetR9_2 New Net Name=NetR13_2
Change Net Name : Old Net Name=NetR10_2 New Net Name=NetR14_2
Change Net Name : Old Net Name=NetR11_2 New Net Name=NetR15_2
Change Net Name : Old Net Name=NetR12_2 New Net Name=NetR16_2
Change Net Name : Old Net Name=NetR13_1 New Net Name=NetR17_1
Change Net Name : Old Net Name=NetR15_1 New Net Name=NetR19_1
Change Net Name : Old Net Name=NetR28_1 New Net Name=NetR32_1
Change Net Name : Old Net Name=NetR30_1 New Net Name=NetR34_1
Change Net Name : Old Net Name=NetR31_2 New Net Name=NetR35_2
Change Net Name : Old Net Name=NetR34_1 New Net Name=NetR38_1
Change Net Name : Old Net Name=NetR35_2 New Net Name=NetR39_2
Change Net Name : Old Net Name=NetR38_1 New Net Name=NetR42_1
Change Net Name : Old Net Name=NetR39_2 New Net Name=NetR43_2
Change Net Name : Old Net Name=NetR43_1 New Net Name=NetR47_1
Change Net Name : Old Net Name=NetR44_2 New Net Name=NetR48_2
Change Net Name : Old Net Name=NetR46_2 New Net Name=NetR50_2
Change Net Name : Old Net Name=NetR49_1 New Net Name=NetR53_1
Change Net Name : Old Net Name=NetR50_2 New Net Name=NetR54_2
Change Net Name : Old Net Name=NetR54_1 New Net Name=NetR58_1
Change Net Name : Old Net Name=NetR55_2 New Net Name=NetR59_2
Change Net Name : Old Net Name=NetR60_1 New Net Name=NetR64_1
Change Net Name : Old Net Name=NetR64_2 New Net Name=NetR68_2
Change Net Name : Old Net Name=NetR69_1 New Net Name=NetR73_1
Change Net Name : Old Net Name=NetR70_2 New Net Name=NetR74_2
Change Net Name : Old Net Name=NetR73_1 New Net Name=NetR77_1
Change Net Name : Old Net Name=NetR74_2 New Net Name=NetR78_2
Change Net Name : Old Net Name=NetR77_1 New Net Name=NetR81_1
Change Net Name : Old Net Name=NetR78_2 New Net Name=NetR82_2
Change Net Name : Old Net Name=NetR81_1 New Net Name=NetR85_1
Change Net Name : Old Net Name=NetR81_2 New Net Name=NetR85_2
Change Net Name : Old Net Name=NetR82_2 New Net Name=NetR86_2
Change Net Name : Old Net Name=NetR85_1 New Net Name=NetR89_1
Change Net Name : Old Net Name=NetR85_2 New Net Name=NetR89_2
Change Net Name : Old Net Name=NetR86_2 New Net Name=NetR90_2
Change Net Name : Old Net Name=NetR90_2 New Net Name=NetR94_2
Change Net Name : Old Net Name=NetR91_2 New Net Name=NetR95_2
Change Net Name : Old Net Name=NetR93_2 New Net Name=NetR97_2
Change Net Name : Old Net Name=NetR94_2 New Net Name=NetR98_2
Change Net Name : Old Net Name=NetR95_2 New Net Name=NetR99_2
Change Net Name : Old Net Name=NetR96_1 New Net Name=NetR100_1
Change Net Name : Old Net Name=NetR101_2 New Net Name=NetR105_2
Change Net Name : Old Net Name=NetR106_2 New Net Name=NetR110_2
Change Net Name : Old Net Name=NetR107_2 New Net Name=NetR111_2
Change Net Name : Old Net Name=NetR109_2 New Net Name=NetR113_2
Change Net Name : Old Net Name=NetR110_2 New Net Name=NetR114_2
Change Net Name : Old Net Name=NetR111_2 New Net Name=NetR115_2
Change Net Name : Old Net Name=NetR112_1 New Net Name=NetR116_1
Change Net Name : Old Net Name=NetR117_2 New Net Name=NetR121_2
Change Net Name : Old Net Name=NetR129_2 New Net Name=NetR133_2
Change Net Name : Old Net Name=NetR130_2 New Net Name=NetR134_2
Change Net Name : Old Net Name=NetR134_2 New Net Name=NetR138_2
Change Net Name : Old Net Name=NetR135_2 New Net Name=NetR139_2
Change Net Name : Old Net Name=NetR140_1 New Net Name=NetR144_1
Change Net Name : Old Net Name=NetR141_2 New Net Name=NetR145_2
Change Net Name : Old Net Name=NetR143_1 New Net Name=NetR147_1
Change Net Name : Old Net Name=NetR143_2 New Net Name=NetR147_2
Added Pin To Net: NetName=NetR1_2 Pin=R1-2
Added Pin To Net: NetName=NetR1_2 Pin=U1-7
Added Net: Name=NetR1_2
Added Pin To Net: NetName=NetR4_2 Pin=R4-2
Added Pin To Net: NetName=NetR4_2 Pin=U1-5
Added Net: Name=NetR4_2
Added Pin To Net: NetName=NetR9_2 Pin=R9-2
Added Pin To Net: NetName=NetR9_2 Pin=U3-7
Added Net: Name=NetR9_2
Added Pin To Net: NetName=NetR12_2 Pin=R12-2
Added Pin To Net: NetName=NetR12_2 Pin=U3-5
Added Net: Name=NetR12_2
Added Member To Class: ClassName=U_etb_driver Member=Component C19 100nF
Added Member To Class: ClassName=U_etb_driver Member=Component C20 100nF
Added Member To Class: ClassName=U_etb_driver Member=Component C21 470uF
Added Member To Class: ClassName=U_etb_driver Member=Component C22 100nF
Added Member To Class: ClassName=U_etb_driver Member=Component C24 100nF
Added Member To Class: ClassName=U_etb_driver Member=Component C25 100nF
Added Member To Class: ClassName=U_etb_driver Member=Component C26 470uF
Added Member To Class: ClassName=U_etb_driver Member=Component C27 100nF
Added Member To Class: ClassName=U_etb_driver Member=Component C28 100nF
Added Member To Class: ClassName=U_brain Member=Component C29 100nF-OPTIONAL
Added Member To Class: ClassName=U_brain Member=Component C31 100nF
Added Member To Class: ClassName=U_brain Member=Component C33 100nF
Added Member To Class: ClassName=U_brain Member=Component C34 100nF
Added Member To Class: ClassName=U_brain Member=Component C35 100nF
Added Member To Class: ClassName=U_brain Member=Component C36 4.7uF
Added Member To Class: ClassName=U_brain Member=Component C37 100nF-OPTIONAL
Added Member To Class: ClassName=U_brain Member=Component C38 100nF-OPTIONAL
Added Member To Class: ClassName=U_brain Member=Component C39 8pF
Added Member To Class: ClassName=U_brain Member=Component C40 8pF
Added Member To Class: ClassName=U_brain Member=Component C41 100nF-OPTIONAL
Added Member To Class: ClassName=U_brain Member=Component C42 2.2uF
Added Member To Class: ClassName=U_brain Member=Component C43 100nF
Added Member To Class: ClassName=U_brain Member=Component C44 100nF-OPTIONAL
Added Member To Class: ClassName=U_brain Member=Component C45 100nF-OPTIONAL
Added Member To Class: ClassName=U_brain Member=Component C46 100nF-OPTIONAL
Added Member To Class: ClassName=U_brain Member=Component C47 100nF-OPTIONAL
Added Member To Class: ClassName=U_brain Member=Component C48 100nF-OPTIONAL
Added Member To Class: ClassName=U_brain Member=Component C49 100nF-OPTIONAL
Added Member To Class: ClassName=U_brain Member=Component C50 100nF-OPTIONAL
Added Member To Class: ClassName=U_brain Member=Component C51 100nF-OPTIONAL
Added Member To Class: ClassName=U_brain Member=Component C52 100nF
Added Member To Class: ClassName=U_brain Member=Component C53 100nF
Added Member To Class: ClassName=U_brain Member=Component C54 100nF
Added Member To Class: ClassName=U_trigger_interface Member=Component C55 10nF
Added Member To Class: ClassName=U_trigger_interface Member=Component C56 100nF
Added Member To Class: ClassName=U_trigger_interface Member=Component C57 100nF
Added Member To Class: ClassName=U_trigger_interface Member=Component C58 10nF
Added Member To Class: ClassName=U_coil_inj_drivers Member=Component R25 4.7K
Added Member To Class: ClassName=U_coil_inj_drivers Member=Component R26 4.7K
Added Member To Class: ClassName=U_coil_inj_drivers Member=Component R27 4.7K
Added Member To Class: ClassName=U_coil_inj_drivers Member=Component R28 4.7K
