Removed Pin From Net: NetName=NetD23_1 Pin=J6-4
Removed Pin From Net: NetName=GND Pin=Q11-7
Removed Pin From Net: NetName=NetJ8_2 Pin=Q16-10
Removed Pin From Net: NetName=NetJ8_1 Pin=Q16-11
Removed Pin From Net: NetName=NetJ8_1 Pin=Q16-12
Removed Pin From Net: NetName=NetJ6_9 Pin=Q16-13
Removed Pin From Net: NetName=NetJ6_9 Pin=Q16-14
Removed Pin From Net: NetName=NetR126_2 Pin=U10-36
Added Pin To Net: NetName=NetD23_1 Pin=J6-8
Added Pin To Net: NetName=GND Pin=Q16-7
Added Pin To Net: NetName=NetJ8_2 Pin=Q16-11
Added Pin To Net: NetName=NetJ8_2 Pin=Q16-12
Added Pin To Net: NetName=NetJ8_1 Pin=Q16-13
Added Pin To Net: NetName=NetJ8_1 Pin=Q16-14
Added Pin To Net: NetName=NetJ6_9 Pin=Q16-15
Added Pin To Net: NetName=NetJ6_9 Pin=Q16-16
Add Pin To Net: Unknown Pin: Pin U5-2
Add Pin To Net: Unknown Pin: Pin U6-2
Added Pin To Net: NetName=NetR126_2 Pin=U10-29
Added Pin To Net: NetName=NetR131_2 Pin=U10-42
Added Pin To Net: NetName=NetR130_2 Pin=U10-43
Added Pin To Net: NetName=NetR9_2 Pin=U10-50
Added Pin To Net: NetName=NetR10_2 Pin=U10-51
Added Pin To Net: NetName=NetR3_2 Pin=U10-52
Change Net Name : Old Net Name=PB6_I2C_SCL New Net Name=I2C_SCL
Change Net Name : Old Net Name=PB6_I2C_SDA New Net Name=I2C_SDA
Added Pin To Net: NetName=NetJ6_4 Pin=J6-4
Added Pin To Net: NetName=NetJ6_4 Pin=Q11-10
Added Net: Name=NetJ6_4
Added Pin To Net: NetName=NetQ11_7 Pin=Q11-7
Added Pin To Net: NetName=NetQ11_7 Pin=U10-36
Added Net: Name=NetQ11_7
