Removed Pin From Net: NetName=GND Pin=D5-1
Removed Member From Class: ClassName=U_coil_inj_drivers Member=D13
Change Component Comment : Designator=D1 Old Comment=1N4007 New Comment=SMAJ48
Change Component Comment : Designator=D2 Old Comment=1N4007 New Comment=SMAJ48
Change Component Comment : Designator=D3 Old Comment=1N4007 New Comment=SMAJ48
Change Component Comment : Designator=D4 Old Comment=1N4007 New Comment=SMAJ48
Change Component Designator: OldDesignator=D6 NewDesignator=D5
Change Component Designator: OldDesignator=D7 NewDesignator=D6
Change Component Designator: OldDesignator=D8 NewDesignator=D7
Change Component Designator: OldDesignator=D9 NewDesignator=D8
Change Component Designator: OldDesignator=D10 NewDesignator=D9
Change Component Designator: OldDesignator=D11 NewDesignator=D10
Change Component Designator: OldDesignator=D12 NewDesignator=D11
Change Component Designator: OldDesignator=D13 NewDesignator=D12
Change Component Designator: OldDesignator=D14 NewDesignator=D13
Change Component Designator: OldDesignator=D15 NewDesignator=D14
Change Component Designator: OldDesignator=D16 NewDesignator=D15
Change Component Designator: OldDesignator=D17 NewDesignator=D16
Change Component Designator: OldDesignator=D18 NewDesignator=D17
Change Component Designator: OldDesignator=D19 NewDesignator=D18
Change Component Designator: OldDesignator=D20 NewDesignator=D19
Change Component Designator: OldDesignator=D21 NewDesignator=D20
Change Component Designator: OldDesignator=D22 NewDesignator=D21
Change Component Designator: OldDesignator=D23 NewDesignator=D22
Change Component Designator: OldDesignator=D24 NewDesignator=D23
Change Component Designator: OldDesignator=D25 NewDesignator=D24
Change Component Designator: OldDesignator=D26 NewDesignator=D25
Change component parameters: Designator = "D1" ("D1"); Footprint = "D_SMA"; UniqueID = "\LCEAABCT\QZBMGHLQ" ("\LCEAABCT\QZBMGHLQ")
Change component parameters (AddParameter): Name = "ASSEMBLY"; Value = ""; VariantName = "[No Variations]"
Change component parameters (AddParameter): Name = "DESC"; Value = ""; VariantName = "[No Variations]"
Change component parameters (AddParameter): Name = "MANF"; Value = "Littelfuse"; VariantName = "[No Variations]"
Change component parameters (AddParameter): Name = "MANF_P#"; Value = "SMAJ12CA"; VariantName = "[No Variations]"
Change component parameters (AddParameter): Name = "PARAM"; Value = "-65~150°C"; VariantName = "[No Variations]"
Change component parameters (AddParameter): Name = "PARAM2"; Value = "12VR, 13.3VBR"; VariantName = "[No Variations]"
Change component parameters (AddParameter): Name = "PRICE"; Value = ""; VariantName = "[No Variations]"
Change component parameters (AddParameter): Name = "VALUE"; Value = "SMAJ48"; VariantName = "[No Variations]"
Change component parameters: Designator = "D2" ("D2"); Footprint = "D_SMA"; UniqueID = "\LCEAABCT\ESXHOZFR" ("\LCEAABCT\ESXHOZFR")
Change component parameters (AddParameter): Name = "ASSEMBLY"; Value = ""; VariantName = "[No Variations]"
Change component parameters (AddParameter): Name = "DESC"; Value = ""; VariantName = "[No Variations]"
Change component parameters (AddParameter): Name = "MANF"; Value = "Littelfuse"; VariantName = "[No Variations]"
Change component parameters (AddParameter): Name = "MANF_P#"; Value = "SMAJ12CA"; VariantName = "[No Variations]"
Change component parameters (AddParameter): Name = "PARAM"; Value = "-65~150°C"; VariantName = "[No Variations]"
Change component parameters (AddParameter): Name = "PARAM2"; Value = "12VR, 13.3VBR"; VariantName = "[No Variations]"
Change component parameters (AddParameter): Name = "PRICE"; Value = ""; VariantName = "[No Variations]"
Change component parameters (AddParameter): Name = "VALUE"; Value = "SMAJ48"; VariantName = "[No Variations]"
Change component parameters: Designator = "D3" ("D3"); Footprint = "D_SMA"; UniqueID = "\LCEAABCT\KSTMUBAJ" ("\LCEAABCT\KSTMUBAJ")
Change component parameters (AddParameter): Name = "ASSEMBLY"; Value = ""; VariantName = "[No Variations]"
Change component parameters (AddParameter): Name = "DESC"; Value = ""; VariantName = "[No Variations]"
Change component parameters (AddParameter): Name = "MANF"; Value = "Littelfuse"; VariantName = "[No Variations]"
Change component parameters (AddParameter): Name = "MANF_P#"; Value = "SMAJ12CA"; VariantName = "[No Variations]"
Change component parameters (AddParameter): Name = "PARAM"; Value = "-65~150°C"; VariantName = "[No Variations]"
Change component parameters (AddParameter): Name = "PARAM2"; Value = "12VR, 13.3VBR"; VariantName = "[No Variations]"
Change component parameters (AddParameter): Name = "PRICE"; Value = ""; VariantName = "[No Variations]"
Change component parameters (AddParameter): Name = "VALUE"; Value = "SMAJ48"; VariantName = "[No Variations]"
Change component parameters: Designator = "D4" ("D4"); Footprint = "D_SMA"; UniqueID = "\LCEAABCT\RDPJBUKP" ("\LCEAABCT\RDPJBUKP")
Change component parameters (AddParameter): Name = "ASSEMBLY"; Value = ""; VariantName = "[No Variations]"
Change component parameters (AddParameter): Name = "DESC"; Value = ""; VariantName = "[No Variations]"
Change component parameters (AddParameter): Name = "MANF"; Value = "Littelfuse"; VariantName = "[No Variations]"
Change component parameters (AddParameter): Name = "MANF_P#"; Value = "SMAJ12CA"; VariantName = "[No Variations]"
Change component parameters (AddParameter): Name = "PARAM"; Value = "-65~150°C"; VariantName = "[No Variations]"
Change component parameters (AddParameter): Name = "PARAM2"; Value = "12VR, 13.3VBR"; VariantName = "[No Variations]"
Change component parameters (AddParameter): Name = "PRICE"; Value = ""; VariantName = "[No Variations]"
Change component parameters (AddParameter): Name = "VALUE"; Value = "SMAJ48"; VariantName = "[No Variations]"
Added Pin To Net: NetName=GND Pin=D1-2
Added Pin To Net: NetName=GND Pin=D2-2
Added Pin To Net: NetName=GND Pin=D3-2
Added Pin To Net: NetName=GND Pin=D4-2
Change Net Name : Old Net Name=NetD6_1 New Net Name=NetD5_1
Change Net Name : Old Net Name=NetD7_1 New Net Name=NetD6_1
Change Net Name : Old Net Name=NetD8_1 New Net Name=NetD7_1
Change Net Name : Old Net Name=NetD9_1 New Net Name=NetD8_1
Change Net Name : Old Net Name=NetD10_1 New Net Name=NetD9_1
Change Net Name : Old Net Name=NetD11_1 New Net Name=NetD10_1
Change Net Name : Old Net Name=NetD12_1 New Net Name=NetD11_1
Change Net Name : Old Net Name=NetD13_1 New Net Name=NetD12_1
Change Net Name : Old Net Name=NetD14_2 New Net Name=NetD13_2
Change Net Name : Old Net Name=NetD16_1 New Net Name=NetD15_1
Change Net Name : Old Net Name=NetD17_1 New Net Name=NetD16_1
Change Net Name : Old Net Name=NetD18_1 New Net Name=NetD17_1
Change Net Name : Old Net Name=NetD19_1 New Net Name=NetD18_1
Change Net Name : Old Net Name=NetD20_2 New Net Name=NetD19_2
Change Net Name : Old Net Name=NetD23_1 New Net Name=NetD22_1
Change Net Name : Old Net Name=NetD24_1 New Net Name=NetD23_1
Change Net Name : Old Net Name=NetD25_1 New Net Name=NetD24_1
Change Net Name : Old Net Name=NetD26_1 New Net Name=NetD25_1
