Removed Pin From Net: NetName=NetD23_1 Pin=J5-1
Removed Pin From Net: NetName=NetD24_1 Pin=J5-2
Removed Pin From Net: NetName=NetD25_1 Pin=J5-3
Removed Pin From Net: NetName=NetD22_1 Pin=J5-4
Removed Pin From Net: NetName=NetJ5_6 Pin=Q11-13
Removed Pin From Net: NetName=NetJ5_6 Pin=Q11-14
Removed Pin From Net: NetName=NetJ5_5 Pin=Q11-15
Removed Pin From Net: NetName=NetJ5_5 Pin=Q11-16
Added Pin To Net: NetName=NetD23_1 Pin=J5-7
Added Pin To Net: NetName=NetD24_1 Pin=J5-8
Added Pin To Net: NetName=NetD25_1 Pin=J5-9
Added Pin To Net: NetName=NetD22_1 Pin=J5-10
Added Pin To Net: NetName=NetJ5_6 Pin=Q11-10
Added Pin To Net: NetName=NetJ5_5 Pin=Q11-11
Added Pin To Net: NetName=NetJ5_5 Pin=Q11-12
Added Pin To Net: NetName=NetJ5_1 Pin=J5-1
Added Pin To Net: NetName=NetJ5_1 Pin=Q16-15
Added Pin To Net: NetName=NetJ5_1 Pin=Q16-16
Added Net: Name=NetJ5_1
Added Pin To Net: NetName=NetJ5_2 Pin=J5-2
Added Pin To Net: NetName=NetJ5_2 Pin=Q16-13
Added Pin To Net: NetName=NetJ5_2 Pin=Q16-14
Added Net: Name=NetJ5_2
Added Pin To Net: NetName=NetJ5_3 Pin=J5-3
Added Pin To Net: NetName=NetJ5_3 Pin=Q11-15
Added Pin To Net: NetName=NetJ5_3 Pin=Q11-16
Added Net: Name=NetJ5_3
Added Pin To Net: NetName=NetJ5_4 Pin=J5-4
Added Pin To Net: NetName=NetJ5_4 Pin=Q11-13
Added Pin To Net: NetName=NetJ5_4 Pin=Q11-14
Added Net: Name=NetJ5_4
