Removed Pin From Net: NetName=GNDA Pin=J1-1
Removed Pin From Net: NetName=GND Pin=J1-1
Removed Pin From Net: NetName=GNDA Pin=J1-2
Removed Pin From Net: NetName=GND Pin=J1-2
Removed Pin From Net: NetName=GNDA Pin=J1-3
Removed Pin From Net: NetName=GND Pin=J1-3
Removed Pin From Net: NetName=5VA Pin=J1-4
Removed Pin From Net: NetName=NetF2_1 Pin=J1-4
Removed Pin From Net: NetName=5VA Pin=J1-5
Removed Pin From Net: NetName=NetF2_1 Pin=J1-5
Removed Pin From Net: NetName=GND Pin=J4-1
Removed Pin From Net: NetName=NetD24_1 Pin=J7-5
Removed Pin From Net: NetName=NetD25_1 Pin=J7-6
Removed Pin From Net: NetName=NetD26_1 Pin=J7-7
Removed Pin From Net: NetName=NetD23_1 Pin=J7-8
Removed Pin From Net: NetName=GNDA Pin=J9-3
Removed Pin From Net: NetName=GNDA Pin=J9-4
Removed Pin From Net: NetName=NetJ6_10 Pin=R30-2
Removed Pin From Net: NetName=NetJ6_10 Pin=R32-1
Removed Pin From Net: NetName=NetJ6_9 Pin=R34-2
Removed Pin From Net: NetName=NetJ6_9 Pin=R36-1
Removed Pin From Net: NetName=NetJ6_8 Pin=R38-2
Removed Pin From Net: NetName=NetJ6_8 Pin=R40-1
Removed Pin From Net: NetName=NetJ6_7 Pin=R43-2
Removed Pin From Net: NetName=NetJ6_7 Pin=R45-1
Removed Pin From Net: NetName=NetJ6_6 Pin=R49-2
Removed Pin From Net: NetName=NetJ6_6 Pin=R52-1
Removed Pin From Net: NetName=NetJ6_5 Pin=R54-2
Removed Pin From Net: NetName=NetJ6_5 Pin=R56-1
Removed Pin From Net: NetName=NetJ6_4 Pin=R60-2
Removed Pin From Net: NetName=NetJ6_4 Pin=R65-1
Removed Pin From Net: NetName=NetJ6_3 Pin=R69-2
Removed Pin From Net: NetName=NetJ6_3 Pin=R71-1
Removed Pin From Net: NetName=NetJ6_2 Pin=R73-2
Removed Pin From Net: NetName=NetJ6_2 Pin=R75-1
Removed Pin From Net: NetName=NetJ6_1 Pin=R77-2
Removed Pin From Net: NetName=NetJ6_1 Pin=R79-1
Removed Member From Class: ClassName=U_etb_driver Member=C?
Removed Member From Class: ClassName=mainboard Member=J7
Removed Member From Class: ClassName=mainboard Member=J9
Change Component Footprint: Designator=J4 Old Footprint=MSTB_3 New Footprint=CON_PHOENIX_MINI_10
Change Component Footprint: Designator=J1 Old Footprint=MSTB_5 New Footprint=MSTB_6
Change Component Footprint: Designator=J6 Old Footprint=MSTB_10 New Footprint=CON_PHOENIX_MINI_10
Change Component Comment : Designator=J4 Old Comment=CONN_TB3 New Comment=PHOENIX MINI 10P
Change Component Comment : Designator=J1 Old Comment=CONN_TB5 New Comment=CONN_TB6
Change Component Comment : Designator=J6 Old Comment=CONN_TB10 New Comment=PHOENIX MINI 10P
Change Component Designator: OldDesignator=C21 NewDesignator=C22
Change Component Designator: OldDesignator=C22 NewDesignator=C23
Change Component Designator: OldDesignator=C23 NewDesignator=C24
Change Component Designator: OldDesignator=C24 NewDesignator=C25
Change Component Designator: OldDesignator=C25 NewDesignator=C26
Change Component Designator: OldDesignator=C26 NewDesignator=C27
Change Component Designator: OldDesignator=C27 NewDesignator=C28
Change Component Designator: OldDesignator=C28 NewDesignator=C29
Change Component Designator: OldDesignator=C29 NewDesignator=C30
Change Component Designator: OldDesignator=C30 NewDesignator=C31
Change Component Designator: OldDesignator=C31 NewDesignator=C32
Change Component Designator: OldDesignator=C32 NewDesignator=C33
Change Component Designator: OldDesignator=C33 NewDesignator=C34
Change Component Designator: OldDesignator=C34 NewDesignator=C35
Change Component Designator: OldDesignator=C35 NewDesignator=C36
Change Component Designator: OldDesignator=C36 NewDesignator=C37
Change Component Designator: OldDesignator=C37 NewDesignator=C38
Change Component Designator: OldDesignator=C38 NewDesignator=C39
Change Component Designator: OldDesignator=C39 NewDesignator=C40
Change Component Designator: OldDesignator=C40 NewDesignator=C41
Change Component Designator: OldDesignator=C41 NewDesignator=C42
Change Component Designator: OldDesignator=C42 NewDesignator=C43
Change Component Designator: OldDesignator=C43 NewDesignator=C44
Change Component Designator: OldDesignator=C44 NewDesignator=C45
Change Component Designator: OldDesignator=C45 NewDesignator=C46
Change Component Designator: OldDesignator=C46 NewDesignator=C47
Change Component Designator: OldDesignator=C47 NewDesignator=C48
Change Component Designator: OldDesignator=C48 NewDesignator=C49
Change Component Designator: OldDesignator=C49 NewDesignator=C50
Change Component Designator: OldDesignator=C50 NewDesignator=C51
Change Component Designator: OldDesignator=C51 NewDesignator=C52
Change Component Designator: OldDesignator=C52 NewDesignator=C53
Change Component Designator: OldDesignator=C53 NewDesignator=C54
Change Component Designator: OldDesignator=C54 NewDesignator=C55
Change Component Designator: OldDesignator=C55 NewDesignator=C56
Change Component Designator: OldDesignator=C56 NewDesignator=C57
Change Component Designator: OldDesignator=C57 NewDesignator=C58
Change Component Designator: OldDesignator=C? NewDesignator=C21
Change Component Designator: OldDesignator=J3 NewDesignator=J2
Change Component Designator: OldDesignator=J5 NewDesignator=J3
Change Component Designator: OldDesignator=J11 NewDesignator=J7
Change Component Designator: OldDesignator=J12 NewDesignator=J8
Change component parameters: Designator = "J1" ("J1"); Footprint = "MSTB_5"; UniqueID = "\HLOMSLBH" ("\HLOMSLBH")
Change component parameters (AddParameter): Name = "ASSEMBLY"; Value = ""; VariantName = "[No Variations]"
Change component parameters (AddParameter): Name = "DESC"; Value = ""; VariantName = "[No Variations]"
Change component parameters (AddParameter): Name = "DIST#"; Value = ""; VariantName = "[No Variations]"
Change component parameters (AddParameter): Name = "MANF"; Value = ""; VariantName = "[No Variations]"
Change component parameters (AddParameter): Name = "MANF_P#"; Value = ""; VariantName = "[No Variations]"
Change component parameters (AddParameter): Name = "PARAM"; Value = "12A"; VariantName = "[No Variations]"
Change component parameters (AddParameter): Name = "PARAM2"; Value = "320V"; VariantName = "[No Variations]"
Change component parameters (AddParameter): Name = "PRICE"; Value = ""; VariantName = "[No Variations]"
Change component parameters (AddParameter): Name = "VALUE"; Value = "CONN_TB6"; VariantName = "[No Variations]"
Change component parameters: Designator = "J4" ("J4"); Footprint = "MSTB_3"; UniqueID = "\TXDAWTNZ" ("\TXDAWTNZ")
Change component parameters (AddParameter): Name = "Approvals"; Value = "CSA, UL"; VariantName = "[No Variations]"
Change component parameters (AddParameter): Name = "Color"; Value = "Green"; VariantName = "[No Variations]"
Change component parameters (AddParameter): Name = "Connector Type"; Value = "Plug"; VariantName = "[No Variations]"
Change component parameters (AddParameter): Name = "Contact Gender"; Value = "Male"; VariantName = "[No Variations]"
Change component parameters (AddParameter): Name = "Contact Material"; Value = "Tin"; VariantName = "[No Variations]"
Change component parameters (AddParameter): Name = "Contact Plating"; Value = "Tin"; VariantName = "[No Variations]"
Change component parameters (AddParameter): Name = "Current"; Value = "8A"; VariantName = "[No Variations]"
Change component parameters (AddParameter): Name = "Current Rating"; Value = "8A"; VariantName = "[No Variations]"
Change component parameters (AddParameter): Name = "Depth"; Value = "9.2mm"; VariantName = "[No Variations]"
Change component parameters (AddParameter): Name = "Flammability Rating"; Value = "UL94 V-0"; VariantName = "[No Variations]"
Change component parameters (AddParameter): Name = "Gender"; Value = "Male"; VariantName = "[No Variations]"
Change component parameters (AddParameter): Name = "Height"; Value = "7.4mm"; VariantName = "[No Variations]"
Change component parameters (AddParameter): Name = "Housing Color"; Value = "Green"; VariantName = "[No Variations]"
Change component parameters (AddParameter): Name = "Housing Material"; Value = "Polybutylene"; VariantName = "[No Variations]"
Change component parameters (AddParameter): Name = "Lead Free"; Value = "Lead Free"; VariantName = "[No Variations]"
Change component parameters (AddParameter): Name = "Lead Pitch"; Value = "3.81mm"; VariantName = "[No Variations]"
Change component parameters (AddParameter): Name = "Length"; Value = "39.49mm"; VariantName = "[No Variations]"
Change component parameters (AddParameter): Name = "Max Current Rating"; Value = "8A"; VariantName = "[No Variations]"
Change component parameters (AddParameter): Name = "Mount"; Value = "Through Hole"; VariantName = "[No Variations]"
Change component parameters (AddParameter): Name = "NexarPartId"; Value = "71670"; VariantName = "[No Variations]"
Change component parameters (AddParameter): Name = "Number of Contacts"; Value = "10"; VariantName = "[No Variations]"
Change component parameters (AddParameter): Name = "Number of Levels"; Value = "1"; VariantName = "[No Variations]"
Change component parameters (AddParameter): Name = "Number of Poles"; Value = "10"; VariantName = "[No Variations]"
Change component parameters (AddParameter): Name = "Number of Positions"; Value = "10"; VariantName = "[No Variations]"
Change component parameters (AddParameter): Name = "Number of Positions Per Level"; Value = "10"; VariantName = "[No Variations]"
Change component parameters (AddParameter): Name = "Number of Rows"; Value = "1"; VariantName = "[No Variations]"
Change component parameters (AddParameter): Name = "Orientation"; Value = "Right Angle"; VariantName = "[No Variations]"
Change component parameters (AddParameter): Name = "Pitch"; Value = "3.81mm"; VariantName = "[No Variations]"
Change component parameters (AddParameter): Name = "RoHS"; Value = "Compliant"; VariantName = "[No Variations]"
Change component parameters (AddParameter): Name = "Termination"; Value = "Solder"; VariantName = "[No Variations]"
Change component parameters (AddParameter): Name = "Test Voltage"; Value = "2.5kV"; VariantName = "[No Variations]"
Change component parameters (AddParameter): Name = "Voltage"; Value = "300V"; VariantName = "[No Variations]"
Change component parameters (AddParameter): Name = "Voltage Rating"; Value = "160V"; VariantName = "[No Variations]"
Change component parameters (AddParameter): Name = "Voltage Rating (AC)"; Value = "160V"; VariantName = "[No Variations]"
Change component parameters (AddParameter): Name = "Voltage Rating (DC)"; Value = "640mV"; VariantName = "[No Variations]"
Change component parameters (AddParameter): Name = "Weight"; Value = "113.398093g"; VariantName = "[No Variations]"
Change component parameters (AddParameter): Name = "Width"; Value = "39.49mm"; VariantName = "[No Variations]"
Change component parameters: Designator = "J6" ("J6"); Footprint = "MSTB_10"; UniqueID = "\LQFAOESU" ("\LQFAOESU")
Change component parameters (AddParameter): Name = "Approvals"; Value = "CSA, UL"; VariantName = "[No Variations]"
Change component parameters (AddParameter): Name = "Color"; Value = "Green"; VariantName = "[No Variations]"
Change component parameters (AddParameter): Name = "Connector Type"; Value = "Plug"; VariantName = "[No Variations]"
Change component parameters (AddParameter): Name = "Contact Gender"; Value = "Male"; VariantName = "[No Variations]"
Change component parameters (AddParameter): Name = "Contact Material"; Value = "Tin"; VariantName = "[No Variations]"
Change component parameters (AddParameter): Name = "Contact Plating"; Value = "Tin"; VariantName = "[No Variations]"
Change component parameters (AddParameter): Name = "Current"; Value = "8A"; VariantName = "[No Variations]"
Change component parameters (AddParameter): Name = "Current Rating"; Value = "8A"; VariantName = "[No Variations]"
Change component parameters (AddParameter): Name = "Depth"; Value = "9.2mm"; VariantName = "[No Variations]"
Change component parameters (AddParameter): Name = "Flammability Rating"; Value = "UL94 V-0"; VariantName = "[No Variations]"
Change component parameters (AddParameter): Name = "Gender"; Value = "Male"; VariantName = "[No Variations]"
Change component parameters (AddParameter): Name = "Height"; Value = "7.4mm"; VariantName = "[No Variations]"
Change component parameters (AddParameter): Name = "Housing Color"; Value = "Green"; VariantName = "[No Variations]"
Change component parameters (AddParameter): Name = "Housing Material"; Value = "Polybutylene"; VariantName = "[No Variations]"
Change component parameters (AddParameter): Name = "Lead Free"; Value = "Lead Free"; VariantName = "[No Variations]"
Change component parameters (AddParameter): Name = "Lead Pitch"; Value = "3.81mm"; VariantName = "[No Variations]"
Change component parameters (AddParameter): Name = "Length"; Value = "39.49mm"; VariantName = "[No Variations]"
Change component parameters (AddParameter): Name = "Max Current Rating"; Value = "8A"; VariantName = "[No Variations]"
Change component parameters (AddParameter): Name = "Mount"; Value = "Through Hole"; VariantName = "[No Variations]"
Change component parameters (AddParameter): Name = "NexarPartId"; Value = "71670"; VariantName = "[No Variations]"
Change component parameters (AddParameter): Name = "Number of Contacts"; Value = "10"; VariantName = "[No Variations]"
Change component parameters (AddParameter): Name = "Number of Levels"; Value = "1"; VariantName = "[No Variations]"
Change component parameters (AddParameter): Name = "Number of Poles"; Value = "10"; VariantName = "[No Variations]"
Change component parameters (AddParameter): Name = "Number of Positions"; Value = "10"; VariantName = "[No Variations]"
Change component parameters (AddParameter): Name = "Number of Positions Per Level"; Value = "10"; VariantName = "[No Variations]"
Change component parameters (AddParameter): Name = "Number of Rows"; Value = "1"; VariantName = "[No Variations]"
Change component parameters (AddParameter): Name = "Orientation"; Value = "Right Angle"; VariantName = "[No Variations]"
Change component parameters (AddParameter): Name = "Pitch"; Value = "3.81mm"; VariantName = "[No Variations]"
Change component parameters (AddParameter): Name = "RoHS"; Value = "Compliant"; VariantName = "[No Variations]"
Change component parameters (AddParameter): Name = "Termination"; Value = "Solder"; VariantName = "[No Variations]"
Change component parameters (AddParameter): Name = "Test Voltage"; Value = "2.5kV"; VariantName = "[No Variations]"
Change component parameters (AddParameter): Name = "Voltage"; Value = "300V"; VariantName = "[No Variations]"
Change component parameters (AddParameter): Name = "Voltage Rating"; Value = "160V"; VariantName = "[No Variations]"
Change component parameters (AddParameter): Name = "Voltage Rating (AC)"; Value = "160V"; VariantName = "[No Variations]"
Change component parameters (AddParameter): Name = "Voltage Rating (DC)"; Value = "640mV"; VariantName = "[No Variations]"
Change component parameters (AddParameter): Name = "Weight"; Value = "113.398093g"; VariantName = "[No Variations]"
Change component parameters (AddParameter): Name = "Width"; Value = "39.49mm"; VariantName = "[No Variations]"
Added Component: Designator=J5(CON_PHOENIX_MINI_10)
Add component (AddParameter): Name = "Approvals"; Value = "CSA, UL"; VariantName = "[No Variations]"
Add component (AddParameter): Name = "Color"; Value = "Green"; VariantName = "[No Variations]"
Add component (AddParameter): Name = "Connector Type"; Value = "Plug"; VariantName = "[No Variations]"
Add component (AddParameter): Name = "Contact Gender"; Value = "Male"; VariantName = "[No Variations]"
Add component (AddParameter): Name = "Contact Material"; Value = "Tin"; VariantName = "[No Variations]"
Add component (AddParameter): Name = "Contact Plating"; Value = "Tin"; VariantName = "[No Variations]"
Add component (AddParameter): Name = "Current"; Value = "8A"; VariantName = "[No Variations]"
Add component (AddParameter): Name = "Current Rating"; Value = "8A"; VariantName = "[No Variations]"
Add component (AddParameter): Name = "Depth"; Value = "9.2mm"; VariantName = "[No Variations]"
Add component (AddParameter): Name = "Flammability Rating"; Value = "UL94 V-0"; VariantName = "[No Variations]"
Add component (AddParameter): Name = "Gender"; Value = "Male"; VariantName = "[No Variations]"
Add component (AddParameter): Name = "Height"; Value = "7.4mm"; VariantName = "[No Variations]"
Add component (AddParameter): Name = "Housing Color"; Value = "Green"; VariantName = "[No Variations]"
Add component (AddParameter): Name = "Housing Material"; Value = "Polybutylene"; VariantName = "[No Variations]"
Add component (AddParameter): Name = "Lead Free"; Value = "Lead Free"; VariantName = "[No Variations]"
Add component (AddParameter): Name = "Lead Pitch"; Value = "3.81mm"; VariantName = "[No Variations]"
Add component (AddParameter): Name = "Length"; Value = "39.49mm"; VariantName = "[No Variations]"
Add component (AddParameter): Name = "Max Current Rating"; Value = "8A"; VariantName = "[No Variations]"
Add component (AddParameter): Name = "Mount"; Value = "Through Hole"; VariantName = "[No Variations]"
Add component (AddParameter): Name = "NexarPartId"; Value = "71670"; VariantName = "[No Variations]"
Add component (AddParameter): Name = "Number of Contacts"; Value = "10"; VariantName = "[No Variations]"
Add component (AddParameter): Name = "Number of Levels"; Value = "1"; VariantName = "[No Variations]"
Add component (AddParameter): Name = "Number of Poles"; Value = "10"; VariantName = "[No Variations]"
Add component (AddParameter): Name = "Number of Positions"; Value = "10"; VariantName = "[No Variations]"
Add component (AddParameter): Name = "Number of Positions Per Level"; Value = "10"; VariantName = "[No Variations]"
Add component (AddParameter): Name = "Number of Rows"; Value = "1"; VariantName = "[No Variations]"
Add component (AddParameter): Name = "Orientation"; Value = "Right Angle"; VariantName = "[No Variations]"
Add component (AddParameter): Name = "Pitch"; Value = "3.81mm"; VariantName = "[No Variations]"
Add component (AddParameter): Name = "RoHS"; Value = "Compliant"; VariantName = "[No Variations]"
Add component (AddParameter): Name = "Termination"; Value = "Solder"; VariantName = "[No Variations]"
Add component (AddParameter): Name = "Test Voltage"; Value = "2.5kV"; VariantName = "[No Variations]"
Add component (AddParameter): Name = "Voltage"; Value = "300V"; VariantName = "[No Variations]"
Add component (AddParameter): Name = "Voltage Rating"; Value = "160V"; VariantName = "[No Variations]"
Add component (AddParameter): Name = "Voltage Rating (AC)"; Value = "160V"; VariantName = "[No Variations]"
Add component (AddParameter): Name = "Voltage Rating (DC)"; Value = "640mV"; VariantName = "[No Variations]"
Add component (AddParameter): Name = "Weight"; Value = "113.398093g"; VariantName = "[No Variations]"
Add component (AddParameter): Name = "Width"; Value = "39.49mm"; VariantName = "[No Variations]"
Added Pin To Net: NetName=GND Pin=J1-1
Added Pin To Net: NetName=GND Pin=J1-2
Added Pin To Net: NetName=GND Pin=J1-3
Added Pin To Net: NetName=GND Pin=J1-4
Added Pin To Net: NetName=NetF2_1 Pin=J1-5
Added Pin To Net: NetName=NetF2_1 Pin=J1-6
Added Pin To Net: NetName=5VA Pin=J4-1
Added Pin To Net: NetName=5VA Pin=J4-2
Added Pin To Net: NetName=GNDA Pin=J4-3
Added Pin To Net: NetName=GNDA Pin=J4-4
Added Pin To Net: NetName=GND Pin=J4-7
Added Pin To Net: NetName=GNDA Pin=J4-10
Added Pin To Net: NetName=NetD24_1 Pin=J5-5
Added Pin To Net: NetName=NetD25_1 Pin=J5-6
Added Pin To Net: NetName=NetD26_1 Pin=J5-7
Added Pin To Net: NetName=NetD23_1 Pin=J5-8
Added Pin To Net: NetName=NetJ6_1 Pin=R30-2
Added Pin To Net: NetName=NetJ6_1 Pin=R32-1
Added Pin To Net: NetName=NetJ6_2 Pin=R34-2
Added Pin To Net: NetName=NetJ6_2 Pin=R36-1
Added Pin To Net: NetName=NetJ6_3 Pin=R38-2
Added Pin To Net: NetName=NetJ6_3 Pin=R40-1
Added Pin To Net: NetName=NetJ6_4 Pin=R43-2
Added Pin To Net: NetName=NetJ6_4 Pin=R45-1
Added Pin To Net: NetName=NetJ6_5 Pin=R49-2
Added Pin To Net: NetName=NetJ6_5 Pin=R52-1
Added Pin To Net: NetName=NetJ6_6 Pin=R54-2
Added Pin To Net: NetName=NetJ6_6 Pin=R56-1
Added Pin To Net: NetName=NetJ6_7 Pin=R60-2
Added Pin To Net: NetName=NetJ6_7 Pin=R65-1
Added Pin To Net: NetName=NetJ6_8 Pin=R69-2
Added Pin To Net: NetName=NetJ6_8 Pin=R71-1
Added Pin To Net: NetName=NetJ6_9 Pin=R73-2
Added Pin To Net: NetName=NetJ6_9 Pin=R75-1
Added Pin To Net: NetName=NetJ6_10 Pin=R77-2
Added Pin To Net: NetName=NetJ6_10 Pin=R79-1
Change Net Name : Old Net Name=NetC34_2 New Net Name=NetC35_2
Change Net Name : Old Net Name=NetC35_2 New Net Name=NetC36_2
Change Net Name : Old Net Name=NetC37_2 New Net Name=NetC38_2
Change Net Name : Old Net Name=NetC38_2 New Net Name=NetC39_2
Change Net Name : Old Net Name=NetC50_1 New Net Name=NetC51_1
Change Net Name : Old Net Name=NetC50_2 New Net Name=NetC51_2
Change Net Name : Old Net Name=NetC51_2 New Net Name=NetC52_2
Change Net Name : Old Net Name=NetC53_1 New Net Name=NetC54_1
Change Net Name : Old Net Name=NetC53_2 New Net Name=NetC54_2
Change Net Name : Old Net Name=NetC54_2 New Net Name=NetC55_2
Change Net Name : Old Net Name=NetJ3_1 New Net Name=NetJ2_1
Change Net Name : Old Net Name=NetJ3_2 New Net Name=NetJ2_2
Change Net Name : Old Net Name=NetJ3_3 New Net Name=NetJ2_3
Change Net Name : Old Net Name=NetJ3_4 New Net Name=NetJ2_4
Change Net Name : Old Net Name=NetJ5_1 New Net Name=NetJ3_1
Change Net Name : Old Net Name=NetJ5_2 New Net Name=NetJ3_2
Change Net Name : Old Net Name=NetJ5_3 New Net Name=NetJ3_3
Change Net Name : Old Net Name=NetJ5_4 New Net Name=NetJ3_4
Added Pin To Net: NetName=NetJ4_5 Pin=J4-5
Added Pin To Net: NetName=NetJ4_5 Pin=R102-2
Added Net: Name=NetJ4_5
Added Pin To Net: NetName=NetJ4_6 Pin=J4-6
Added Pin To Net: NetName=NetJ4_6 Pin=R118-2
Added Net: Name=NetJ4_6
Added Pin To Net: NetName=NetJ4_8 Pin=J4-8
Added Pin To Net: NetName=NetJ4_8 Pin=R140-2
Added Net: Name=NetJ4_8
Added Pin To Net: NetName=NetJ4_9 Pin=J4-9
Added Pin To Net: NetName=NetJ4_9 Pin=R141-1
Added Net: Name=NetJ4_9
Added Pin To Net: NetName=NetJ5_1 Pin=J5-1
Added Pin To Net: NetName=NetJ5_1 Pin=Q11-15
Added Pin To Net: NetName=NetJ5_1 Pin=Q11-16
Added Net: Name=NetJ5_1
Added Pin To Net: NetName=NetJ5_2 Pin=J5-2
Added Pin To Net: NetName=NetJ5_2 Pin=Q11-13
Added Pin To Net: NetName=NetJ5_2 Pin=Q11-14
Added Net: Name=NetJ5_2
Added Pin To Net: NetName=NetJ5_3 Pin=J5-3
Added Pin To Net: NetName=NetJ5_3 Pin=Q11-11
Added Pin To Net: NetName=NetJ5_3 Pin=Q11-12
Added Net: Name=NetJ5_3
Added Pin To Net: NetName=NetJ5_4 Pin=J5-4
Added Pin To Net: NetName=NetJ5_4 Pin=Q11-10
Added Net: Name=NetJ5_4
Added Pin To Net: NetName=NetJ5_9 Pin=J5-9
Added Pin To Net: NetName=NetJ5_9 Pin=Q16-15
Added Pin To Net: NetName=NetJ5_9 Pin=Q16-16
Added Net: Name=NetJ5_9
Added Pin To Net: NetName=NetJ5_10 Pin=J5-10
Added Pin To Net: NetName=NetJ5_10 Pin=Q16-13
Added Pin To Net: NetName=NetJ5_10 Pin=Q16-14
Added Net: Name=NetJ5_10
Added Pin To Net: NetName=NetQ16_11 Pin=Q16-11
Added Pin To Net: NetName=NetQ16_11 Pin=Q16-12
Added Net: Name=NetQ16_11
Added Pin To Net: NetName=NetR81_2 Pin=R81-2
Added Pin To Net: NetName=NetR81_2 Pin=R83-1
Added Net: Name=NetR81_2
Added Pin To Net: NetName=NetR85_2 Pin=R85-2
Added Pin To Net: NetName=NetR85_2 Pin=R87-1
Added Net: Name=NetR85_2
Added Member To Class: ClassName=U_etb_driver Member=Component C24 100nF
Added Member To Class: ClassName=mainboard Member=Component J3 CONN_TB4
Added Member To Class: ClassName=mainboard Member=Component J4 PHOENIX MINI 10P
Added Member To Class: ClassName=mainboard Member=Component J5 PHOENIX MINI 10P
