Removed Pin From Net: NetName=GND Pin=U?-1
Removed Pin From Net: NetName=NetC7_2 Pin=U?-3
Removed Pin From Net: NetName=3.3V Pin=U?-4
Removed Member From Class: ClassName=U_power Member=U?
Change Component Designator: OldDesignator=U7 NewDesignator=U8
Change Component Designator: OldDesignator=U8 NewDesignator=U9
Change Component Designator: OldDesignator=U9 NewDesignator=U10
Change Component Designator: OldDesignator=U10 NewDesignator=U11
Change Component Designator: OldDesignator=U11 NewDesignator=U12
Change Component Designator: OldDesignator=U12 NewDesignator=U13
Change Component Designator: OldDesignator=U13 NewDesignator=U14
Change Component Designator: OldDesignator=U14 NewDesignator=U15
Change Component Designator: OldDesignator=U15 NewDesignator=U16
Change Component Designator: OldDesignator=U16 NewDesignator=U17
Change Component Designator: OldDesignator=U17 NewDesignator=U18
Added Component: Designator=U7(DPAK_3)
Add component (AddParameter): Name = "ASSEMBLY"; Value = ""; VariantName = "[No Variations]"
Add component (AddParameter): Name = "DESC"; Value = ""; VariantName = "[No Variations]"
Add component (AddParameter): Name = "MANF"; Value = "TI, ON, ST"; VariantName = "[No Variations]"
Add component (AddParameter): Name = "MANF_P#"; Value = "LM1117, LD1117, NCV1117"; VariantName = "[No Variations]"
Add component (AddParameter): Name = "PARAM"; Value = "LDO1V, 0.8A"; VariantName = "[No Variations]"
Add component (AddParameter): Name = "PARAM2"; Value = "1.2/1.5/1.8/2.5/2.85/3.3/5V"; VariantName = "[No Variations]"
Add component (AddParameter): Name = "PRICE"; Value = ""; VariantName = "[No Variations]"
Add component (AddParameter): Name = "VALUE"; Value = "LD1117"; VariantName = "[No Variations]"
Added Pin To Net: NetName=GND Pin=U7-1
Added Pin To Net: NetName=NetC7_2 Pin=U7-3
Added Pin To Net: NetName=3.3V Pin=U7-4
Change Net Name : Old Net Name=NetU8_3 New Net Name=NetU9_3
Change Net Name : Old Net Name=NetU8_19 New Net Name=NetU9_19
Change Net Name : Old Net Name=NetU9_3 New Net Name=NetU10_3
Change Net Name : Old Net Name=NetU9_19 New Net Name=NetU10_19
Change Net Name : Old Net Name=NetU11_8 New Net Name=NetU12_8
Added Member To Class: ClassName=U_power Member=Component U8 LD1086V33
