Added Component: Designator=PUSB1(USB_B_ST)
Add component (AddParameter): Name = "ASSEMBLY"; Value = ""; VariantName = "[No Variations]"
Add component (AddParameter): Name = "DESC"; Value = ""; VariantName = "[No Variations]"
Add component (AddParameter): Name = "DIST#"; Value = ""; VariantName = "[No Variations]"
Add component (AddParameter): Name = "MANF"; Value = "-"; VariantName = "[No Variations]"
Add component (AddParameter): Name = "MANF_P#"; Value = "-"; VariantName = "[No Variations]"
Add component (AddParameter): Name = "MANF_P#2"; Value = ""; VariantName = "[No Variations]"
Add component (AddParameter): Name = "PARAM"; Value = ""; VariantName = "[No Variations]"
Add component (AddParameter): Name = "PARAM2"; Value = ""; VariantName = "[No Variations]"
Add component (AddParameter): Name = "PRICE"; Value = ""; VariantName = "[No Variations]"
Add component (AddParameter): Name = "VALUE"; Value = "CONN_USB_B"; VariantName = "[No Variations]"
Added Pin To Net: NetName=5V Pin=PUSB1-1
Added Pin To Net: NetName=USB_DM Pin=PUSB1-2
Added Pin To Net: NetName=USB_DP Pin=PUSB1-3
Added Pin To Net: NetName=GND Pin=PUSB1-4
Added Pin To Net: NetName=GND Pin=PUSB1-SH1
Added Pin To Net: NetName=GND Pin=PUSB1-SH2
Added Pin To Net: NetName=GND Pin=PUSB1-SH3
Added Pin To Net: NetName=GND Pin=PUSB1-SH4
Added Member To Class: ClassName=U_brain Member=Component PUSB1 CONN_USB_B
