Removed Pin From Net: NetName=3.3VA Pin=C52-2
Removed Pin From Net: NetName=3.3VA Pin=C53-2
Removed Pin From Net: NetName=3.3VA Pin=C54-2
Removed Pin From Net: NetName=NetJ6_6 Pin=R60-1
Removed Pin From Net: NetName=GNDA Pin=R60-2
Removed Pin From Net: NetName=GNDA Pin=R69-2
Removed Pin From Net: NetName=NetJ6_8 Pin=R75-1
Removed Pin From Net: NetName=GNDA Pin=R75-2
Removed Pin From Net: NetName=3.3VA Pin=U9-4
Removed Pin From Net: NetName=3.3VA Pin=U11-4
Removed Pin From Net: NetName=3.3VA Pin=U12-4
Change Component Comment : Designator=R69 Old Comment=470K New Comment=4.7K
Change Component Designator: OldDesignator=R58 NewDesignator=R59
Change Component Designator: OldDesignator=R59 NewDesignator=R60
Change Component Designator: OldDesignator=R64 NewDesignator=R65
Change Component Designator: OldDesignator=R65 NewDesignator=R66
Change Component Designator: OldDesignator=R66 NewDesignator=R67
Change Component Designator: OldDesignator=R67 NewDesignator=R68
Change Component Designator: OldDesignator=R68 NewDesignator=R69
Change Component Designator: OldDesignator=R69 NewDesignator=R64
Change Component Designator: OldDesignator=R73 NewDesignator=R74
Change Component Designator: OldDesignator=R74 NewDesignator=R75
Change Component Designator: OldDesignator=R147 NewDesignator=R144
Change Component Designator: OldDesignator=R148 NewDesignator=R145
Change Component Designator: OldDesignator=R149 NewDesignator=R146
Change Component Designator: OldDesignator=R150 NewDesignator=R147
Change component parameters: Designator = "R69" ("R64"); Footprint = "R0805"; UniqueID = "\CYOSDWPC\NPAGRAHB" ("\CYOSDWPC\NPAGRAHB")
Change component parameters (AddParameter): Name = "ASSEMBLY"; Value = "ASSEMBLY"; VariantName = "[No Variations]"
Change component parameters (AddParameter): Name = "DESC"; Value = "DESCRIPTION"; VariantName = "[No Variations]"
Change component parameters (AddParameter): Name = "DIST#"; Value = "MOUSER"; VariantName = "[No Variations]"
Change component parameters (AddParameter): Name = "MANF"; Value = "-"; VariantName = "[No Variations]"
Change component parameters (AddParameter): Name = "MANF_P#"; Value = "-"; VariantName = "[No Variations]"
Change component parameters (AddParameter): Name = "PARAM"; Value = "-W"; VariantName = "[No Variations]"
Change component parameters (AddParameter): Name = "PARAM2"; Value = "1%"; VariantName = "[No Variations]"
Change component parameters (AddParameter): Name = "PRICE"; Value = "100= 0.5$"; VariantName = "[No Variations]"
Change component parameters (AddParameter): Name = "VALUE"; Value = "4.7K"; VariantName = "[No Variations]"
Added Component: Designator=R58(R0805)
Add component (AddParameter): Name = "ASSEMBLY"; Value = "ASSEMBLY"; VariantName = "[No Variations]"
Add component (AddParameter): Name = "DESC"; Value = "DESCRIPTION"; VariantName = "[No Variations]"
Add component (AddParameter): Name = "DIST#"; Value = "MOUSER"; VariantName = "[No Variations]"
Add component (AddParameter): Name = "MANF"; Value = "-"; VariantName = "[No Variations]"
Add component (AddParameter): Name = "MANF_P#"; Value = "-"; VariantName = "[No Variations]"
Add component (AddParameter): Name = "PARAM"; Value = "-W"; VariantName = "[No Variations]"
Add component (AddParameter): Name = "PARAM2"; Value = "1%"; VariantName = "[No Variations]"
Add component (AddParameter): Name = "PRICE"; Value = "100= 0.5$"; VariantName = "[No Variations]"
Add component (AddParameter): Name = "VALUE"; Value = "4.7K"; VariantName = "[No Variations]"
Added Component: Designator=R73(R0805)
Add component (AddParameter): Name = "ASSEMBLY"; Value = "ASSEMBLY"; VariantName = "[No Variations]"
Add component (AddParameter): Name = "DESC"; Value = "DESCRIPTION"; VariantName = "[No Variations]"
Add component (AddParameter): Name = "DIST#"; Value = "MOUSER"; VariantName = "[No Variations]"
Add component (AddParameter): Name = "MANF"; Value = "-"; VariantName = "[No Variations]"
Add component (AddParameter): Name = "MANF_P#"; Value = "-"; VariantName = "[No Variations]"
Add component (AddParameter): Name = "PARAM"; Value = "-W"; VariantName = "[No Variations]"
Add component (AddParameter): Name = "PARAM2"; Value = "1%"; VariantName = "[No Variations]"
Add component (AddParameter): Name = "PRICE"; Value = "100= 0.5$"; VariantName = "[No Variations]"
Add component (AddParameter): Name = "VALUE"; Value = "4.7K"; VariantName = "[No Variations]"
Added Pin To Net: NetName=5VA Pin=C52-2
Added Pin To Net: NetName=5VA Pin=C53-2
Added Pin To Net: NetName=5VA Pin=C54-2
Added Pin To Net: NetName=NetJ6_6 Pin=R58-1
Added Pin To Net: NetName=5VA Pin=R58-2
Added Pin To Net: NetName=5VA Pin=R64-2
Added Pin To Net: NetName=NetJ6_8 Pin=R73-1
Added Pin To Net: NetName=5VA Pin=R73-2
Added Pin To Net: NetName=5VA Pin=U9-4
Added Pin To Net: NetName=5VA Pin=U11-4
Added Pin To Net: NetName=5VA Pin=U12-4
Change Net Name : Old Net Name=NetR58_1 New Net Name=NetR59_1
Change Net Name : Old Net Name=NetR59_2 New Net Name=NetR60_2
Change Net Name : Old Net Name=NetR64_1 New Net Name=NetR65_1
Change Net Name : Old Net Name=NetR68_2 New Net Name=NetR69_2
Change Net Name : Old Net Name=NetR73_1 New Net Name=NetR74_1
Change Net Name : Old Net Name=NetR74_2 New Net Name=NetR75_2
Change Net Name : Old Net Name=NetR147_1 New Net Name=NetR144_1
Change Net Name : Old Net Name=NetR148_2 New Net Name=NetR145_2
Change Net Name : Old Net Name=NetR150_1 New Net Name=NetR147_1
Change Net Name : Old Net Name=NetR150_2 New Net Name=NetR147_2
Added Member To Class: ClassName=U_output_drivers Member=Component R125 4.7K
Added Member To Class: ClassName=U_output_drivers Member=Component R126 4.7K
Added Member To Class: ClassName=U_output_drivers Member=Component R127 4.7K
Added Member To Class: ClassName=U_output_drivers Member=Component R129 4.7K
Added Member To Class: ClassName=U_output_drivers Member=Component R131 4.7K
Added Member To Class: ClassName=U_output_drivers Member=Component R133 4.7K
Added Member To Class: ClassName=U_output_drivers Member=Component R135 4.7K
Added Member To Class: ClassName=U_output_drivers Member=Component R137 4.7K
Added Member To Class: ClassName=U_output_drivers Member=Component R139 4.7K
Added Member To Class: ClassName=U_exhaust_gas_temp_oxy Member=Component R144 10K
