Removed Pin From Net: NetName=GND Pin=J4-3
Removed Pin From Net: NetName=NetR95_2 Pin=U10-61
Removed Pin From Net: NetName=NetR111_2 Pin=U10-62
Removed Member From Class: ClassName=mainboard Member=J4
Removed Member From Class: ClassName=mainboard Member=J6
Removed Member From Class: ClassName=mainboard Member=J8
Removed Member From Class: ClassName=mainboard Member=J10
Added Component: Designator=J?(ATXPWR_20_R)
Add component (AddParameter): Name = "MANF"; Value = "Molex"; VariantName = "[No Variations]"
Add component (AddParameter): Name = "MANF_P#"; Value = "39291207, 39291208, 39295203"; VariantName = "[No Variations]"
Add component (AddParameter): Name = "VALUE"; Value = "CONN_ATXPWR_20P"; VariantName = "[No Variations]"
Added Pin To Net: NetName=5VA Pin=J?-11
Added Pin To Net: NetName=5VA Pin=J?-12
Added Pin To Net: NetName=5VA Pin=J?-13
Added Pin To Net: NetName=GND Pin=J?-14
Added Pin To Net: NetName=GND Pin=J?-15
Added Pin To Net: NetName=GND Pin=J?-16
Added Pin To Net: NetName=+EGT Pin=J?-10
Added Net: Name=+EGT
Added Pin To Net: NetName=-EGT Pin=J?-9
Added Net: Name=-EGT
Added Pin To Net: NetName=ANALOG-INPUT-1 Pin=J?-17
Added Net: Name=ANALOG-INPUT-1
Added Pin To Net: NetName=ANALOG-INPUT-2 Pin=J?-18
Added Net: Name=ANALOG-INPUT-2
Added Pin To Net: NetName=ANALOG-INPUT-3 Pin=J?-19
Added Net: Name=ANALOG-INPUT-3
Added Pin To Net: NetName=ANALOG-INPUT-4 Pin=J?-20
Added Net: Name=ANALOG-INPUT-4
Added Pin To Net: NetName=CLT-SENSOR Pin=J?-7
Added Net: Name=CLT-SENSOR
Added Pin To Net: NetName=ETB-1-SENSOR-1 Pin=J?-1
Added Net: Name=ETB-1-SENSOR-1
Added Pin To Net: NetName=ETB-1-SENSOR-2 Pin=J?-2
Added Net: Name=ETB-1-SENSOR-2
Added Pin To Net: NetName=ETB-2-SENSOR-1 Pin=J?-3
Added Net: Name=ETB-2-SENSOR-1
Added Pin To Net: NetName=ETB-2-SENSOR-2 Pin=J?-4
Added Net: Name=ETB-2-SENSOR-2
Added Pin To Net: NetName=IAT-SENSOR Pin=J?-6
Added Net: Name=IAT-SENSOR
Added Pin To Net: NetName=MAP-SENSOR Pin=J?-5
Added Net: Name=MAP-SENSOR
Added Pin To Net: NetName=NetR30_2 Pin=R30-2
Added Pin To Net: NetName=NetR30_2 Pin=R32-1
Added Net: Name=NetR30_2
Added Pin To Net: NetName=NetR34_2 Pin=R34-2
Added Pin To Net: NetName=NetR34_2 Pin=R36-1
Added Net: Name=NetR34_2
Added Pin To Net: NetName=NetR38_2 Pin=R38-2
Added Pin To Net: NetName=NetR38_2 Pin=R40-1
Added Net: Name=NetR38_2
Added Pin To Net: NetName=NetR43_2 Pin=R43-2
Added Pin To Net: NetName=NetR43_2 Pin=R45-1
Added Net: Name=NetR43_2
Added Pin To Net: NetName=NetR49_2 Pin=R49-2
Added Pin To Net: NetName=NetR49_2 Pin=R52-1
Added Net: Name=NetR49_2
Added Pin To Net: NetName=NetR54_2 Pin=R54-2
Added Pin To Net: NetName=NetR54_2 Pin=R56-1
Added Net: Name=NetR54_2
Added Pin To Net: NetName=NetR60_2 Pin=R60-2
Added Pin To Net: NetName=NetR60_2 Pin=R65-1
Added Net: Name=NetR60_2
Added Pin To Net: NetName=NetR69_2 Pin=R69-2
Added Pin To Net: NetName=NetR69_2 Pin=R71-1
Added Net: Name=NetR69_2
Added Pin To Net: NetName=NetR73_2 Pin=R73-2
Added Pin To Net: NetName=NetR73_2 Pin=R75-1
Added Net: Name=NetR73_2
Added Pin To Net: NetName=NetR77_2 Pin=R77-2
Added Pin To Net: NetName=NetR77_2 Pin=R79-1
Added Net: Name=NetR77_2
Added Pin To Net: NetName=NetR81_2 Pin=R81-2
Added Pin To Net: NetName=NetR81_2 Pin=R83-1
Added Net: Name=NetR81_2
Added Pin To Net: NetName=NetR85_2 Pin=R85-2
Added Pin To Net: NetName=NetR85_2 Pin=R87-1
Added Net: Name=NetR85_2
Added Pin To Net: NetName=NetR102_2 Pin=R102-2
Added Net: Name=NetR102_2
Added Pin To Net: NetName=NetR118_2 Pin=R118-2
Added Net: Name=NetR118_2
Added Pin To Net: NetName=NetR140_2 Pin=R140-2
Added Net: Name=NetR140_2
Added Pin To Net: NetName=NetR141_1 Pin=R141-1
Added Net: Name=NetR141_1
Added Pin To Net: NetName=NetU10_61 Pin=U10-61
Added Net: Name=NetU10_61
Added Pin To Net: NetName=NetU10_62 Pin=U10-62
Added Net: Name=NetU10_62
Added Pin To Net: NetName=OIL-SENSOR Pin=J?-8
Added Net: Name=OIL-SENSOR
Added Member To Class: ClassName=mainboard Member=Component J? CONN_ATXPWR_20P
