Removed Member From Class: ClassName=U_coil_inj_drivers Member=R34
Removed Member From Class: ClassName=U_power Member=R34
Removed Member From Class: ClassName=U_coil_inj_drivers Member=R36
Removed Member From Class: ClassName=U_etb_driver Member=R36
Removed Member From Class: ClassName=U_coil_inj_drivers Member=R37
Removed Member From Class: ClassName=U_etb_driver Member=R37
Removed Member From Class: ClassName=U_power Member=R37
Removed Member From Class: ClassName=U_coil_inj_drivers Member=R39
Removed Member From Class: ClassName=U_power Member=R39
Removed Member From Class: ClassName=U_brain Member=R101
Removed Member From Class: ClassName=U_brain Member=R103
Removed Member From Class: ClassName=U_brain Member=R144
Removed Member From Class: ClassName=U_output_drivers Member=R144
Removed Member From Class: ClassName=U_trigger_interface Member=R144
Removed Member From Class: ClassName=U_output_drivers Member=R145
Removed Member From Class: ClassName=U_trigger_interface Member=R145
Removed Member From Class: ClassName=U_brain Member=R146
Removed Member From Class: ClassName=U_output_drivers Member=R146
Removed Member From Class: ClassName=U_trigger_interface Member=R146
Removed Member From Class: ClassName=U_output_drivers Member=R147
Removed Member From Class: ClassName=U_trigger_interface Member=R147
Added Member To Class: ClassName=U_coil_inj_drivers Member=Component R1 0R
Added Member To Class: ClassName=U_coil_inj_drivers Member=Component R2 100R
Added Member To Class: ClassName=U_coil_inj_drivers Member=Component R4 0R
Added Member To Class: ClassName=U_coil_inj_drivers Member=Component R5 4.7K
Added Member To Class: ClassName=U_coil_inj_drivers Member=Component R6 4.7K
Added Member To Class: ClassName=U_coil_inj_drivers Member=Component R7 4.7K
Added Member To Class: ClassName=U_coil_inj_drivers Member=Component R8 4.7K
Added Member To Class: ClassName=U_coil_inj_drivers Member=Component R9 0R
Added Member To Class: ClassName=U_coil_inj_drivers Member=Component R10 100R
Added Member To Class: ClassName=U_coil_inj_drivers Member=Component R12 0R
Added Member To Class: ClassName=U_coil_inj_drivers Member=Component R13 4.7K
Added Member To Class: ClassName=U_coil_inj_drivers Member=Component R14 4.7K
Added Member To Class: ClassName=U_coil_inj_drivers Member=Component R15 4.7K
Added Member To Class: ClassName=U_coil_inj_drivers Member=Component R16 4.7K
Added Member To Class: ClassName=U_coil_inj_drivers Member=Component R17 100R
Added Member To Class: ClassName=U_coil_inj_drivers Member=Component R18 4.7K
Added Member To Class: ClassName=U_coil_inj_drivers Member=Component R19 100R
Added Member To Class: ClassName=U_coil_inj_drivers Member=Component R20 4.7K
Added Member To Class: ClassName=U_coil_inj_drivers Member=Component R21 4.7K
Added Member To Class: ClassName=U_coil_inj_drivers Member=Component R22 4.7K
Added Member To Class: ClassName=U_coil_inj_drivers Member=Component R23 4.7K
Added Member To Class: ClassName=U_coil_inj_drivers Member=Component R24 4.7K
Added Member To Class: ClassName=U_coil_inj_drivers Member=Component R25 4.7K
Added Member To Class: ClassName=U_coil_inj_drivers Member=Component R26 4.7K
Added Member To Class: ClassName=U_coil_inj_drivers Member=Component R27 4.7K
Added Member To Class: ClassName=U_coil_inj_drivers Member=Component R28 4.7K
Added Member To Class: ClassName=U_power Member=Component R29 4.7K
Added Member To Class: ClassName=U_power Member=Component R30 10K
Added Member To Class: ClassName=U_power Member=Component R31 4.7K
Added Member To Class: ClassName=U_etb_driver Member=Component R32 4.7K
Added Member To Class: ClassName=U_etb_driver Member=Component R33 4.7K
Added Member To Class: ClassName=U_brain Member=Component R35 4.7K
Added Member To Class: ClassName=U_brain Member=Component R38 4.7K
Added Member To Class: ClassName=U_brain Member=Component R40 470K
Added Member To Class: ClassName=U_brain Member=Component R41 9.1K
Added Member To Class: ClassName=U_brain Member=Component R42 4.7K
Added Member To Class: ClassName=U_brain Member=Component R43 4.7K
Added Member To Class: ClassName=U_brain Member=Component R44 470K
Added Member To Class: ClassName=U_brain Member=Component R45 10K
Added Member To Class: ClassName=U_brain Member=Component R46 9.1K
Added Member To Class: ClassName=U_brain Member=Component R47 4.7K
Added Member To Class: ClassName=U_brain Member=Component R48 4.7K
Added Member To Class: ClassName=U_brain Member=Component R49 470K
Added Member To Class: ClassName=U_brain Member=Component R50 10K
Added Member To Class: ClassName=U_brain Member=Component R51 9.1K
Added Member To Class: ClassName=U_brain Member=Component R52 10R
Added Member To Class: ClassName=U_brain Member=Component R53 4.7K
Added Member To Class: ClassName=U_brain Member=Component R54 4.7K
Added Member To Class: ClassName=U_brain Member=Component R55 10R
Added Member To Class: ClassName=U_brain Member=Component R56 470K
Added Member To Class: ClassName=U_brain Member=Component R57 9.1K
Added Member To Class: ClassName=U_brain Member=Component R58 4.7K
Added Member To Class: ClassName=U_brain Member=Component R59 4.7K
Added Member To Class: ClassName=U_brain Member=Component R60 470K
Added Member To Class: ClassName=U_brain Member=Component R61 9.1K
Added Member To Class: ClassName=U_brain Member=Component R62 4.7K
Added Member To Class: ClassName=U_brain Member=Component R63 4.7K
Added Member To Class: ClassName=U_brain Member=Component R64 4.7K
Added Member To Class: ClassName=U_brain Member=Component R65 4.7k
Added Member To Class: ClassName=U_brain Member=Component R66 4.7k
Added Member To Class: ClassName=U_brain Member=Component R67 5.1K
Added Member To Class: ClassName=U_brain Member=Component R68 4.7K
Added Member To Class: ClassName=U_brain Member=Component R69 470K
Added Member To Class: ClassName=U_brain Member=Component R70 9.1K
Added Member To Class: ClassName=U_brain Member=Component R71 4.7K
Added Member To Class: ClassName=U_brain Member=Component R72 1K
Added Member To Class: ClassName=U_brain Member=Component R73 4.7K
Added Member To Class: ClassName=U_brain Member=Component R74 4.7K
Added Member To Class: ClassName=U_brain Member=Component R75 470K
Added Member To Class: ClassName=U_brain Member=Component R77 4.7K
Added Member To Class: ClassName=U_brain Member=Component R79 470K
Added Member To Class: ClassName=U_brain Member=Component R80 9.1K
Added Member To Class: ClassName=U_brain Member=Component R81 4.7K
Added Member To Class: ClassName=U_brain Member=Component R82 4.7K
Added Member To Class: ClassName=U_brain Member=Component R83 470K
Added Member To Class: ClassName=U_brain Member=Component R84 9.1K
Added Member To Class: ClassName=U_brain Member=Component R85 4.7K
Added Member To Class: ClassName=U_brain Member=Component R86 4.7K
Added Member To Class: ClassName=U_brain Member=Component R87 470K
Added Member To Class: ClassName=U_brain Member=Component R88 9.1K
Added Member To Class: ClassName=U_brain Member=Component R89 4.7K
Added Member To Class: ClassName=U_brain Member=Component R90 4.7K
Added Member To Class: ClassName=U_brain Member=Component R91 470K
Added Member To Class: ClassName=U_brain Member=Component R92 9.1K
Added Member To Class: ClassName=U_trigger_interface Member=Component R93 10K
Added Member To Class: ClassName=U_trigger_interface Member=Component R94 10K
Added Member To Class: ClassName=U_trigger_interface Member=Component R95 POT100K
Added Member To Class: ClassName=U_trigger_interface Member=Component R96 POT10K
Added Member To Class: ClassName=U_trigger_interface Member=Component R97 100K
Added Member To Class: ClassName=U_trigger_interface Member=Component R98 100K
Added Member To Class: ClassName=U_trigger_interface Member=Component R99 9.1K
Added Member To Class: ClassName=U_trigger_interface Member=Component R100 10K
Added Member To Class: ClassName=U_trigger_interface Member=Component R102 10K
Added Member To Class: ClassName=U_trigger_interface Member=Component R104 1M
Added Member To Class: ClassName=U_trigger_interface Member=Component R106 10K
Added Member To Class: ClassName=U_trigger_interface Member=Component R107 10K
Added Member To Class: ClassName=U_trigger_interface Member=Component R108 47K
Added Member To Class: ClassName=U_trigger_interface Member=Component R109 10K
Added Member To Class: ClassName=U_trigger_interface Member=Component R110 10K
Added Member To Class: ClassName=U_trigger_interface Member=Component R111 POT100K
Added Member To Class: ClassName=U_trigger_interface Member=Component R112 POT10K
Added Member To Class: ClassName=U_trigger_interface Member=Component R113 100K
Added Member To Class: ClassName=U_trigger_interface Member=Component R114 100K
Added Member To Class: ClassName=U_trigger_interface Member=Component R115 9.1K
Added Member To Class: ClassName=U_trigger_interface Member=Component R116 10K
Added Member To Class: ClassName=U_trigger_interface Member=Component R117 4.7K
Added Member To Class: ClassName=U_trigger_interface Member=Component R118 10K
Added Member To Class: ClassName=U_trigger_interface Member=Component R119 10K
Added Member To Class: ClassName=U_trigger_interface Member=Component R120 1M
Added Member To Class: ClassName=U_trigger_interface Member=Component R121 10K
Added Member To Class: ClassName=U_trigger_interface Member=Component R122 10K
Added Member To Class: ClassName=U_trigger_interface Member=Component R123 10K
Added Member To Class: ClassName=U_trigger_interface Member=Component R124 47K
Added Member To Class: ClassName=U_output_drivers Member=Component R125 4.7K
Added Member To Class: ClassName=U_output_drivers Member=Component R126 4.7K
Added Member To Class: ClassName=U_output_drivers Member=Component R127 4.7K
Added Member To Class: ClassName=U_output_drivers Member=Component R128 4.7K
Added Member To Class: ClassName=U_output_drivers Member=Component R129 100R
Added Member To Class: ClassName=U_output_drivers Member=Component R130 4.7K
Added Member To Class: ClassName=U_output_drivers Member=Component R131 100R
Added Member To Class: ClassName=U_output_drivers Member=Component R132 4.7K
Added Member To Class: ClassName=U_output_drivers Member=Component R133 4.7K
Added Member To Class: ClassName=U_output_drivers Member=Component R134 4.7K
Added Member To Class: ClassName=U_output_drivers Member=Component R135 100R
Added Member To Class: ClassName=U_output_drivers Member=Component R136 4.7K
Added Member To Class: ClassName=U_output_drivers Member=Component R137 100R
Added Member To Class: ClassName=U_output_drivers Member=Component R138 4.7K
Added Member To Class: ClassName=U_output_drivers Member=Component R139 4.7K
Added Member To Class: ClassName=U_output_drivers Member=Component R140 4.7K
Added Member To Class: ClassName=U_output_drivers Member=Component R141 4.7K
Added Member To Class: ClassName=U_output_drivers Member=Component R142 4.7K
Added Member To Class: ClassName=U_output_drivers Member=Component R143 4.7K
