Removed Pin From Net: NetName=COND-ETB-2-SENSOR-1 Pin=R42-1
Removed Pin From Net: NetName=GND Pin=R42-2
Added Component: Designator=J?(MSTB_8)
Add component (AddParameter): Name = "ASSEMBLY"; Value = ""; VariantName = "[No Variations]"
Add component (AddParameter): Name = "DESC"; Value = ""; VariantName = "[No Variations]"
Add component (AddParameter): Name = "DIST#"; Value = ""; VariantName = "[No Variations]"
Add component (AddParameter): Name = "MANF"; Value = ""; VariantName = "[No Variations]"
Add component (AddParameter): Name = "MANF_P#"; Value = ""; VariantName = "[No Variations]"
Add component (AddParameter): Name = "PARAM"; Value = "12A"; VariantName = "[No Variations]"
Add component (AddParameter): Name = "PARAM2"; Value = "320V"; VariantName = "[No Variations]"
Add component (AddParameter): Name = "PRICE"; Value = ""; VariantName = "[No Variations]"
Add component (AddParameter): Name = "VALUE"; Value = "CONN_TB8"; VariantName = "[No Variations]"
Added Pin To Net: NetName=GND Pin=R42-1
Added Pin To Net: NetName=COND-ETB-2-SENSOR-1 Pin=R42-2
Added Pin To Net: NetName=NetJ?_1 Pin=J?-1
Added Pin To Net: NetName=NetJ?_1 Pin=R69-2
Added Pin To Net: NetName=NetJ?_1 Pin=R71-1
Added Net: Name=NetJ?_1
Added Pin To Net: NetName=NetJ?_2 Pin=J?-2
Added Pin To Net: NetName=NetJ?_2 Pin=R60-2
Added Pin To Net: NetName=NetJ?_2 Pin=R65-1
Added Net: Name=NetJ?_2
Added Pin To Net: NetName=NetJ?_3 Pin=J?-3
Added Pin To Net: NetName=NetJ?_3 Pin=R54-2
Added Pin To Net: NetName=NetJ?_3 Pin=R56-1
Added Net: Name=NetJ?_3
Added Pin To Net: NetName=NetJ?_4 Pin=J?-4
Added Pin To Net: NetName=NetJ?_4 Pin=R49-2
Added Pin To Net: NetName=NetJ?_4 Pin=R52-1
Added Net: Name=NetJ?_4
Added Pin To Net: NetName=NetJ?_5 Pin=J?-5
Added Pin To Net: NetName=NetJ?_5 Pin=R43-2
Added Pin To Net: NetName=NetJ?_5 Pin=R45-1
Added Net: Name=NetJ?_5
Added Pin To Net: NetName=NetJ?_6 Pin=J?-6
Added Pin To Net: NetName=NetJ?_6 Pin=R38-2
Added Pin To Net: NetName=NetJ?_6 Pin=R40-1
Added Net: Name=NetJ?_6
Added Pin To Net: NetName=NetJ?_7 Pin=J?-7
Added Pin To Net: NetName=NetJ?_7 Pin=R34-2
Added Pin To Net: NetName=NetJ?_7 Pin=R36-1
Added Net: Name=NetJ?_7
Added Pin To Net: NetName=NetJ?_8 Pin=J?-8
Added Pin To Net: NetName=NetJ?_8 Pin=R30-2
Added Pin To Net: NetName=NetJ?_8 Pin=R32-1
Added Net: Name=NetJ?_8
Added Member To Class: ClassName=mainboard Member=Component J? CONN_TB8
Added Member To Class: ClassName=U_brain Member=Component R33 9.1K
Added Member To Class: ClassName=U_brain Member=Component R37 9.1K
Added Member To Class: ClassName=U_brain Member=Component U9 TLV9064IPWR
