Removed Member From Class: ClassName=U_etb_driver Member=C26
Removed Member From Class: ClassName=U_brain Member=C57
Removed Member From Class: ClassName=U_trigger_interface Member=C57
Change Component DesignItemId : Designator=R63 Old DesignItemId=RES_SMD_1206 New DesignItemId=RES_SMD_0805
Change Component Footprint: Designator=R63 Old Footprint=R1206 New Footprint=R0805
Change component parameters: Designator = "R63" ("R63"); Footprint = "R1206"; UniqueID = "\CYOSDWPC\VZXIOPWH" ("\CYOSDWPC\VZXIOPWH")
Change component parameters (AddParameter): Name = "ASSEMBLY"; Value = "ASSEMBLY"; VariantName = "[No Variations]"
Change component parameters (AddParameter): Name = "DESC"; Value = "DESCRIPTION"; VariantName = "[No Variations]"
Change component parameters (AddParameter): Name = "DIST#"; Value = "MOUSER"; VariantName = "[No Variations]"
Change component parameters (AddParameter): Name = "MANF"; Value = "-"; VariantName = "[No Variations]"
Change component parameters (AddParameter): Name = "MANF_P#"; Value = "-"; VariantName = "[No Variations]"
Change component parameters (AddParameter): Name = "PARAM"; Value = "-W"; VariantName = "[No Variations]"
Change component parameters (AddParameter): Name = "PARAM2"; Value = "1%"; VariantName = "[No Variations]"
Change component parameters (AddParameter): Name = "PRICE"; Value = "100= 0.5$"; VariantName = "[No Variations]"
Change component parameters (AddParameter): Name = "VALUE"; Value = "5.1K"; VariantName = "[No Variations]"
Added Member To Class: ClassName=U_etb_driver Member=Component C21 100nF
Added Member To Class: ClassName=U_etb_driver Member=Component C22 470uF
Added Member To Class: ClassName=U_etb_driver Member=Component C23 100nF
Added Member To Class: ClassName=U_etb_driver Member=Component C24 100nF
Added Member To Class: ClassName=U_brain Member=Component C25 100nF-OPTIONAL
Added Member To Class: ClassName=U_brain Member=Component C27 100nF
Added Member To Class: ClassName=U_brain Member=Component C29 100nF
Added Member To Class: ClassName=U_brain Member=Component C31 100nF
Added Member To Class: ClassName=U_brain Member=Component C33 100nF-OPTIONAL
Added Member To Class: ClassName=U_brain Member=Component C35 8pF
Added Member To Class: ClassName=U_brain Member=Component C36 8pF
Added Member To Class: ClassName=U_brain Member=Component C38 2.2uF
Added Member To Class: ClassName=U_brain Member=Component C40 100nF-OPTIONAL
Added Member To Class: ClassName=U_brain Member=Component C41 100nF-OPTIONAL
Added Member To Class: ClassName=U_brain Member=Component C42 100nF-OPTIONAL
Added Member To Class: ClassName=U_brain Member=Component C44 100nF-OPTIONAL
Added Member To Class: ClassName=U_brain Member=Component C46 100nF-OPTIONAL
Added Member To Class: ClassName=U_brain Member=Component C48 100nF
Added Member To Class: ClassName=U_brain Member=Component C50 100nF
Added Member To Class: ClassName=U_trigger_interface Member=Component C51 10nF
Added Member To Class: ClassName=U_trigger_interface Member=Component C52 100nF
Added Member To Class: ClassName=U_trigger_interface Member=Component C53 100nF
Added Member To Class: ClassName=U_trigger_interface Member=Component C54 10nF
Added Member To Class: ClassName=U_trigger_interface Member=Component C55 100nF
Added Member To Class: ClassName=U_output_drivers Member=Component C56 100nF
Added Member To Class: ClassName=mainboard Member=Component J1 CONN_TB6
Added Member To Class: ClassName=mainboard Member=Component J5 PHOENIX MINI 10P
Added Member To Class: ClassName=U_brain Member=Component J7 DX07S016JA1
