Removed Pin From Net: NetName=5VA Pin=J4-1
Removed Pin From Net: NetName=5VA Pin=J4-2
Removed Pin From Net: NetName=GNDA Pin=J4-3
Removed Pin From Net: NetName=GNDA Pin=J4-4
Removed Pin From Net: NetName=GND Pin=J4-7
Removed Pin From Net: NetName=NetJ4_5 Pin=R106-2
Added Pin To Net: NetName=GND Pin=J4-3
Added Pin To Net: NetName=5VA Pin=J4-6
Added Pin To Net: NetName=5VA Pin=J4-7
Added Pin To Net: NetName=GNDA Pin=J4-8
Added Pin To Net: NetName=GNDA Pin=J4-9
Added Pin To Net: NetName=NetJ4_5 Pin=R145-1
Added Pin To Net: NetName=NetJ4_1 Pin=J4-1
Added Pin To Net: NetName=NetJ4_1 Pin=R106-2
Added Net: Name=NetJ4_1
Added Pin To Net: NetName=NetJ4_2 Pin=J4-2
Added Pin To Net: NetName=NetJ4_2 Pin=R122-2
Added Net: Name=NetJ4_2
Added Pin To Net: NetName=NetJ4_4 Pin=J4-4
Added Pin To Net: NetName=NetJ4_4 Pin=R144-2
Added Net: Name=NetJ4_4
Added Member To Class: ClassName=U_brain Member=Component R58 4.7K
Added Member To Class: ClassName=U_brain Member=Component R59 4.7K
Added Member To Class: ClassName=U_brain Member=Component R60 4.7K
Added Member To Class: ClassName=U_brain Member=Component R65 4.7K
Added Member To Class: ClassName=U_brain Member=Component R67 4.7k
Added Member To Class: ClassName=U_brain Member=Component R69 4.7K
Added Member To Class: ClassName=U_brain Member=Component R73 4.7K
Added Member To Class: ClassName=U_brain Member=Component R75 4.7K
