Removed Pin From Net: NetName=GND Pin=Q16-7
Removed Pin From Net: NetName=GND Pin=Q16-8
Removed Pin From Net: NetName=VBAT Pin=Q16-9
Removed Pin From Net: NetName=GND Pin=R144-1
Removed Pin From Net: NetName=GND Pin=R145-1
Removed Pin From Net: NetName=GND Pin=R146-1
Removed Member From Class: ClassName=U_output_drivers Member=Q16
Removed Member From Class: ClassName=U_output_drivers Member=R144
Removed Member From Class: ClassName=U_output_drivers Member=R146
Removed Member From Class: ClassName=U_output_drivers Member=R148
Removed Member From Class: ClassName=U_output_drivers Member=R149
Removed Member From Class: ClassName=U_output_drivers Member=R150
Added Member To Class: ClassName=U_output_drivers Member=Component R125 4.7K
Added Member To Class: ClassName=U_output_drivers Member=Component R126 4.7K
Added Member To Class: ClassName=U_output_drivers Member=Component R127 4.7K
Added Member To Class: ClassName=U_output_drivers Member=Component R129 4.7K
Added Member To Class: ClassName=U_output_drivers Member=Component R131 4.7K
Added Member To Class: ClassName=U_output_drivers Member=Component R133 4.7K
Added Member To Class: ClassName=U_output_drivers Member=Component R135 4.7K
Added Member To Class: ClassName=U_output_drivers Member=Component R137 4.7K
Added Member To Class: ClassName=U_output_drivers Member=Component R139 4.7K
Added Member To Class: ClassName=U_output_drivers Member=Component R141 4.7K
Added Member To Class: ClassName=U_output_drivers Member=Component R143 4.7K
Added Member To Class: ClassName=U_exhaust_gas_temp_oxy Member=Component R147 10K
