Removed Pin From Net: NetName=COND-ANALOG-INPUT-1 Pin=U10-8
Removed Pin From Net: NetName=COND-ANALOG-INPUT-2 Pin=U10-9
Removed Pin From Net: NetName=COND-ANALOG-INPUT-3 Pin=U10-10
Removed Pin From Net: NetName=COND-ANALOG-INPUT-4 Pin=U10-11
Removed Pin From Net: NetName=COND-ETB-1-SENSOR-1 Pin=U10-14
Removed Pin From Net: NetName=COND-ETB-1-SENSOR-2 Pin=U10-15
Removed Pin From Net: NetName=COND-ETB-2-SENSOR-1 Pin=U10-16
Removed Pin From Net: NetName=COND-ETB-2-SENSOR-2 Pin=U10-17
Removed Pin From Net: NetName=COND-MAP-SENSOR Pin=U10-20
Removed Pin From Net: NetName=COND-IAT-SENSOR Pin=U10-21
Removed Pin From Net: NetName=COND-CLT-SENSOR Pin=U10-22
Removed Pin From Net: NetName=COND-OIL-SENSOR Pin=U10-23
Removed Pin From Net: NetName=VBAT_ADC Pin=U10-24
Removed Pin From Net: NetName=NetR13_2 Pin=U10-50
Removed Pin From Net: NetName=NetR14_2 Pin=U10-51
Removed Pin From Net: NetName=NetR5_2 Pin=U10-52
Removed Pin From Net: NetName=NetR6_2 Pin=U10-53
Removed Pin From Net: NetName=NetR15_2 Pin=U10-54
Removed Pin From Net: NetName=NetR16_2 Pin=U10-55
Removed Pin From Net: NetName=NetR7_2 Pin=U10-56
Removed Pin From Net: NetName=NetR8_2 Pin=U10-57
Change Component Comment : Designator=R45 Old Comment=4.7K New Comment=10K
Change Component Comment : Designator=R50 Old Comment=4.7K New Comment=10K
Change component parameters: Designator = "R45" ("R45"); Footprint = "R0805"; UniqueID = "\CYOSDWPC\AXFMZMMJ" ("\CYOSDWPC\AXFMZMMJ")
Change component parameters (AddParameter): Name = "ASSEMBLY"; Value = "ASSEMBLY"; VariantName = "[No Variations]"
Change component parameters (AddParameter): Name = "DESC"; Value = "DESCRIPTION"; VariantName = "[No Variations]"
Change component parameters (AddParameter): Name = "DIST#"; Value = "MOUSER"; VariantName = "[No Variations]"
Change component parameters (AddParameter): Name = "MANF"; Value = "-"; VariantName = "[No Variations]"
Change component parameters (AddParameter): Name = "MANF_P#"; Value = "-"; VariantName = "[No Variations]"
Change component parameters (AddParameter): Name = "PARAM"; Value = "-W"; VariantName = "[No Variations]"
Change component parameters (AddParameter): Name = "PARAM2"; Value = "1%"; VariantName = "[No Variations]"
Change component parameters (AddParameter): Name = "PRICE"; Value = "100= 0.5$"; VariantName = "[No Variations]"
Change component parameters (AddParameter): Name = "VALUE"; Value = "10K"; VariantName = "[No Variations]"
Change component parameters: Designator = "R50" ("R50"); Footprint = "R0805"; UniqueID = "\CYOSDWPC\EKEVGLAQ" ("\CYOSDWPC\EKEVGLAQ")
Change component parameters (AddParameter): Name = "ASSEMBLY"; Value = "ASSEMBLY"; VariantName = "[No Variations]"
Change component parameters (AddParameter): Name = "DESC"; Value = "DESCRIPTION"; VariantName = "[No Variations]"
Change component parameters (AddParameter): Name = "DIST#"; Value = "MOUSER"; VariantName = "[No Variations]"
Change component parameters (AddParameter): Name = "MANF"; Value = "-"; VariantName = "[No Variations]"
Change component parameters (AddParameter): Name = "MANF_P#"; Value = "-"; VariantName = "[No Variations]"
Change component parameters (AddParameter): Name = "PARAM"; Value = "-W"; VariantName = "[No Variations]"
Change component parameters (AddParameter): Name = "PARAM2"; Value = "1%"; VariantName = "[No Variations]"
Change component parameters (AddParameter): Name = "PRICE"; Value = "100= 0.5$"; VariantName = "[No Variations]"
Change component parameters (AddParameter): Name = "VALUE"; Value = "10K"; VariantName = "[No Variations]"
Added Pin To Net: NetName=COND-ETB-1-SENSOR-1 Pin=U10-9
Added Pin To Net: NetName=COND-ETB-1-SENSOR-2 Pin=U10-10
Added Pin To Net: NetName=COND-ETB-2-SENSOR-1 Pin=U10-11
Added Pin To Net: NetName=COND-ETB-2-SENSOR-2 Pin=U10-14
Added Pin To Net: NetName=COND-MAP-SENSOR Pin=U10-15
Added Pin To Net: NetName=COND-IAT-SENSOR Pin=U10-16
Added Pin To Net: NetName=COND-CLT-SENSOR Pin=U10-17
Added Pin To Net: NetName=COND-OIL-SENSOR Pin=U10-20
Added Pin To Net: NetName=VBAT_ADC Pin=U10-21
Added Pin To Net: NetName=COND-ANALOG-INPUT-1 Pin=U10-22
Added Pin To Net: NetName=COND-ANALOG-INPUT-2 Pin=U10-23
Added Pin To Net: NetName=COND-ANALOG-INPUT-3 Pin=U10-24
Added Pin To Net: NetName=NetR15_2 Pin=U10-50
Added Pin To Net: NetName=NetR16_2 Pin=U10-51
Added Pin To Net: NetName=NetR7_2 Pin=U10-52
Added Pin To Net: NetName=NetR8_2 Pin=U10-53
Added Pin To Net: NetName=NetR13_2 Pin=U10-54
Added Pin To Net: NetName=NetR14_2 Pin=U10-55
Added Pin To Net: NetName=NetR5_2 Pin=U10-56
Added Pin To Net: NetName=NetR6_2 Pin=U10-57
Added Pin To Net: NetName=NetU10_8 Pin=U10-8
Added Pin To Net: NetName=NetU10_8 Pin=U16-7
Added Net: Name=NetU10_8
