Removed Pin From Net: NetName=NetQ11_1 Pin=Q11-2
Removed Pin From Net: NetName=NetQ11_3 Pin=Q11-4
Removed Pin From Net: NetName=NetQ11_5 Pin=Q11-6
Removed Pin From Net: NetName=NetQ11_7 Pin=R125-2
Removed Pin From Net: NetName=NetQ11_3 Pin=R127-2
Removed Pin From Net: NetName=NetQ11_1 Pin=R128-2
Removed Pin From Net: NetName=NetQ16_1 Pin=U10-26
Removed Pin From Net: NetName=NetQ16_3 Pin=U10-27
Removed Pin From Net: NetName=NetQ16_5 Pin=U10-28
Removed Pin From Net: NetName=NetQ11_3 Pin=U10-34
Removed Pin From Net: NetName=NetQ11_5 Pin=U10-35
Removed Pin From Net: NetName=NetQ11_7 Pin=U10-36
Change Component Designator: OldDesignator=J? NewDesignator=J5
Change Component Designator: OldDesignator=R125 NewDesignator=R128
Change Component Designator: OldDesignator=R126 NewDesignator=R129
Change Component Designator: OldDesignator=R127 NewDesignator=R130
Change Component Designator: OldDesignator=R128 NewDesignator=R131
Change Component Designator: OldDesignator=R129 NewDesignator=R132
Change Component Designator: OldDesignator=R130 NewDesignator=R133
Change Component Designator: OldDesignator=R131 NewDesignator=R134
Change Component Designator: OldDesignator=R132 NewDesignator=R135
Change Component Designator: OldDesignator=R133 NewDesignator=R136
Change Component Designator: OldDesignator=R134 NewDesignator=R137
Change Component Designator: OldDesignator=R135 NewDesignator=R138
Change Component Designator: OldDesignator=R136 NewDesignator=R139
Change Component Designator: OldDesignator=R137 NewDesignator=R140
Change Component Designator: OldDesignator=R138 NewDesignator=R141
Change Component Designator: OldDesignator=R139 NewDesignator=R142
Change Component Designator: OldDesignator=R140 NewDesignator=R143
Change Component Designator: OldDesignator=R141 NewDesignator=R144
Change Component Designator: OldDesignator=R142 NewDesignator=R145
Change Component Designator: OldDesignator=R143 NewDesignator=R146
Change Component Designator: OldDesignator=R144 NewDesignator=R147
Change Component Designator: OldDesignator=R145 NewDesignator=R148
Change Component Designator: OldDesignator=R146 NewDesignator=R149
Change Component Designator: OldDesignator=R147 NewDesignator=R150
Added Component: Designator=R125(R0805)
Add component (AddParameter): Name = "ASSEMBLY"; Value = "ASSEMBLY"; VariantName = "[No Variations]"
Add component (AddParameter): Name = "DESC"; Value = "DESCRIPTION"; VariantName = "[No Variations]"
Add component (AddParameter): Name = "DIST#"; Value = "MOUSER"; VariantName = "[No Variations]"
Add component (AddParameter): Name = "MANF"; Value = "-"; VariantName = "[No Variations]"
Add component (AddParameter): Name = "MANF_P#"; Value = "-"; VariantName = "[No Variations]"
Add component (AddParameter): Name = "PARAM"; Value = "-W"; VariantName = "[No Variations]"
Add component (AddParameter): Name = "PARAM2"; Value = "1%"; VariantName = "[No Variations]"
Add component (AddParameter): Name = "PRICE"; Value = "100= 0.5$"; VariantName = "[No Variations]"
Add component (AddParameter): Name = "VALUE"; Value = "4.7K"; VariantName = "[No Variations]"
Added Component: Designator=R126(R0805)
Add component (AddParameter): Name = "ASSEMBLY"; Value = "ASSEMBLY"; VariantName = "[No Variations]"
Add component (AddParameter): Name = "DESC"; Value = "DESCRIPTION"; VariantName = "[No Variations]"
Add component (AddParameter): Name = "DIST#"; Value = "MOUSER"; VariantName = "[No Variations]"
Add component (AddParameter): Name = "MANF"; Value = "-"; VariantName = "[No Variations]"
Add component (AddParameter): Name = "MANF_P#"; Value = "-"; VariantName = "[No Variations]"
Add component (AddParameter): Name = "PARAM"; Value = "-W"; VariantName = "[No Variations]"
Add component (AddParameter): Name = "PARAM2"; Value = "1%"; VariantName = "[No Variations]"
Add component (AddParameter): Name = "PRICE"; Value = "100= 0.5$"; VariantName = "[No Variations]"
Add component (AddParameter): Name = "VALUE"; Value = "4.7K"; VariantName = "[No Variations]"
Added Component: Designator=R127(R0805)
Add component (AddParameter): Name = "ASSEMBLY"; Value = "ASSEMBLY"; VariantName = "[No Variations]"
Add component (AddParameter): Name = "DESC"; Value = "DESCRIPTION"; VariantName = "[No Variations]"
Add component (AddParameter): Name = "DIST#"; Value = "MOUSER"; VariantName = "[No Variations]"
Add component (AddParameter): Name = "MANF"; Value = "-"; VariantName = "[No Variations]"
Add component (AddParameter): Name = "MANF_P#"; Value = "-"; VariantName = "[No Variations]"
Add component (AddParameter): Name = "PARAM"; Value = "-W"; VariantName = "[No Variations]"
Add component (AddParameter): Name = "PARAM2"; Value = "1%"; VariantName = "[No Variations]"
Add component (AddParameter): Name = "PRICE"; Value = "100= 0.5$"; VariantName = "[No Variations]"
Add component (AddParameter): Name = "VALUE"; Value = "4.7K"; VariantName = "[No Variations]"
Added Pin To Net: NetName=GND Pin=R125-1
Added Pin To Net: NetName=NetQ11_1 Pin=R125-2
Added Pin To Net: NetName=GND Pin=R126-1
Added Pin To Net: NetName=GND Pin=R127-1
Added Pin To Net: NetName=NetQ11_3 Pin=R127-2
Added Pin To Net: NetName=NetQ11_7 Pin=R131-2
Added Pin To Net: NetName=NetQ11_5 Pin=U10-26
Added Pin To Net: NetName=NetQ11_7 Pin=U10-28
Added Pin To Net: NetName=NetQ11_3 Pin=U10-35
Change Net Name : Old Net Name=NetR133_2 New Net Name=NetR136_2
Change Net Name : Old Net Name=NetR134_2 New Net Name=NetR137_2
Change Net Name : Old Net Name=NetR138_2 New Net Name=NetR141_2
Change Net Name : Old Net Name=NetR139_2 New Net Name=NetR142_2
Change Net Name : Old Net Name=NetR144_1 New Net Name=NetR147_1
Change Net Name : Old Net Name=NetR145_2 New Net Name=NetR148_2
Change Net Name : Old Net Name=NetR147_1 New Net Name=NetR150_1
Change Net Name : Old Net Name=NetR147_2 New Net Name=NetR150_2
Added Pin To Net: NetName=NetJ5_5 Pin=J5-5
Added Pin To Net: NetName=NetJ5_5 Pin=Q11-16
Added Net: Name=NetJ5_5
Added Pin To Net: NetName=NetJ5_6 Pin=J5-6
Added Pin To Net: NetName=NetJ5_6 Pin=Q11-15
Added Net: Name=NetJ5_6
Added Pin To Net: NetName=NetJ5_7 Pin=J5-7
Added Pin To Net: NetName=NetJ5_7 Pin=Q11-14
Added Net: Name=NetJ5_7
Added Pin To Net: NetName=NetJ5_8 Pin=J5-8
Added Pin To Net: NetName=NetJ5_8 Pin=Q11-13
Added Net: Name=NetJ5_8
Added Pin To Net: NetName=NetJ5_9 Pin=J5-9
Added Pin To Net: NetName=NetJ5_9 Pin=Q11-12
Added Net: Name=NetJ5_9
Added Pin To Net: NetName=NetJ5_10 Pin=J5-10
Added Pin To Net: NetName=NetJ5_10 Pin=Q11-11
Added Net: Name=NetJ5_10
Added Pin To Net: NetName=NetQ11_2 Pin=Q11-2
Added Pin To Net: NetName=NetQ11_2 Pin=R126-2
Added Pin To Net: NetName=NetQ11_2 Pin=U10-34
Added Net: Name=NetQ11_2
Added Pin To Net: NetName=NetQ11_4 Pin=Q11-4
Added Pin To Net: NetName=NetQ11_4 Pin=R128-2
Added Pin To Net: NetName=NetQ11_4 Pin=U10-36
Added Net: Name=NetQ11_4
Added Pin To Net: NetName=NetQ11_6 Pin=Q11-6
Added Pin To Net: NetName=NetQ11_6 Pin=R130-2
Added Pin To Net: NetName=NetQ11_6 Pin=U10-27
Added Net: Name=NetQ11_6
Added Pin To Net: NetName=NetQ11_10 Pin=Q11-10
Added Net: Name=NetQ11_10
Added Pin To Net: NetName=NetQ16_13 Pin=Q16-13
Added Pin To Net: NetName=NetQ16_13 Pin=Q16-14
Added Net: Name=NetQ16_13
Added Pin To Net: NetName=NetQ16_15 Pin=Q16-15
Added Pin To Net: NetName=NetQ16_15 Pin=Q16-16
Added Net: Name=NetQ16_15
Added Member To Class: ClassName=U_output_drivers Member=Component R144 4.7K
Added Member To Class: ClassName=U_output_drivers Member=Component R145 4.7K
Added Member To Class: ClassName=U_output_drivers Member=Component R146 4.7K
