Removed Member From Class: ClassName=U_power Member=U8
Removed Member From Class: ClassName=U_etb_driver Member=U11
Added Component: Designator=U?(DPAK_3)
Add component (AddParameter): Name = "ASSEMBLY"; Value = ""; VariantName = "[No Variations]"
Add component (AddParameter): Name = "DESC"; Value = ""; VariantName = "[No Variations]"
Add component (AddParameter): Name = "MANF"; Value = "TI, ON, ST"; VariantName = "[No Variations]"
Add component (AddParameter): Name = "MANF_P#"; Value = "LM1117, LD1117, NCV1117"; VariantName = "[No Variations]"
Add component (AddParameter): Name = "PARAM"; Value = "LDO1V, 0.8A"; VariantName = "[No Variations]"
Add component (AddParameter): Name = "PARAM2"; Value = "1.2/1.5/1.8/2.5/2.85/3.3/5V"; VariantName = "[No Variations]"
Add component (AddParameter): Name = "PRICE"; Value = ""; VariantName = "[No Variations]"
Add component (AddParameter): Name = "VALUE"; Value = "LD1117"; VariantName = "[No Variations]"
Added Pin To Net: NetName=GND Pin=U?-1
Add Pin To Net: Unknown Pin: Pin U?-2
Added Pin To Net: NetName=NetC7_2 Pin=U?-3
Added Pin To Net: NetName=3.3V Pin=U?-4
Added Member To Class: ClassName=U_power Member=Component U5 L78M05CDT
Added Member To Class: ClassName=U_power Member=Component U7 LD1086V33
Added Member To Class: ClassName=U_etb_driver Member=Component U9 TLE72093RAUMA1
Added Member To Class: ClassName=U_brain Member=Component U10 TLV9064IPWR
Added Member To Class: ClassName=U_brain Member=Component U12 TLV9064IPWR
Added Member To Class: ClassName=U_output_drivers Member=Component U15 TC4427
Added Member To Class: ClassName=U_power Member=Component U? LD1117
