Removed Pin From Net: NetName=NetF2_1 Pin=J2-1
Removed Pin From Net: NetName=NetF2_1 Pin=J2-2
Removed Pin From Net: NetName=GND Pin=J2-3
Removed Pin From Net: NetName=GND Pin=J2-4
Removed Pin From Net: NetName=GND Pin=J2-5
Removed Pin From Net: NetName=GNDA Pin=J2-6
Removed Pin From Net: NetName=GNDA Pin=J2-7
Removed Pin From Net: NetName=GNDA Pin=J2-8
Removed Pin From Net: NetName=GNDA Pin=J2-9
Removed Pin From Net: NetName=GNDA Pin=J2-10
Removed Pin From Net: NetName=5VA Pin=J5-11
Removed Pin From Net: NetName=5VA Pin=J5-12
Removed Pin From Net: NetName=5VA Pin=J5-13
Removed Pin From Net: NetName=GND Pin=J5-14
Removed Pin From Net: NetName=GND Pin=J5-15
Removed Pin From Net: NetName=GND Pin=J5-16
Removed Member From Class: ClassName=mainboard Member=J2
Added Component: Designator=J?(MSTB_3)
Add component (AddParameter): Name = "ASSEMBLY"; Value = ""; VariantName = "[No Variations]"
Add component (AddParameter): Name = "DESC"; Value = ""; VariantName = "[No Variations]"
Add component (AddParameter): Name = "DIST#"; Value = ""; VariantName = "[No Variations]"
Add component (AddParameter): Name = "MANF"; Value = ""; VariantName = "[No Variations]"
Add component (AddParameter): Name = "MANF_P#"; Value = ""; VariantName = "[No Variations]"
Add component (AddParameter): Name = "PARAM"; Value = "12A"; VariantName = "[No Variations]"
Add component (AddParameter): Name = "PARAM2"; Value = "320V"; VariantName = "[No Variations]"
Add component (AddParameter): Name = "PRICE"; Value = ""; VariantName = "[No Variations]"
Add component (AddParameter): Name = "VALUE"; Value = "CONN_TB3"; VariantName = "[No Variations]"
Added Component: Designator=J?(MSTB_5)
Add component (AddParameter): Name = "ASSEMBLY"; Value = ""; VariantName = "[No Variations]"
Add component (AddParameter): Name = "DESC"; Value = ""; VariantName = "[No Variations]"
Add component (AddParameter): Name = "DIST#"; Value = ""; VariantName = "[No Variations]"
Add component (AddParameter): Name = "MANF"; Value = ""; VariantName = "[No Variations]"
Add component (AddParameter): Name = "MANF_P#"; Value = ""; VariantName = "[No Variations]"
Add component (AddParameter): Name = "PARAM"; Value = "12A"; VariantName = "[No Variations]"
Add component (AddParameter): Name = "PARAM2"; Value = "320V"; VariantName = "[No Variations]"
Add component (AddParameter): Name = "PRICE"; Value = ""; VariantName = "[No Variations]"
Add component (AddParameter): Name = "VALUE"; Value = "CONN_TB5"; VariantName = "[No Variations]"
Added Pin To Net: NetName=GND Pin=J?-1
Added Pin To Net: NetName=GND Pin=J?-1
Added Pin To Net: NetName=GND Pin=J?-2
Added Pin To Net: NetName=GND Pin=J?-3
Added Pin To Net: NetName=NetF2_1 Pin=J?-4
Added Pin To Net: NetName=NetF2_1 Pin=J?-5
Added Pin To Net: NetName=NetJ?_2 Pin=J?-2
Added Pin To Net: NetName=NetJ?_2 Pin=R118-2
Added Net: Name=NetJ?_2
Added Pin To Net: NetName=NetJ?_3 Pin=J?-3
Added Pin To Net: NetName=NetJ?_3 Pin=R102-2
Added Net: Name=NetJ?_3
Added Member To Class: ClassName=mainboard Member=Component J? CONN_TB3
Added Member To Class: ClassName=mainboard Member=Component J? CONN_TB5
