Removed Pin From Net: NetName=5VA Pin=J1-1
Removed Pin From Net: NetName=5VA Pin=J1-2
Removed Pin From Net: NetName=5VA Pin=J1-3
Change Component Designator: OldDesignator=J8 NewDesignator=J9
Change Component Designator: OldDesignator=J? NewDesignator=J1
Change Component Designator: OldDesignator=J? NewDesignator=J4
Added Pin To Net: NetName=GNDA Pin=J1-1
Added Pin To Net: NetName=GNDA Pin=J1-2
Added Pin To Net: NetName=GNDA Pin=J1-3
Added Pin To Net: NetName=GNDA Pin=J9-3
Added Pin To Net: NetName=GNDA Pin=J9-4
Change Net Name : Old Net Name=NetJ?_2 New Net Name=NetJ4_2
Change Net Name : Old Net Name=NetJ?_3 New Net Name=NetJ4_3
Added Pin To Net: NetName=NetJ6_1 Pin=J6-1
Added Pin To Net: NetName=NetJ6_1 Pin=R77-2
Added Pin To Net: NetName=NetJ6_1 Pin=R79-1
Added Net: Name=NetJ6_1
Added Pin To Net: NetName=NetJ6_2 Pin=J6-2
Added Pin To Net: NetName=NetJ6_2 Pin=R73-2
Added Pin To Net: NetName=NetJ6_2 Pin=R75-1
Added Net: Name=NetJ6_2
Added Pin To Net: NetName=NetJ6_3 Pin=J6-3
Added Pin To Net: NetName=NetJ6_3 Pin=R69-2
Added Pin To Net: NetName=NetJ6_3 Pin=R71-1
Added Net: Name=NetJ6_3
Added Pin To Net: NetName=NetJ6_4 Pin=J6-4
Added Pin To Net: NetName=NetJ6_4 Pin=R60-2
Added Pin To Net: NetName=NetJ6_4 Pin=R65-1
Added Net: Name=NetJ6_4
Added Pin To Net: NetName=NetJ6_5 Pin=J6-5
Added Pin To Net: NetName=NetJ6_5 Pin=R54-2
Added Pin To Net: NetName=NetJ6_5 Pin=R56-1
Added Net: Name=NetJ6_5
Added Pin To Net: NetName=NetJ6_6 Pin=J6-6
Added Pin To Net: NetName=NetJ6_6 Pin=R49-2
Added Pin To Net: NetName=NetJ6_6 Pin=R52-1
Added Net: Name=NetJ6_6
Added Pin To Net: NetName=NetJ6_7 Pin=J6-7
Added Pin To Net: NetName=NetJ6_7 Pin=R43-2
Added Pin To Net: NetName=NetJ6_7 Pin=R45-1
Added Net: Name=NetJ6_7
Added Pin To Net: NetName=NetJ6_8 Pin=J6-8
Added Pin To Net: NetName=NetJ6_8 Pin=R38-2
Added Pin To Net: NetName=NetJ6_8 Pin=R40-1
Added Net: Name=NetJ6_8
Added Pin To Net: NetName=NetJ6_9 Pin=J6-9
Added Pin To Net: NetName=NetJ6_9 Pin=R34-2
Added Pin To Net: NetName=NetJ6_9 Pin=R36-1
Added Net: Name=NetJ6_9
Added Pin To Net: NetName=NetJ6_10 Pin=J6-10
Added Pin To Net: NetName=NetJ6_10 Pin=R30-2
Added Pin To Net: NetName=NetJ6_10 Pin=R32-1
Added Net: Name=NetJ6_10
Add Net: Net with name "NetJ9_1" already exists
Add Net: Net with name "NetJ9_2" already exists
Added Pin To Net: NetName=NetJ9_5 Pin=J9-5
Added Pin To Net: NetName=NetJ9_5 Pin=R85-2
Added Pin To Net: NetName=NetJ9_5 Pin=R87-1
Added Net: Name=NetJ9_5
Added Pin To Net: NetName=NetJ9_6 Pin=J9-6
Added Pin To Net: NetName=NetJ9_6 Pin=R81-2
Added Pin To Net: NetName=NetJ9_6 Pin=R83-1
Added Net: Name=NetJ9_6
Added Member To Class: ClassName=mainboard Member=Component J1 (J2) CONN_TB5
Added Member To Class: ClassName=mainboard Member=Component J5 CONN_TB4
