Removed Pin From Net: NetName=NetD1_1 Pin=J2-5
Removed Pin From Net: NetName=NetD2_1 Pin=J2-6
Removed Pin From Net: NetName=NetD3_1 Pin=J2-7
Removed Pin From Net: NetName=NetD4_1 Pin=J2-8
Removed Pin From Net: NetName=NetD23_1 Pin=J6-4
Removed Pin From Net: NetName=NetD24_1 Pin=J6-5
Removed Pin From Net: NetName=NetD25_1 Pin=J6-6
Removed Pin From Net: NetName=NetD26_1 Pin=J6-7
Removed Member From Class: ClassName=mainboard Member=J2
Removed Member From Class: ClassName=mainboard Member=J4
Removed Member From Class: ClassName=mainboard Member=J6
Added Component: Designator=J?(MSTB_4)
Add component (AddParameter): Name = "ASSEMBLY"; Value = ""; VariantName = "[No Variations]"
Add component (AddParameter): Name = "DESC"; Value = ""; VariantName = "[No Variations]"
Add component (AddParameter): Name = "DIST#"; Value = ""; VariantName = "[No Variations]"
Add component (AddParameter): Name = "MANF"; Value = ""; VariantName = "[No Variations]"
Add component (AddParameter): Name = "MANF_P#"; Value = ""; VariantName = "[No Variations]"
Add component (AddParameter): Name = "PARAM"; Value = "12A"; VariantName = "[No Variations]"
Add component (AddParameter): Name = "PARAM2"; Value = "320V"; VariantName = "[No Variations]"
Add component (AddParameter): Name = "PRICE"; Value = ""; VariantName = "[No Variations]"
Add component (AddParameter): Name = "VALUE"; Value = "CONN_TB4"; VariantName = "[No Variations]"
Added Component: Designator=J?(MSTB_9)
Add component (AddParameter): Name = "ASSEMBLY"; Value = ""; VariantName = "[No Variations]"
Add component (AddParameter): Name = "DESC"; Value = ""; VariantName = "[No Variations]"
Add component (AddParameter): Name = "DIST#"; Value = ""; VariantName = "[No Variations]"
Add component (AddParameter): Name = "MANF"; Value = ""; VariantName = "[No Variations]"
Add component (AddParameter): Name = "MANF_P#"; Value = ""; VariantName = "[No Variations]"
Add component (AddParameter): Name = "PARAM"; Value = "12A"; VariantName = "[No Variations]"
Add component (AddParameter): Name = "PARAM2"; Value = "320V"; VariantName = "[No Variations]"
Add component (AddParameter): Name = "PRICE"; Value = ""; VariantName = "[No Variations]"
Add component (AddParameter): Name = "VALUE"; Value = "CONN_TB9"; VariantName = "[No Variations]"
Added Component: Designator=J?(MSTB_8)
Add component (AddParameter): Name = "ASSEMBLY"; Value = ""; VariantName = "[No Variations]"
Add component (AddParameter): Name = "DESC"; Value = ""; VariantName = "[No Variations]"
Add component (AddParameter): Name = "DIST#"; Value = ""; VariantName = "[No Variations]"
Add component (AddParameter): Name = "MANF"; Value = ""; VariantName = "[No Variations]"
Add component (AddParameter): Name = "MANF_P#"; Value = ""; VariantName = "[No Variations]"
Add component (AddParameter): Name = "PARAM"; Value = "12A"; VariantName = "[No Variations]"
Add component (AddParameter): Name = "PARAM2"; Value = "320V"; VariantName = "[No Variations]"
Add component (AddParameter): Name = "PRICE"; Value = ""; VariantName = "[No Variations]"
Add component (AddParameter): Name = "VALUE"; Value = "CONN_TB8"; VariantName = "[No Variations]"
Added Component: Designator=J?(MSTB_2)
Add component (AddParameter): Name = "ASSEMBLY"; Value = ""; VariantName = "[No Variations]"
Add component (AddParameter): Name = "DESC"; Value = ""; VariantName = "[No Variations]"
Add component (AddParameter): Name = "DIST#"; Value = ""; VariantName = "[No Variations]"
Add component (AddParameter): Name = "MANF"; Value = ""; VariantName = "[No Variations]"
Add component (AddParameter): Name = "MANF_P#"; Value = ""; VariantName = "[No Variations]"
Add component (AddParameter): Name = "PARAM"; Value = "12A"; VariantName = "[No Variations]"
Add component (AddParameter): Name = "PARAM2"; Value = "320V"; VariantName = "[No Variations]"
Add component (AddParameter): Name = "PRICE"; Value = ""; VariantName = "[No Variations]"
Add component (AddParameter): Name = "VALUE"; Value = "CONN_TB2"; VariantName = "[No Variations]"
Added Pin To Net: NetName=NetD23_1 Pin=J?-4
Added Pin To Net: NetName=NetD1_1 Pin=J?-5
Added Pin To Net: NetName=NetD24_1 Pin=J?-5
Added Pin To Net: NetName=NetD2_1 Pin=J?-6
Added Pin To Net: NetName=NetD25_1 Pin=J?-6
Added Pin To Net: NetName=NetD3_1 Pin=J?-7
Added Pin To Net: NetName=NetD26_1 Pin=J?-7
Added Pin To Net: NetName=NetD4_1 Pin=J?-8
Add Pin To Net: Unknown Pin: Pin U5-2
Add Pin To Net: Unknown Pin: Pin U6-2
Add Net: Net with name "NetJ?_1" already exists
Add Net: Net with name "NetJ?_1" already exists
Add Net: Net with name "NetJ?_1" already exists
Add Net: Net with name "NetJ?_1" already exists
Add Net: Net with name "NetJ?_1" already exists
Add Net: Net with name "NetJ?_1" already exists
Add Net: Net with name "NetJ?_1" already exists
Add Net: Net with name "NetJ?_2" already exists
Add Net: Net with name "NetJ?_2" already exists
Add Net: Net with name "NetJ?_2" already exists
Add Net: Net with name "NetJ?_2" already exists
Add Net: Net with name "NetJ?_2" already exists
Add Net: Net with name "NetJ?_2" already exists
Add Net: Net with name "NetJ?_2" already exists
Add Net: Net with name "NetJ?_3" already exists
Add Net: Net with name "NetJ?_3" already exists
Add Net: Net with name "NetJ?_3" already exists
Add Net: Net with name "NetJ?_3" already exists
Add Net: Net with name "NetJ?_4" already exists
Add Net: Net with name "NetJ?_4" already exists
Add Net: Net with name "NetJ?_4" already exists
Add Net: Net with name "NetJ?_8" already exists
Added Pin To Net: NetName=NetJ?_9 Pin=J?-9
Added Pin To Net: NetName=NetJ?_9 Pin=Q16-13
Added Pin To Net: NetName=NetJ?_9 Pin=Q16-14
Added Net: Name=NetJ?_9
Added Member To Class: ClassName=mainboard Member=Component J? CONN_TB4
Added Member To Class: ClassName=mainboard Member=Component J? CONN_TB9
Added Member To Class: ClassName=mainboard Member=Component J? CONN_TB3
Added Member To Class: ClassName=mainboard Member=Component J? CONN_TB2
Added Member To Class: ClassName=mainboard Member=Component J? CONN_TB8
Added Member To Class: ClassName=mainboard Member=Component J? CONN_TB4
Added Member To Class: ClassName=mainboard Member=Component J? CONN_TB8
