Change Component Designator: OldDesignator=J7 NewDesignator=J8
Change Component Designator: OldDesignator=J8 NewDesignator=J9
Added Component: Designator=J7(PH_3)
Add component (AddParameter): Name = "ASSEMBLY"; Value = ""; VariantName = "[No Variations]"
Add component (AddParameter): Name = "DESC"; Value = ""; VariantName = "[No Variations]"
Add component (AddParameter): Name = "DIST#"; Value = ""; VariantName = "[No Variations]"
Add component (AddParameter): Name = "MANF"; Value = "JST"; VariantName = "[No Variations]"
Add component (AddParameter): Name = "MANF_P#"; Value = "B3B-PH"; VariantName = "[No Variations]"
Add component (AddParameter): Name = "PARAM"; Value = "2.0A"; VariantName = "[No Variations]"
Add component (AddParameter): Name = "PARAM2"; Value = "100v"; VariantName = "[No Variations]"
Add component (AddParameter): Name = "PRICE"; Value = ""; VariantName = "[No Variations]"
Add component (AddParameter): Name = "VALUE"; Value = "PH_3"; VariantName = "[No Variations]"
Added Pin To Net: NetName=GNDA Pin=J7-1
Added Pin To Net: NetName=NetJ7_2 Pin=J7-2
Added Pin To Net: NetName=NetJ7_2 Pin=R89-2
Added Pin To Net: NetName=NetJ7_2 Pin=R91-1
Added Net: Name=NetJ7_2
Added Pin To Net: NetName=NetJ7_3 Pin=J7-3
Added Pin To Net: NetName=NetJ7_3 Pin=R85-2
Added Pin To Net: NetName=NetJ7_3 Pin=R87-1
Added Net: Name=NetJ7_3
Added Member To Class: ClassName=mainboard Member=Component J7 PH_3
