Removed Pin From Net: NetName=NetD23_1 Pin=J5-7
Removed Pin From Net: NetName=NetD24_1 Pin=J5-8
Removed Pin From Net: NetName=NetD25_1 Pin=J5-9
Removed Pin From Net: NetName=NetD22_1 Pin=J5-10
Removed Member From Class: ClassName=mainboard Member=J5
Added Component: Designator=J?(MSTB_10)
Add component (AddParameter): Name = "ASSEMBLY"; Value = ""; VariantName = "[No Variations]"
Add component (AddParameter): Name = "DESC"; Value = ""; VariantName = "[No Variations]"
Add component (AddParameter): Name = "DIST#"; Value = ""; VariantName = "[No Variations]"
Add component (AddParameter): Name = "MANF"; Value = ""; VariantName = "[No Variations]"
Add component (AddParameter): Name = "MANF_P#"; Value = ""; VariantName = "[No Variations]"
Add component (AddParameter): Name = "PARAM"; Value = "12A"; VariantName = "[No Variations]"
Add component (AddParameter): Name = "PARAM2"; Value = "320V"; VariantName = "[No Variations]"
Add component (AddParameter): Name = "PRICE"; Value = ""; VariantName = "[No Variations]"
Add component (AddParameter): Name = "VALUE"; Value = "CONN_TB10"; VariantName = "[No Variations]"
Added Pin To Net: NetName=NetD25_1 Pin=J?-1
Added Pin To Net: NetName=NetD24_1 Pin=J?-2
Added Pin To Net: NetName=NetD23_1 Pin=J?-3
Added Pin To Net: NetName=NetD22_1 Pin=J?-4
Added Pin To Net: NetName=NetJ?_5 Pin=J?-5
Added Pin To Net: NetName=NetJ?_5 Pin=Q11-10
Added Net: Name=NetJ?_5
Added Pin To Net: NetName=NetJ?_6 Pin=J?-6
Added Pin To Net: NetName=NetJ?_6 Pin=Q11-11
Added Pin To Net: NetName=NetJ?_6 Pin=Q11-12
Added Net: Name=NetJ?_6
Added Pin To Net: NetName=NetJ?_7 Pin=J?-7
Added Pin To Net: NetName=NetJ?_7 Pin=Q11-13
Added Pin To Net: NetName=NetJ?_7 Pin=Q11-14
Added Net: Name=NetJ?_7
Added Pin To Net: NetName=NetJ?_8 Pin=J?-8
Added Pin To Net: NetName=NetJ?_8 Pin=Q11-15
Added Pin To Net: NetName=NetJ?_8 Pin=Q11-16
Added Net: Name=NetJ?_8
Added Pin To Net: NetName=NetJ?_9 Pin=J?-9
Added Pin To Net: NetName=NetJ?_9 Pin=Q16-13
Added Pin To Net: NetName=NetJ?_9 Pin=Q16-14
Added Net: Name=NetJ?_9
Added Pin To Net: NetName=NetJ?_10 Pin=J?-10
Added Pin To Net: NetName=NetJ?_10 Pin=Q16-15
Added Pin To Net: NetName=NetJ?_10 Pin=Q16-16
Added Net: Name=NetJ?_10
Added Member To Class: ClassName=mainboard Member=Component J? CONN_TB10
