Removed Pin From Net: NetName=GND Pin=C11-1
Removed Pin From Net: NetName=GND Pin=C12-1
Removed Pin From Net: NetName=GND Pin=C17-1
Removed Pin From Net: NetName=GND Pin=C18-1
Removed Pin From Net: NetName=GND Pin=C24-1
Removed Pin From Net: NetName=GND Pin=C30-1
Removed Pin From Net: NetName=GND Pin=C31-1
Removed Pin From Net: NetName=GND Pin=C32-1
Removed Pin From Net: NetName=GND Pin=C33-1
Removed Pin From Net: NetName=GND Pin=C36-1
Removed Pin From Net: NetName=GND Pin=C39-1
Removed Pin From Net: NetName=GND Pin=C40-1
Removed Pin From Net: NetName=GND Pin=C41-1
Removed Pin From Net: NetName=GND Pin=C42-1
Removed Pin From Net: NetName=GND Pin=C43-1
Removed Pin From Net: NetName=GND Pin=C44-1
Removed Pin From Net: NetName=GND Pin=C45-1
Removed Pin From Net: NetName=GND Pin=C46-1
Removed Pin From Net: NetName=GND Pin=C47-1
Removed Pin From Net: NetName=GND Pin=C48-1
Removed Pin From Net: NetName=GND Pin=C49-1
Removed Pin From Net: NetName=GND Pin=C57-1
Removed Pin From Net: NetName=GND Pin=D17-2
Removed Pin From Net: NetName=GND Pin=D18-2
Removed Pin From Net: NetName=GND Pin=D20-1
Removed Pin From Net: NetName=GND Pin=J2-6
Removed Pin From Net: NetName=GND Pin=J2-7
Removed Pin From Net: NetName=GND Pin=J2-8
Removed Pin From Net: NetName=GND Pin=J2-9
Removed Pin From Net: NetName=GND Pin=J2-10
Removed Pin From Net: NetName=GND Pin=J4-3
Removed Pin From Net: NetName=GND Pin=NT1-2
Removed Pin From Net: NetName=GND Pin=R32-2
Removed Pin From Net: NetName=GND Pin=R33-2
Removed Pin From Net: NetName=GND Pin=R36-2
Removed Pin From Net: NetName=GND Pin=R37-2
Removed Pin From Net: NetName=GND Pin=R40-2
Removed Pin From Net: NetName=GND Pin=R42-2
Removed Pin From Net: NetName=GND Pin=R45-2
Removed Pin From Net: NetName=GND Pin=R47-2
Removed Pin From Net: NetName=GND Pin=R52-2
Removed Pin From Net: NetName=GND Pin=R53-2
Removed Pin From Net: NetName=GND Pin=R56-2
Removed Pin From Net: NetName=GND Pin=R57-2
Removed Pin From Net: NetName=GND Pin=R65-2
Removed Pin From Net: NetName=GND Pin=R66-2
Removed Pin From Net: NetName=GND Pin=R68-1
Removed Pin From Net: NetName=GND Pin=R71-2
Removed Pin From Net: NetName=GND Pin=R72-2
Removed Pin From Net: NetName=GND Pin=R75-2
Removed Pin From Net: NetName=GND Pin=R76-2
Removed Pin From Net: NetName=GND Pin=R79-2
Removed Pin From Net: NetName=GND Pin=R80-2
Removed Pin From Net: NetName=GND Pin=R83-2
Removed Pin From Net: NetName=GND Pin=R84-2
Removed Pin From Net: NetName=GND Pin=R87-2
Removed Pin From Net: NetName=GND Pin=R88-2
Removed Pin From Net: NetName=GND Pin=R142-1
Removed Pin From Net: NetName=GND Pin=U9-11
Removed Pin From Net: NetName=GND Pin=U10-13
Removed Pin From Net: NetName=GND Pin=U11-11
Removed Pin From Net: NetName=GND Pin=U12-11
Removed Pin From Net: NetName=GND Pin=U16-5
Removed Pin From Net: NetName=GND Pin=U16-6
Removed Member From Class: ClassName=mainboard Member=J4
Removed Member From Class: ClassName=mainboard Member=J10
Change Component Footprint: Designator=J8 Old Footprint=MSTB_4 New Footprint=MSTB_6
Change Component Footprint: Designator=J6 Old Footprint=MSTB_8 New Footprint=MSTB_10
Change Component Comment : Designator=J8 Old Comment=CONN_TB4 New Comment=CONN_TB6
Change Component Comment : Designator=J6 Old Comment=CONN_TB8 New Comment=CONN_TB10
Change component parameters: Designator = "J6" ("J6"); Footprint = "MSTB_8"; UniqueID = "\DAXOBOEV" ("\DAXOBOEV")
Change component parameters (AddParameter): Name = "ASSEMBLY"; Value = ""; VariantName = "[No Variations]"
Change component parameters (AddParameter): Name = "DESC"; Value = ""; VariantName = "[No Variations]"
Change component parameters (AddParameter): Name = "DIST#"; Value = ""; VariantName = "[No Variations]"
Change component parameters (AddParameter): Name = "MANF"; Value = ""; VariantName = "[No Variations]"
Change component parameters (AddParameter): Name = "MANF_P#"; Value = ""; VariantName = "[No Variations]"
Change component parameters (AddParameter): Name = "PARAM"; Value = "12A"; VariantName = "[No Variations]"
Change component parameters (AddParameter): Name = "PARAM2"; Value = "320V"; VariantName = "[No Variations]"
Change component parameters (AddParameter): Name = "PRICE"; Value = ""; VariantName = "[No Variations]"
Change component parameters (AddParameter): Name = "VALUE"; Value = "CONN_TB10"; VariantName = "[No Variations]"
Change component parameters: Designator = "J8" ("J8"); Footprint = "MSTB_4"; UniqueID = "\KKZAAYRP" ("\KKZAAYRP")
Change component parameters (AddParameter): Name = "ASSEMBLY"; Value = ""; VariantName = "[No Variations]"
Change component parameters (AddParameter): Name = "DESC"; Value = ""; VariantName = "[No Variations]"
Change component parameters (AddParameter): Name = "DIST#"; Value = ""; VariantName = "[No Variations]"
Change component parameters (AddParameter): Name = "MANF"; Value = ""; VariantName = "[No Variations]"
Change component parameters (AddParameter): Name = "MANF_P#"; Value = ""; VariantName = "[No Variations]"
Change component parameters (AddParameter): Name = "PARAM"; Value = "12A"; VariantName = "[No Variations]"
Change component parameters (AddParameter): Name = "PARAM2"; Value = "320V"; VariantName = "[No Variations]"
Change component parameters (AddParameter): Name = "PRICE"; Value = ""; VariantName = "[No Variations]"
Change component parameters (AddParameter): Name = "VALUE"; Value = "CONN_TB6"; VariantName = "[No Variations]"
Added Component: Designator=J5(ATXPWR_20_R)
Add component (AddParameter): Name = "MANF"; Value = "Molex"; VariantName = "[No Variations]"
Add component (AddParameter): Name = "MANF_P#"; Value = "39291207, 39291208, 39295203"; VariantName = "[No Variations]"
Add component (AddParameter): Name = "VALUE"; Value = "CONN_ATXPWR_20P"; VariantName = "[No Variations]"
Added Pin To Net: NetName=5VA Pin=J5-11
Added Pin To Net: NetName=5VA Pin=J5-12
Added Pin To Net: NetName=5VA Pin=J5-13
Added Pin To Net: NetName=GND Pin=J5-14
Added Pin To Net: NetName=GND Pin=J5-15
Added Pin To Net: NetName=GND Pin=J5-16
Added Pin To Net: NetName=+EGT Pin=J5-10
Added Net: Name=+EGT
Added Pin To Net: NetName=-EGT Pin=J5-9
Added Net: Name=-EGT
Added Pin To Net: NetName=ANALOG-INPUT-1 Pin=J5-17
Added Net: Name=ANALOG-INPUT-1
Added Pin To Net: NetName=ANALOG-INPUT-2 Pin=J5-18
Added Net: Name=ANALOG-INPUT-2
Added Pin To Net: NetName=ANALOG-INPUT-3 Pin=J5-19
Added Net: Name=ANALOG-INPUT-3
Added Pin To Net: NetName=ANALOG-INPUT-4 Pin=J5-20
Added Net: Name=ANALOG-INPUT-4
Added Pin To Net: NetName=CLT-SENSOR Pin=J5-7
Added Net: Name=CLT-SENSOR
Added Pin To Net: NetName=ETB-1-SENSOR-1 Pin=J5-1
Added Net: Name=ETB-1-SENSOR-1
Added Pin To Net: NetName=ETB-1-SENSOR-2 Pin=J5-2
Added Net: Name=ETB-1-SENSOR-2
Added Pin To Net: NetName=ETB-2-SENSOR-1 Pin=J5-3
Added Net: Name=ETB-2-SENSOR-1
Added Pin To Net: NetName=ETB-2-SENSOR-2 Pin=J5-4
Added Net: Name=ETB-2-SENSOR-2
Added Pin To Net: NetName=GNDA Pin=C11-1
Added Pin To Net: NetName=GNDA Pin=C12-1
Added Pin To Net: NetName=GNDA Pin=C17-1
Added Pin To Net: NetName=GNDA Pin=C18-1
Added Pin To Net: NetName=GNDA Pin=C24-1
Added Pin To Net: NetName=GNDA Pin=C30-1
Added Pin To Net: NetName=GNDA Pin=C31-1
Added Pin To Net: NetName=GNDA Pin=C32-1
Added Pin To Net: NetName=GNDA Pin=C33-1
Added Pin To Net: NetName=GNDA Pin=C36-1
Added Pin To Net: NetName=GNDA Pin=C39-1
Added Pin To Net: NetName=GNDA Pin=C40-1
Added Pin To Net: NetName=GNDA Pin=C41-1
Added Pin To Net: NetName=GNDA Pin=C42-1
Added Pin To Net: NetName=GNDA Pin=C43-1
Added Pin To Net: NetName=GNDA Pin=C44-1
Added Pin To Net: NetName=GNDA Pin=C45-1
Added Pin To Net: NetName=GNDA Pin=C46-1
Added Pin To Net: NetName=GNDA Pin=C47-1
Added Pin To Net: NetName=GNDA Pin=C48-1
Added Pin To Net: NetName=GNDA Pin=C49-1
Added Pin To Net: NetName=GNDA Pin=C57-1
Added Pin To Net: NetName=GNDA Pin=D17-2
Added Pin To Net: NetName=GNDA Pin=D18-2
Added Pin To Net: NetName=GNDA Pin=D20-1
Added Pin To Net: NetName=GNDA Pin=J2-6
Added Pin To Net: NetName=GNDA Pin=J2-7
Added Pin To Net: NetName=GNDA Pin=J2-8
Added Pin To Net: NetName=GNDA Pin=J2-9
Added Pin To Net: NetName=GNDA Pin=J2-10
Added Pin To Net: NetName=GNDA Pin=NT1-2
Added Pin To Net: NetName=GNDA Pin=R32-2
Added Pin To Net: NetName=GNDA Pin=R33-2
Added Pin To Net: NetName=GNDA Pin=R36-2
Added Pin To Net: NetName=GNDA Pin=R37-2
Added Pin To Net: NetName=GNDA Pin=R40-2
Added Pin To Net: NetName=GNDA Pin=R42-2
Added Pin To Net: NetName=GNDA Pin=R45-2
Added Pin To Net: NetName=GNDA Pin=R47-2
Added Pin To Net: NetName=GNDA Pin=R52-2
Added Pin To Net: NetName=GNDA Pin=R53-2
Added Pin To Net: NetName=GNDA Pin=R56-2
Added Pin To Net: NetName=GNDA Pin=R57-2
Added Pin To Net: NetName=GNDA Pin=R65-2
Added Pin To Net: NetName=GNDA Pin=R66-2
Added Pin To Net: NetName=GNDA Pin=R68-1
Added Pin To Net: NetName=GNDA Pin=R71-2
Added Pin To Net: NetName=GNDA Pin=R72-2
Added Pin To Net: NetName=GNDA Pin=R75-2
Added Pin To Net: NetName=GNDA Pin=R76-2
Added Pin To Net: NetName=GNDA Pin=R79-2
Added Pin To Net: NetName=GNDA Pin=R80-2
Added Pin To Net: NetName=GNDA Pin=R83-2
Added Pin To Net: NetName=GNDA Pin=R84-2
Added Pin To Net: NetName=GNDA Pin=R87-2
Added Pin To Net: NetName=GNDA Pin=R88-2
Added Pin To Net: NetName=GNDA Pin=R142-1
Added Pin To Net: NetName=GNDA Pin=U9-11
Added Pin To Net: NetName=GNDA Pin=U10-13
Added Pin To Net: NetName=GNDA Pin=U11-11
Added Pin To Net: NetName=GNDA Pin=U12-11
Added Pin To Net: NetName=GNDA Pin=U16-5
Added Pin To Net: NetName=GNDA Pin=U16-6
Added Net: Name=GNDA
Added Pin To Net: NetName=IAT-SENSOR Pin=J5-6
Added Net: Name=IAT-SENSOR
Added Pin To Net: NetName=MAP-SENSOR Pin=J5-5
Added Net: Name=MAP-SENSOR
Added Pin To Net: NetName=NetR30_2 Pin=R30-2
Added Pin To Net: NetName=NetR30_2 Pin=R32-1
Added Net: Name=NetR30_2
Added Pin To Net: NetName=NetR34_2 Pin=R34-2
Added Pin To Net: NetName=NetR34_2 Pin=R36-1
Added Net: Name=NetR34_2
Added Pin To Net: NetName=NetR38_2 Pin=R38-2
Added Pin To Net: NetName=NetR38_2 Pin=R40-1
Added Net: Name=NetR38_2
Added Pin To Net: NetName=NetR43_2 Pin=R43-2
Added Pin To Net: NetName=NetR43_2 Pin=R45-1
Added Net: Name=NetR43_2
Added Pin To Net: NetName=NetR49_2 Pin=R49-2
Added Pin To Net: NetName=NetR49_2 Pin=R52-1
Added Net: Name=NetR49_2
Added Pin To Net: NetName=NetR54_2 Pin=R54-2
Added Pin To Net: NetName=NetR54_2 Pin=R56-1
Added Net: Name=NetR54_2
Added Pin To Net: NetName=NetR60_2 Pin=R60-2
Added Pin To Net: NetName=NetR60_2 Pin=R65-1
Added Net: Name=NetR60_2
Added Pin To Net: NetName=NetR69_2 Pin=R69-2
Added Pin To Net: NetName=NetR69_2 Pin=R71-1
Added Net: Name=NetR69_2
Added Pin To Net: NetName=NetR73_2 Pin=R73-2
Added Pin To Net: NetName=NetR73_2 Pin=R75-1
Added Net: Name=NetR73_2
Added Pin To Net: NetName=NetR77_2 Pin=R77-2
Added Pin To Net: NetName=NetR77_2 Pin=R79-1
Added Net: Name=NetR77_2
Added Pin To Net: NetName=NetR81_2 Pin=R81-2
Added Pin To Net: NetName=NetR81_2 Pin=R83-1
Added Net: Name=NetR81_2
Added Pin To Net: NetName=NetR85_2 Pin=R85-2
Added Pin To Net: NetName=NetR85_2 Pin=R87-1
Added Net: Name=NetR85_2
Added Pin To Net: NetName=NetR102_2 Pin=R102-2
Added Net: Name=NetR102_2
Added Pin To Net: NetName=NetR118_2 Pin=R118-2
Added Net: Name=NetR118_2
Added Pin To Net: NetName=NetR140_2 Pin=R140-2
Added Net: Name=NetR140_2
Added Pin To Net: NetName=NetR141_1 Pin=R141-1
Added Net: Name=NetR141_1
Added Pin To Net: NetName=OIL-SENSOR Pin=J5-8
Added Net: Name=OIL-SENSOR
Added Member To Class: ClassName=mainboard Member=Component J5 CONN_ATXPWR_20P
Added Rule: Name=Schematic Supply Nets_6
