Removed Pin From Net: NetName=3.3V Pin=U7-2
Removed Pin From Net: NetName=3.3VA Pin=U12-12
Removed Pin From Net: NetName=GND Pin=U12-13
Removed Pin From Net: NetName=3.3V Pin=U12-18
Removed Pin From Net: NetName=GND Pin=U12-19
Removed Pin From Net: NetName=3.3V Pin=U12-31
Removed Pin From Net: NetName=GND Pin=U12-32
Removed Pin From Net: NetName=3.3V Pin=U12-47
Removed Pin From Net: NetName=GND Pin=U12-48
Removed Pin From Net: NetName=3.3V Pin=U12-63
Removed Pin From Net: NetName=GND Pin=U12-64
Change Component Footprint: Designator=U5 Old Footprint=DPAK_3 New Footprint=TO-263_M
Change Component Footprint: Designator=U7 Old Footprint=SOT223_4 New Footprint=DPAK_3
Change Component Comment : Designator=R32 Old Comment=4.7K New Comment=47K
Change Component Comment : Designator=R33 Old Comment=4.7K New Comment=47K
Change Component Comment : Designator=C39 Old Comment=8pF New Comment=33pF
Change Component Comment : Designator=C40 Old Comment=8pF New Comment=33pF
Change Component Comment : Designator=U5 Old Comment=L78M05CDT New Comment=L7805CD2T-TR
Change Managed Component Library Link : Designator=U5 Old VaultGUID= New VaultGUID=B7D15EC3-160A-466F-A46C-7801FE6295A7 Old ItemGUID= New ItemGUID=D472FCC4-191F-42A8-A856-A4AA185A3545 Old RevisionGUID= New RevisionGUID=C85EE3C7-09BE-4FFE-8B36-50B8771CABA8
Change component parameters: Designator = "C39" ("C39"); Footprint = "C0805"; UniqueID = "\CYOSDWPC\BGUAPANA" ("\CYOSDWPC\BGUAPANA")
Change component parameters (AddParameter): Name = "ASSEMBLY"; Value = "ASSEMBLY"; VariantName = "[No Variations]"
Change component parameters (AddParameter): Name = "DESC"; Value = "CAP, MLCC, 1nF, 50V, C0G, 10%, 0402"; VariantName = "[No Variations]"
Change component parameters (AddParameter): Name = "DIST#"; Value = ""; VariantName = "[No Variations]"
Change component parameters (AddParameter): Name = "MANF"; Value = "Murata"; VariantName = "[No Variations]"
Change component parameters (AddParameter): Name = "MANF_P#"; Value = "MANF_PART#"; VariantName = "[No Variations]"
Change component parameters (AddParameter): Name = "PARAM"; Value = "C0G, 10%"; VariantName = "[No Variations]"
Change component parameters (AddParameter): Name = "PARAM2"; Value = "50V"; VariantName = "[No Variations]"
Change component parameters (AddParameter): Name = "PRICE"; Value = "100= 1$"; VariantName = "[No Variations]"
Change component parameters (AddParameter): Name = "VALUE"; Value = "33pF"; VariantName = "[No Variations]"
Change component parameters: Designator = "C40" ("C40"); Footprint = "C0805"; UniqueID = "\CYOSDWPC\HVPWIRQB" ("\CYOSDWPC\HVPWIRQB")
Change component parameters (AddParameter): Name = "ASSEMBLY"; Value = "ASSEMBLY"; VariantName = "[No Variations]"
Change component parameters (AddParameter): Name = "DESC"; Value = "CAP, MLCC, 1nF, 50V, C0G, 10%, 0402"; VariantName = "[No Variations]"
Change component parameters (AddParameter): Name = "DIST#"; Value = ""; VariantName = "[No Variations]"
Change component parameters (AddParameter): Name = "MANF"; Value = "Murata"; VariantName = "[No Variations]"
Change component parameters (AddParameter): Name = "MANF_P#"; Value = "MANF_PART#"; VariantName = "[No Variations]"
Change component parameters (AddParameter): Name = "PARAM"; Value = "C0G, 10%"; VariantName = "[No Variations]"
Change component parameters (AddParameter): Name = "PARAM2"; Value = "50V"; VariantName = "[No Variations]"
Change component parameters (AddParameter): Name = "PRICE"; Value = "100= 1$"; VariantName = "[No Variations]"
Change component parameters (AddParameter): Name = "VALUE"; Value = "33pF"; VariantName = "[No Variations]"
Change component parameters: Designator = "R32" ("R32"); Footprint = "R0805"; UniqueID = "\ZZUZCSLG\RVPSXIXW" ("\ZZUZCSLG\RVPSXIXW")
Change component parameters (AddParameter): Name = "ASSEMBLY"; Value = "ASSEMBLY"; VariantName = "[No Variations]"
Change component parameters (AddParameter): Name = "DESC"; Value = "DESCRIPTION"; VariantName = "[No Variations]"
Change component parameters (AddParameter): Name = "DIST#"; Value = "MOUSER"; VariantName = "[No Variations]"
Change component parameters (AddParameter): Name = "MANF"; Value = "-"; VariantName = "[No Variations]"
Change component parameters (AddParameter): Name = "MANF_P#"; Value = "-"; VariantName = "[No Variations]"
Change component parameters (AddParameter): Name = "PARAM"; Value = "-W"; VariantName = "[No Variations]"
Change component parameters (AddParameter): Name = "PARAM2"; Value = "1%"; VariantName = "[No Variations]"
Change component parameters (AddParameter): Name = "PRICE"; Value = "100= 0.5$"; VariantName = "[No Variations]"
Change component parameters (AddParameter): Name = "VALUE"; Value = "47K"; VariantName = "[No Variations]"
Change component parameters: Designator = "R33" ("R33"); Footprint = "R0805"; UniqueID = "\ZZUZCSLG\ITHHDCEM" ("\ZZUZCSLG\ITHHDCEM")
Change component parameters (AddParameter): Name = "ASSEMBLY"; Value = "ASSEMBLY"; VariantName = "[No Variations]"
Change component parameters (AddParameter): Name = "DESC"; Value = "DESCRIPTION"; VariantName = "[No Variations]"
Change component parameters (AddParameter): Name = "DIST#"; Value = "MOUSER"; VariantName = "[No Variations]"
Change component parameters (AddParameter): Name = "MANF"; Value = "-"; VariantName = "[No Variations]"
Change component parameters (AddParameter): Name = "MANF_P#"; Value = "-"; VariantName = "[No Variations]"
Change component parameters (AddParameter): Name = "PARAM"; Value = "-W"; VariantName = "[No Variations]"
Change component parameters (AddParameter): Name = "PARAM2"; Value = "1%"; VariantName = "[No Variations]"
Change component parameters (AddParameter): Name = "PRICE"; Value = "100= 0.5$"; VariantName = "[No Variations]"
Change component parameters (AddParameter): Name = "VALUE"; Value = "47K"; VariantName = "[No Variations]"
Change component parameters: Designator = "U5" ("U5"); Footprint = "DPAK_3"; UniqueID = "\DMWOXWPA\ZNWQMJLF" ("\DMWOXWPA\ZNWQMJLF")
Change component parameters (AddParameter): Name = "ComponentLink1Description"; Value = "Manufacturer URL"; VariantName = "[No Variations]"
Change component parameters (AddParameter): Name = "ComponentLink1URL"; Value = "http://www.st.com"; VariantName = "[No Variations]"
Change component parameters (AddParameter): Name = "ComponentLink2Description"; Value = "Datasheet"; VariantName = "[No Variations]"
Change component parameters (AddParameter): Name = "ComponentLink2URL"; Value = "http://www.st.com/internet/com/TECHNICAL_RESOURCES/TECHNICAL_LITERATURE/DATASHEET/CD00000444.pdf"; VariantName = "[No Variations]"
Change component parameters (AddParameter): Name = "DatasheetVersion"; Value = "16/11/2011"; VariantName = "[No Variations]"
Change component parameters (AddParameter): Name = "PackageDescription"; Value = "3-Pin Transistor Outline Package 2.54 mm Pitch, 15.4 mm Lead Span (D2PAK)"; VariantName = "[No Variations]"
Change component parameters (AddParameter): Name = "PackageReference"; Value = "TO-263"; VariantName = "[No Variations]"
Change component parameters (AddParameter): Name = "PackageVersion"; Value = "2011"; VariantName = "[No Variations]"
Change component parameters: Designator = "U7" ("U7"); Footprint = "SOT223_4"; UniqueID = "\DMWOXWPA\EYUXDSPN" ("\DMWOXWPA\EYUXDSPN")
Change component parameters (AddParameter): Name = "ASSEMBLY"; Value = ""; VariantName = "[No Variations]"
Change component parameters (AddParameter): Name = "DESC"; Value = ""; VariantName = "[No Variations]"
Change component parameters (AddParameter): Name = "MANF"; Value = "TI, ON, ST"; VariantName = "[No Variations]"
Change component parameters (AddParameter): Name = "MANF_P#"; Value = "LM1117, LD1117, NCV1117"; VariantName = "[No Variations]"
Change component parameters (AddParameter): Name = "PARAM"; Value = "LDO1V, 0.8A"; VariantName = "[No Variations]"
Change component parameters (AddParameter): Name = "PARAM2"; Value = "1.2/1.5/1.8/2.5/2.85/3.3/5V"; VariantName = "[No Variations]"
Change component parameters (AddParameter): Name = "PRICE"; Value = ""; VariantName = "[No Variations]"
Change component parameters (AddParameter): Name = "VALUE"; Value = "LD1117"; VariantName = "[No Variations]"
Added Pin To Net: NetName=VBAT Pin=U9-4
Added Pin To Net: NetName=GND Pin=U9-8
Added Pin To Net: NetName=VBAT Pin=U10-4
Added Pin To Net: NetName=GND Pin=U10-8
Added Pin To Net: NetName=3.3V Pin=U12-1
Added Pin To Net: NetName=GND Pin=U12-12
Added Pin To Net: NetName=3.3VA Pin=U12-13
Added Pin To Net: NetName=GND Pin=U12-18
Added Pin To Net: NetName=3.3V Pin=U12-19
Added Pin To Net: NetName=GND Pin=U12-31
Added Pin To Net: NetName=3.3V Pin=U12-32
Added Pin To Net: NetName=GND Pin=U12-47
Added Pin To Net: NetName=3.3V Pin=U12-48
Added Pin To Net: NetName=GND Pin=U12-63
Added Pin To Net: NetName=3.3V Pin=U12-64
