Change Component Comment : Designator=C56 Old Comment=100nF New Comment=1nF
Change Component Comment : Designator=C59 Old Comment=100nF New Comment=1nF
Change component parameters: Designator = "C56" ("C56"); Footprint = "C0805"; UniqueID = "\OZGCUYDP\ATDKKDQO" ("\OZGCUYDP\ATDKKDQO")
Change component parameters (AddParameter): Name = "ASSEMBLY"; Value = "ASSEMBLY"; VariantName = "[No Variations]"
Change component parameters (AddParameter): Name = "DESC"; Value = "CAP, MLCC, 1nF, 50V, C0G, 10%, 0402"; VariantName = "[No Variations]"
Change component parameters (AddParameter): Name = "DIST#"; Value = ""; VariantName = "[No Variations]"
Change component parameters (AddParameter): Name = "MANF"; Value = "Murata"; VariantName = "[No Variations]"
Change component parameters (AddParameter): Name = "MANF_P#"; Value = "MANF_PART#"; VariantName = "[No Variations]"
Change component parameters (AddParameter): Name = "PARAM"; Value = "C0G, 10%"; VariantName = "[No Variations]"
Change component parameters (AddParameter): Name = "PARAM2"; Value = "50V"; VariantName = "[No Variations]"
Change component parameters (AddParameter): Name = "PRICE"; Value = "100= 1$"; VariantName = "[No Variations]"
Change component parameters (AddParameter): Name = "VALUE"; Value = "1nF"; VariantName = "[No Variations]"
Change component parameters: Designator = "C59" ("C59"); Footprint = "C0805"; UniqueID = "\OZGCUYDP\IMTIHYUP" ("\OZGCUYDP\IMTIHYUP")
Change component parameters (AddParameter): Name = "ASSEMBLY"; Value = "ASSEMBLY"; VariantName = "[No Variations]"
Change component parameters (AddParameter): Name = "DESC"; Value = "CAP, MLCC, 1nF, 50V, C0G, 10%, 0402"; VariantName = "[No Variations]"
Change component parameters (AddParameter): Name = "DIST#"; Value = ""; VariantName = "[No Variations]"
Change component parameters (AddParameter): Name = "MANF"; Value = "Murata"; VariantName = "[No Variations]"
Change component parameters (AddParameter): Name = "MANF_P#"; Value = "MANF_PART#"; VariantName = "[No Variations]"
Change component parameters (AddParameter): Name = "PARAM"; Value = "C0G, 10%"; VariantName = "[No Variations]"
Change component parameters (AddParameter): Name = "PARAM2"; Value = "50V"; VariantName = "[No Variations]"
Change component parameters (AddParameter): Name = "PRICE"; Value = "100= 1$"; VariantName = "[No Variations]"
Change component parameters (AddParameter): Name = "VALUE"; Value = "1nF"; VariantName = "[No Variations]"
Added Member To Class: ClassName=U_power Member=Component C6 470uF
