Removed Pin From Net: NetName=GND Pin=R42-1
Removed Pin From Net: NetName=COND-ETB-2-SENSOR-1 Pin=R42-2
Removed Pin From Net: NetName=NetJ8_1 Pin=R73-2
Removed Pin From Net: NetName=NetJ8_1 Pin=R75-1
Removed Pin From Net: NetName=NetJ8_2 Pin=R77-2
Removed Pin From Net: NetName=NetJ8_2 Pin=R79-1
Removed Pin From Net: NetName=NetJ8_3 Pin=R81-2
Removed Pin From Net: NetName=NetJ8_3 Pin=R83-1
Removed Pin From Net: NetName=NetJ8_4 Pin=R85-2
Removed Pin From Net: NetName=NetJ8_4 Pin=R87-1
Change Component Designator: OldDesignator=J? NewDesignator=J6
Added Pin To Net: NetName=COND-ETB-2-SENSOR-1 Pin=R42-1
Added Pin To Net: NetName=GND Pin=R42-2
Added Pin To Net: NetName=NetJ8_4 Pin=R73-2
Added Pin To Net: NetName=NetJ8_4 Pin=R75-1
Added Pin To Net: NetName=NetJ8_3 Pin=R77-2
Added Pin To Net: NetName=NetJ8_3 Pin=R79-1
Added Pin To Net: NetName=NetJ8_2 Pin=R81-2
Added Pin To Net: NetName=NetJ8_2 Pin=R83-1
Added Pin To Net: NetName=NetJ8_1 Pin=R85-2
Added Pin To Net: NetName=NetJ8_1 Pin=R87-1
Change Net Name : Old Net Name=NetJ?_1 New Net Name=NetJ6_1
Change Net Name : Old Net Name=NetJ?_2 New Net Name=NetJ6_2
Change Net Name : Old Net Name=NetJ?_3 New Net Name=NetJ6_3
Change Net Name : Old Net Name=NetJ?_4 New Net Name=NetJ6_4
Change Net Name : Old Net Name=NetJ?_5 New Net Name=NetJ6_5
Change Net Name : Old Net Name=NetJ?_6 New Net Name=NetJ6_6
Change Net Name : Old Net Name=NetJ?_7 New Net Name=NetJ6_7
Change Net Name : Old Net Name=NetJ?_8 New Net Name=NetJ6_8
Added Member To Class: ClassName=mainboard Member=Component J8 CONN_TB4
