Removed Pin From Net: NetName=NetJ3_1 Pin=U7-6
Removed Pin From Net: NetName=NetJ3_1 Pin=U7-7
Removed Pin From Net: NetName=NetJ3_2 Pin=U7-14
Removed Pin From Net: NetName=NetJ3_2 Pin=U7-15
Removed Pin From Net: NetName=NetJ3_3 Pin=U8-6
Removed Pin From Net: NetName=NetJ3_3 Pin=U8-7
Removed Pin From Net: NetName=NetJ3_4 Pin=U8-14
Removed Pin From Net: NetName=NetJ3_4 Pin=U8-15
Removed Member From Class: ClassName=U_power Member=FB?
Change Component Designator: OldDesignator=FB1 NewDesignator=FB2
Change Component Designator: OldDesignator=FB2 NewDesignator=FB3
Change Component Designator: OldDesignator=FB? NewDesignator=FB1
Added Pin To Net: NetName=NetJ3_4 Pin=U7-6
Added Pin To Net: NetName=NetJ3_4 Pin=U7-7
Added Pin To Net: NetName=NetJ3_3 Pin=U7-14
Added Pin To Net: NetName=NetJ3_3 Pin=U7-15
Added Pin To Net: NetName=NetJ3_2 Pin=U8-6
Added Pin To Net: NetName=NetJ3_2 Pin=U8-7
Added Pin To Net: NetName=NetJ3_1 Pin=U8-14
Added Pin To Net: NetName=NetJ3_1 Pin=U8-15
Added Member To Class: ClassName=U_power Member=Component FB3 FB603
Added Member To Class: ClassName=mainboard Member=Component H2 HOLE
Added Member To Class: ClassName=U_trigger_interface Member=Component U13 TLV9064IPWR
