Removed Pin From Net: NetName=5V Pin=J7-A4B9
Removed Pin From Net: NetName=5V Pin=J7-B4A9
Removed Pin From Net: NetName=5V Pin=PUSB1-1
Removed Member From Class: ClassName=U_brain Member=C57
Added Component: Designator=D?(D_SMA)
Add component (AddParameter): Name = "ASSEMBLY"; Value = "ASSEMBLY"; VariantName = "[No Variations]"
Add component (AddParameter): Name = "DESC"; Value = "DESCRIPTION"; VariantName = "[No Variations]"
Add component (AddParameter): Name = "MANF"; Value = "Kingtronics"; VariantName = "[No Variations]"
Add component (AddParameter): Name = "MANF_P#"; Value = "M7"; VariantName = "[No Variations]"
Add component (AddParameter): Name = "PARAM"; Value = "1000V VRRM"; VariantName = "[No Variations]"
Add component (AddParameter): Name = "PARAM2"; Value = "1A"; VariantName = "[No Variations]"
Add component (AddParameter): Name = "PRICE"; Value = "PRICE"; VariantName = "[No Variations]"
Add component (AddParameter): Name = "VALUE"; Value = "1N4007"; VariantName = "[No Variations]"
Added Pin To Net: NetName=5V Pin=D?-2
Added Pin To Net: NetName=NetD?_1 Pin=D?-1
Added Pin To Net: NetName=NetD?_1 Pin=J7-A4B9
Added Pin To Net: NetName=NetD?_1 Pin=J7-B4A9
Added Pin To Net: NetName=NetD?_1 Pin=PUSB1-1
Added Net: Name=NetD?_1
Added Member To Class: ClassName=U_brain Member=Component C47 10nF
Added Member To Class: ClassName=U_brain Member=Component C48 100nF-OPTIONAL
Added Member To Class: ClassName=U_brain Member=Component C50 100nF-OPTIONAL
Added Member To Class: ClassName=U_brain Member=Component C52 100nF-OPTIONAL
Added Member To Class: ClassName=U_brain Member=Component C54 100nF
Added Member To Class: ClassName=U_trigger_interface Member=Component C56 10nF
Added Member To Class: ClassName=U_trigger_interface Member=Component C58 100nF
Added Member To Class: ClassName=U_trigger_interface Member=Component C59 10nF
Added Member To Class: ClassName=U_output_drivers Member=Component C61 100nF
Added Member To Class: ClassName=U_brain Member=Component D? 1N4007
Added Member To Class: ClassName=U_brain Member=Component J8 CONN_SWD
