Removed Pin From Net: NetName=NetD23_1 Pin=J5-5
Removed Pin From Net: NetName=NetD24_1 Pin=J5-6
Removed Pin From Net: NetName=NetD25_1 Pin=J5-7
Removed Pin From Net: NetName=NetD22_1 Pin=J5-8
Added Pin To Net: NetName=NetD23_1 Pin=J5-1
Added Pin To Net: NetName=NetD24_1 Pin=J5-2
Added Pin To Net: NetName=NetD25_1 Pin=J5-3
Added Pin To Net: NetName=NetD22_1 Pin=J5-4
Added Pin To Net: NetName=NetJ5_5 Pin=J5-5
Added Pin To Net: NetName=NetJ5_5 Pin=Q11-15
Added Pin To Net: NetName=NetJ5_5 Pin=Q11-16
Added Net: Name=NetJ5_5
Added Pin To Net: NetName=NetJ5_6 Pin=J5-6
Added Pin To Net: NetName=NetJ5_6 Pin=Q11-13
Added Pin To Net: NetName=NetJ5_6 Pin=Q11-14
Added Net: Name=NetJ5_6
Added Pin To Net: NetName=NetJ5_7 Pin=J5-7
Added Pin To Net: NetName=NetJ5_7 Pin=Q11-11
Added Pin To Net: NetName=NetJ5_7 Pin=Q11-12
Added Net: Name=NetJ5_7
Added Pin To Net: NetName=NetJ5_8 Pin=J5-8
Added Pin To Net: NetName=NetJ5_8 Pin=Q11-10
Added Net: Name=NetJ5_8
Added Member To Class: ClassName=U_coil_inj_drivers Member=Component U1 TC4427
