Change Component Comment : Designator=C30 Old Comment=4.7uF New Comment=10uF
Change Component Comment : Designator=C36 Old Comment=4.7uF New Comment=10uF
Change component parameters: Designator = "C30" ("C30"); Footprint = "C0805"; UniqueID = "\CYOSDWPC\KOGLJHXN" ("\CYOSDWPC\KOGLJHXN")
Change component parameters (AddParameter): Name = "ASSEMBLY"; Value = "ASSEMBLY"; VariantName = "[No Variations]"
Change component parameters (AddParameter): Name = "DESC"; Value = "CAP, MLCC, 1nF, 50V, C0G, 10%, 0402"; VariantName = "[No Variations]"
Change component parameters (AddParameter): Name = "DIST#"; Value = ""; VariantName = "[No Variations]"
Change component parameters (AddParameter): Name = "MANF"; Value = "Murata"; VariantName = "[No Variations]"
Change component parameters (AddParameter): Name = "MANF_P#"; Value = "MANF_PART#"; VariantName = "[No Variations]"
Change component parameters (AddParameter): Name = "PARAM"; Value = "C0G, 10%"; VariantName = "[No Variations]"
Change component parameters (AddParameter): Name = "PARAM2"; Value = "50V"; VariantName = "[No Variations]"
Change component parameters (AddParameter): Name = "PRICE"; Value = "100= 1$"; VariantName = "[No Variations]"
Change component parameters (AddParameter): Name = "VALUE"; Value = "10uF"; VariantName = "[No Variations]"
Change component parameters: Designator = "C36" ("C36"); Footprint = "C0805"; UniqueID = "\CYOSDWPC\YRYQDIBG" ("\CYOSDWPC\YRYQDIBG")
Change component parameters (AddParameter): Name = "ASSEMBLY"; Value = "ASSEMBLY"; VariantName = "[No Variations]"
Change component parameters (AddParameter): Name = "DESC"; Value = "CAP, MLCC, 1nF, 50V, C0G, 10%, 0402"; VariantName = "[No Variations]"
Change component parameters (AddParameter): Name = "DIST#"; Value = ""; VariantName = "[No Variations]"
Change component parameters (AddParameter): Name = "MANF"; Value = "Murata"; VariantName = "[No Variations]"
Change component parameters (AddParameter): Name = "MANF_P#"; Value = "MANF_PART#"; VariantName = "[No Variations]"
Change component parameters (AddParameter): Name = "PARAM"; Value = "C0G, 10%"; VariantName = "[No Variations]"
Change component parameters (AddParameter): Name = "PARAM2"; Value = "50V"; VariantName = "[No Variations]"
Change component parameters (AddParameter): Name = "PRICE"; Value = "100= 1$"; VariantName = "[No Variations]"
Change component parameters (AddParameter): Name = "VALUE"; Value = "10uF"; VariantName = "[No Variations]"
