Removed Pin From Net: NetName=GS2 Pin=Q2-1
Removed Pin From Net: NetName=IGN OUT 2 Pin=Q2-4
Removed Pin From Net: NetName=GS3 Pin=Q3-1
Removed Pin From Net: NetName=IGN OUT 3 Pin=Q3-4
Removed Pin From Net: NetName=GS4 Pin=Q4-1
Removed Pin From Net: NetName=IGN OUT 4 Pin=Q4-4
Change Component Footprint: Designator=Q1 Old Footprint=FP-369AS-MFG New Footprint=FP-418AJ-MFG
Change Component Footprint: Designator=Q3 Old Footprint=FP-369AS-MFG New Footprint=FP-418AJ-MFG
Change Component Comment : Designator=Q2 Old Comment=IGNITION IGBT New Comment=DNP
Change Component Comment : Designator=Q4 Old Comment=IGNITION IGBT New Comment=DNP
Change Component Comment : Designator=Q1 Old Comment=IGNITION IGBT New Comment=ISL9V5045S3ST-F085
Change Component Comment : Designator=Q3 Old Comment=IGNITION IGBT New Comment=ISL9V5045S3ST-F085
Change Component Designator: OldDesignator=Q5 NewDesignator=Q9
Change Component Designator: OldDesignator=Q6 NewDesignator=Q10
Change Component Designator: OldDesignator=Q7 NewDesignator=Q11
Change Component Designator: OldDesignator=Q8 NewDesignator=Q12
Change Component Designator: OldDesignator=Q9 NewDesignator=Q13
Change Component Designator: OldDesignator=Q10 NewDesignator=Q14
Change Component Designator: OldDesignator=Q11 NewDesignator=Q15
Change Component Designator: OldDesignator=Q12 NewDesignator=Q16
Change Component Designator: OldDesignator=Q13 NewDesignator=Q17
Change Component Designator: OldDesignator=Q14 NewDesignator=Q18
Change Component Designator: OldDesignator=Q15 NewDesignator=Q19
Change Component Designator: OldDesignator=R3 NewDesignator=R4
Change Component Designator: OldDesignator=R4 NewDesignator=R3
Change Component Designator: OldDesignator=R9 NewDesignator=R10
Change Component Designator: OldDesignator=R10 NewDesignator=R9
Change Component Designator: OldDesignator=U8 NewDesignator=U7
Change Component Designator: OldDesignator=U9 NewDesignator=U8
Change Component Designator: OldDesignator=U10 NewDesignator=U9
Change Component Designator: OldDesignator=U11 NewDesignator=U10
Change Component Designator: OldDesignator=U12 NewDesignator=U11
Change Component Designator: OldDesignator=U13 NewDesignator=U12
Change Component Designator: OldDesignator=U14 NewDesignator=U13
Change Component Designator: OldDesignator=U15 NewDesignator=U14
Change Component Designator: OldDesignator=U16 NewDesignator=U15
Change Component Designator: OldDesignator=U17 NewDesignator=U16
Change Component Designator: OldDesignator=U18 NewDesignator=U17
Change Managed Component Library Link : Designator=Q1 Old VaultGUID= New VaultGUID=B7D15EC3-160A-466F-A46C-7801FE6295A7 Old ItemGUID= New ItemGUID=22BE381B-08A6-4518-BF45-8BFF3F1AFE39 Old RevisionGUID= New RevisionGUID=6109A0A3-B84C-4600-B2D6-C758D78661E5
Change Managed Component Library Link : Designator=Q3 Old VaultGUID= New VaultGUID=B7D15EC3-160A-466F-A46C-7801FE6295A7 Old ItemGUID= New ItemGUID=22BE381B-08A6-4518-BF45-8BFF3F1AFE39 Old RevisionGUID= New RevisionGUID=6109A0A3-B84C-4600-B2D6-C758D78661E5
Change component parameters: Designator = "Q1" ("Q1"); Footprint = "FP-369AS-MFG"; UniqueID = "\LCEAABCT\PIFCUIDX" ("\LCEAABCT\PIFCUIDX")
Change component parameters (AddParameter): Name = "Case/Package"; Value = "TO-263-3"; VariantName = "[No Variations]"
Change component parameters (AddParameter): Name = "Clamping Voltage"; Value = "450V"; VariantName = "[No Variations]"
Change component parameters (AddParameter): Name = "Collector Emitter Breakdown Voltage"; Value = "480V"; VariantName = "[No Variations]"
Change component parameters (AddParameter): Name = "Collector Emitter Saturation Voltage"; Value = "1.25V"; VariantName = "[No Variations]"
Change component parameters (AddParameter): Name = "Collector Emitter Voltage (VCEO)"; Value = "1.6V"; VariantName = "[No Variations]"
Change component parameters (AddParameter): Name = "Continuous Collector Current"; Value = "51A"; VariantName = "[No Variations]"
Change component parameters (AddParameter): Name = "Element Configuration"; Value = "Single"; VariantName = "[No Variations]"
Change component parameters (AddParameter): Name = "Height"; Value = "5.08mm"; VariantName = "[No Variations]"
Change component parameters (AddParameter): Name = "Lead Free"; Value = "Lead Free"; VariantName = "[No Variations]"
Change component parameters (AddParameter): Name = "Max Breakdown Voltage"; Value = "480V"; VariantName = "[No Variations]"
Change component parameters (AddParameter): Name = "Max Collector Current"; Value = "51A"; VariantName = "[No Variations]"
Change component parameters (AddParameter): Name = "Max Junction Temperature (Tj)"; Value = "175캜"; VariantName = "[No Variations]"
Change component parameters (AddParameter): Name = "Max Operating Temperature"; Value = "175캜"; VariantName = "[No Variations]"
Change component parameters (AddParameter): Name = "Max Power Dissipation"; Value = "300W"; VariantName = "[No Variations]"
Change component parameters (AddParameter): Name = "Min Operating Temperature"; Value = "-40캜"; VariantName = "[No Variations]"
Change component parameters (AddParameter): Name = "Mount"; Value = "Surface Mount"; VariantName = "[No Variations]"
Change component parameters (AddParameter): Name = "NexarPartId"; Value = "87655068"; VariantName = "[No Variations]"
Change component parameters (AddParameter): Name = "Number of Pins"; Value = "3"; VariantName = "[No Variations]"
Change component parameters (AddParameter): Name = "Power Dissipation"; Value = "300W"; VariantName = "[No Variations]"
Change component parameters (AddParameter): Name = "RoHS"; Value = "Compliant"; VariantName = "[No Variations]"
Change component parameters (AddParameter): Name = "Schedule B"; Value = "8541290080, 8541290080"; VariantName = "[No Variations]"
Change component parameters (AddParameter): Name = "Turn-Off Delay Time"; Value = "10.8탎"; VariantName = "[No Variations]"
Change component parameters (AddParameter): Name = "Turn-On Delay Time"; Value = "700ns"; VariantName = "[No Variations]"
Change component parameters (AddParameter): Name = "Weight"; Value = "1.31247g"; VariantName = "[No Variations]"
Change component parameters: Designator = "Q3" ("Q3"); Footprint = "FP-369AS-MFG"; UniqueID = "\LCEAABCT\GXFXIHHC" ("\LCEAABCT\GXFXIHHC")
Change component parameters (AddParameter): Name = "Case/Package"; Value = "TO-263-3"; VariantName = "[No Variations]"
Change component parameters (AddParameter): Name = "Clamping Voltage"; Value = "450V"; VariantName = "[No Variations]"
Change component parameters (AddParameter): Name = "Collector Emitter Breakdown Voltage"; Value = "480V"; VariantName = "[No Variations]"
Change component parameters (AddParameter): Name = "Collector Emitter Saturation Voltage"; Value = "1.25V"; VariantName = "[No Variations]"
Change component parameters (AddParameter): Name = "Collector Emitter Voltage (VCEO)"; Value = "1.6V"; VariantName = "[No Variations]"
Change component parameters (AddParameter): Name = "Continuous Collector Current"; Value = "51A"; VariantName = "[No Variations]"
Change component parameters (AddParameter): Name = "Element Configuration"; Value = "Single"; VariantName = "[No Variations]"
Change component parameters (AddParameter): Name = "Height"; Value = "5.08mm"; VariantName = "[No Variations]"
Change component parameters (AddParameter): Name = "Lead Free"; Value = "Lead Free"; VariantName = "[No Variations]"
Change component parameters (AddParameter): Name = "Max Breakdown Voltage"; Value = "480V"; VariantName = "[No Variations]"
Change component parameters (AddParameter): Name = "Max Collector Current"; Value = "51A"; VariantName = "[No Variations]"
Change component parameters (AddParameter): Name = "Max Junction Temperature (Tj)"; Value = "175캜"; VariantName = "[No Variations]"
Change component parameters (AddParameter): Name = "Max Operating Temperature"; Value = "175캜"; VariantName = "[No Variations]"
Change component parameters (AddParameter): Name = "Max Power Dissipation"; Value = "300W"; VariantName = "[No Variations]"
Change component parameters (AddParameter): Name = "Min Operating Temperature"; Value = "-40캜"; VariantName = "[No Variations]"
Change component parameters (AddParameter): Name = "Mount"; Value = "Surface Mount"; VariantName = "[No Variations]"
Change component parameters (AddParameter): Name = "NexarPartId"; Value = "87655068"; VariantName = "[No Variations]"
Change component parameters (AddParameter): Name = "Number of Pins"; Value = "3"; VariantName = "[No Variations]"
Change component parameters (AddParameter): Name = "Power Dissipation"; Value = "300W"; VariantName = "[No Variations]"
Change component parameters (AddParameter): Name = "RoHS"; Value = "Compliant"; VariantName = "[No Variations]"
Change component parameters (AddParameter): Name = "Schedule B"; Value = "8541290080, 8541290080"; VariantName = "[No Variations]"
Change component parameters (AddParameter): Name = "Turn-Off Delay Time"; Value = "10.8탎"; VariantName = "[No Variations]"
Change component parameters (AddParameter): Name = "Turn-On Delay Time"; Value = "700ns"; VariantName = "[No Variations]"
Change component parameters (AddParameter): Name = "Weight"; Value = "1.31247g"; VariantName = "[No Variations]"
Added Component: Designator=Q5(FP-418AJ-MFG)
Add component (AddParameter): Name = "Case/Package"; Value = "TO-263-3"; VariantName = "[No Variations]"
Add component (AddParameter): Name = "Clamping Voltage"; Value = "450V"; VariantName = "[No Variations]"
Add component (AddParameter): Name = "Collector Emitter Breakdown Voltage"; Value = "480V"; VariantName = "[No Variations]"
Add component (AddParameter): Name = "Collector Emitter Saturation Voltage"; Value = "1.25V"; VariantName = "[No Variations]"
Add component (AddParameter): Name = "Collector Emitter Voltage (VCEO)"; Value = "1.6V"; VariantName = "[No Variations]"
Add component (AddParameter): Name = "Continuous Collector Current"; Value = "51A"; VariantName = "[No Variations]"
Add component (AddParameter): Name = "Element Configuration"; Value = "Single"; VariantName = "[No Variations]"
Add component (AddParameter): Name = "Height"; Value = "5.08mm"; VariantName = "[No Variations]"
Add component (AddParameter): Name = "Lead Free"; Value = "Lead Free"; VariantName = "[No Variations]"
Add component (AddParameter): Name = "Max Breakdown Voltage"; Value = "480V"; VariantName = "[No Variations]"
Add component (AddParameter): Name = "Max Collector Current"; Value = "51A"; VariantName = "[No Variations]"
Add component (AddParameter): Name = "Max Junction Temperature (Tj)"; Value = "175캜"; VariantName = "[No Variations]"
Add component (AddParameter): Name = "Max Operating Temperature"; Value = "175캜"; VariantName = "[No Variations]"
Add component (AddParameter): Name = "Max Power Dissipation"; Value = "300W"; VariantName = "[No Variations]"
Add component (AddParameter): Name = "Min Operating Temperature"; Value = "-40캜"; VariantName = "[No Variations]"
Add component (AddParameter): Name = "Mount"; Value = "Surface Mount"; VariantName = "[No Variations]"
Add component (AddParameter): Name = "NexarPartId"; Value = "87655068"; VariantName = "[No Variations]"
Add component (AddParameter): Name = "Number of Pins"; Value = "3"; VariantName = "[No Variations]"
Add component (AddParameter): Name = "Power Dissipation"; Value = "300W"; VariantName = "[No Variations]"
Add component (AddParameter): Name = "RoHS"; Value = "Compliant"; VariantName = "[No Variations]"
Add component (AddParameter): Name = "Schedule B"; Value = "8541290080, 8541290080"; VariantName = "[No Variations]"
Add component (AddParameter): Name = "Turn-Off Delay Time"; Value = "10.8탎"; VariantName = "[No Variations]"
Add component (AddParameter): Name = "Turn-On Delay Time"; Value = "700ns"; VariantName = "[No Variations]"
Add component (AddParameter): Name = "Weight"; Value = "1.31247g"; VariantName = "[No Variations]"
Added Component: Designator=Q6(FP-369AS-MFG)
Add component (AddParameter): Name = "Case/Package"; Value = "DPAK"; VariantName = "[No Variations]"
Add component (AddParameter): Name = "Clamping Voltage"; Value = "400V"; VariantName = "[No Variations]"
Add component (AddParameter): Name = "Collector Emitter Breakdown Voltage"; Value = "400V"; VariantName = "[No Variations]"
Add component (AddParameter): Name = "Collector Emitter Saturation Voltage"; Value = "1.15V"; VariantName = "[No Variations]"
Add component (AddParameter): Name = "Collector Emitter Voltage (VCEO)"; Value = "1.5V"; VariantName = "[No Variations]"
Add component (AddParameter): Name = "Element Configuration"; Value = "Single"; VariantName = "[No Variations]"
Add component (AddParameter): Name = "Max Breakdown Voltage"; Value = "400V"; VariantName = "[No Variations]"
Add component (AddParameter): Name = "Max Collector Current"; Value = "41A"; VariantName = "[No Variations]"
Add component (AddParameter): Name = "Max Operating Temperature"; Value = "175캜"; VariantName = "[No Variations]"
Add component (AddParameter): Name = "Max Power Dissipation"; Value = "150W"; VariantName = "[No Variations]"
Add component (AddParameter): Name = "Min Operating Temperature"; Value = "-55캜"; VariantName = "[No Variations]"
Add component (AddParameter): Name = "Mount"; Value = "Surface Mount"; VariantName = "[No Variations]"
Add component (AddParameter): Name = "NexarPartId"; Value = "87655026"; VariantName = "[No Variations]"
Add component (AddParameter): Name = "Number of Pins"; Value = "3"; VariantName = "[No Variations]"
Add component (AddParameter): Name = "Radiation Hardening"; Value = "No"; VariantName = "[No Variations]"
Add component (AddParameter): Name = "RoHS"; Value = "Compliant"; VariantName = "[No Variations]"
Add component (AddParameter): Name = "Schedule B"; Value = "8541290080, 8541290080|8541290080, 8541290080|8541290080|8541290080, 8541290080|8541290080|8541290080|8541290080"; VariantName = "[No Variations]"
Add component (AddParameter): Name = "Weight"; Value = "260.37mg"; VariantName = "[No Variations]"
Added Component: Designator=Q7(FP-418AJ-MFG)
Add component (AddParameter): Name = "Case/Package"; Value = "TO-263-3"; VariantName = "[No Variations]"
Add component (AddParameter): Name = "Clamping Voltage"; Value = "450V"; VariantName = "[No Variations]"
Add component (AddParameter): Name = "Collector Emitter Breakdown Voltage"; Value = "480V"; VariantName = "[No Variations]"
Add component (AddParameter): Name = "Collector Emitter Saturation Voltage"; Value = "1.25V"; VariantName = "[No Variations]"
Add component (AddParameter): Name = "Collector Emitter Voltage (VCEO)"; Value = "1.6V"; VariantName = "[No Variations]"
Add component (AddParameter): Name = "Continuous Collector Current"; Value = "51A"; VariantName = "[No Variations]"
Add component (AddParameter): Name = "Element Configuration"; Value = "Single"; VariantName = "[No Variations]"
Add component (AddParameter): Name = "Height"; Value = "5.08mm"; VariantName = "[No Variations]"
Add component (AddParameter): Name = "Lead Free"; Value = "Lead Free"; VariantName = "[No Variations]"
Add component (AddParameter): Name = "Max Breakdown Voltage"; Value = "480V"; VariantName = "[No Variations]"
Add component (AddParameter): Name = "Max Collector Current"; Value = "51A"; VariantName = "[No Variations]"
Add component (AddParameter): Name = "Max Junction Temperature (Tj)"; Value = "175캜"; VariantName = "[No Variations]"
Add component (AddParameter): Name = "Max Operating Temperature"; Value = "175캜"; VariantName = "[No Variations]"
Add component (AddParameter): Name = "Max Power Dissipation"; Value = "300W"; VariantName = "[No Variations]"
Add component (AddParameter): Name = "Min Operating Temperature"; Value = "-40캜"; VariantName = "[No Variations]"
Add component (AddParameter): Name = "Mount"; Value = "Surface Mount"; VariantName = "[No Variations]"
Add component (AddParameter): Name = "NexarPartId"; Value = "87655068"; VariantName = "[No Variations]"
Add component (AddParameter): Name = "Number of Pins"; Value = "3"; VariantName = "[No Variations]"
Add component (AddParameter): Name = "Power Dissipation"; Value = "300W"; VariantName = "[No Variations]"
Add component (AddParameter): Name = "RoHS"; Value = "Compliant"; VariantName = "[No Variations]"
Add component (AddParameter): Name = "Schedule B"; Value = "8541290080, 8541290080"; VariantName = "[No Variations]"
Add component (AddParameter): Name = "Turn-Off Delay Time"; Value = "10.8탎"; VariantName = "[No Variations]"
Add component (AddParameter): Name = "Turn-On Delay Time"; Value = "700ns"; VariantName = "[No Variations]"
Add component (AddParameter): Name = "Weight"; Value = "1.31247g"; VariantName = "[No Variations]"
Added Component: Designator=Q8(FP-369AS-MFG)
Add component (AddParameter): Name = "Case/Package"; Value = "DPAK"; VariantName = "[No Variations]"
Add component (AddParameter): Name = "Clamping Voltage"; Value = "400V"; VariantName = "[No Variations]"
Add component (AddParameter): Name = "Collector Emitter Breakdown Voltage"; Value = "400V"; VariantName = "[No Variations]"
Add component (AddParameter): Name = "Collector Emitter Saturation Voltage"; Value = "1.15V"; VariantName = "[No Variations]"
Add component (AddParameter): Name = "Collector Emitter Voltage (VCEO)"; Value = "1.5V"; VariantName = "[No Variations]"
Add component (AddParameter): Name = "Element Configuration"; Value = "Single"; VariantName = "[No Variations]"
Add component (AddParameter): Name = "Max Breakdown Voltage"; Value = "400V"; VariantName = "[No Variations]"
Add component (AddParameter): Name = "Max Collector Current"; Value = "41A"; VariantName = "[No Variations]"
Add component (AddParameter): Name = "Max Operating Temperature"; Value = "175캜"; VariantName = "[No Variations]"
Add component (AddParameter): Name = "Max Power Dissipation"; Value = "150W"; VariantName = "[No Variations]"
Add component (AddParameter): Name = "Min Operating Temperature"; Value = "-55캜"; VariantName = "[No Variations]"
Add component (AddParameter): Name = "Mount"; Value = "Surface Mount"; VariantName = "[No Variations]"
Add component (AddParameter): Name = "NexarPartId"; Value = "87655026"; VariantName = "[No Variations]"
Add component (AddParameter): Name = "Number of Pins"; Value = "3"; VariantName = "[No Variations]"
Add component (AddParameter): Name = "Radiation Hardening"; Value = "No"; VariantName = "[No Variations]"
Add component (AddParameter): Name = "RoHS"; Value = "Compliant"; VariantName = "[No Variations]"
Add component (AddParameter): Name = "Schedule B"; Value = "8541290080, 8541290080|8541290080, 8541290080|8541290080|8541290080, 8541290080|8541290080|8541290080|8541290080"; VariantName = "[No Variations]"
Add component (AddParameter): Name = "Weight"; Value = "260.37mg"; VariantName = "[No Variations]"
Added Pin To Net: NetName=GS1 Pin=Q2-1
Added Pin To Net: NetName=IGN OUT 1 Pin=Q2-4
Added Pin To Net: NetName=GS2 Pin=Q3-1
Added Pin To Net: NetName=IGN OUT 2 Pin=Q3-4
Added Pin To Net: NetName=GS2 Pin=Q4-1
Added Pin To Net: NetName=IGN OUT 2 Pin=Q4-4
Added Pin To Net: NetName=GS3 Pin=Q5-1
Added Pin To Net: NetName=GND Pin=Q5-3
Added Pin To Net: NetName=IGN OUT 3 Pin=Q5-4
Added Pin To Net: NetName=GS3 Pin=Q6-1
Added Pin To Net: NetName=GND Pin=Q6-3
Added Pin To Net: NetName=IGN OUT 3 Pin=Q6-4
Added Pin To Net: NetName=GS4 Pin=Q7-1
Added Pin To Net: NetName=GND Pin=Q7-3
Added Pin To Net: NetName=IGN OUT 4 Pin=Q7-4
Added Pin To Net: NetName=GS4 Pin=Q8-1
Added Pin To Net: NetName=GND Pin=Q8-3
Added Pin To Net: NetName=IGN OUT 4 Pin=Q8-4
Change Net Name : Old Net Name=NetQ7_1 New Net Name=NetQ11_1
Change Net Name : Old Net Name=NetQ7_2 New Net Name=NetQ11_2
Change Net Name : Old Net Name=NetQ8_2 New Net Name=NetQ12_2
Change Net Name : Old Net Name=NetQ9_1 New Net Name=NetQ13_1
Change Net Name : Old Net Name=NetQ9_2 New Net Name=NetQ13_2
Change Net Name : Old Net Name=NetQ10_2 New Net Name=NetQ14_2
Change Net Name : Old Net Name=NetQ11_1 New Net Name=NetQ15_1
Change Net Name : Old Net Name=NetQ11_2 New Net Name=NetQ15_2
Change Net Name : Old Net Name=NetQ11_3 New Net Name=NetQ15_3
Change Net Name : Old Net Name=NetQ11_4 New Net Name=NetQ15_4
Change Net Name : Old Net Name=NetQ11_5 New Net Name=NetQ15_5
Change Net Name : Old Net Name=NetQ11_6 New Net Name=NetQ15_6
Change Net Name : Old Net Name=NetQ11_7 New Net Name=NetQ15_7
Change Net Name : Old Net Name=NetQ11_10 New Net Name=NetQ15_10
Change Net Name : Old Net Name=NetQ12_1 New Net Name=NetQ16_1
Change Net Name : Old Net Name=NetQ13_1 New Net Name=NetQ17_1
Change Net Name : Old Net Name=NetQ14_1 New Net Name=NetQ18_1
Change Net Name : Old Net Name=NetQ15_1 New Net Name=NetQ19_1
Change Net Name : Old Net Name=NetR4_2 New Net Name=NetR3_2
Change Net Name : Old Net Name=NetR9_2 New Net Name=NetR10_2
Change Net Name : Old Net Name=NetR10_1 New Net Name=NetR9_1
Change Net Name : Old Net Name=NetU9_3 New Net Name=NetU8_3
Change Net Name : Old Net Name=NetU9_19 New Net Name=NetU8_19
Change Net Name : Old Net Name=NetU10_3 New Net Name=NetU9_3
Change Net Name : Old Net Name=NetU10_19 New Net Name=NetU9_19
Change Net Name : Old Net Name=NetU12_8 New Net Name=NetU11_8
Added Member To Class: ClassName=U_coil_inj_drivers Member=Component Q5 ISL9V5045S3ST-F085
Added Member To Class: ClassName=U_coil_inj_drivers Member=Component Q6 DNP
Added Member To Class: ClassName=U_coil_inj_drivers Member=Component Q7 ISL9V5045S3ST-F085
Added Member To Class: ClassName=U_coil_inj_drivers Member=Component Q8 DNP
