Change Component Designator: Old Designator=C1 New Designator=C5
Change Component Designator: Old Designator=C2 New Designator=C6
Change Component Designator: Old Designator=C3 New Designator=C7
Change Component Designator: Old Designator=C4 New Designator=C8
Change Component Designator: Old Designator=C5 New Designator=C9
Change Component Designator: Old Designator=C6 New Designator=C10
Change Component Designator: Old Designator=C7 New Designator=C11
Change Component Designator: Old Designator=C8 New Designator=C12
Change Component Designator: Old Designator=C9 New Designator=C13
Change Component Designator: Old Designator=C12 New Designator=C14
Change Component Designator: Old Designator=C13 New Designator=C15
Change Component Designator: Old Designator=C14 New Designator=C16
Change Component Designator: Old Designator=C15 New Designator=C17
Change Component Designator: Old Designator=C16 New Designator=C18
Change Component Designator: Old Designator=D3 New Designator=D14
Change Component Designator: Old Designator=D4 New Designator=D15
Change Component Designator: Old Designator=D5 New Designator=D16
Change Component Designator: Old Designator=D10 New Designator=D17
Change Component Designator: Old Designator=D11 New Designator=D18
Change Component Designator: Old Designator=Q1 New Designator=Q5
Change Component Designator: Old Designator=R9 New Designator=R25
Change Component Designator: Old Designator=R10 New Designator=R26
Change Component Designator: Old Designator=R11 New Designator=R27
Change Component Designator: Old Designator=U1 New Designator=U5
Change Component Designator: Old Designator=U2 New Designator=U6
