Reset Component Physical Designator: Old Designator=C1 New Designator=C1
Reset Component Physical Designator: Old Designator=C2 New Designator=C2
Reset Component Physical Designator: Old Designator=C3 New Designator=C3
Reset Component Physical Designator: Old Designator=C4 New Designator=C4
Reset Component Physical Designator: Old Designator=C5 New Designator=C5
Reset Component Physical Designator: Old Designator=C6 New Designator=C6
Reset Component Physical Designator: Old Designator=C7 New Designator=C7
Reset Component Physical Designator: Old Designator=C8 New Designator=C8
Reset Component Physical Designator: Old Designator=C9 New Designator=C9
Reset Component Physical Designator: Old Designator=C10 New Designator=C10
Reset Component Physical Designator: Old Designator=C11 New Designator=C11
Reset Component Physical Designator: Old Designator=C12 New Designator=C12
Reset Component Physical Designator: Old Designator=C13 New Designator=C13
Reset Component Physical Designator: Old Designator=C14 New Designator=C14
Reset Component Physical Designator: Old Designator=C15 New Designator=C15
Reset Component Physical Designator: Old Designator=C16 New Designator=C16
Reset Component Physical Designator: Old Designator=C17 New Designator=C17
Reset Component Physical Designator: Old Designator=C18 New Designator=C18
Reset Component Physical Designator: Old Designator=C19 New Designator=C19
Reset Component Physical Designator: Old Designator=C20 New Designator=C20
Reset Component Physical Designator: Old Designator=C21 New Designator=C22
Reset Component Physical Designator: Old Designator=C22 New Designator=C23
Reset Component Physical Designator: Old Designator=C23 New Designator=C24
Reset Component Physical Designator: Old Designator=C24 New Designator=C25
Reset Component Physical Designator: Old Designator=C25 New Designator=C26
Reset Component Physical Designator: Old Designator=C26 New Designator=C27
Reset Component Physical Designator: Old Designator=C27 New Designator=C28
Reset Component Physical Designator: Old Designator=C28 New Designator=C29
Reset Component Physical Designator: Old Designator=C29 New Designator=C30
Reset Component Physical Designator: Old Designator=C30 New Designator=C31
Reset Component Physical Designator: Old Designator=C31 New Designator=C32
Reset Component Physical Designator: Old Designator=C32 New Designator=C33
Reset Component Physical Designator: Old Designator=C33 New Designator=C34
Reset Component Physical Designator: Old Designator=C34 New Designator=C35
Reset Component Physical Designator: Old Designator=C35 New Designator=C36
Reset Component Physical Designator: Old Designator=C36 New Designator=C37
Reset Component Physical Designator: Old Designator=C37 New Designator=C38
Reset Component Physical Designator: Old Designator=C38 New Designator=C39
Reset Component Physical Designator: Old Designator=C39 New Designator=C40
Reset Component Physical Designator: Old Designator=C40 New Designator=C41
Reset Component Physical Designator: Old Designator=C41 New Designator=C42
Reset Component Physical Designator: Old Designator=C42 New Designator=C43
Reset Component Physical Designator: Old Designator=C43 New Designator=C44
Reset Component Physical Designator: Old Designator=C44 New Designator=C45
Reset Component Physical Designator: Old Designator=C45 New Designator=C46
Reset Component Physical Designator: Old Designator=C46 New Designator=C47
Reset Component Physical Designator: Old Designator=C47 New Designator=C48
Reset Component Physical Designator: Old Designator=C48 New Designator=C49
Reset Component Physical Designator: Old Designator=C49 New Designator=C50
Reset Component Physical Designator: Old Designator=C50 New Designator=C51
Reset Component Physical Designator: Old Designator=C51 New Designator=C52
Reset Component Physical Designator: Old Designator=C52 New Designator=C53
Reset Component Physical Designator: Old Designator=C53 New Designator=C54
Reset Component Physical Designator: Old Designator=C54 New Designator=C55
Reset Component Physical Designator: Old Designator=C55 New Designator=C56
Reset Component Physical Designator: Old Designator=C56 New Designator=C57
Reset Component Physical Designator: Old Designator=C57 New Designator=C58
Reset Component Physical Designator: Old Designator=C? New Designator=C21
Reset Component Physical Designator: Old Designator=D1 New Designator=D1
Reset Component Physical Designator: Old Designator=D2 New Designator=D2
Reset Component Physical Designator: Old Designator=D3 New Designator=D3
Reset Component Physical Designator: Old Designator=D4 New Designator=D4
Reset Component Physical Designator: Old Designator=D5 New Designator=D5
Reset Component Physical Designator: Old Designator=D6 New Designator=D6
Reset Component Physical Designator: Old Designator=D7 New Designator=D7
Reset Component Physical Designator: Old Designator=D8 New Designator=D8
Reset Component Physical Designator: Old Designator=D9 New Designator=D9
Reset Component Physical Designator: Old Designator=D10 New Designator=D10
Reset Component Physical Designator: Old Designator=D11 New Designator=D11
Reset Component Physical Designator: Old Designator=D12 New Designator=D12
Reset Component Physical Designator: Old Designator=D13 New Designator=D13
Reset Component Physical Designator: Old Designator=D14 New Designator=D14
Reset Component Physical Designator: Old Designator=D15 New Designator=D15
Reset Component Physical Designator: Old Designator=D16 New Designator=D16
Reset Component Physical Designator: Old Designator=D17 New Designator=D17
Reset Component Physical Designator: Old Designator=D18 New Designator=D18
Reset Component Physical Designator: Old Designator=D19 New Designator=D19
Reset Component Physical Designator: Old Designator=D20 New Designator=D20
Reset Component Physical Designator: Old Designator=D21 New Designator=D21
Reset Component Physical Designator: Old Designator=D22 New Designator=D22
Reset Component Physical Designator: Old Designator=D23 New Designator=D23
Reset Component Physical Designator: Old Designator=D24 New Designator=D24
Reset Component Physical Designator: Old Designator=D25 New Designator=D25
Reset Component Physical Designator: Old Designator=D26 New Designator=D26
Reset Component Physical Designator: Old Designator=F1 New Designator=F1
Reset Component Physical Designator: Old Designator=F2 New Designator=F2
Reset Component Physical Designator: Old Designator=FB1 New Designator=FB1
Reset Component Physical Designator: Old Designator=FB2 New Designator=FB2
Reset Component Physical Designator: Old Designator=J1 New Designator=J2
Reset Component Physical Designator: Old Designator=J3 New Designator=J3
Reset Component Physical Designator: Old Designator=J5 New Designator=J5
Reset Component Physical Designator: Old Designator=J7 New Designator=J7
Reset Component Physical Designator: Old Designator=J9 New Designator=J8
Reset Component Physical Designator: Old Designator=J11 New Designator=J10
Reset Component Physical Designator: Old Designator=J12 New Designator=J11
Reset Component Physical Designator: Old Designator=NT1 New Designator=NT1
Reset Component Physical Designator: Old Designator=Q1 New Designator=Q1
Reset Component Physical Designator: Old Designator=Q2 New Designator=Q2
Reset Component Physical Designator: Old Designator=Q3 New Designator=Q3
Reset Component Physical Designator: Old Designator=Q4 New Designator=Q4
Reset Component Physical Designator: Old Designator=Q5 New Designator=Q5
Reset Component Physical Designator: Old Designator=Q6 New Designator=Q6
Reset Component Physical Designator: Old Designator=Q7 New Designator=Q7
Reset Component Physical Designator: Old Designator=Q8 New Designator=Q8
Reset Component Physical Designator: Old Designator=Q9 New Designator=Q9
Reset Component Physical Designator: Old Designator=Q10 New Designator=Q10
Reset Component Physical Designator: Old Designator=Q11 New Designator=Q11
Reset Component Physical Designator: Old Designator=Q12 New Designator=Q12
Reset Component Physical Designator: Old Designator=Q13 New Designator=Q13
Reset Component Physical Designator: Old Designator=Q14 New Designator=Q14
Reset Component Physical Designator: Old Designator=Q15 New Designator=Q15
Reset Component Physical Designator: Old Designator=Q16 New Designator=Q16
Reset Component Physical Designator: Old Designator=R1 New Designator=R1
Reset Component Physical Designator: Old Designator=R2 New Designator=R2
Reset Component Physical Designator: Old Designator=R3 New Designator=R3
Reset Component Physical Designator: Old Designator=R4 New Designator=R4
Reset Component Physical Designator: Old Designator=R5 New Designator=R5
Reset Component Physical Designator: Old Designator=R6 New Designator=R6
Reset Component Physical Designator: Old Designator=R7 New Designator=R7
Reset Component Physical Designator: Old Designator=R8 New Designator=R8
Reset Component Physical Designator: Old Designator=R9 New Designator=R9
Reset Component Physical Designator: Old Designator=R10 New Designator=R10
Reset Component Physical Designator: Old Designator=R11 New Designator=R11
Reset Component Physical Designator: Old Designator=R12 New Designator=R12
Reset Component Physical Designator: Old Designator=R13 New Designator=R13
Reset Component Physical Designator: Old Designator=R14 New Designator=R14
Reset Component Physical Designator: Old Designator=R15 New Designator=R15
Reset Component Physical Designator: Old Designator=R16 New Designator=R16
Reset Component Physical Designator: Old Designator=R17 New Designator=R17
Reset Component Physical Designator: Old Designator=R18 New Designator=R18
Reset Component Physical Designator: Old Designator=R19 New Designator=R19
Reset Component Physical Designator: Old Designator=R20 New Designator=R20
Reset Component Physical Designator: Old Designator=R21 New Designator=R21
Reset Component Physical Designator: Old Designator=R22 New Designator=R22
Reset Component Physical Designator: Old Designator=R23 New Designator=R23
Reset Component Physical Designator: Old Designator=R24 New Designator=R24
Reset Component Physical Designator: Old Designator=R25 New Designator=R25
Reset Component Physical Designator: Old Designator=R26 New Designator=R26
Reset Component Physical Designator: Old Designator=R27 New Designator=R27
Reset Component Physical Designator: Old Designator=R28 New Designator=R28
Reset Component Physical Designator: Old Designator=R29 New Designator=R29
Reset Component Physical Designator: Old Designator=R30 New Designator=R30
Reset Component Physical Designator: Old Designator=R31 New Designator=R31
Reset Component Physical Designator: Old Designator=R32 New Designator=R32
Reset Component Physical Designator: Old Designator=R33 New Designator=R33
Reset Component Physical Designator: Old Designator=R34 New Designator=R34
Reset Component Physical Designator: Old Designator=R35 New Designator=R35
Reset Component Physical Designator: Old Designator=R36 New Designator=R36
Reset Component Physical Designator: Old Designator=R37 New Designator=R37
Reset Component Physical Designator: Old Designator=R38 New Designator=R38
Reset Component Physical Designator: Old Designator=R39 New Designator=R39
Reset Component Physical Designator: Old Designator=R40 New Designator=R40
Reset Component Physical Designator: Old Designator=R41 New Designator=R41
Reset Component Physical Designator: Old Designator=R42 New Designator=R42
Reset Component Physical Designator: Old Designator=R43 New Designator=R43
Reset Component Physical Designator: Old Designator=R44 New Designator=R44
Reset Component Physical Designator: Old Designator=R45 New Designator=R45
Reset Component Physical Designator: Old Designator=R46 New Designator=R46
Reset Component Physical Designator: Old Designator=R47 New Designator=R47
Reset Component Physical Designator: Old Designator=R48 New Designator=R48
Reset Component Physical Designator: Old Designator=R49 New Designator=R49
Reset Component Physical Designator: Old Designator=R50 New Designator=R50
Reset Component Physical Designator: Old Designator=R51 New Designator=R51
Reset Component Physical Designator: Old Designator=R52 New Designator=R52
Reset Component Physical Designator: Old Designator=R53 New Designator=R53
Reset Component Physical Designator: Old Designator=R54 New Designator=R54
Reset Component Physical Designator: Old Designator=R55 New Designator=R55
Reset Component Physical Designator: Old Designator=R56 New Designator=R56
Reset Component Physical Designator: Old Designator=R57 New Designator=R57
Reset Component Physical Designator: Old Designator=R58 New Designator=R58
Reset Component Physical Designator: Old Designator=R59 New Designator=R59
Reset Component Physical Designator: Old Designator=R60 New Designator=R60
Reset Component Physical Designator: Old Designator=R61 New Designator=R61
Reset Component Physical Designator: Old Designator=R62 New Designator=R62
Reset Component Physical Designator: Old Designator=R63 New Designator=R63
Reset Component Physical Designator: Old Designator=R64 New Designator=R64
Reset Component Physical Designator: Old Designator=R65 New Designator=R65
Reset Component Physical Designator: Old Designator=R66 New Designator=R66
Reset Component Physical Designator: Old Designator=R67 New Designator=R67
Reset Component Physical Designator: Old Designator=R68 New Designator=R68
Reset Component Physical Designator: Old Designator=R69 New Designator=R69
Reset Component Physical Designator: Old Designator=R70 New Designator=R70
Reset Component Physical Designator: Old Designator=R71 New Designator=R71
Reset Component Physical Designator: Old Designator=R72 New Designator=R72
Reset Component Physical Designator: Old Designator=R73 New Designator=R73
Reset Component Physical Designator: Old Designator=R74 New Designator=R74
Reset Component Physical Designator: Old Designator=R75 New Designator=R75
Reset Component Physical Designator: Old Designator=R76 New Designator=R76
Reset Component Physical Designator: Old Designator=R77 New Designator=R77
Reset Component Physical Designator: Old Designator=R78 New Designator=R78
Reset Component Physical Designator: Old Designator=R79 New Designator=R79
Reset Component Physical Designator: Old Designator=R80 New Designator=R80
Reset Component Physical Designator: Old Designator=R81 New Designator=R81
Reset Component Physical Designator: Old Designator=R82 New Designator=R82
Reset Component Physical Designator: Old Designator=R83 New Designator=R83
Reset Component Physical Designator: Old Designator=R84 New Designator=R84
Reset Component Physical Designator: Old Designator=R85 New Designator=R85
Reset Component Physical Designator: Old Designator=R86 New Designator=R86
Reset Component Physical Designator: Old Designator=R87 New Designator=R87
Reset Component Physical Designator: Old Designator=R88 New Designator=R88
Reset Component Physical Designator: Old Designator=R89 New Designator=R89
Reset Component Physical Designator: Old Designator=R90 New Designator=R90
Reset Component Physical Designator: Old Designator=R91 New Designator=R91
Reset Component Physical Designator: Old Designator=R92 New Designator=R92
Reset Component Physical Designator: Old Designator=R93 New Designator=R93
Reset Component Physical Designator: Old Designator=R94 New Designator=R94
Reset Component Physical Designator: Old Designator=R95 New Designator=R95
Reset Component Physical Designator: Old Designator=R96 New Designator=R96
Reset Component Physical Designator: Old Designator=R97 New Designator=R97
Reset Component Physical Designator: Old Designator=R98 New Designator=R98
Reset Component Physical Designator: Old Designator=R99 New Designator=R99
Reset Component Physical Designator: Old Designator=R100 New Designator=R100
Reset Component Physical Designator: Old Designator=R101 New Designator=R101
Reset Component Physical Designator: Old Designator=R102 New Designator=R102
Reset Component Physical Designator: Old Designator=R103 New Designator=R103
Reset Component Physical Designator: Old Designator=R104 New Designator=R104
Reset Component Physical Designator: Old Designator=R105 New Designator=R105
Reset Component Physical Designator: Old Designator=R106 New Designator=R106
Reset Component Physical Designator: Old Designator=R107 New Designator=R107
Reset Component Physical Designator: Old Designator=R108 New Designator=R108
Reset Component Physical Designator: Old Designator=R109 New Designator=R109
Reset Component Physical Designator: Old Designator=R110 New Designator=R110
Reset Component Physical Designator: Old Designator=R111 New Designator=R111
Reset Component Physical Designator: Old Designator=R112 New Designator=R112
Reset Component Physical Designator: Old Designator=R113 New Designator=R113
Reset Component Physical Designator: Old Designator=R114 New Designator=R114
Reset Component Physical Designator: Old Designator=R115 New Designator=R115
Reset Component Physical Designator: Old Designator=R116 New Designator=R116
Reset Component Physical Designator: Old Designator=R117 New Designator=R117
Reset Component Physical Designator: Old Designator=R118 New Designator=R118
Reset Component Physical Designator: Old Designator=R119 New Designator=R119
Reset Component Physical Designator: Old Designator=R120 New Designator=R120
Reset Component Physical Designator: Old Designator=R121 New Designator=R121
Reset Component Physical Designator: Old Designator=R122 New Designator=R122
Reset Component Physical Designator: Old Designator=R123 New Designator=R123
Reset Component Physical Designator: Old Designator=R124 New Designator=R124
Reset Component Physical Designator: Old Designator=R125 New Designator=R125
Reset Component Physical Designator: Old Designator=R126 New Designator=R126
Reset Component Physical Designator: Old Designator=R127 New Designator=R127
Reset Component Physical Designator: Old Designator=R128 New Designator=R128
Reset Component Physical Designator: Old Designator=R129 New Designator=R129
Reset Component Physical Designator: Old Designator=R130 New Designator=R130
Reset Component Physical Designator: Old Designator=R131 New Designator=R131
Reset Component Physical Designator: Old Designator=R132 New Designator=R132
Reset Component Physical Designator: Old Designator=R133 New Designator=R133
Reset Component Physical Designator: Old Designator=R134 New Designator=R134
Reset Component Physical Designator: Old Designator=R135 New Designator=R135
Reset Component Physical Designator: Old Designator=R136 New Designator=R136
Reset Component Physical Designator: Old Designator=R137 New Designator=R137
Reset Component Physical Designator: Old Designator=R138 New Designator=R138
Reset Component Physical Designator: Old Designator=R139 New Designator=R139
Reset Component Physical Designator: Old Designator=R140 New Designator=R140
Reset Component Physical Designator: Old Designator=R141 New Designator=R141
Reset Component Physical Designator: Old Designator=R142 New Designator=R142
Reset Component Physical Designator: Old Designator=R143 New Designator=R143
Reset Component Physical Designator: Old Designator=SW1 New Designator=SW1
Reset Component Physical Designator: Old Designator=SW2 New Designator=SW2
Reset Component Physical Designator: Old Designator=T1 New Designator=T1
Reset Component Physical Designator: Old Designator=T2 New Designator=T2
Reset Component Physical Designator: Old Designator=T3 New Designator=T3
Reset Component Physical Designator: Old Designator=T4 New Designator=T4
Reset Component Physical Designator: Old Designator=U1 New Designator=U1
Reset Component Physical Designator: Old Designator=U2 New Designator=U2
Reset Component Physical Designator: Old Designator=U3 New Designator=U3
Reset Component Physical Designator: Old Designator=U4 New Designator=U4
Reset Component Physical Designator: Old Designator=U5 New Designator=U5
Reset Component Physical Designator: Old Designator=U6 New Designator=U6
Reset Component Physical Designator: Old Designator=U7 New Designator=U7
Reset Component Physical Designator: Old Designator=U8 New Designator=U8
Reset Component Physical Designator: Old Designator=U10 New Designator=U10
Reset Component Physical Designator: Old Designator=U10 New Designator=U10
Reset Component Physical Designator: Old Designator=U13 New Designator=U13
Reset Component Physical Designator: Old Designator=U13 New Designator=U13
Reset Component Physical Designator: Old Designator=U14 New Designator=U14
Reset Component Physical Designator: Old Designator=U15 New Designator=U15
Reset Component Physical Designator: Old Designator=U16 New Designator=U16
Reset Component Physical Designator: Old Designator=X1 New Designator=X1
