ARM GAS  C:\Users\alireza\AppData\Local\Temp\ccRS7roY.s 			page 1


   1              		.cpu cortex-m4
   2              		.arch armv7e-m
   3              		.fpu fpv4-sp-d16
   4              		.eabi_attribute 27, 1
   5              		.eabi_attribute 28, 1
   6              		.eabi_attribute 20, 1
   7              		.eabi_attribute 21, 1
   8              		.eabi_attribute 23, 3
   9              		.eabi_attribute 24, 1
  10              		.eabi_attribute 25, 1
  11              		.eabi_attribute 26, 1
  12              		.eabi_attribute 30, 1
  13              		.eabi_attribute 34, 1
  14              		.eabi_attribute 18, 4
  15              		.file	"tim.c"
  16              		.text
  17              	.Ltext0:
  18              		.cfi_sections	.debug_frame
  19              		.file 1 "Core/Src/tim.c"
  20              		.section	.text.MX_TIM5_Init,"ax",%progbits
  21              		.align	1
  22              		.global	MX_TIM5_Init
  23              		.syntax unified
  24              		.thumb
  25              		.thumb_func
  27              	MX_TIM5_Init:
  28              	.LFB134:
   1:Core/Src/tim.c **** /* USER CODE BEGIN Header */
   2:Core/Src/tim.c **** /**
   3:Core/Src/tim.c ****   ******************************************************************************
   4:Core/Src/tim.c ****   * @file    tim.c
   5:Core/Src/tim.c ****   * @brief   This file provides code for the configuration
   6:Core/Src/tim.c ****   *          of the TIM instances.
   7:Core/Src/tim.c ****   ******************************************************************************
   8:Core/Src/tim.c ****   * @attention
   9:Core/Src/tim.c ****   *
  10:Core/Src/tim.c ****   * Copyright (c) 2025 STMicroelectronics.
  11:Core/Src/tim.c ****   * All rights reserved.
  12:Core/Src/tim.c ****   *
  13:Core/Src/tim.c ****   * This software is licensed under terms that can be found in the LICENSE file
  14:Core/Src/tim.c ****   * in the root directory of this software component.
  15:Core/Src/tim.c ****   * If no LICENSE file comes with this software, it is provided AS-IS.
  16:Core/Src/tim.c ****   *
  17:Core/Src/tim.c ****   ******************************************************************************
  18:Core/Src/tim.c ****   */
  19:Core/Src/tim.c **** /* USER CODE END Header */
  20:Core/Src/tim.c **** /* Includes ------------------------------------------------------------------*/
  21:Core/Src/tim.c **** #include "tim.h"
  22:Core/Src/tim.c **** 
  23:Core/Src/tim.c **** /* USER CODE BEGIN 0 */
  24:Core/Src/tim.c **** 
  25:Core/Src/tim.c **** /* USER CODE END 0 */
  26:Core/Src/tim.c **** 
  27:Core/Src/tim.c **** TIM_HandleTypeDef htim5;
  28:Core/Src/tim.c **** 
  29:Core/Src/tim.c **** /* TIM5 init function */
  30:Core/Src/tim.c **** void MX_TIM5_Init(void)
ARM GAS  C:\Users\alireza\AppData\Local\Temp\ccRS7roY.s 			page 2


  31:Core/Src/tim.c **** {
  29              		.loc 1 31 1 view -0
  30              		.cfi_startproc
  31              		@ args = 0, pretend = 0, frame = 24
  32              		@ frame_needed = 0, uses_anonymous_args = 0
  33 0000 00B5     		push	{lr}
  34              		.cfi_def_cfa_offset 4
  35              		.cfi_offset 14, -4
  36 0002 87B0     		sub	sp, sp, #28
  37              		.cfi_def_cfa_offset 32
  32:Core/Src/tim.c **** 
  33:Core/Src/tim.c ****   /* USER CODE BEGIN TIM5_Init 0 */
  34:Core/Src/tim.c **** 
  35:Core/Src/tim.c ****   /* USER CODE END TIM5_Init 0 */
  36:Core/Src/tim.c **** 
  37:Core/Src/tim.c ****   TIM_ClockConfigTypeDef sClockSourceConfig = {0};
  38              		.loc 1 37 3 view .LVU1
  39              		.loc 1 37 26 is_stmt 0 view .LVU2
  40 0004 0023     		movs	r3, #0
  41 0006 0293     		str	r3, [sp, #8]
  42 0008 0393     		str	r3, [sp, #12]
  43 000a 0493     		str	r3, [sp, #16]
  44 000c 0593     		str	r3, [sp, #20]
  38:Core/Src/tim.c ****   TIM_MasterConfigTypeDef sMasterConfig = {0};
  45              		.loc 1 38 3 is_stmt 1 view .LVU3
  46              		.loc 1 38 27 is_stmt 0 view .LVU4
  47 000e 0093     		str	r3, [sp]
  48 0010 0193     		str	r3, [sp, #4]
  39:Core/Src/tim.c **** 
  40:Core/Src/tim.c ****   /* USER CODE BEGIN TIM5_Init 1 */
  41:Core/Src/tim.c **** 
  42:Core/Src/tim.c ****   /* USER CODE END TIM5_Init 1 */
  43:Core/Src/tim.c ****   htim5.Instance = TIM5;
  49              		.loc 1 43 3 is_stmt 1 view .LVU5
  50              		.loc 1 43 18 is_stmt 0 view .LVU6
  51 0012 1448     		ldr	r0, .L9
  52 0014 144A     		ldr	r2, .L9+4
  53 0016 0260     		str	r2, [r0]
  44:Core/Src/tim.c ****   htim5.Init.Prescaler = 0;
  54              		.loc 1 44 3 is_stmt 1 view .LVU7
  55              		.loc 1 44 24 is_stmt 0 view .LVU8
  56 0018 4360     		str	r3, [r0, #4]
  45:Core/Src/tim.c ****   htim5.Init.CounterMode = TIM_COUNTERMODE_UP;
  57              		.loc 1 45 3 is_stmt 1 view .LVU9
  58              		.loc 1 45 26 is_stmt 0 view .LVU10
  59 001a 8360     		str	r3, [r0, #8]
  46:Core/Src/tim.c ****   htim5.Init.Period = 4294967295;
  60              		.loc 1 46 3 is_stmt 1 view .LVU11
  61              		.loc 1 46 21 is_stmt 0 view .LVU12
  62 001c 4FF0FF32 		mov	r2, #-1
  63 0020 C260     		str	r2, [r0, #12]
  47:Core/Src/tim.c ****   htim5.Init.ClockDivision = TIM_CLOCKDIVISION_DIV1;
  64              		.loc 1 47 3 is_stmt 1 view .LVU13
  65              		.loc 1 47 28 is_stmt 0 view .LVU14
  66 0022 0361     		str	r3, [r0, #16]
  48:Core/Src/tim.c ****   htim5.Init.AutoReloadPreload = TIM_AUTORELOAD_PRELOAD_DISABLE;
  67              		.loc 1 48 3 is_stmt 1 view .LVU15
ARM GAS  C:\Users\alireza\AppData\Local\Temp\ccRS7roY.s 			page 3


  68              		.loc 1 48 32 is_stmt 0 view .LVU16
  69 0024 8361     		str	r3, [r0, #24]
  49:Core/Src/tim.c ****   if (HAL_TIM_Base_Init(&htim5) != HAL_OK)
  70              		.loc 1 49 3 is_stmt 1 view .LVU17
  71              		.loc 1 49 7 is_stmt 0 view .LVU18
  72 0026 FFF7FEFF 		bl	HAL_TIM_Base_Init
  73              	.LVL0:
  74              		.loc 1 49 6 discriminator 1 view .LVU19
  75 002a 90B9     		cbnz	r0, .L6
  76              	.L2:
  50:Core/Src/tim.c ****   {
  51:Core/Src/tim.c ****     Error_Handler();
  52:Core/Src/tim.c ****   }
  53:Core/Src/tim.c ****   sClockSourceConfig.ClockSource = TIM_CLOCKSOURCE_INTERNAL;
  77              		.loc 1 53 3 is_stmt 1 view .LVU20
  78              		.loc 1 53 34 is_stmt 0 view .LVU21
  79 002c 4FF48053 		mov	r3, #4096
  80 0030 0293     		str	r3, [sp, #8]
  54:Core/Src/tim.c ****   if (HAL_TIM_ConfigClockSource(&htim5, &sClockSourceConfig) != HAL_OK)
  81              		.loc 1 54 3 is_stmt 1 view .LVU22
  82              		.loc 1 54 7 is_stmt 0 view .LVU23
  83 0032 02A9     		add	r1, sp, #8
  84 0034 0B48     		ldr	r0, .L9
  85 0036 FFF7FEFF 		bl	HAL_TIM_ConfigClockSource
  86              	.LVL1:
  87              		.loc 1 54 6 discriminator 1 view .LVU24
  88 003a 68B9     		cbnz	r0, .L7
  89              	.L3:
  55:Core/Src/tim.c ****   {
  56:Core/Src/tim.c ****     Error_Handler();
  57:Core/Src/tim.c ****   }
  58:Core/Src/tim.c ****   sMasterConfig.MasterOutputTrigger = TIM_TRGO_RESET;
  90              		.loc 1 58 3 is_stmt 1 view .LVU25
  91              		.loc 1 58 37 is_stmt 0 view .LVU26
  92 003c 0023     		movs	r3, #0
  93 003e 0093     		str	r3, [sp]
  59:Core/Src/tim.c ****   sMasterConfig.MasterSlaveMode = TIM_MASTERSLAVEMODE_DISABLE;
  94              		.loc 1 59 3 is_stmt 1 view .LVU27
  95              		.loc 1 59 33 is_stmt 0 view .LVU28
  96 0040 0193     		str	r3, [sp, #4]
  60:Core/Src/tim.c ****   if (HAL_TIMEx_MasterConfigSynchronization(&htim5, &sMasterConfig) != HAL_OK)
  97              		.loc 1 60 3 is_stmt 1 view .LVU29
  98              		.loc 1 60 7 is_stmt 0 view .LVU30
  99 0042 6946     		mov	r1, sp
 100 0044 0748     		ldr	r0, .L9
 101 0046 FFF7FEFF 		bl	HAL_TIMEx_MasterConfigSynchronization
 102              	.LVL2:
 103              		.loc 1 60 6 discriminator 1 view .LVU31
 104 004a 40B9     		cbnz	r0, .L8
 105              	.L1:
  61:Core/Src/tim.c ****   {
  62:Core/Src/tim.c ****     Error_Handler();
  63:Core/Src/tim.c ****   }
  64:Core/Src/tim.c ****   /* USER CODE BEGIN TIM5_Init 2 */
  65:Core/Src/tim.c **** 
  66:Core/Src/tim.c ****   /* USER CODE END TIM5_Init 2 */
  67:Core/Src/tim.c **** 
ARM GAS  C:\Users\alireza\AppData\Local\Temp\ccRS7roY.s 			page 4


  68:Core/Src/tim.c **** }
 106              		.loc 1 68 1 view .LVU32
 107 004c 07B0     		add	sp, sp, #28
 108              		.cfi_remember_state
 109              		.cfi_def_cfa_offset 4
 110              		@ sp needed
 111 004e 5DF804FB 		ldr	pc, [sp], #4
 112              	.L6:
 113              		.cfi_restore_state
  51:Core/Src/tim.c ****   }
 114              		.loc 1 51 5 is_stmt 1 view .LVU33
 115 0052 FFF7FEFF 		bl	Error_Handler
 116              	.LVL3:
 117 0056 E9E7     		b	.L2
 118              	.L7:
  56:Core/Src/tim.c ****   }
 119              		.loc 1 56 5 view .LVU34
 120 0058 FFF7FEFF 		bl	Error_Handler
 121              	.LVL4:
 122 005c EEE7     		b	.L3
 123              	.L8:
  62:Core/Src/tim.c ****   }
 124              		.loc 1 62 5 view .LVU35
 125 005e FFF7FEFF 		bl	Error_Handler
 126              	.LVL5:
 127              		.loc 1 68 1 is_stmt 0 view .LVU36
 128 0062 F3E7     		b	.L1
 129              	.L10:
 130              		.align	2
 131              	.L9:
 132 0064 00000000 		.word	htim5
 133 0068 000C0040 		.word	1073744896
 134              		.cfi_endproc
 135              	.LFE134:
 137              		.section	.text.HAL_TIM_Base_MspInit,"ax",%progbits
 138              		.align	1
 139              		.global	HAL_TIM_Base_MspInit
 140              		.syntax unified
 141              		.thumb
 142              		.thumb_func
 144              	HAL_TIM_Base_MspInit:
 145              	.LVL6:
 146              	.LFB135:
  69:Core/Src/tim.c **** 
  70:Core/Src/tim.c **** void HAL_TIM_Base_MspInit(TIM_HandleTypeDef* tim_baseHandle)
  71:Core/Src/tim.c **** {
 147              		.loc 1 71 1 is_stmt 1 view -0
 148              		.cfi_startproc
 149              		@ args = 0, pretend = 0, frame = 8
 150              		@ frame_needed = 0, uses_anonymous_args = 0
 151              		@ link register save eliminated.
  72:Core/Src/tim.c **** 
  73:Core/Src/tim.c ****   if(tim_baseHandle->Instance==TIM5)
 152              		.loc 1 73 3 view .LVU38
 153              		.loc 1 73 20 is_stmt 0 view .LVU39
 154 0000 0268     		ldr	r2, [r0]
 155              		.loc 1 73 5 view .LVU40
ARM GAS  C:\Users\alireza\AppData\Local\Temp\ccRS7roY.s 			page 5


 156 0002 094B     		ldr	r3, .L18
 157 0004 9A42     		cmp	r2, r3
 158 0006 00D0     		beq	.L17
 159 0008 7047     		bx	lr
 160              	.L17:
  71:Core/Src/tim.c **** 
 161              		.loc 1 71 1 view .LVU41
 162 000a 82B0     		sub	sp, sp, #8
 163              		.cfi_def_cfa_offset 8
  74:Core/Src/tim.c ****   {
  75:Core/Src/tim.c ****   /* USER CODE BEGIN TIM5_MspInit 0 */
  76:Core/Src/tim.c **** 
  77:Core/Src/tim.c ****   /* USER CODE END TIM5_MspInit 0 */
  78:Core/Src/tim.c ****     /* TIM5 clock enable */
  79:Core/Src/tim.c ****     __HAL_RCC_TIM5_CLK_ENABLE();
 164              		.loc 1 79 5 is_stmt 1 view .LVU42
 165              	.LBB2:
 166              		.loc 1 79 5 view .LVU43
 167 000c 0023     		movs	r3, #0
 168 000e 0193     		str	r3, [sp, #4]
 169              		.loc 1 79 5 view .LVU44
 170 0010 064B     		ldr	r3, .L18+4
 171 0012 1A6C     		ldr	r2, [r3, #64]
 172 0014 42F00802 		orr	r2, r2, #8
 173 0018 1A64     		str	r2, [r3, #64]
 174              		.loc 1 79 5 view .LVU45
 175 001a 1B6C     		ldr	r3, [r3, #64]
 176 001c 03F00803 		and	r3, r3, #8
 177 0020 0193     		str	r3, [sp, #4]
 178              		.loc 1 79 5 view .LVU46
 179 0022 019B     		ldr	r3, [sp, #4]
 180              	.LBE2:
 181              		.loc 1 79 5 discriminator 1 view .LVU47
  80:Core/Src/tim.c ****   /* USER CODE BEGIN TIM5_MspInit 1 */
  81:Core/Src/tim.c **** 
  82:Core/Src/tim.c ****   /* USER CODE END TIM5_MspInit 1 */
  83:Core/Src/tim.c ****   }
  84:Core/Src/tim.c **** }
 182              		.loc 1 84 1 is_stmt 0 view .LVU48
 183 0024 02B0     		add	sp, sp, #8
 184              		.cfi_def_cfa_offset 0
 185              		@ sp needed
 186 0026 7047     		bx	lr
 187              	.L19:
 188              		.align	2
 189              	.L18:
 190 0028 000C0040 		.word	1073744896
 191 002c 00380240 		.word	1073887232
 192              		.cfi_endproc
 193              	.LFE135:
 195              		.section	.text.HAL_TIM_Base_MspDeInit,"ax",%progbits
 196              		.align	1
 197              		.global	HAL_TIM_Base_MspDeInit
 198              		.syntax unified
 199              		.thumb
 200              		.thumb_func
 202              	HAL_TIM_Base_MspDeInit:
ARM GAS  C:\Users\alireza\AppData\Local\Temp\ccRS7roY.s 			page 6


 203              	.LVL7:
 204              	.LFB136:
  85:Core/Src/tim.c **** 
  86:Core/Src/tim.c **** void HAL_TIM_Base_MspDeInit(TIM_HandleTypeDef* tim_baseHandle)
  87:Core/Src/tim.c **** {
 205              		.loc 1 87 1 is_stmt 1 view -0
 206              		.cfi_startproc
 207              		@ args = 0, pretend = 0, frame = 0
 208              		@ frame_needed = 0, uses_anonymous_args = 0
 209              		@ link register save eliminated.
  88:Core/Src/tim.c **** 
  89:Core/Src/tim.c ****   if(tim_baseHandle->Instance==TIM5)
 210              		.loc 1 89 3 view .LVU50
 211              		.loc 1 89 20 is_stmt 0 view .LVU51
 212 0000 0268     		ldr	r2, [r0]
 213              		.loc 1 89 5 view .LVU52
 214 0002 054B     		ldr	r3, .L23
 215 0004 9A42     		cmp	r2, r3
 216 0006 00D0     		beq	.L22
 217              	.L20:
  90:Core/Src/tim.c ****   {
  91:Core/Src/tim.c ****   /* USER CODE BEGIN TIM5_MspDeInit 0 */
  92:Core/Src/tim.c **** 
  93:Core/Src/tim.c ****   /* USER CODE END TIM5_MspDeInit 0 */
  94:Core/Src/tim.c ****     /* Peripheral clock disable */
  95:Core/Src/tim.c ****     __HAL_RCC_TIM5_CLK_DISABLE();
  96:Core/Src/tim.c ****   /* USER CODE BEGIN TIM5_MspDeInit 1 */
  97:Core/Src/tim.c **** 
  98:Core/Src/tim.c ****   /* USER CODE END TIM5_MspDeInit 1 */
  99:Core/Src/tim.c ****   }
 100:Core/Src/tim.c **** }
 218              		.loc 1 100 1 view .LVU53
 219 0008 7047     		bx	lr
 220              	.L22:
  95:Core/Src/tim.c ****   /* USER CODE BEGIN TIM5_MspDeInit 1 */
 221              		.loc 1 95 5 is_stmt 1 view .LVU54
 222 000a 044A     		ldr	r2, .L23+4
 223 000c 136C     		ldr	r3, [r2, #64]
 224 000e 23F00803 		bic	r3, r3, #8
 225 0012 1364     		str	r3, [r2, #64]
 226              		.loc 1 100 1 is_stmt 0 view .LVU55
 227 0014 F8E7     		b	.L20
 228              	.L24:
 229 0016 00BF     		.align	2
 230              	.L23:
 231 0018 000C0040 		.word	1073744896
 232 001c 00380240 		.word	1073887232
 233              		.cfi_endproc
 234              	.LFE136:
 236              		.global	htim5
 237              		.section	.bss.htim5,"aw",%nobits
 238              		.align	2
 241              	htim5:
 242 0000 00000000 		.space	72
 242      00000000 
 242      00000000 
 242      00000000 
ARM GAS  C:\Users\alireza\AppData\Local\Temp\ccRS7roY.s 			page 7


 242      00000000 
 243              		.text
 244              	.Letext0:
 245              		.file 2 "C:/Users/alireza/AppData/Roaming/Code/User/globalStorage/bmd.stm32-for-vscode/@xpack-dev-
 246              		.file 3 "C:/Users/alireza/AppData/Roaming/Code/User/globalStorage/bmd.stm32-for-vscode/@xpack-dev-
 247              		.file 4 "Drivers/CMSIS/Device/ST/STM32F4xx/Include/stm32f401xc.h"
 248              		.file 5 "Drivers/STM32F4xx_HAL_Driver/Inc/stm32f4xx_hal_def.h"
 249              		.file 6 "Drivers/STM32F4xx_HAL_Driver/Inc/stm32f4xx_hal_dma.h"
 250              		.file 7 "Drivers/STM32F4xx_HAL_Driver/Inc/stm32f4xx_hal_tim.h"
 251              		.file 8 "Drivers/STM32F4xx_HAL_Driver/Inc/stm32f4xx_hal_tim_ex.h"
 252              		.file 9 "Core/Inc/tim.h"
 253              		.file 10 "Core/Inc/main.h"
ARM GAS  C:\Users\alireza\AppData\Local\Temp\ccRS7roY.s 			page 8


DEFINED SYMBOLS
                            *ABS*:00000000 tim.c
C:\Users\alireza\AppData\Local\Temp\ccRS7roY.s:21     .text.MX_TIM5_Init:00000000 $t
C:\Users\alireza\AppData\Local\Temp\ccRS7roY.s:27     .text.MX_TIM5_Init:00000000 MX_TIM5_Init
C:\Users\alireza\AppData\Local\Temp\ccRS7roY.s:132    .text.MX_TIM5_Init:00000064 $d
C:\Users\alireza\AppData\Local\Temp\ccRS7roY.s:241    .bss.htim5:00000000 htim5
C:\Users\alireza\AppData\Local\Temp\ccRS7roY.s:138    .text.HAL_TIM_Base_MspInit:00000000 $t
C:\Users\alireza\AppData\Local\Temp\ccRS7roY.s:144    .text.HAL_TIM_Base_MspInit:00000000 HAL_TIM_Base_MspInit
C:\Users\alireza\AppData\Local\Temp\ccRS7roY.s:190    .text.HAL_TIM_Base_MspInit:00000028 $d
C:\Users\alireza\AppData\Local\Temp\ccRS7roY.s:196    .text.HAL_TIM_Base_MspDeInit:00000000 $t
C:\Users\alireza\AppData\Local\Temp\ccRS7roY.s:202    .text.HAL_TIM_Base_MspDeInit:00000000 HAL_TIM_Base_MspDeInit
C:\Users\alireza\AppData\Local\Temp\ccRS7roY.s:231    .text.HAL_TIM_Base_MspDeInit:00000018 $d
C:\Users\alireza\AppData\Local\Temp\ccRS7roY.s:238    .bss.htim5:00000000 $d

UNDEFINED SYMBOLS
HAL_TIM_Base_Init
HAL_TIM_ConfigClockSource
HAL_TIMEx_MasterConfigSynchronization
Error_Handler
